                                                                       QUERY PLAN                                                                       
--------------------------------------------------------------------------------------------------------------------------------------------------------
 Sort  (cost=196040.41..196040.42 rows=1 width=27)
   Sort Key: lineitem.l_shipmode
   ->  HashAggregate  (cost=196040.39..196040.40 rows=1 width=27)
         Group Key: lineitem.l_shipmode
         ->  Hash Join  (cost=68153.67..195534.10 rows=28931 width=27)
               Hash Cond: (lineitem.l_orderkey = orders.o_orderkey)
               ->  Bitmap Heap Scan on lineitem  (cost=9077.67..136024.13 rows=28931 width=15)
                     Recheck Cond: ((l_receiptdate >= '1993-01-01'::date) AND (l_receiptdate < '1994-01-01 00:00:00'::timestamp without time zone))
                     Filter: ((l_shipmode = ANY ('{FOB,TRUCK}'::bpchar[])) AND (l_commitdate < l_receiptdate) AND (l_shipdate < l_commitdate))
                     ->  Bitmap Index Scan on i_l_receiptdate  (cost=0.00..9070.43 rows=905043 width=0)
                           Index Cond: ((l_receiptdate >= '1993-01-01'::date) AND (l_receiptdate < '1994-01-01 00:00:00'::timestamp without time zone))
               ->  Hash  (cost=40326.00..40326.00 rows=1500000 width=20)
                     ->  Seq Scan on orders  (cost=0.00..40326.00 rows=1500000 width=20)
(13 rows)

+-------+-------+--------+----------+--------+------+-----------+-------+-------+-------+--------+-----------+----------+---------------------+------------+
|  OID  | OWNER | SCHEMA |  TABLE   |  BLKS  | SCAN |   T_READ  | T_INS | T_UPD | T_DEL | B_READ |   B_HIT   | VACUUMED |       ANALYZED      | TABLESPACE |
+-------+-------+--------+----------+--------+------+-----------+-------+-------+-------+--------+-----------+----------+---------------------+------------+
| 16395 | snaga | public | customer |   3531 |   43 |   5250000 |     0 |     0 |     0 |   3531 |    365018 |          | 2015-07-16 02:38:29 | pg_default |
| 16401 | snaga | public | lineitem | 106583 |   79 | 389308044 |     0 |     0 |     0 | 106583 | 564998133 |          | 2015-07-16 02:38:30 | pg_default |
| 16404 | snaga | public | nation   |      1 |   93 |      1875 |     0 |     0 |     0 |      1 |     22192 |          | 2015-07-16 02:38:30 | pg_default |
| 16398 | snaga | public | orders   |  25326 |   31 |  39000000 |     0 |     0 |     0 |  25326 |   4576032 |          | 2015-07-16 02:38:30 | pg_default |
| 16389 | snaga | public | part     |   4064 |   35 |   5600000 |     0 |     0 |     0 |   8128 |    147014 |          | 2015-07-16 02:38:29 | pg_default |
| 16392 | snaga | public | partsupp |  17087 |   51 |  33600000 |     0 |     0 |     0 |  17087 |    741015 |          | 2015-07-16 02:38:29 | pg_default |
| 16407 | snaga | public | region   |      1 | 5472 |     27280 |     0 |     0 |     0 |      2 |      5536 |          | 2015-07-16 02:38:30 | pg_default |
| 16386 | snaga | public | supplier |    218 |   52 |    390000 |     0 |     0 |     0 |    218 |     54316 |          | 2015-07-16 02:38:29 | pg_default |
+-------+-------+--------+----------+--------+------+-----------+-------+-------+-------+--------+-----------+----------+---------------------+------------+
+-------+-------+--------+----------+-----------------------+-------+---------+------------+---------+--------+---------+--------+------------+
|  OID  | OWNER | SCHEMA |  TABLE   |         INDEX         |  BLKS |   SCAN  |   T_READ   |  T_FTCH | B_READ |  B_HIT  | STATUS | TABLESPACE |
+-------+-------+--------+----------+-----------------------+-------+---------+------------+---------+--------+---------+--------+------------+
| 16416 | snaga | public | customer | pk_customer           |   414 |   96662 |      96662 |   96662 |    414 |  290096 |        | pg_default |
| 16501 | snaga | public | customer | i_c_nationkey         |     3 |      40 |    1433600 |       0 |      0 |      56 |        | pg_default |
| 16508 | snaga | public | lineitem | i_l_commitdate        |     5 |       0 |          0 |       0 |      0 |       0 |        | pg_default |
| 16420 | snaga | public | lineitem | pk_lineitem           | 16457 | 1699302 |    5635678 | 5635678 |  16457 | 5100444 |        | pg_default |
| 16494 | snaga | public | lineitem | i_l_shipdate          |     5 |      24 |   25589760 |       0 |      0 |     120 |        | pg_default |
| 16495 | snaga | public | lineitem | i_l_suppkey_partkey   |     5 |       0 |          0 |       0 |      0 |       0 |        | pg_default |
| 16496 | snaga | public | lineitem | i_l_partkey           |     5 |    5194 | 5538050560 |       0 |      0 |   15590 |        | pg_default |
| 16497 | snaga | public | lineitem | i_l_suppkey           |     5 |       0 |          0 |       0 |      0 |       0 |        | pg_default |
| 16498 | snaga | public | lineitem | i_l_receiptdate       |     5 |       4 |    4264960 |       0 |      0 |      20 |        | pg_default |
| 16499 | snaga | public | lineitem | i_l_orderkey          |     5 |       0 |          0 |       0 |      0 |       0 |        | pg_default |
| 16500 | snaga | public | lineitem | i_l_orderkey_quantity |     5 |       0 |          0 |       0 |      0 |       0 |        | pg_default |
| 16422 | snaga | public | nation   | pk_nation             |     2 |   22116 |      22308 |   22308 |      2 |   22184 |        | pg_default |
| 16507 | snaga | public | nation   | i_n_regionkey         |     3 |       0 |          0 |       0 |      0 |       0 |        | pg_default |
| 16502 | snaga | public | orders   | i_o_orderdate         |     3 |      32 |    8110080 |       0 |      0 |      96 |        | pg_default |
| 16503 | snaga | public | orders   | i_o_custkey           |     3 |       0 |          0 |       0 |      0 |       0 |        | pg_default |
| 16418 | snaga | public | orders   | pk_orders             |  4116 | 3081798 |    3081798 | 3081798 |   4116 | 9258355 |        | pg_default |
| 16412 | snaga | public | part     | pk_part               |   551 |     198 |    1600190 | 1600190 |    551 |    4456 |        | pg_default |
| 16505 | snaga | public | partsupp | i_ps_partkey          |     3 |       0 |          0 |       0 |      0 |       0 |        | pg_default |
| 16506 | snaga | public | partsupp | i_ps_suppkey          |     3 |       0 |          0 |       0 |      0 |       0 |        | pg_default |
| 16414 | snaga | public | partsupp | pk_partsupp           |  2196 |    5562 |      21858 |   21858 |    456 |   16329 |        | pg_default |
| 16424 | snaga | public | region   | pk_region             |     2 |      80 |         80 |      80 |      2 |     108 |        | pg_default |
| 16410 | snaga | public | supplier | pk_supplier           |    30 |   42108 |      42108 |   42108 |     30 |   84496 |        | pg_default |
| 16504 | snaga | public | supplier | i_s_nationkey         |     3 |      16 |      40960 |       0 |      0 |      48 |        | pg_default |
+-------+-------+--------+----------+-----------------------+-------+---------+------------+---------+--------+---------+--------+------------+
SET
Timing is on.
                                                                       QUERY PLAN                                                                       
--------------------------------------------------------------------------------------------------------------------------------------------------------
 Sort  (cost=196040.41..196040.42 rows=1 width=27) (actual time=1597.388..1597.388 rows=2 loops=1)
   Sort Key: lineitem.l_shipmode
   Sort Method: quicksort  Memory: 25kB
   ->  HashAggregate  (cost=196040.39..196040.40 rows=1 width=27) (actual time=1597.364..1597.364 rows=2 loops=1)
         Group Key: lineitem.l_shipmode
         ->  Hash Join  (cost=68153.67..195534.10 rows=28931 width=27) (actual time=523.184..1581.327 rows=30899 loops=1)
               Hash Cond: (lineitem.l_orderkey = orders.o_orderkey)
               ->  Bitmap Heap Scan on lineitem  (cost=9077.67..136024.13 rows=28931 width=15) (actual time=5.906..1050.496 rows=30899 loops=1)
                     Recheck Cond: ((l_receiptdate >= '1993-01-01'::date) AND (l_receiptdate < '1994-01-01 00:00:00'::timestamp without time zone))
                     Rows Removed by Index Recheck: 5092697
                     Filter: ((l_shipmode = ANY ('{FOB,TRUCK}'::bpchar[])) AND (l_commitdate < l_receiptdate) AND (l_shipdate < l_commitdate))
                     Rows Removed by Filter: 877619
                     Heap Blocks: lossy=106583
                     ->  Bitmap Index Scan on i_l_receiptdate  (cost=0.00..9070.43 rows=905043 width=0) (actual time=5.844..5.844 rows=1066240 loops=1)
                           Index Cond: ((l_receiptdate >= '1993-01-01'::date) AND (l_receiptdate < '1994-01-01 00:00:00'::timestamp without time zone))
               ->  Hash  (cost=40326.00..40326.00 rows=1500000 width=20) (actual time=514.812..514.812 rows=1500000 loops=1)
                     Buckets: 2097152  Batches: 1  Memory Usage: 92556kB
                     ->  Seq Scan on orders  (cost=0.00..40326.00 rows=1500000 width=20) (actual time=0.004..230.429 rows=1500000 loops=1)
 Planning time: 0.623 ms
 Execution time: 1597.866 ms
(20 rows)

Time: 1602.149 ms
+-------+-------+--------+----------+--------+------+-----------+-------+-------+-------+--------+-----------+----------+---------------------+------------+
|  OID  | OWNER | SCHEMA |  TABLE   |  BLKS  | SCAN |   T_READ  | T_INS | T_UPD | T_DEL | B_READ |   B_HIT   | VACUUMED |       ANALYZED      | TABLESPACE |
+-------+-------+--------+----------+--------+------+-----------+-------+-------+-------+--------+-----------+----------+---------------------+------------+
| 16395 | snaga | public | customer |   3531 |   43 |   5250000 |     0 |     0 |     0 |   3531 |    365018 |          | 2015-07-16 02:38:29 | pg_default |
| 16401 | snaga | public | lineitem | 106583 |   79 | 389308044 |     0 |     0 |     0 | 106583 | 565104720 |          | 2015-07-16 02:38:30 | pg_default |
| 16404 | snaga | public | nation   |      1 |   93 |      1875 |     0 |     0 |     0 |      1 |     22192 |          | 2015-07-16 02:38:30 | pg_default |
| 16398 | snaga | public | orders   |  25326 |   33 |  40500000 |     0 |     0 |     0 |  25326 |   4601362 |          | 2015-07-16 02:38:30 | pg_default |
| 16389 | snaga | public | part     |   4064 |   35 |   5600000 |     0 |     0 |     0 |   8128 |    147014 |          | 2015-07-16 02:38:29 | pg_default |
| 16392 | snaga | public | partsupp |  17087 |   51 |  33600000 |     0 |     0 |     0 |  17087 |    741015 |          | 2015-07-16 02:38:29 | pg_default |
| 16407 | snaga | public | region   |      1 | 5472 |     27280 |     0 |     0 |     0 |      2 |      5536 |          | 2015-07-16 02:38:30 | pg_default |
| 16386 | snaga | public | supplier |    218 |   52 |    390000 |     0 |     0 |     0 |    218 |     54316 |          | 2015-07-16 02:38:29 | pg_default |
+-------+-------+--------+----------+--------+------+-----------+-------+-------+-------+--------+-----------+----------+---------------------+------------+
+-------+-------+--------+----------+-----------------------+-------+---------+------------+---------+--------+---------+--------+------------+
|  OID  | OWNER | SCHEMA |  TABLE   |         INDEX         |  BLKS |   SCAN  |   T_READ   |  T_FTCH | B_READ |  B_HIT  | STATUS | TABLESPACE |
+-------+-------+--------+----------+-----------------------+-------+---------+------------+---------+--------+---------+--------+------------+
| 16416 | snaga | public | customer | pk_customer           |   414 |   96662 |      96662 |   96662 |    414 |  290096 |        | pg_default |
| 16501 | snaga | public | customer | i_c_nationkey         |     3 |      40 |    1433600 |       0 |      0 |      56 |        | pg_default |
| 16508 | snaga | public | lineitem | i_l_commitdate        |     5 |       0 |          0 |       0 |      0 |       0 |        | pg_default |
| 16420 | snaga | public | lineitem | pk_lineitem           | 16457 | 1699306 |    5635682 | 5635682 |  16457 | 5100458 |        | pg_default |
| 16494 | snaga | public | lineitem | i_l_shipdate          |     5 |      24 |   25589760 |       0 |      0 |     120 |        | pg_default |
| 16495 | snaga | public | lineitem | i_l_suppkey_partkey   |     5 |       0 |          0 |       0 |      0 |       0 |        | pg_default |
| 16496 | snaga | public | lineitem | i_l_partkey           |     5 |    5194 | 5538050560 |       0 |      0 |   15590 |        | pg_default |
| 16497 | snaga | public | lineitem | i_l_suppkey           |     5 |       0 |          0 |       0 |      0 |       0 |        | pg_default |
| 16498 | snaga | public | lineitem | i_l_receiptdate       |     5 |       5 |    5331200 |       0 |      0 |      25 |        | pg_default |
| 16499 | snaga | public | lineitem | i_l_orderkey          |     5 |       0 |          0 |       0 |      0 |       0 |        | pg_default |
| 16500 | snaga | public | lineitem | i_l_orderkey_quantity |     5 |       0 |          0 |       0 |      0 |       0 |        | pg_default |
| 16422 | snaga | public | nation   | pk_nation             |     2 |   22116 |      22308 |   22308 |      2 |   22184 |        | pg_default |
| 16507 | snaga | public | nation   | i_n_regionkey         |     3 |       0 |          0 |       0 |      0 |       0 |        | pg_default |
| 16502 | snaga | public | orders   | i_o_orderdate         |     3 |      32 |    8110080 |       0 |      0 |      96 |        | pg_default |
| 16503 | snaga | public | orders   | i_o_custkey           |     3 |       0 |          0 |       0 |      0 |       0 |        | pg_default |
| 16418 | snaga | public | orders   | pk_orders             |  4116 | 3081802 |    3081802 | 3081802 |   4116 | 9258369 |        | pg_default |
| 16412 | snaga | public | part     | pk_part               |   551 |     198 |    1600190 | 1600190 |    551 |    4456 |        | pg_default |
| 16505 | snaga | public | partsupp | i_ps_partkey          |     3 |       0 |          0 |       0 |      0 |       0 |        | pg_default |
| 16506 | snaga | public | partsupp | i_ps_suppkey          |     3 |       0 |          0 |       0 |      0 |       0 |        | pg_default |
| 16414 | snaga | public | partsupp | pk_partsupp           |  2196 |    5562 |      21858 |   21858 |    456 |   16329 |        | pg_default |
| 16424 | snaga | public | region   | pk_region             |     2 |      80 |         80 |      80 |      2 |     108 |        | pg_default |
| 16410 | snaga | public | supplier | pk_supplier           |    30 |   42108 |      42108 |   42108 |     30 |   84496 |        | pg_default |
| 16504 | snaga | public | supplier | i_s_nationkey         |     3 |      16 |      40960 |       0 |      0 |      48 |        | pg_default |
+-------+-------+--------+----------+-----------------------+-------+---------+------------+---------+--------+---------+--------+------------+
SET
Timing is on.
                                                                       QUERY PLAN                                                                       
--------------------------------------------------------------------------------------------------------------------------------------------------------
 Sort  (cost=196040.41..196040.42 rows=1 width=27) (actual time=1588.154..1588.154 rows=2 loops=1)
   Sort Key: lineitem.l_shipmode
   Sort Method: quicksort  Memory: 25kB
   ->  HashAggregate  (cost=196040.39..196040.40 rows=1 width=27) (actual time=1588.130..1588.131 rows=2 loops=1)
         Group Key: lineitem.l_shipmode
         ->  Hash Join  (cost=68153.67..195534.10 rows=28931 width=27) (actual time=514.577..1572.317 rows=30899 loops=1)
               Hash Cond: (lineitem.l_orderkey = orders.o_orderkey)
               ->  Bitmap Heap Scan on lineitem  (cost=9077.67..136024.13 rows=28931 width=15) (actual time=5.907..1049.878 rows=30899 loops=1)
                     Recheck Cond: ((l_receiptdate >= '1993-01-01'::date) AND (l_receiptdate < '1994-01-01 00:00:00'::timestamp without time zone))
                     Rows Removed by Index Recheck: 5092697
                     Filter: ((l_shipmode = ANY ('{FOB,TRUCK}'::bpchar[])) AND (l_commitdate < l_receiptdate) AND (l_shipdate < l_commitdate))
                     Rows Removed by Filter: 877619
                     Heap Blocks: lossy=106583
                     ->  Bitmap Index Scan on i_l_receiptdate  (cost=0.00..9070.43 rows=905043 width=0) (actual time=5.845..5.845 rows=1066240 loops=1)
                           Index Cond: ((l_receiptdate >= '1993-01-01'::date) AND (l_receiptdate < '1994-01-01 00:00:00'::timestamp without time zone))
               ->  Hash  (cost=40326.00..40326.00 rows=1500000 width=20) (actual time=506.204..506.204 rows=1500000 loops=1)
                     Buckets: 2097152  Batches: 1  Memory Usage: 92556kB
                     ->  Seq Scan on orders  (cost=0.00..40326.00 rows=1500000 width=20) (actual time=0.004..224.056 rows=1500000 loops=1)
 Planning time: 0.614 ms
 Execution time: 1588.649 ms
(20 rows)

Time: 1593.521 ms
+-------+-------+--------+----------+--------+------+-----------+-------+-------+-------+--------+-----------+----------+---------------------+------------+
|  OID  | OWNER | SCHEMA |  TABLE   |  BLKS  | SCAN |   T_READ  | T_INS | T_UPD | T_DEL | B_READ |   B_HIT   | VACUUMED |       ANALYZED      | TABLESPACE |
+-------+-------+--------+----------+--------+------+-----------+-------+-------+-------+--------+-----------+----------+---------------------+------------+
| 16395 | snaga | public | customer |   3531 |   43 |   5250000 |     0 |     0 |     0 |   3531 |    365018 |          | 2015-07-16 02:38:29 | pg_default |
| 16401 | snaga | public | lineitem | 106583 |   79 | 389308044 |     0 |     0 |     0 | 106583 | 565211305 |          | 2015-07-16 02:38:30 | pg_default |
| 16404 | snaga | public | nation   |      1 |   93 |      1875 |     0 |     0 |     0 |      1 |     22192 |          | 2015-07-16 02:38:30 | pg_default |
| 16398 | snaga | public | orders   |  25326 |   34 |  42000000 |     0 |     0 |     0 |  25326 |   4626690 |          | 2015-07-16 02:38:30 | pg_default |
| 16389 | snaga | public | part     |   4064 |   35 |   5600000 |     0 |     0 |     0 |   8128 |    147014 |          | 2015-07-16 02:38:29 | pg_default |
| 16392 | snaga | public | partsupp |  17087 |   51 |  33600000 |     0 |     0 |     0 |  17087 |    741015 |          | 2015-07-16 02:38:29 | pg_default |
| 16407 | snaga | public | region   |      1 | 5472 |     27280 |     0 |     0 |     0 |      2 |      5536 |          | 2015-07-16 02:38:30 | pg_default |
| 16386 | snaga | public | supplier |    218 |   52 |    390000 |     0 |     0 |     0 |    218 |     54316 |          | 2015-07-16 02:38:29 | pg_default |
+-------+-------+--------+----------+--------+------+-----------+-------+-------+-------+--------+-----------+----------+---------------------+------------+
+-------+-------+--------+----------+-----------------------+-------+---------+------------+---------+--------+---------+--------+------------+
|  OID  | OWNER | SCHEMA |  TABLE   |         INDEX         |  BLKS |   SCAN  |   T_READ   |  T_FTCH | B_READ |  B_HIT  | STATUS | TABLESPACE |
+-------+-------+--------+----------+-----------------------+-------+---------+------------+---------+--------+---------+--------+------------+
| 16416 | snaga | public | customer | pk_customer           |   414 |   96662 |      96662 |   96662 |    414 |  290096 |        | pg_default |
| 16501 | snaga | public | customer | i_c_nationkey         |     3 |      40 |    1433600 |       0 |      0 |      56 |        | pg_default |
| 16508 | snaga | public | lineitem | i_l_commitdate        |     5 |       0 |          0 |       0 |      0 |       0 |        | pg_default |
| 16420 | snaga | public | lineitem | pk_lineitem           | 16457 | 1699308 |    5635684 | 5635684 |  16457 | 5100465 |        | pg_default |
| 16494 | snaga | public | lineitem | i_l_shipdate          |     5 |      24 |   25589760 |       0 |      0 |     120 |        | pg_default |
| 16495 | snaga | public | lineitem | i_l_suppkey_partkey   |     5 |       0 |          0 |       0 |      0 |       0 |        | pg_default |
| 16496 | snaga | public | lineitem | i_l_partkey           |     5 |    5194 | 5538050560 |       0 |      0 |   15590 |        | pg_default |
| 16497 | snaga | public | lineitem | i_l_suppkey           |     5 |       0 |          0 |       0 |      0 |       0 |        | pg_default |
| 16498 | snaga | public | lineitem | i_l_receiptdate       |     5 |       6 |    6397440 |       0 |      0 |      30 |        | pg_default |
| 16499 | snaga | public | lineitem | i_l_orderkey          |     5 |       0 |          0 |       0 |      0 |       0 |        | pg_default |
| 16500 | snaga | public | lineitem | i_l_orderkey_quantity |     5 |       0 |          0 |       0 |      0 |       0 |        | pg_default |
| 16422 | snaga | public | nation   | pk_nation             |     2 |   22116 |      22308 |   22308 |      2 |   22184 |        | pg_default |
| 16507 | snaga | public | nation   | i_n_regionkey         |     3 |       0 |          0 |       0 |      0 |       0 |        | pg_default |
| 16502 | snaga | public | orders   | i_o_orderdate         |     3 |      32 |    8110080 |       0 |      0 |      96 |        | pg_default |
| 16503 | snaga | public | orders   | i_o_custkey           |     3 |       0 |          0 |       0 |      0 |       0 |        | pg_default |
| 16418 | snaga | public | orders   | pk_orders             |  4116 | 3081804 |    3081804 | 3081804 |   4116 | 9258376 |        | pg_default |
| 16412 | snaga | public | part     | pk_part               |   551 |     198 |    1600190 | 1600190 |    551 |    4456 |        | pg_default |
| 16505 | snaga | public | partsupp | i_ps_partkey          |     3 |       0 |          0 |       0 |      0 |       0 |        | pg_default |
| 16506 | snaga | public | partsupp | i_ps_suppkey          |     3 |       0 |          0 |       0 |      0 |       0 |        | pg_default |
| 16414 | snaga | public | partsupp | pk_partsupp           |  2196 |    5562 |      21858 |   21858 |    456 |   16329 |        | pg_default |
| 16424 | snaga | public | region   | pk_region             |     2 |      80 |         80 |      80 |      2 |     108 |        | pg_default |
| 16410 | snaga | public | supplier | pk_supplier           |    30 |   42108 |      42108 |   42108 |     30 |   84496 |        | pg_default |
| 16504 | snaga | public | supplier | i_s_nationkey         |     3 |      16 |      40960 |       0 |      0 |      48 |        | pg_default |
+-------+-------+--------+----------+-----------------------+-------+---------+------------+---------+--------+---------+--------+------------+
SET
Timing is on.
                                                                       QUERY PLAN                                                                       
--------------------------------------------------------------------------------------------------------------------------------------------------------
 Sort  (cost=196040.41..196040.42 rows=1 width=27) (actual time=1588.360..1588.361 rows=2 loops=1)
   Sort Key: lineitem.l_shipmode
   Sort Method: quicksort  Memory: 25kB
   ->  HashAggregate  (cost=196040.39..196040.40 rows=1 width=27) (actual time=1588.337..1588.338 rows=2 loops=1)
         Group Key: lineitem.l_shipmode
         ->  Hash Join  (cost=68153.67..195534.10 rows=28931 width=27) (actual time=514.378..1572.457 rows=30899 loops=1)
               Hash Cond: (lineitem.l_orderkey = orders.o_orderkey)
               ->  Bitmap Heap Scan on lineitem  (cost=9077.67..136024.13 rows=28931 width=15) (actual time=5.907..1050.109 rows=30899 loops=1)
                     Recheck Cond: ((l_receiptdate >= '1993-01-01'::date) AND (l_receiptdate < '1994-01-01 00:00:00'::timestamp without time zone))
                     Rows Removed by Index Recheck: 5092697
                     Filter: ((l_shipmode = ANY ('{FOB,TRUCK}'::bpchar[])) AND (l_commitdate < l_receiptdate) AND (l_shipdate < l_commitdate))
                     Rows Removed by Filter: 877619
                     Heap Blocks: lossy=106583
                     ->  Bitmap Index Scan on i_l_receiptdate  (cost=0.00..9070.43 rows=905043 width=0) (actual time=5.844..5.844 rows=1066240 loops=1)
                           Index Cond: ((l_receiptdate >= '1993-01-01'::date) AND (l_receiptdate < '1994-01-01 00:00:00'::timestamp without time zone))
               ->  Hash  (cost=40326.00..40326.00 rows=1500000 width=20) (actual time=506.007..506.007 rows=1500000 loops=1)
                     Buckets: 2097152  Batches: 1  Memory Usage: 92556kB
                     ->  Seq Scan on orders  (cost=0.00..40326.00 rows=1500000 width=20) (actual time=0.004..223.716 rows=1500000 loops=1)
 Planning time: 0.620 ms
 Execution time: 1588.859 ms
(20 rows)

Time: 1593.736 ms
+-------+-------+--------+----------+--------+------+-----------+-------+-------+-------+--------+-----------+----------+---------------------+------------+
|  OID  | OWNER | SCHEMA |  TABLE   |  BLKS  | SCAN |   T_READ  | T_INS | T_UPD | T_DEL | B_READ |   B_HIT   | VACUUMED |       ANALYZED      | TABLESPACE |
+-------+-------+--------+----------+--------+------+-----------+-------+-------+-------+--------+-----------+----------+---------------------+------------+
| 16395 | snaga | public | customer |   3531 |   43 |   5250000 |     0 |     0 |     0 |   3531 |    365018 |          | 2015-07-16 02:38:29 | pg_default |
| 16401 | snaga | public | lineitem | 106583 |   79 | 389308044 |     0 |     0 |     0 | 106583 | 565317890 |          | 2015-07-16 02:38:30 | pg_default |
| 16404 | snaga | public | nation   |      1 |   93 |      1875 |     0 |     0 |     0 |      1 |     22192 |          | 2015-07-16 02:38:30 | pg_default |
| 16398 | snaga | public | orders   |  25326 |   35 |  43500000 |     0 |     0 |     0 |  25326 |   4652018 |          | 2015-07-16 02:38:30 | pg_default |
| 16389 | snaga | public | part     |   4064 |   35 |   5600000 |     0 |     0 |     0 |   8128 |    147014 |          | 2015-07-16 02:38:29 | pg_default |
| 16392 | snaga | public | partsupp |  17087 |   51 |  33600000 |     0 |     0 |     0 |  17087 |    741015 |          | 2015-07-16 02:38:29 | pg_default |
| 16407 | snaga | public | region   |      1 | 5472 |     27280 |     0 |     0 |     0 |      2 |      5536 |          | 2015-07-16 02:38:30 | pg_default |
| 16386 | snaga | public | supplier |    218 |   52 |    390000 |     0 |     0 |     0 |    218 |     54316 |          | 2015-07-16 02:38:29 | pg_default |
+-------+-------+--------+----------+--------+------+-----------+-------+-------+-------+--------+-----------+----------+---------------------+------------+
+-------+-------+--------+----------+-----------------------+-------+---------+------------+---------+--------+---------+--------+------------+
|  OID  | OWNER | SCHEMA |  TABLE   |         INDEX         |  BLKS |   SCAN  |   T_READ   |  T_FTCH | B_READ |  B_HIT  | STATUS | TABLESPACE |
+-------+-------+--------+----------+-----------------------+-------+---------+------------+---------+--------+---------+--------+------------+
| 16416 | snaga | public | customer | pk_customer           |   414 |   96662 |      96662 |   96662 |    414 |  290096 |        | pg_default |
| 16501 | snaga | public | customer | i_c_nationkey         |     3 |      40 |    1433600 |       0 |      0 |      56 |        | pg_default |
| 16508 | snaga | public | lineitem | i_l_commitdate        |     5 |       0 |          0 |       0 |      0 |       0 |        | pg_default |
| 16420 | snaga | public | lineitem | pk_lineitem           | 16457 | 1699310 |    5635686 | 5635686 |  16457 | 5100472 |        | pg_default |
| 16494 | snaga | public | lineitem | i_l_shipdate          |     5 |      24 |   25589760 |       0 |      0 |     120 |        | pg_default |
| 16495 | snaga | public | lineitem | i_l_suppkey_partkey   |     5 |       0 |          0 |       0 |      0 |       0 |        | pg_default |
| 16496 | snaga | public | lineitem | i_l_partkey           |     5 |    5194 | 5538050560 |       0 |      0 |   15590 |        | pg_default |
| 16497 | snaga | public | lineitem | i_l_suppkey           |     5 |       0 |          0 |       0 |      0 |       0 |        | pg_default |
| 16498 | snaga | public | lineitem | i_l_receiptdate       |     5 |       7 |    7463680 |       0 |      0 |      35 |        | pg_default |
| 16499 | snaga | public | lineitem | i_l_orderkey          |     5 |       0 |          0 |       0 |      0 |       0 |        | pg_default |
| 16500 | snaga | public | lineitem | i_l_orderkey_quantity |     5 |       0 |          0 |       0 |      0 |       0 |        | pg_default |
| 16422 | snaga | public | nation   | pk_nation             |     2 |   22116 |      22308 |   22308 |      2 |   22184 |        | pg_default |
| 16507 | snaga | public | nation   | i_n_regionkey         |     3 |       0 |          0 |       0 |      0 |       0 |        | pg_default |
| 16502 | snaga | public | orders   | i_o_orderdate         |     3 |      32 |    8110080 |       0 |      0 |      96 |        | pg_default |
| 16503 | snaga | public | orders   | i_o_custkey           |     3 |       0 |          0 |       0 |      0 |       0 |        | pg_default |
| 16418 | snaga | public | orders   | pk_orders             |  4116 | 3081806 |    3081806 | 3081806 |   4116 | 9258383 |        | pg_default |
| 16412 | snaga | public | part     | pk_part               |   551 |     198 |    1600190 | 1600190 |    551 |    4456 |        | pg_default |
| 16505 | snaga | public | partsupp | i_ps_partkey          |     3 |       0 |          0 |       0 |      0 |       0 |        | pg_default |
| 16506 | snaga | public | partsupp | i_ps_suppkey          |     3 |       0 |          0 |       0 |      0 |       0 |        | pg_default |
| 16414 | snaga | public | partsupp | pk_partsupp           |  2196 |    5562 |      21858 |   21858 |    456 |   16329 |        | pg_default |
| 16424 | snaga | public | region   | pk_region             |     2 |      80 |         80 |      80 |      2 |     108 |        | pg_default |
| 16410 | snaga | public | supplier | pk_supplier           |    30 |   42108 |      42108 |   42108 |     30 |   84496 |        | pg_default |
| 16504 | snaga | public | supplier | i_s_nationkey         |     3 |      16 |      40960 |       0 |      0 |      48 |        | pg_default |
+-------+-------+--------+----------+-----------------------+-------+---------+------------+---------+--------+---------+--------+------------+
SET
Timing is on.
                                                                       QUERY PLAN                                                                       
--------------------------------------------------------------------------------------------------------------------------------------------------------
 Sort  (cost=196040.41..196040.42 rows=1 width=27) (actual time=1587.224..1587.224 rows=2 loops=1)
   Sort Key: lineitem.l_shipmode
   Sort Method: quicksort  Memory: 25kB
   ->  HashAggregate  (cost=196040.39..196040.40 rows=1 width=27) (actual time=1587.201..1587.202 rows=2 loops=1)
         Group Key: lineitem.l_shipmode
         ->  Hash Join  (cost=68153.67..195534.10 rows=28931 width=27) (actual time=514.079..1571.257 rows=30899 loops=1)
               Hash Cond: (lineitem.l_orderkey = orders.o_orderkey)
               ->  Bitmap Heap Scan on lineitem  (cost=9077.67..136024.13 rows=28931 width=15) (actual time=5.904..1049.266 rows=30899 loops=1)
                     Recheck Cond: ((l_receiptdate >= '1993-01-01'::date) AND (l_receiptdate < '1994-01-01 00:00:00'::timestamp without time zone))
                     Rows Removed by Index Recheck: 5092697
                     Filter: ((l_shipmode = ANY ('{FOB,TRUCK}'::bpchar[])) AND (l_commitdate < l_receiptdate) AND (l_shipdate < l_commitdate))
                     Rows Removed by Filter: 877619
                     Heap Blocks: lossy=106583
                     ->  Bitmap Index Scan on i_l_receiptdate  (cost=0.00..9070.43 rows=905043 width=0) (actual time=5.842..5.842 rows=1066240 loops=1)
                           Index Cond: ((l_receiptdate >= '1993-01-01'::date) AND (l_receiptdate < '1994-01-01 00:00:00'::timestamp without time zone))
               ->  Hash  (cost=40326.00..40326.00 rows=1500000 width=20) (actual time=505.714..505.714 rows=1500000 loops=1)
                     Buckets: 2097152  Batches: 1  Memory Usage: 92556kB
                     ->  Seq Scan on orders  (cost=0.00..40326.00 rows=1500000 width=20) (actual time=0.003..224.013 rows=1500000 loops=1)
 Planning time: 0.618 ms
 Execution time: 1587.724 ms
(20 rows)

Time: 1592.597 ms
+-------+-------+--------+----------+--------+------+-----------+-------+-------+-------+--------+-----------+----------+---------------------+------------+
|  OID  | OWNER | SCHEMA |  TABLE   |  BLKS  | SCAN |   T_READ  | T_INS | T_UPD | T_DEL | B_READ |   B_HIT   | VACUUMED |       ANALYZED      | TABLESPACE |
+-------+-------+--------+----------+--------+------+-----------+-------+-------+-------+--------+-----------+----------+---------------------+------------+
| 16395 | snaga | public | customer |   3531 |   43 |   5250000 |     0 |     0 |     0 |   3531 |    365018 |          | 2015-07-16 02:38:29 | pg_default |
| 16401 | snaga | public | lineitem | 106583 |   79 | 389308044 |     0 |     0 |     0 | 106583 | 565424475 |          | 2015-07-16 02:38:30 | pg_default |
| 16404 | snaga | public | nation   |      1 |   93 |      1875 |     0 |     0 |     0 |      1 |     22192 |          | 2015-07-16 02:38:30 | pg_default |
| 16398 | snaga | public | orders   |  25326 |   36 |  45000000 |     0 |     0 |     0 |  25326 |   4677346 |          | 2015-07-16 02:38:30 | pg_default |
| 16389 | snaga | public | part     |   4064 |   35 |   5600000 |     0 |     0 |     0 |   8128 |    147014 |          | 2015-07-16 02:38:29 | pg_default |
| 16392 | snaga | public | partsupp |  17087 |   51 |  33600000 |     0 |     0 |     0 |  17087 |    741015 |          | 2015-07-16 02:38:29 | pg_default |
| 16407 | snaga | public | region   |      1 | 5472 |     27280 |     0 |     0 |     0 |      2 |      5536 |          | 2015-07-16 02:38:30 | pg_default |
| 16386 | snaga | public | supplier |    218 |   52 |    390000 |     0 |     0 |     0 |    218 |     54316 |          | 2015-07-16 02:38:29 | pg_default |
+-------+-------+--------+----------+--------+------+-----------+-------+-------+-------+--------+-----------+----------+---------------------+------------+
+-------+-------+--------+----------+-----------------------+-------+---------+------------+---------+--------+---------+--------+------------+
|  OID  | OWNER | SCHEMA |  TABLE   |         INDEX         |  BLKS |   SCAN  |   T_READ   |  T_FTCH | B_READ |  B_HIT  | STATUS | TABLESPACE |
+-------+-------+--------+----------+-----------------------+-------+---------+------------+---------+--------+---------+--------+------------+
| 16416 | snaga | public | customer | pk_customer           |   414 |   96662 |      96662 |   96662 |    414 |  290096 |        | pg_default |
| 16501 | snaga | public | customer | i_c_nationkey         |     3 |      40 |    1433600 |       0 |      0 |      56 |        | pg_default |
| 16508 | snaga | public | lineitem | i_l_commitdate        |     5 |       0 |          0 |       0 |      0 |       0 |        | pg_default |
| 16420 | snaga | public | lineitem | pk_lineitem           | 16457 | 1699312 |    5635688 | 5635688 |  16457 | 5100479 |        | pg_default |
| 16494 | snaga | public | lineitem | i_l_shipdate          |     5 |      24 |   25589760 |       0 |      0 |     120 |        | pg_default |
| 16495 | snaga | public | lineitem | i_l_suppkey_partkey   |     5 |       0 |          0 |       0 |      0 |       0 |        | pg_default |
| 16496 | snaga | public | lineitem | i_l_partkey           |     5 |    5194 | 5538050560 |       0 |      0 |   15590 |        | pg_default |
| 16497 | snaga | public | lineitem | i_l_suppkey           |     5 |       0 |          0 |       0 |      0 |       0 |        | pg_default |
| 16498 | snaga | public | lineitem | i_l_receiptdate       |     5 |       8 |    8529920 |       0 |      0 |      40 |        | pg_default |
| 16499 | snaga | public | lineitem | i_l_orderkey          |     5 |       0 |          0 |       0 |      0 |       0 |        | pg_default |
| 16500 | snaga | public | lineitem | i_l_orderkey_quantity |     5 |       0 |          0 |       0 |      0 |       0 |        | pg_default |
| 16422 | snaga | public | nation   | pk_nation             |     2 |   22116 |      22308 |   22308 |      2 |   22184 |        | pg_default |
| 16507 | snaga | public | nation   | i_n_regionkey         |     3 |       0 |          0 |       0 |      0 |       0 |        | pg_default |
| 16502 | snaga | public | orders   | i_o_orderdate         |     3 |      32 |    8110080 |       0 |      0 |      96 |        | pg_default |
| 16503 | snaga | public | orders   | i_o_custkey           |     3 |       0 |          0 |       0 |      0 |       0 |        | pg_default |
| 16418 | snaga | public | orders   | pk_orders             |  4116 | 3081808 |    3081808 | 3081808 |   4116 | 9258390 |        | pg_default |
| 16412 | snaga | public | part     | pk_part               |   551 |     198 |    1600190 | 1600190 |    551 |    4456 |        | pg_default |
| 16505 | snaga | public | partsupp | i_ps_partkey          |     3 |       0 |          0 |       0 |      0 |       0 |        | pg_default |
| 16506 | snaga | public | partsupp | i_ps_suppkey          |     3 |       0 |          0 |       0 |      0 |       0 |        | pg_default |
| 16414 | snaga | public | partsupp | pk_partsupp           |  2196 |    5562 |      21858 |   21858 |    456 |   16329 |        | pg_default |
| 16424 | snaga | public | region   | pk_region             |     2 |      80 |         80 |      80 |      2 |     108 |        | pg_default |
| 16410 | snaga | public | supplier | pk_supplier           |    30 |   42108 |      42108 |   42108 |     30 |   84496 |        | pg_default |
| 16504 | snaga | public | supplier | i_s_nationkey         |     3 |      16 |      40960 |       0 |      0 |      48 |        | pg_default |
+-------+-------+--------+----------+-----------------------+-------+---------+------------+---------+--------+---------+--------+------------+
