                                              QUERY PLAN                                               
-------------------------------------------------------------------------------------------------------
 Aggregate  (cost=18280861.37..18280861.38 rows=1 width=4)
   ->  Hash Join  (cost=70653.56..18280806.58 rows=21915 width=4)
         Hash Cond: (lineitem.l_partkey = part.p_partkey)
         Join Filter: (lineitem.l_quantity < (SubPlan 1))
         ->  Seq Scan on lineitem  (cost=0.00..1665268.68 rows=59985868 width=12)
         ->  Hash  (cost=70626.16..70626.16 rows=2192 width=4)
               ->  Seq Scan on part  (cost=0.00..70626.16 rows=2192 width=4)
                     Filter: ((p_brand = 'Brand#31'::bpchar) AND (p_container = 'JUMBO PACK'::bpchar))
         SubPlan 1
           ->  Aggregate  (cost=248.20..248.21 rows=1 width=4)
                 ->  Bitmap Heap Scan on lineitem lineitem_1  (cost=116.26..248.12 rows=33 width=4)
                       Recheck Cond: (l_partkey = part.p_partkey)
                       ->  Bitmap Index Scan on i_l_partkey  (cost=0.00..116.25 rows=33 width=0)
                             Index Cond: (l_partkey = part.p_partkey)
(14 rows)

+-------+-------+--------+----------+---------+-------+------------+-------+-------+-------+----------+----------+----------+---------------------+------------+
|  OID  | OWNER | SCHEMA |  TABLE   |   BLKS  |  SCAN |   T_READ   | T_INS | T_UPD | T_DEL |  B_READ  |  B_HIT   | VACUUMED |       ANALYZED      | TABLESPACE |
+-------+-------+--------+----------+---------+-------+------------+-------+-------+-------+----------+----------+----------+---------------------+------------+
| 16593 | snaga | public | customer |   35284 |    31 |   37500000 |     0 |     0 |     0 |   488686 |   423524 |          | 2015-07-16 11:49:02 | pg_default |
| 16599 | snaga | public | lineitem | 1065410 |    38 | 1919553664 |     0 |     0 |     0 | 55441817 |  4251253 |          | 2015-07-16 11:50:15 | pg_default |
| 16602 | snaga | public | nation   |       1 |    51 |       1025 |     0 |     0 |     0 |        5 |   102771 |          | 2015-07-16 11:50:15 | pg_default |
| 16596 | snaga | public | orders   |  253278 |    17 |  210000000 |     0 |     0 |     0 |  4842053 | 17593257 |          | 2015-07-16 11:49:19 | pg_default |
| 16587 | snaga | public | part     |   40627 |    20 |   32000000 |     0 |     0 |     0 |   314389 |   530843 |          | 2015-07-16 11:48:52 | pg_default |
| 16590 | snaga | public | partsupp |  170916 |    27 |  176000000 |     0 |     0 |     0 |  3778558 |    40020 |          | 2015-07-16 11:48:59 | pg_default |
| 16605 | snaga | public | region   |       1 | 25656 |     128240 |     0 |     0 |     0 |        4 |    25685 |          | 2015-07-16 11:50:15 | pg_default |
| 16584 | snaga | public | supplier |    2180 |    30 |    2100000 |     0 |     0 |     0 |    21799 |   189929 |          | 2015-07-16 11:48:50 | pg_default |
+-------+-------+--------+----------+---------+-------+------------+-------+-------+-------+----------+----------+----------+---------------------+------------+
+-------+-------+--------+----------+-----------------------+--------+----------+-----------+----------+--------+----------+--------+------------+
|  OID  | OWNER | SCHEMA |  TABLE   |         INDEX         |  BLKS  |   SCAN   |   T_READ  |  T_FTCH  | B_READ |  B_HIT   | STATUS | TABLESPACE |
+-------+-------+--------+----------+-----------------------+--------+----------+-----------+----------+--------+----------+--------+------------+
| 16619 | snaga | public | customer | pk_customer           |   4116 |      110 |       110 |      110 |     58 |      302 |        | pg_default |
| 16670 | snaga | public | customer | i_c_nationkey         |      3 |        0 |         0 |        0 |      0 |        0 |        | pg_default |
| 16677 | snaga | public | lineitem | i_l_commitdate        |     29 |        0 |         0 |        0 |      0 |        0 |        | pg_default |
| 16624 | snaga | public | lineitem | pk_lineitem           | 164480 |      110 |       110 |      110 |    104 |      396 |        | pg_default |
| 16663 | snaga | public | lineitem | i_l_shipdate          |     29 |       20 | 213094400 |        0 |    546 |      174 |        | pg_default |
| 16664 | snaga | public | lineitem | i_l_suppkey_partkey   |     37 |        0 |         0 |        0 |      0 |        0 |        | pg_default |
| 16665 | snaga | public | lineitem | i_l_partkey           |     29 |        0 |         0 |        0 |      0 |        0 |        | pg_default |
| 16666 | snaga | public | lineitem | i_l_suppkey           |     29 |        0 |         0 |        0 |      0 |        0 |        | pg_default |
| 16667 | snaga | public | lineitem | i_l_receiptdate       |     29 |        4 |  42618880 |        0 |    110 |       34 |        | pg_default |
| 16668 | snaga | public | lineitem | i_l_orderkey          |     29 |        0 |         0 |        0 |      0 |        0 |        | pg_default |
| 16669 | snaga | public | lineitem | i_l_orderkey_quantity |     37 |        0 |         0 |        0 |      0 |        0 |        | pg_default |
| 16627 | snaga | public | nation   | pk_nation             |      2 |   102734 |    102734 |   102734 |     10 |   102759 |        | pg_default |
| 16676 | snaga | public | nation   | i_n_regionkey         |      3 |        0 |         0 |        0 |      0 |        0 |        | pg_default |
| 16671 | snaga | public | orders   | i_o_orderdate         |      8 |       20 |  50662400 |        0 |     45 |      155 |        | pg_default |
| 16672 | snaga | public | orders   | i_o_custkey           |      8 |        0 |         0 |        0 |      0 |        0 |        | pg_default |
| 16622 | snaga | public | orders   | pk_orders             |  41131 | 13793858 |  13793858 | 13793858 |  41196 | 41415679 |        | pg_default |
| 16612 | snaga | public | part     | pk_part               |   5487 |      104 |   8000100 |  8000100 |   5504 |    16689 |        | pg_default |
| 16674 | snaga | public | partsupp | i_ps_partkey          |      6 |        0 |         0 |        0 |      0 |        0 |        | pg_default |
| 16675 | snaga | public | partsupp | i_ps_suppkey          |      6 |        0 |         0 |        0 |      0 |        0 |        | pg_default |
| 16616 | snaga | public | partsupp | pk_partsupp           |  21937 |    25706 |    102614 |   102614 |   4409 |    73093 |        | pg_default |
| 16629 | snaga | public | region   | pk_region             |      2 |       40 |        40 |       40 |      6 |       49 |        | pg_default |
| 16610 | snaga | public | supplier | pk_supplier           |    276 |   102728 |    102728 |   102728 |    307 |   205793 |        | pg_default |
| 16673 | snaga | public | supplier | i_s_nationkey         |      3 |       28 |    645120 |        0 |      6 |       46 |        | pg_default |
+-------+-------+--------+----------+-----------------------+--------+----------+-----------+----------+--------+----------+--------+------------+
SET
Timing is on.
Time: 600242.878 ms
+-------+-------+--------+----------+---------+-------+------------+-------+-------+-------+----------+----------+----------+---------------------+------------+
|  OID  | OWNER | SCHEMA |  TABLE   |   BLKS  |  SCAN |   T_READ   | T_INS | T_UPD | T_DEL |  B_READ  |  B_HIT   | VACUUMED |       ANALYZED      | TABLESPACE |
+-------+-------+--------+----------+---------+-------+------------+-------+-------+-------+----------+----------+----------+---------------------+------------+
| 16593 | snaga | public | customer |   35284 |    31 |   37500000 |     0 |     0 |     0 |   488686 |   423524 |          | 2015-07-16 11:49:02 | pg_default |
| 16599 | snaga | public | lineitem | 1065410 |    40 | 1919564889 |     0 |     0 |     0 | 66351738 |  4251435 |          | 2015-07-16 11:50:15 | pg_default |
| 16602 | snaga | public | nation   |       1 |    51 |       1025 |     0 |     0 |     0 |        5 |   102771 |          | 2015-07-16 11:50:15 | pg_default |
| 16596 | snaga | public | orders   |  253278 |    17 |  210000000 |     0 |     0 |     0 |  4842053 | 17593257 |          | 2015-07-16 11:49:19 | pg_default |
| 16587 | snaga | public | part     |   40627 |    22 |   34000000 |     0 |     0 |     0 |   314389 |   571474 |          | 2015-07-16 11:48:52 | pg_default |
| 16590 | snaga | public | partsupp |  170916 |    27 |  176000000 |     0 |     0 |     0 |  3778558 |    40020 |          | 2015-07-16 11:48:59 | pg_default |
| 16605 | snaga | public | region   |       1 | 25656 |     128240 |     0 |     0 |     0 |        4 |    25685 |          | 2015-07-16 11:50:15 | pg_default |
| 16584 | snaga | public | supplier |    2180 |    30 |    2100000 |     0 |     0 |     0 |    21799 |   189929 |          | 2015-07-16 11:48:50 | pg_default |
+-------+-------+--------+----------+---------+-------+------------+-------+-------+-------+----------+----------+----------+---------------------+------------+
+-------+-------+--------+----------+-----------------------+--------+----------+-----------+----------+--------+----------+--------+------------+
|  OID  | OWNER | SCHEMA |  TABLE   |         INDEX         |  BLKS  |   SCAN   |   T_READ  |  T_FTCH  | B_READ |  B_HIT   | STATUS | TABLESPACE |
+-------+-------+--------+----------+-----------------------+--------+----------+-----------+----------+--------+----------+--------+------------+
| 16619 | snaga | public | customer | pk_customer           |   4116 |      110 |       110 |      110 |     58 |      302 |        | pg_default |
| 16670 | snaga | public | customer | i_c_nationkey         |      3 |        0 |         0 |        0 |      0 |        0 |        | pg_default |
| 16677 | snaga | public | lineitem | i_l_commitdate        |     29 |        0 |         0 |        0 |      0 |        0 |        | pg_default |
| 16624 | snaga | public | lineitem | pk_lineitem           | 164480 |      110 |       110 |      110 |    105 |      397 |        | pg_default |
| 16663 | snaga | public | lineitem | i_l_shipdate          |     29 |       20 | 213094400 |        0 |    546 |      174 |        | pg_default |
| 16664 | snaga | public | lineitem | i_l_suppkey_partkey   |     37 |        0 |         0 |        0 |      0 |        0 |        | pg_default |
| 16665 | snaga | public | lineitem | i_l_partkey           |     29 |       11 | 117201920 |        0 |    299 |       87 |        | pg_default |
| 16666 | snaga | public | lineitem | i_l_suppkey           |     29 |        0 |         0 |        0 |      0 |        0 |        | pg_default |
| 16667 | snaga | public | lineitem | i_l_receiptdate       |     29 |        4 |  42618880 |        0 |    110 |       34 |        | pg_default |
| 16668 | snaga | public | lineitem | i_l_orderkey          |     29 |        0 |         0 |        0 |      0 |        0 |        | pg_default |
| 16669 | snaga | public | lineitem | i_l_orderkey_quantity |     37 |        0 |         0 |        0 |      0 |        0 |        | pg_default |
| 16627 | snaga | public | nation   | pk_nation             |      2 |   102734 |    102734 |   102734 |     10 |   102759 |        | pg_default |
| 16676 | snaga | public | nation   | i_n_regionkey         |      3 |        0 |         0 |        0 |      0 |        0 |        | pg_default |
| 16671 | snaga | public | orders   | i_o_orderdate         |      8 |       20 |  50662400 |        0 |     45 |      155 |        | pg_default |
| 16672 | snaga | public | orders   | i_o_custkey           |      8 |        0 |         0 |        0 |      0 |        0 |        | pg_default |
| 16622 | snaga | public | orders   | pk_orders             |  41131 | 13793858 |  13793858 | 13793858 |  41196 | 41415679 |        | pg_default |
| 16612 | snaga | public | part     | pk_part               |   5487 |      108 |   8000104 |  8000104 |   5504 |    16703 |        | pg_default |
| 16674 | snaga | public | partsupp | i_ps_partkey          |      6 |        0 |         0 |        0 |      0 |        0 |        | pg_default |
| 16675 | snaga | public | partsupp | i_ps_suppkey          |      6 |        0 |         0 |        0 |      0 |        0 |        | pg_default |
| 16616 | snaga | public | partsupp | pk_partsupp           |  21937 |    25706 |    102614 |   102614 |   4409 |    73093 |        | pg_default |
| 16629 | snaga | public | region   | pk_region             |      2 |       40 |        40 |       40 |      6 |       49 |        | pg_default |
| 16610 | snaga | public | supplier | pk_supplier           |    276 |   102728 |    102728 |   102728 |    307 |   205793 |        | pg_default |
| 16673 | snaga | public | supplier | i_s_nationkey         |      3 |       28 |    645120 |        0 |      6 |       46 |        | pg_default |
+-------+-------+--------+----------+-----------------------+--------+----------+-----------+----------+--------+----------+--------+------------+
SET
Timing is on.
Time: 601716.075 ms
+-------+-------+--------+----------+---------+-------+------------+-------+-------+-------+----------+----------+----------+---------------------+------------+
|  OID  | OWNER | SCHEMA |  TABLE   |   BLKS  |  SCAN |   T_READ   | T_INS | T_UPD | T_DEL |  B_READ  |  B_HIT   | VACUUMED |       ANALYZED      | TABLESPACE |
+-------+-------+--------+----------+---------+-------+------------+-------+-------+-------+----------+----------+----------+---------------------+------------+
| 16593 | snaga | public | customer |   35284 |    31 |   37500000 |     0 |     0 |     0 |   488686 |   423524 |          | 2015-07-16 11:49:02 | pg_default |
| 16599 | snaga | public | lineitem | 1065410 |    41 | 1919574719 |     0 |     0 |     0 | 77202951 |  4507407 |          | 2015-07-16 11:50:15 | pg_default |
| 16602 | snaga | public | nation   |       1 |    51 |       1025 |     0 |     0 |     0 |        5 |   102771 |          | 2015-07-16 11:50:15 | pg_default |
| 16596 | snaga | public | orders   |  253278 |    17 |  210000000 |     0 |     0 |     0 |  4842053 | 17593257 |          | 2015-07-16 11:49:19 | pg_default |
| 16587 | snaga | public | part     |   40627 |    23 |   36000000 |     0 |     0 |     0 |   355016 |   571476 |          | 2015-07-16 11:48:52 | pg_default |
| 16590 | snaga | public | partsupp |  170916 |    27 |  176000000 |     0 |     0 |     0 |  3778558 |    40020 |          | 2015-07-16 11:48:59 | pg_default |
| 16605 | snaga | public | region   |       1 | 25656 |     128240 |     0 |     0 |     0 |        4 |    25685 |          | 2015-07-16 11:50:15 | pg_default |
| 16584 | snaga | public | supplier |    2180 |    30 |    2100000 |     0 |     0 |     0 |    21799 |   189929 |          | 2015-07-16 11:48:50 | pg_default |
+-------+-------+--------+----------+---------+-------+------------+-------+-------+-------+----------+----------+----------+---------------------+------------+
+-------+-------+--------+----------+-----------------------+--------+----------+-----------+----------+--------+----------+--------+------------+
|  OID  | OWNER | SCHEMA |  TABLE   |         INDEX         |  BLKS  |   SCAN   |   T_READ  |  T_FTCH  | B_READ |  B_HIT   | STATUS | TABLESPACE |
+-------+-------+--------+----------+-----------------------+--------+----------+-----------+----------+--------+----------+--------+------------+
| 16619 | snaga | public | customer | pk_customer           |   4116 |      110 |       110 |      110 |     58 |      302 |        | pg_default |
| 16670 | snaga | public | customer | i_c_nationkey         |      3 |        0 |         0 |        0 |      0 |        0 |        | pg_default |
| 16677 | snaga | public | lineitem | i_l_commitdate        |     29 |        0 |         0 |        0 |      0 |        0 |        | pg_default |
| 16624 | snaga | public | lineitem | pk_lineitem           | 164480 |      110 |       110 |      110 |    106 |      397 |        | pg_default |
| 16663 | snaga | public | lineitem | i_l_shipdate          |     29 |       20 | 213094400 |        0 |    546 |      174 |        | pg_default |
| 16664 | snaga | public | lineitem | i_l_suppkey_partkey   |     37 |        0 |         0 |        0 |      0 |        0 |        | pg_default |
| 16665 | snaga | public | lineitem | i_l_partkey           |     29 |       22 | 234403840 |        0 |    567 |      205 |        | pg_default |
| 16666 | snaga | public | lineitem | i_l_suppkey           |     29 |        0 |         0 |        0 |      0 |        0 |        | pg_default |
| 16667 | snaga | public | lineitem | i_l_receiptdate       |     29 |        4 |  42618880 |        0 |    110 |       34 |        | pg_default |
| 16668 | snaga | public | lineitem | i_l_orderkey          |     29 |        0 |         0 |        0 |      0 |        0 |        | pg_default |
| 16669 | snaga | public | lineitem | i_l_orderkey_quantity |     37 |        0 |         0 |        0 |      0 |        0 |        | pg_default |
| 16627 | snaga | public | nation   | pk_nation             |      2 |   102734 |    102734 |   102734 |     10 |   102759 |        | pg_default |
| 16676 | snaga | public | nation   | i_n_regionkey         |      3 |        0 |         0 |        0 |      0 |        0 |        | pg_default |
| 16671 | snaga | public | orders   | i_o_orderdate         |      8 |       20 |  50662400 |        0 |     45 |      155 |        | pg_default |
| 16672 | snaga | public | orders   | i_o_custkey           |      8 |        0 |         0 |        0 |      0 |        0 |        | pg_default |
| 16622 | snaga | public | orders   | pk_orders             |  41131 | 13793858 |  13793858 | 13793858 |  41196 | 41415679 |        | pg_default |
| 16612 | snaga | public | part     | pk_part               |   5487 |      110 |   8000106 |  8000106 |   5510 |    16704 |        | pg_default |
| 16674 | snaga | public | partsupp | i_ps_partkey          |      6 |        0 |         0 |        0 |      0 |        0 |        | pg_default |
| 16675 | snaga | public | partsupp | i_ps_suppkey          |      6 |        0 |         0 |        0 |      0 |        0 |        | pg_default |
| 16616 | snaga | public | partsupp | pk_partsupp           |  21937 |    25706 |    102614 |   102614 |   4409 |    73093 |        | pg_default |
| 16629 | snaga | public | region   | pk_region             |      2 |       40 |        40 |       40 |      6 |       49 |        | pg_default |
| 16610 | snaga | public | supplier | pk_supplier           |    276 |   102728 |    102728 |   102728 |    307 |   205793 |        | pg_default |
| 16673 | snaga | public | supplier | i_s_nationkey         |      3 |       28 |    645120 |        0 |      6 |       46 |        | pg_default |
+-------+-------+--------+----------+-----------------------+--------+----------+-----------+----------+--------+----------+--------+------------+
SET
Timing is on.
Time: 602531.704 ms
+-------+-------+--------+----------+---------+-------+------------+-------+-------+-------+----------+----------+----------+---------------------+------------+
|  OID  | OWNER | SCHEMA |  TABLE   |   BLKS  |  SCAN |   T_READ   | T_INS | T_UPD | T_DEL |  B_READ  |  B_HIT   | VACUUMED |       ANALYZED      | TABLESPACE |
+-------+-------+--------+----------+---------+-------+------------+-------+-------+-------+----------+----------+----------+---------------------+------------+
| 16593 | snaga | public | customer |   35284 |    31 |   37500000 |     0 |     0 |     0 |   488686 |   423524 |          | 2015-07-16 11:49:02 | pg_default |
| 16599 | snaga | public | lineitem | 1065410 |    42 | 1919585462 |     0 |     0 |     0 | 88039613 |  4960470 |          | 2015-07-16 11:50:15 | pg_default |
| 16602 | snaga | public | nation   |       1 |    51 |       1025 |     0 |     0 |     0 |        5 |   102771 |          | 2015-07-16 11:50:15 | pg_default |
| 16596 | snaga | public | orders   |  253278 |    17 |  210000000 |     0 |     0 |     0 |  4842053 | 17593257 |          | 2015-07-16 11:49:19 | pg_default |
| 16587 | snaga | public | part     |   40627 |    24 |   38000000 |     0 |     0 |     0 |   395643 |   571478 |          | 2015-07-16 11:48:52 | pg_default |
| 16590 | snaga | public | partsupp |  170916 |    27 |  176000000 |     0 |     0 |     0 |  3778558 |    40020 |          | 2015-07-16 11:48:59 | pg_default |
| 16605 | snaga | public | region   |       1 | 25656 |     128240 |     0 |     0 |     0 |        4 |    25685 |          | 2015-07-16 11:50:15 | pg_default |
| 16584 | snaga | public | supplier |    2180 |    30 |    2100000 |     0 |     0 |     0 |    21799 |   189929 |          | 2015-07-16 11:48:50 | pg_default |
+-------+-------+--------+----------+---------+-------+------------+-------+-------+-------+----------+----------+----------+---------------------+------------+
+-------+-------+--------+----------+-----------------------+--------+----------+-----------+----------+--------+----------+--------+------------+
|  OID  | OWNER | SCHEMA |  TABLE   |         INDEX         |  BLKS  |   SCAN   |   T_READ  |  T_FTCH  | B_READ |  B_HIT   | STATUS | TABLESPACE |
+-------+-------+--------+----------+-----------------------+--------+----------+-----------+----------+--------+----------+--------+------------+
| 16619 | snaga | public | customer | pk_customer           |   4116 |      110 |       110 |      110 |     58 |      302 |        | pg_default |
| 16670 | snaga | public | customer | i_c_nationkey         |      3 |        0 |         0 |        0 |      0 |        0 |        | pg_default |
| 16677 | snaga | public | lineitem | i_l_commitdate        |     29 |        0 |         0 |        0 |      0 |        0 |        | pg_default |
| 16624 | snaga | public | lineitem | pk_lineitem           | 164480 |      110 |       110 |      110 |    107 |      397 |        | pg_default |
| 16663 | snaga | public | lineitem | i_l_shipdate          |     29 |       20 | 213094400 |        0 |    546 |      174 |        | pg_default |
| 16664 | snaga | public | lineitem | i_l_suppkey_partkey   |     37 |        0 |         0 |        0 |      0 |        0 |        | pg_default |
| 16665 | snaga | public | lineitem | i_l_partkey           |     29 |       33 | 351605760 |        0 |    835 |      323 |        | pg_default |
| 16666 | snaga | public | lineitem | i_l_suppkey           |     29 |        0 |         0 |        0 |      0 |        0 |        | pg_default |
| 16667 | snaga | public | lineitem | i_l_receiptdate       |     29 |        4 |  42618880 |        0 |    110 |       34 |        | pg_default |
| 16668 | snaga | public | lineitem | i_l_orderkey          |     29 |        0 |         0 |        0 |      0 |        0 |        | pg_default |
| 16669 | snaga | public | lineitem | i_l_orderkey_quantity |     37 |        0 |         0 |        0 |      0 |        0 |        | pg_default |
| 16627 | snaga | public | nation   | pk_nation             |      2 |   102734 |    102734 |   102734 |     10 |   102759 |        | pg_default |
| 16676 | snaga | public | nation   | i_n_regionkey         |      3 |        0 |         0 |        0 |      0 |        0 |        | pg_default |
| 16671 | snaga | public | orders   | i_o_orderdate         |      8 |       20 |  50662400 |        0 |     45 |      155 |        | pg_default |
| 16672 | snaga | public | orders   | i_o_custkey           |      8 |        0 |         0 |        0 |      0 |        0 |        | pg_default |
| 16622 | snaga | public | orders   | pk_orders             |  41131 | 13793858 |  13793858 | 13793858 |  41196 | 41415679 |        | pg_default |
| 16612 | snaga | public | part     | pk_part               |   5487 |      112 |   8000108 |  8000108 |   5516 |    16705 |        | pg_default |
| 16674 | snaga | public | partsupp | i_ps_partkey          |      6 |        0 |         0 |        0 |      0 |        0 |        | pg_default |
| 16675 | snaga | public | partsupp | i_ps_suppkey          |      6 |        0 |         0 |        0 |      0 |        0 |        | pg_default |
| 16616 | snaga | public | partsupp | pk_partsupp           |  21937 |    25706 |    102614 |   102614 |   4409 |    73093 |        | pg_default |
| 16629 | snaga | public | region   | pk_region             |      2 |       40 |        40 |       40 |      6 |       49 |        | pg_default |
| 16610 | snaga | public | supplier | pk_supplier           |    276 |   102728 |    102728 |   102728 |    307 |   205793 |        | pg_default |
| 16673 | snaga | public | supplier | i_s_nationkey         |      3 |       28 |    645120 |        0 |      6 |       46 |        | pg_default |
+-------+-------+--------+----------+-----------------------+--------+----------+-----------+----------+--------+----------+--------+------------+
SET
Timing is on.
Time: 601700.402 ms
+-------+-------+--------+----------+---------+-------+------------+-------+-------+-------+----------+----------+----------+---------------------+------------+
|  OID  | OWNER | SCHEMA |  TABLE   |   BLKS  |  SCAN |   T_READ   | T_INS | T_UPD | T_DEL |  B_READ  |  B_HIT   | VACUUMED |       ANALYZED      | TABLESPACE |
+-------+-------+--------+----------+---------+-------+------------+-------+-------+-------+----------+----------+----------+---------------------+------------+
| 16593 | snaga | public | customer |   35284 |    31 |   37500000 |     0 |     0 |     0 |   488686 |   423524 |          | 2015-07-16 11:49:02 | pg_default |
| 16599 | snaga | public | lineitem | 1065410 |    43 | 1919597438 |     0 |     0 |     0 | 98974090 |  4960667 |          | 2015-07-16 11:50:15 | pg_default |
| 16602 | snaga | public | nation   |       1 |    51 |       1025 |     0 |     0 |     0 |        5 |   102771 |          | 2015-07-16 11:50:15 | pg_default |
| 16596 | snaga | public | orders   |  253278 |    17 |  210000000 |     0 |     0 |     0 |  4842053 | 17593257 |          | 2015-07-16 11:49:19 | pg_default |
| 16587 | snaga | public | part     |   40627 |    25 |   40000000 |     0 |     0 |     0 |   436270 |   571480 |          | 2015-07-16 11:48:52 | pg_default |
| 16590 | snaga | public | partsupp |  170916 |    27 |  176000000 |     0 |     0 |     0 |  3778558 |    40020 |          | 2015-07-16 11:48:59 | pg_default |
| 16605 | snaga | public | region   |       1 | 25656 |     128240 |     0 |     0 |     0 |        4 |    25685 |          | 2015-07-16 11:50:15 | pg_default |
| 16584 | snaga | public | supplier |    2180 |    30 |    2100000 |     0 |     0 |     0 |    21799 |   189929 |          | 2015-07-16 11:48:50 | pg_default |
+-------+-------+--------+----------+---------+-------+------------+-------+-------+-------+----------+----------+----------+---------------------+------------+
+-------+-------+--------+----------+-----------------------+--------+----------+-----------+----------+--------+----------+--------+------------+
|  OID  | OWNER | SCHEMA |  TABLE   |         INDEX         |  BLKS  |   SCAN   |   T_READ  |  T_FTCH  | B_READ |  B_HIT   | STATUS | TABLESPACE |
+-------+-------+--------+----------+-----------------------+--------+----------+-----------+----------+--------+----------+--------+------------+
| 16619 | snaga | public | customer | pk_customer           |   4116 |      110 |       110 |      110 |     58 |      302 |        | pg_default |
| 16670 | snaga | public | customer | i_c_nationkey         |      3 |        0 |         0 |        0 |      0 |        0 |        | pg_default |
| 16677 | snaga | public | lineitem | i_l_commitdate        |     29 |        0 |         0 |        0 |      0 |        0 |        | pg_default |
| 16624 | snaga | public | lineitem | pk_lineitem           | 164480 |      110 |       110 |      110 |    108 |      397 |        | pg_default |
| 16663 | snaga | public | lineitem | i_l_shipdate          |     29 |       20 | 213094400 |        0 |    546 |      174 |        | pg_default |
| 16664 | snaga | public | lineitem | i_l_suppkey_partkey   |     37 |        0 |         0 |        0 |      0 |        0 |        | pg_default |
| 16665 | snaga | public | lineitem | i_l_partkey           |     29 |       44 | 468807680 |        0 |   1125 |      419 |        | pg_default |
| 16666 | snaga | public | lineitem | i_l_suppkey           |     29 |        0 |         0 |        0 |      0 |        0 |        | pg_default |
| 16667 | snaga | public | lineitem | i_l_receiptdate       |     29 |        4 |  42618880 |        0 |    110 |       34 |        | pg_default |
| 16668 | snaga | public | lineitem | i_l_orderkey          |     29 |        0 |         0 |        0 |      0 |        0 |        | pg_default |
| 16669 | snaga | public | lineitem | i_l_orderkey_quantity |     37 |        0 |         0 |        0 |      0 |        0 |        | pg_default |
| 16627 | snaga | public | nation   | pk_nation             |      2 |   102734 |    102734 |   102734 |     10 |   102759 |        | pg_default |
| 16676 | snaga | public | nation   | i_n_regionkey         |      3 |        0 |         0 |        0 |      0 |        0 |        | pg_default |
| 16671 | snaga | public | orders   | i_o_orderdate         |      8 |       20 |  50662400 |        0 |     45 |      155 |        | pg_default |
| 16672 | snaga | public | orders   | i_o_custkey           |      8 |        0 |         0 |        0 |      0 |        0 |        | pg_default |
| 16622 | snaga | public | orders   | pk_orders             |  41131 | 13793858 |  13793858 | 13793858 |  41196 | 41415679 |        | pg_default |
| 16612 | snaga | public | part     | pk_part               |   5487 |      114 |   8000110 |  8000110 |   5522 |    16706 |        | pg_default |
| 16674 | snaga | public | partsupp | i_ps_partkey          |      6 |        0 |         0 |        0 |      0 |        0 |        | pg_default |
| 16675 | snaga | public | partsupp | i_ps_suppkey          |      6 |        0 |         0 |        0 |      0 |        0 |        | pg_default |
| 16616 | snaga | public | partsupp | pk_partsupp           |  21937 |    25706 |    102614 |   102614 |   4409 |    73093 |        | pg_default |
| 16629 | snaga | public | region   | pk_region             |      2 |       40 |        40 |       40 |      6 |       49 |        | pg_default |
| 16610 | snaga | public | supplier | pk_supplier           |    276 |   102728 |    102728 |   102728 |    307 |   205793 |        | pg_default |
| 16673 | snaga | public | supplier | i_s_nationkey         |      3 |       28 |    645120 |        0 |      6 |       46 |        | pg_default |
+-------+-------+--------+----------+-----------------------+--------+----------+-----------+----------+--------+----------+--------+------------+
