                                                                                                                                                                                                                                                                                                                                                                                                QUERY PLAN                                                                                                                                                                                                                                                                                                                                                                                                
----------------------------------------------------------------------------------------------------------------------------------------------------------------------------------------------------------------------------------------------------------------------------------------------------------------------------------------------------------------------------------------------------------------------------------------------------------------------------------------------------------------------------------------------------------------------------------------------------------------------------------------------------------------------------------------------------------------------------------------------------------------------------------------------------------
 Aggregate  (cost=278200.45..278200.46 rows=1 width=8)
   ->  Hash Join  (cost=52330.87..278199.59 rows=115 width=8)
         Hash Cond: (lineitem.l_partkey = part.p_partkey)
         Join Filter: (((part.p_brand = 'Brand#44'::bpchar) AND (part.p_container = ANY ('{"SM CASE","SM BOX","SM PACK","SM PKG"}'::bpchar[])) AND (lineitem.l_quantity >= '5'::double precision) AND (lineitem.l_quantity <= '15'::double precision) AND (part.p_size <= 5)) OR ((part.p_brand = 'Brand#31'::bpchar) AND (part.p_container = ANY ('{"MED BAG","MED BOX","MED PKG","MED PACK"}'::bpchar[])) AND (lineitem.l_quantity >= '10'::double precision) AND (lineitem.l_quantity <= '20'::double precision) AND (part.p_size <= 10)) OR ((part.p_brand = 'Brand#42'::bpchar) AND (part.p_container = ANY ('{"LG CASE","LG BOX","LG PACK","LG PKG"}'::bpchar[])) AND (lineitem.l_quantity >= '22'::double precision) AND (lineitem.l_quantity <= '32'::double precision) AND (part.p_size <= 15)))
         ->  Bitmap Heap Scan on lineitem  (cost=39760.76..265193.50 rows=112242 width=16)
               Recheck Cond: (((l_quantity >= '5'::double precision) AND (l_quantity <= '15'::double precision)) OR ((l_quantity >= '10'::double precision) AND (l_quantity <= '20'::double precision)) OR ((l_quantity >= '22'::double precision) AND (l_quantity <= '32'::double precision)))
               Filter: ((l_shipmode = ANY ('{AIR,"AIR REG"}'::bpchar[])) AND (l_shipinstruct = 'DELIVER IN PERSON'::bpchar))
               ->  BitmapOr  (cost=39760.76..39760.76 rows=3961658 width=0)
                     ->  Bitmap Index Scan on i_l_orderkey_quantity  (cost=0.00..13118.84 rows=1309884 width=0)
                           Index Cond: ((l_quantity >= '5'::double precision) AND (l_quantity <= '15'::double precision))
                     ->  Bitmap Index Scan on i_l_orderkey_quantity  (cost=0.00..13296.87 rows=1327687 width=0)
                           Index Cond: ((l_quantity >= '10'::double precision) AND (l_quantity <= '20'::double precision))
                     ->  Bitmap Index Scan on i_l_orderkey_quantity  (cost=0.00..13260.87 rows=1324087 width=0)
                           Index Cond: ((l_quantity >= '22'::double precision) AND (l_quantity <= '32'::double precision))
         ->  Hash  (cost=12564.00..12564.00 rows=489 width=30)
               ->  Seq Scan on part  (cost=0.00..12564.00 rows=489 width=30)
                     Filter: ((p_size >= 1) AND (((p_brand = 'Brand#44'::bpchar) AND (p_container = ANY ('{"SM CASE","SM BOX","SM PACK","SM PKG"}'::bpchar[])) AND (p_size <= 5)) OR ((p_brand = 'Brand#31'::bpchar) AND (p_container = ANY ('{"MED BAG","MED BOX","MED PKG","MED PACK"}'::bpchar[])) AND (p_size <= 10)) OR ((p_brand = 'Brand#42'::bpchar) AND (p_container = ANY ('{"LG CASE","LG BOX","LG PACK","LG PKG"}'::bpchar[])) AND (p_size <= 15))))
(17 rows)

+-------+-------+--------+----------+--------+------+-----------+-------+-------+-------+--------+------------+----------+---------------------+------------+
|  OID  | OWNER | SCHEMA |  TABLE   |  BLKS  | SCAN |   T_READ  | T_INS | T_UPD | T_DEL | B_READ |   B_HIT    | VACUUMED |       ANALYZED      | TABLESPACE |
+-------+-------+--------+----------+--------+------+-----------+-------+-------+-------+--------+------------+----------+---------------------+------------+
| 16395 | snaga | public | customer |   3531 |   53 |   6450000 |     0 |     0 |     0 |   3531 |     393296 |          | 2015-07-16 02:38:29 | pg_default |
| 16401 | snaga | public | lineitem | 106583 |   94 | 442031867 |     0 |     0 |     0 | 106583 | 1055351396 |          | 2015-07-16 02:38:30 | pg_default |
| 16404 | snaga | public | nation   |      1 |   93 |      1875 |     0 |     0 |     0 |      1 |      22192 |          | 2015-07-16 02:38:30 | pg_default |
| 16398 | snaga | public | orders   |  25326 |   46 |  57000000 |     0 |     0 |     0 |  25326 |    4879974 |          | 2015-07-16 02:38:30 | pg_default |
| 16389 | snaga | public | part     |   4064 |   50 |   8000000 |     0 |     0 |     0 |   8128 |     195812 |          | 2015-07-16 02:38:29 | pg_default |
| 16392 | snaga | public | partsupp |  17087 |   56 |  36800000 |     0 |     0 |     0 |  17087 |     809373 |          | 2015-07-16 02:38:29 | pg_default |
| 16407 | snaga | public | region   |      1 | 5472 |     27280 |     0 |     0 |     0 |      2 |       5536 |          | 2015-07-16 02:38:30 | pg_default |
| 16386 | snaga | public | supplier |    218 |   61 |    430000 |     0 |     0 |     0 |    218 |      55192 |          | 2015-07-16 02:38:29 | pg_default |
+-------+-------+--------+----------+--------+------+-----------+-------+-------+-------+--------+------------+----------+---------------------+------------+
+-------+-------+--------+----------+-----------------------+-------+---------+-------------+---------+--------+---------+--------+------------+
|  OID  | OWNER | SCHEMA |  TABLE   |         INDEX         |  BLKS |   SCAN  |    T_READ   |  T_FTCH | B_READ |  B_HIT  | STATUS | TABLESPACE |
+-------+-------+--------+----------+-----------------------+-------+---------+-------------+---------+--------+---------+--------+------------+
| 16416 | snaga | public | customer | pk_customer           |   414 |   96692 |       96692 |   96692 |    414 |  290196 |        | pg_default |
| 16501 | snaga | public | customer | i_c_nationkey         |     3 |      40 |     1433600 |       0 |      0 |      56 |        | pg_default |
| 16508 | snaga | public | lineitem | i_l_commitdate        |     5 |       0 |           0 |       0 |      0 |       0 |        | pg_default |
| 16420 | snaga | public | lineitem | pk_lineitem           | 16457 | 1699332 |     5635708 | 5635708 |  16457 | 5100559 |        | pg_default |
| 16494 | snaga | public | lineitem | i_l_shipdate          |     5 |      32 |    34119680 |       0 |      0 |     160 |        | pg_default |
| 16495 | snaga | public | lineitem | i_l_suppkey_partkey   |     5 |       0 |           0 |       0 |      0 |       0 |        | pg_default |
| 16496 | snaga | public | lineitem | i_l_partkey           |     5 |    9775 | 10422496000 |       0 |      0 |   29341 |        | pg_default |
| 16497 | snaga | public | lineitem | i_l_suppkey           |     5 |       0 |           0 |       0 |      0 |       0 |        | pg_default |
| 16498 | snaga | public | lineitem | i_l_receiptdate       |     5 |       8 |     8529920 |       0 |      0 |      40 |        | pg_default |
| 16499 | snaga | public | lineitem | i_l_orderkey          |     5 |       0 |           0 |       0 |      0 |       0 |        | pg_default |
| 16500 | snaga | public | lineitem | i_l_orderkey_quantity |     5 |       0 |           0 |       0 |      0 |       0 |        | pg_default |
| 16422 | snaga | public | nation   | pk_nation             |     2 |   22116 |       22308 |   22308 |      2 |   22184 |        | pg_default |
| 16507 | snaga | public | nation   | i_n_regionkey         |     3 |       0 |           0 |       0 |      0 |       0 |        | pg_default |
| 16502 | snaga | public | orders   | i_o_orderdate         |     3 |      32 |     8110080 |       0 |      0 |      96 |        | pg_default |
| 16503 | snaga | public | orders   | i_o_custkey           |     3 |       0 |           0 |       0 |      0 |       0 |        | pg_default |
| 16418 | snaga | public | orders   | pk_orders             |  4116 | 3081828 |     3081828 | 3081828 |   4116 | 9258460 |        | pg_default |
| 16412 | snaga | public | part     | pk_part               |   551 |     228 |     1600220 | 1600220 |    551 |    4561 |        | pg_default |
| 16505 | snaga | public | partsupp | i_ps_partkey          |     3 |       0 |           0 |       0 |      0 |       0 |        | pg_default |
| 16506 | snaga | public | partsupp | i_ps_suppkey          |     3 |       0 |           0 |       0 |      0 |       0 |        | pg_default |
| 16414 | snaga | public | partsupp | pk_partsupp           |  2196 |    5572 |       21868 |   21868 |    456 |   16364 |        | pg_default |
| 16424 | snaga | public | region   | pk_region             |     2 |      80 |          80 |      80 |      2 |     108 |        | pg_default |
| 16410 | snaga | public | supplier | pk_supplier           |    30 |   42112 |       42112 |   42112 |     30 |   84514 |        | pg_default |
| 16504 | snaga | public | supplier | i_s_nationkey         |     3 |      16 |       40960 |       0 |      0 |      48 |        | pg_default |
+-------+-------+--------+----------+-----------------------+-------+---------+-------------+---------+--------+---------+--------+------------+
SET
Timing is on.
                                                                                                                                                                                                                                                                                                                                                                                                QUERY PLAN                                                                                                                                                                                                                                                                                                                                                                                                
----------------------------------------------------------------------------------------------------------------------------------------------------------------------------------------------------------------------------------------------------------------------------------------------------------------------------------------------------------------------------------------------------------------------------------------------------------------------------------------------------------------------------------------------------------------------------------------------------------------------------------------------------------------------------------------------------------------------------------------------------------------------------------------------------------
 Aggregate  (cost=278200.45..278200.46 rows=1 width=8) (actual time=1949.690..1949.690 rows=1 loops=1)
   ->  Hash Join  (cost=52330.87..278199.59 rows=115 width=8) (actual time=81.914..1949.550 rows=129 loops=1)
         Hash Cond: (lineitem.l_partkey = part.p_partkey)
         Join Filter: (((part.p_brand = 'Brand#44'::bpchar) AND (part.p_container = ANY ('{"SM CASE","SM BOX","SM PACK","SM PKG"}'::bpchar[])) AND (lineitem.l_quantity >= '5'::double precision) AND (lineitem.l_quantity <= '15'::double precision) AND (part.p_size <= 5)) OR ((part.p_brand = 'Brand#31'::bpchar) AND (part.p_container = ANY ('{"MED BAG","MED BOX","MED PKG","MED PACK"}'::bpchar[])) AND (lineitem.l_quantity >= '10'::double precision) AND (lineitem.l_quantity <= '20'::double precision) AND (part.p_size <= 10)) OR ((part.p_brand = 'Brand#42'::bpchar) AND (part.p_container = ANY ('{"LG CASE","LG BOX","LG PACK","LG PKG"}'::bpchar[])) AND (lineitem.l_quantity >= '22'::double precision) AND (lineitem.l_quantity <= '32'::double precision) AND (part.p_size <= 15)))
         Rows Removed by Join Filter: 200
         ->  Bitmap Heap Scan on lineitem  (cost=39760.76..265193.50 rows=112242 width=16) (actual time=16.521..1871.743 rows=115421 loops=1)
               Recheck Cond: (((l_quantity >= '5'::double precision) AND (l_quantity <= '15'::double precision)) OR ((l_quantity >= '10'::double precision) AND (l_quantity <= '20'::double precision)) OR ((l_quantity >= '22'::double precision) AND (l_quantity <= '32'::double precision)))
               Rows Removed by Index Recheck: 2761049
               Filter: ((l_shipmode = ANY ('{AIR,"AIR REG"}'::bpchar[])) AND (l_shipinstruct = 'DELIVER IN PERSON'::bpchar))
               Rows Removed by Filter: 3124745
               Heap Blocks: lossy=106583
               ->  BitmapOr  (cost=39760.76..39760.76 rows=3961658 width=0) (actual time=16.425..16.425 rows=0 loops=1)
                     ->  Bitmap Index Scan on i_l_orderkey_quantity  (cost=0.00..13118.84 rows=1309884 width=0) (actual time=5.594..5.594 rows=1066240 loops=1)
                           Index Cond: ((l_quantity >= '5'::double precision) AND (l_quantity <= '15'::double precision))
                     ->  Bitmap Index Scan on i_l_orderkey_quantity  (cost=0.00..13296.87 rows=1327687 width=0) (actual time=5.406..5.406 rows=1066240 loops=1)
                           Index Cond: ((l_quantity >= '10'::double precision) AND (l_quantity <= '20'::double precision))
                     ->  Bitmap Index Scan on i_l_orderkey_quantity  (cost=0.00..13260.87 rows=1324087 width=0) (actual time=5.422..5.422 rows=1066240 loops=1)
                           Index Cond: ((l_quantity >= '22'::double precision) AND (l_quantity <= '32'::double precision))
         ->  Hash  (cost=12564.00..12564.00 rows=489 width=30) (actual time=65.319..65.319 rows=490 loops=1)
               Buckets: 1024  Batches: 1  Memory Usage: 39kB
               ->  Seq Scan on part  (cost=0.00..12564.00 rows=489 width=30) (actual time=0.333..65.197 rows=490 loops=1)
                     Filter: ((p_size >= 1) AND (((p_brand = 'Brand#44'::bpchar) AND (p_container = ANY ('{"SM CASE","SM BOX","SM PACK","SM PKG"}'::bpchar[])) AND (p_size <= 5)) OR ((p_brand = 'Brand#31'::bpchar) AND (p_container = ANY ('{"MED BAG","MED BOX","MED PKG","MED PACK"}'::bpchar[])) AND (p_size <= 10)) OR ((p_brand = 'Brand#42'::bpchar) AND (p_container = ANY ('{"LG CASE","LG BOX","LG PACK","LG PKG"}'::bpchar[])) AND (p_size <= 15))))
                     Rows Removed by Filter: 199510
 Planning time: 0.897 ms
 Execution time: 1949.784 ms
(25 rows)

Time: 1951.941 ms
+-------+-------+--------+----------+--------+------+-----------+-------+-------+-------+--------+------------+----------+---------------------+------------+
|  OID  | OWNER | SCHEMA |  TABLE   |  BLKS  | SCAN |   T_READ  | T_INS | T_UPD | T_DEL | B_READ |   B_HIT    | VACUUMED |       ANALYZED      | TABLESPACE |
+-------+-------+--------+----------+--------+------+-----------+-------+-------+-------+--------+------------+----------+---------------------+------------+
| 16395 | snaga | public | customer |   3531 |   53 |   6450000 |     0 |     0 |     0 |   3531 |     393296 |          | 2015-07-16 02:38:29 | pg_default |
| 16401 | snaga | public | lineitem | 106583 |   94 | 442031867 |     0 |     0 |     0 | 106583 | 1055457979 |          | 2015-07-16 02:38:30 | pg_default |
| 16404 | snaga | public | nation   |      1 |   93 |      1875 |     0 |     0 |     0 |      1 |      22192 |          | 2015-07-16 02:38:30 | pg_default |
| 16398 | snaga | public | orders   |  25326 |   46 |  57000000 |     0 |     0 |     0 |  25326 |    4879974 |          | 2015-07-16 02:38:30 | pg_default |
| 16389 | snaga | public | part     |   4064 |   52 |   8200000 |     0 |     0 |     0 |   8128 |     199880 |          | 2015-07-16 02:38:29 | pg_default |
| 16392 | snaga | public | partsupp |  17087 |   56 |  36800000 |     0 |     0 |     0 |  17087 |     809373 |          | 2015-07-16 02:38:29 | pg_default |
| 16407 | snaga | public | region   |      1 | 5472 |     27280 |     0 |     0 |     0 |      2 |       5536 |          | 2015-07-16 02:38:30 | pg_default |
| 16386 | snaga | public | supplier |    218 |   61 |    430000 |     0 |     0 |     0 |    218 |      55192 |          | 2015-07-16 02:38:29 | pg_default |
+-------+-------+--------+----------+--------+------+-----------+-------+-------+-------+--------+------------+----------+---------------------+------------+
+-------+-------+--------+----------+-----------------------+-------+---------+-------------+---------+--------+---------+--------+------------+
|  OID  | OWNER | SCHEMA |  TABLE   |         INDEX         |  BLKS |   SCAN  |    T_READ   |  T_FTCH | B_READ |  B_HIT  | STATUS | TABLESPACE |
+-------+-------+--------+----------+-----------------------+-------+---------+-------------+---------+--------+---------+--------+------------+
| 16416 | snaga | public | customer | pk_customer           |   414 |   96692 |       96692 |   96692 |    414 |  290196 |        | pg_default |
| 16501 | snaga | public | customer | i_c_nationkey         |     3 |      40 |     1433600 |       0 |      0 |      56 |        | pg_default |
| 16508 | snaga | public | lineitem | i_l_commitdate        |     5 |       0 |           0 |       0 |      0 |       0 |        | pg_default |
| 16420 | snaga | public | lineitem | pk_lineitem           | 16457 | 1699332 |     5635708 | 5635708 |  16457 | 5100561 |        | pg_default |
| 16494 | snaga | public | lineitem | i_l_shipdate          |     5 |      32 |    34119680 |       0 |      0 |     160 |        | pg_default |
| 16495 | snaga | public | lineitem | i_l_suppkey_partkey   |     5 |       0 |           0 |       0 |      0 |       0 |        | pg_default |
| 16496 | snaga | public | lineitem | i_l_partkey           |     5 |    9775 | 10422496000 |       0 |      0 |   29341 |        | pg_default |
| 16497 | snaga | public | lineitem | i_l_suppkey           |     5 |       0 |           0 |       0 |      0 |       0 |        | pg_default |
| 16498 | snaga | public | lineitem | i_l_receiptdate       |     5 |       8 |     8529920 |       0 |      0 |      40 |        | pg_default |
| 16499 | snaga | public | lineitem | i_l_orderkey          |     5 |       0 |           0 |       0 |      0 |       0 |        | pg_default |
| 16500 | snaga | public | lineitem | i_l_orderkey_quantity |     5 |       3 |     3198720 |       0 |      0 |      15 |        | pg_default |
| 16422 | snaga | public | nation   | pk_nation             |     2 |   22116 |       22308 |   22308 |      2 |   22184 |        | pg_default |
| 16507 | snaga | public | nation   | i_n_regionkey         |     3 |       0 |           0 |       0 |      0 |       0 |        | pg_default |
| 16502 | snaga | public | orders   | i_o_orderdate         |     3 |      32 |     8110080 |       0 |      0 |      96 |        | pg_default |
| 16503 | snaga | public | orders   | i_o_custkey           |     3 |       0 |           0 |       0 |      0 |       0 |        | pg_default |
| 16418 | snaga | public | orders   | pk_orders             |  4116 | 3081828 |     3081828 | 3081828 |   4116 | 9258460 |        | pg_default |
| 16412 | snaga | public | part     | pk_part               |   551 |     232 |     1600224 | 1600224 |    551 |    4575 |        | pg_default |
| 16505 | snaga | public | partsupp | i_ps_partkey          |     3 |       0 |           0 |       0 |      0 |       0 |        | pg_default |
| 16506 | snaga | public | partsupp | i_ps_suppkey          |     3 |       0 |           0 |       0 |      0 |       0 |        | pg_default |
| 16414 | snaga | public | partsupp | pk_partsupp           |  2196 |    5572 |       21868 |   21868 |    456 |   16364 |        | pg_default |
| 16424 | snaga | public | region   | pk_region             |     2 |      80 |          80 |      80 |      2 |     108 |        | pg_default |
| 16410 | snaga | public | supplier | pk_supplier           |    30 |   42112 |       42112 |   42112 |     30 |   84514 |        | pg_default |
| 16504 | snaga | public | supplier | i_s_nationkey         |     3 |      16 |       40960 |       0 |      0 |      48 |        | pg_default |
+-------+-------+--------+----------+-----------------------+-------+---------+-------------+---------+--------+---------+--------+------------+
SET
Timing is on.
                                                                                                                                                                                                                                                                                                                                                                                                QUERY PLAN                                                                                                                                                                                                                                                                                                                                                                                                
----------------------------------------------------------------------------------------------------------------------------------------------------------------------------------------------------------------------------------------------------------------------------------------------------------------------------------------------------------------------------------------------------------------------------------------------------------------------------------------------------------------------------------------------------------------------------------------------------------------------------------------------------------------------------------------------------------------------------------------------------------------------------------------------------------
 Aggregate  (cost=278200.45..278200.46 rows=1 width=8) (actual time=1955.835..1955.835 rows=1 loops=1)
   ->  Hash Join  (cost=52330.87..278199.59 rows=115 width=8) (actual time=82.037..1955.676 rows=129 loops=1)
         Hash Cond: (lineitem.l_partkey = part.p_partkey)
         Join Filter: (((part.p_brand = 'Brand#44'::bpchar) AND (part.p_container = ANY ('{"SM CASE","SM BOX","SM PACK","SM PKG"}'::bpchar[])) AND (lineitem.l_quantity >= '5'::double precision) AND (lineitem.l_quantity <= '15'::double precision) AND (part.p_size <= 5)) OR ((part.p_brand = 'Brand#31'::bpchar) AND (part.p_container = ANY ('{"MED BAG","MED BOX","MED PKG","MED PACK"}'::bpchar[])) AND (lineitem.l_quantity >= '10'::double precision) AND (lineitem.l_quantity <= '20'::double precision) AND (part.p_size <= 10)) OR ((part.p_brand = 'Brand#42'::bpchar) AND (part.p_container = ANY ('{"LG CASE","LG BOX","LG PACK","LG PKG"}'::bpchar[])) AND (lineitem.l_quantity >= '22'::double precision) AND (lineitem.l_quantity <= '32'::double precision) AND (part.p_size <= 15)))
         Rows Removed by Join Filter: 200
         ->  Bitmap Heap Scan on lineitem  (cost=39760.76..265193.50 rows=112242 width=16) (actual time=16.543..1877.140 rows=115421 loops=1)
               Recheck Cond: (((l_quantity >= '5'::double precision) AND (l_quantity <= '15'::double precision)) OR ((l_quantity >= '10'::double precision) AND (l_quantity <= '20'::double precision)) OR ((l_quantity >= '22'::double precision) AND (l_quantity <= '32'::double precision)))
               Rows Removed by Index Recheck: 2761049
               Filter: ((l_shipmode = ANY ('{AIR,"AIR REG"}'::bpchar[])) AND (l_shipinstruct = 'DELIVER IN PERSON'::bpchar))
               Rows Removed by Filter: 3124745
               Heap Blocks: lossy=106583
               ->  BitmapOr  (cost=39760.76..39760.76 rows=3961658 width=0) (actual time=16.446..16.446 rows=0 loops=1)
                     ->  Bitmap Index Scan on i_l_orderkey_quantity  (cost=0.00..13118.84 rows=1309884 width=0) (actual time=5.583..5.583 rows=1066240 loops=1)
                           Index Cond: ((l_quantity >= '5'::double precision) AND (l_quantity <= '15'::double precision))
                     ->  Bitmap Index Scan on i_l_orderkey_quantity  (cost=0.00..13296.87 rows=1327687 width=0) (actual time=5.430..5.430 rows=1066240 loops=1)
                           Index Cond: ((l_quantity >= '10'::double precision) AND (l_quantity <= '20'::double precision))
                     ->  Bitmap Index Scan on i_l_orderkey_quantity  (cost=0.00..13260.87 rows=1324087 width=0) (actual time=5.429..5.429 rows=1066240 loops=1)
                           Index Cond: ((l_quantity >= '22'::double precision) AND (l_quantity <= '32'::double precision))
         ->  Hash  (cost=12564.00..12564.00 rows=489 width=30) (actual time=65.419..65.419 rows=490 loops=1)
               Buckets: 1024  Batches: 1  Memory Usage: 39kB
               ->  Seq Scan on part  (cost=0.00..12564.00 rows=489 width=30) (actual time=0.330..65.292 rows=490 loops=1)
                     Filter: ((p_size >= 1) AND (((p_brand = 'Brand#44'::bpchar) AND (p_container = ANY ('{"SM CASE","SM BOX","SM PACK","SM PKG"}'::bpchar[])) AND (p_size <= 5)) OR ((p_brand = 'Brand#31'::bpchar) AND (p_container = ANY ('{"MED BAG","MED BOX","MED PKG","MED PACK"}'::bpchar[])) AND (p_size <= 10)) OR ((p_brand = 'Brand#42'::bpchar) AND (p_container = ANY ('{"LG CASE","LG BOX","LG PACK","LG PKG"}'::bpchar[])) AND (p_size <= 15))))
                     Rows Removed by Filter: 199510
 Planning time: 0.894 ms
 Execution time: 1955.931 ms
(25 rows)

Time: 1958.083 ms
+-------+-------+--------+----------+--------+------+-----------+-------+-------+-------+--------+------------+----------+---------------------+------------+
|  OID  | OWNER | SCHEMA |  TABLE   |  BLKS  | SCAN |   T_READ  | T_INS | T_UPD | T_DEL | B_READ |   B_HIT    | VACUUMED |       ANALYZED      | TABLESPACE |
+-------+-------+--------+----------+--------+------+-----------+-------+-------+-------+--------+------------+----------+---------------------+------------+
| 16395 | snaga | public | customer |   3531 |   53 |   6450000 |     0 |     0 |     0 |   3531 |     393296 |          | 2015-07-16 02:38:29 | pg_default |
| 16401 | snaga | public | lineitem | 106583 |   94 | 442031867 |     0 |     0 |     0 | 106583 | 1055564562 |          | 2015-07-16 02:38:30 | pg_default |
| 16404 | snaga | public | nation   |      1 |   93 |      1875 |     0 |     0 |     0 |      1 |      22192 |          | 2015-07-16 02:38:30 | pg_default |
| 16398 | snaga | public | orders   |  25326 |   46 |  57000000 |     0 |     0 |     0 |  25326 |    4879974 |          | 2015-07-16 02:38:30 | pg_default |
| 16389 | snaga | public | part     |   4064 |   53 |   8400000 |     0 |     0 |     0 |   8128 |     203946 |          | 2015-07-16 02:38:29 | pg_default |
| 16392 | snaga | public | partsupp |  17087 |   56 |  36800000 |     0 |     0 |     0 |  17087 |     809373 |          | 2015-07-16 02:38:29 | pg_default |
| 16407 | snaga | public | region   |      1 | 5472 |     27280 |     0 |     0 |     0 |      2 |       5536 |          | 2015-07-16 02:38:30 | pg_default |
| 16386 | snaga | public | supplier |    218 |   61 |    430000 |     0 |     0 |     0 |    218 |      55192 |          | 2015-07-16 02:38:29 | pg_default |
+-------+-------+--------+----------+--------+------+-----------+-------+-------+-------+--------+------------+----------+---------------------+------------+
+-------+-------+--------+----------+-----------------------+-------+---------+-------------+---------+--------+---------+--------+------------+
|  OID  | OWNER | SCHEMA |  TABLE   |         INDEX         |  BLKS |   SCAN  |    T_READ   |  T_FTCH | B_READ |  B_HIT  | STATUS | TABLESPACE |
+-------+-------+--------+----------+-----------------------+-------+---------+-------------+---------+--------+---------+--------+------------+
| 16416 | snaga | public | customer | pk_customer           |   414 |   96692 |       96692 |   96692 |    414 |  290196 |        | pg_default |
| 16501 | snaga | public | customer | i_c_nationkey         |     3 |      40 |     1433600 |       0 |      0 |      56 |        | pg_default |
| 16508 | snaga | public | lineitem | i_l_commitdate        |     5 |       0 |           0 |       0 |      0 |       0 |        | pg_default |
| 16420 | snaga | public | lineitem | pk_lineitem           | 16457 | 1699332 |     5635708 | 5635708 |  16457 | 5100562 |        | pg_default |
| 16494 | snaga | public | lineitem | i_l_shipdate          |     5 |      32 |    34119680 |       0 |      0 |     160 |        | pg_default |
| 16495 | snaga | public | lineitem | i_l_suppkey_partkey   |     5 |       0 |           0 |       0 |      0 |       0 |        | pg_default |
| 16496 | snaga | public | lineitem | i_l_partkey           |     5 |    9775 | 10422496000 |       0 |      0 |   29341 |        | pg_default |
| 16497 | snaga | public | lineitem | i_l_suppkey           |     5 |       0 |           0 |       0 |      0 |       0 |        | pg_default |
| 16498 | snaga | public | lineitem | i_l_receiptdate       |     5 |       8 |     8529920 |       0 |      0 |      40 |        | pg_default |
| 16499 | snaga | public | lineitem | i_l_orderkey          |     5 |       0 |           0 |       0 |      0 |       0 |        | pg_default |
| 16500 | snaga | public | lineitem | i_l_orderkey_quantity |     5 |       6 |     6397440 |       0 |      0 |      30 |        | pg_default |
| 16422 | snaga | public | nation   | pk_nation             |     2 |   22116 |       22308 |   22308 |      2 |   22184 |        | pg_default |
| 16507 | snaga | public | nation   | i_n_regionkey         |     3 |       0 |           0 |       0 |      0 |       0 |        | pg_default |
| 16502 | snaga | public | orders   | i_o_orderdate         |     3 |      32 |     8110080 |       0 |      0 |      96 |        | pg_default |
| 16503 | snaga | public | orders   | i_o_custkey           |     3 |       0 |           0 |       0 |      0 |       0 |        | pg_default |
| 16418 | snaga | public | orders   | pk_orders             |  4116 | 3081828 |     3081828 | 3081828 |   4116 | 9258460 |        | pg_default |
| 16412 | snaga | public | part     | pk_part               |   551 |     234 |     1600226 | 1600226 |    551 |    4582 |        | pg_default |
| 16505 | snaga | public | partsupp | i_ps_partkey          |     3 |       0 |           0 |       0 |      0 |       0 |        | pg_default |
| 16506 | snaga | public | partsupp | i_ps_suppkey          |     3 |       0 |           0 |       0 |      0 |       0 |        | pg_default |
| 16414 | snaga | public | partsupp | pk_partsupp           |  2196 |    5572 |       21868 |   21868 |    456 |   16364 |        | pg_default |
| 16424 | snaga | public | region   | pk_region             |     2 |      80 |          80 |      80 |      2 |     108 |        | pg_default |
| 16410 | snaga | public | supplier | pk_supplier           |    30 |   42112 |       42112 |   42112 |     30 |   84514 |        | pg_default |
| 16504 | snaga | public | supplier | i_s_nationkey         |     3 |      16 |       40960 |       0 |      0 |      48 |        | pg_default |
+-------+-------+--------+----------+-----------------------+-------+---------+-------------+---------+--------+---------+--------+------------+
SET
Timing is on.
                                                                                                                                                                                                                                                                                                                                                                                                QUERY PLAN                                                                                                                                                                                                                                                                                                                                                                                                
----------------------------------------------------------------------------------------------------------------------------------------------------------------------------------------------------------------------------------------------------------------------------------------------------------------------------------------------------------------------------------------------------------------------------------------------------------------------------------------------------------------------------------------------------------------------------------------------------------------------------------------------------------------------------------------------------------------------------------------------------------------------------------------------------------
 Aggregate  (cost=278200.45..278200.46 rows=1 width=8) (actual time=2017.981..2017.982 rows=1 loops=1)
   ->  Hash Join  (cost=52330.87..278199.59 rows=115 width=8) (actual time=83.662..2017.784 rows=129 loops=1)
         Hash Cond: (lineitem.l_partkey = part.p_partkey)
         Join Filter: (((part.p_brand = 'Brand#44'::bpchar) AND (part.p_container = ANY ('{"SM CASE","SM BOX","SM PACK","SM PKG"}'::bpchar[])) AND (lineitem.l_quantity >= '5'::double precision) AND (lineitem.l_quantity <= '15'::double precision) AND (part.p_size <= 5)) OR ((part.p_brand = 'Brand#31'::bpchar) AND (part.p_container = ANY ('{"MED BAG","MED BOX","MED PKG","MED PACK"}'::bpchar[])) AND (lineitem.l_quantity >= '10'::double precision) AND (lineitem.l_quantity <= '20'::double precision) AND (part.p_size <= 10)) OR ((part.p_brand = 'Brand#42'::bpchar) AND (part.p_container = ANY ('{"LG CASE","LG BOX","LG PACK","LG PKG"}'::bpchar[])) AND (lineitem.l_quantity >= '22'::double precision) AND (lineitem.l_quantity <= '32'::double precision) AND (part.p_size <= 15)))
         Rows Removed by Join Filter: 200
         ->  Bitmap Heap Scan on lineitem  (cost=39760.76..265193.50 rows=112242 width=16) (actual time=16.918..1937.222 rows=115421 loops=1)
               Recheck Cond: (((l_quantity >= '5'::double precision) AND (l_quantity <= '15'::double precision)) OR ((l_quantity >= '10'::double precision) AND (l_quantity <= '20'::double precision)) OR ((l_quantity >= '22'::double precision) AND (l_quantity <= '32'::double precision)))
               Rows Removed by Index Recheck: 2761049
               Filter: ((l_shipmode = ANY ('{AIR,"AIR REG"}'::bpchar[])) AND (l_shipinstruct = 'DELIVER IN PERSON'::bpchar))
               Rows Removed by Filter: 3124745
               Heap Blocks: lossy=106583
               ->  BitmapOr  (cost=39760.76..39760.76 rows=3961658 width=0) (actual time=16.816..16.816 rows=0 loops=1)
                     ->  Bitmap Index Scan on i_l_orderkey_quantity  (cost=0.00..13118.84 rows=1309884 width=0) (actual time=5.730..5.730 rows=1066240 loops=1)
                           Index Cond: ((l_quantity >= '5'::double precision) AND (l_quantity <= '15'::double precision))
                     ->  Bitmap Index Scan on i_l_orderkey_quantity  (cost=0.00..13296.87 rows=1327687 width=0) (actual time=5.518..5.518 rows=1066240 loops=1)
                           Index Cond: ((l_quantity >= '10'::double precision) AND (l_quantity <= '20'::double precision))
                     ->  Bitmap Index Scan on i_l_orderkey_quantity  (cost=0.00..13260.87 rows=1324087 width=0) (actual time=5.566..5.566 rows=1066240 loops=1)
                           Index Cond: ((l_quantity >= '22'::double precision) AND (l_quantity <= '32'::double precision))
         ->  Hash  (cost=12564.00..12564.00 rows=489 width=30) (actual time=66.665..66.665 rows=490 loops=1)
               Buckets: 1024  Batches: 1  Memory Usage: 39kB
               ->  Seq Scan on part  (cost=0.00..12564.00 rows=489 width=30) (actual time=0.332..66.524 rows=490 loops=1)
                     Filter: ((p_size >= 1) AND (((p_brand = 'Brand#44'::bpchar) AND (p_container = ANY ('{"SM CASE","SM BOX","SM PACK","SM PKG"}'::bpchar[])) AND (p_size <= 5)) OR ((p_brand = 'Brand#31'::bpchar) AND (p_container = ANY ('{"MED BAG","MED BOX","MED PKG","MED PACK"}'::bpchar[])) AND (p_size <= 10)) OR ((p_brand = 'Brand#42'::bpchar) AND (p_container = ANY ('{"LG CASE","LG BOX","LG PACK","LG PKG"}'::bpchar[])) AND (p_size <= 15))))
                     Rows Removed by Filter: 199510
 Planning time: 0.930 ms
 Execution time: 2018.072 ms
(25 rows)

Time: 2020.234 ms
+-------+-------+--------+----------+--------+------+-----------+-------+-------+-------+--------+------------+----------+---------------------+------------+
|  OID  | OWNER | SCHEMA |  TABLE   |  BLKS  | SCAN |   T_READ  | T_INS | T_UPD | T_DEL | B_READ |   B_HIT    | VACUUMED |       ANALYZED      | TABLESPACE |
+-------+-------+--------+----------+--------+------+-----------+-------+-------+-------+--------+------------+----------+---------------------+------------+
| 16395 | snaga | public | customer |   3531 |   53 |   6450000 |     0 |     0 |     0 |   3531 |     393296 |          | 2015-07-16 02:38:29 | pg_default |
| 16401 | snaga | public | lineitem | 106583 |   94 | 442031867 |     0 |     0 |     0 | 106583 | 1055671145 |          | 2015-07-16 02:38:30 | pg_default |
| 16404 | snaga | public | nation   |      1 |   93 |      1875 |     0 |     0 |     0 |      1 |      22192 |          | 2015-07-16 02:38:30 | pg_default |
| 16398 | snaga | public | orders   |  25326 |   46 |  57000000 |     0 |     0 |     0 |  25326 |    4879974 |          | 2015-07-16 02:38:30 | pg_default |
| 16389 | snaga | public | part     |   4064 |   54 |   8600000 |     0 |     0 |     0 |   8128 |     208012 |          | 2015-07-16 02:38:29 | pg_default |
| 16392 | snaga | public | partsupp |  17087 |   56 |  36800000 |     0 |     0 |     0 |  17087 |     809373 |          | 2015-07-16 02:38:29 | pg_default |
| 16407 | snaga | public | region   |      1 | 5472 |     27280 |     0 |     0 |     0 |      2 |       5536 |          | 2015-07-16 02:38:30 | pg_default |
| 16386 | snaga | public | supplier |    218 |   61 |    430000 |     0 |     0 |     0 |    218 |      55192 |          | 2015-07-16 02:38:29 | pg_default |
+-------+-------+--------+----------+--------+------+-----------+-------+-------+-------+--------+------------+----------+---------------------+------------+
+-------+-------+--------+----------+-----------------------+-------+---------+-------------+---------+--------+---------+--------+------------+
|  OID  | OWNER | SCHEMA |  TABLE   |         INDEX         |  BLKS |   SCAN  |    T_READ   |  T_FTCH | B_READ |  B_HIT  | STATUS | TABLESPACE |
+-------+-------+--------+----------+-----------------------+-------+---------+-------------+---------+--------+---------+--------+------------+
| 16416 | snaga | public | customer | pk_customer           |   414 |   96692 |       96692 |   96692 |    414 |  290196 |        | pg_default |
| 16501 | snaga | public | customer | i_c_nationkey         |     3 |      40 |     1433600 |       0 |      0 |      56 |        | pg_default |
| 16508 | snaga | public | lineitem | i_l_commitdate        |     5 |       0 |           0 |       0 |      0 |       0 |        | pg_default |
| 16420 | snaga | public | lineitem | pk_lineitem           | 16457 | 1699332 |     5635708 | 5635708 |  16457 | 5100563 |        | pg_default |
| 16494 | snaga | public | lineitem | i_l_shipdate          |     5 |      32 |    34119680 |       0 |      0 |     160 |        | pg_default |
| 16495 | snaga | public | lineitem | i_l_suppkey_partkey   |     5 |       0 |           0 |       0 |      0 |       0 |        | pg_default |
| 16496 | snaga | public | lineitem | i_l_partkey           |     5 |    9775 | 10422496000 |       0 |      0 |   29341 |        | pg_default |
| 16497 | snaga | public | lineitem | i_l_suppkey           |     5 |       0 |           0 |       0 |      0 |       0 |        | pg_default |
| 16498 | snaga | public | lineitem | i_l_receiptdate       |     5 |       8 |     8529920 |       0 |      0 |      40 |        | pg_default |
| 16499 | snaga | public | lineitem | i_l_orderkey          |     5 |       0 |           0 |       0 |      0 |       0 |        | pg_default |
| 16500 | snaga | public | lineitem | i_l_orderkey_quantity |     5 |       9 |     9596160 |       0 |      0 |      45 |        | pg_default |
| 16422 | snaga | public | nation   | pk_nation             |     2 |   22116 |       22308 |   22308 |      2 |   22184 |        | pg_default |
| 16507 | snaga | public | nation   | i_n_regionkey         |     3 |       0 |           0 |       0 |      0 |       0 |        | pg_default |
| 16502 | snaga | public | orders   | i_o_orderdate         |     3 |      32 |     8110080 |       0 |      0 |      96 |        | pg_default |
| 16503 | snaga | public | orders   | i_o_custkey           |     3 |       0 |           0 |       0 |      0 |       0 |        | pg_default |
| 16418 | snaga | public | orders   | pk_orders             |  4116 | 3081828 |     3081828 | 3081828 |   4116 | 9258460 |        | pg_default |
| 16412 | snaga | public | part     | pk_part               |   551 |     236 |     1600228 | 1600228 |    551 |    4589 |        | pg_default |
| 16505 | snaga | public | partsupp | i_ps_partkey          |     3 |       0 |           0 |       0 |      0 |       0 |        | pg_default |
| 16506 | snaga | public | partsupp | i_ps_suppkey          |     3 |       0 |           0 |       0 |      0 |       0 |        | pg_default |
| 16414 | snaga | public | partsupp | pk_partsupp           |  2196 |    5572 |       21868 |   21868 |    456 |   16364 |        | pg_default |
| 16424 | snaga | public | region   | pk_region             |     2 |      80 |          80 |      80 |      2 |     108 |        | pg_default |
| 16410 | snaga | public | supplier | pk_supplier           |    30 |   42112 |       42112 |   42112 |     30 |   84514 |        | pg_default |
| 16504 | snaga | public | supplier | i_s_nationkey         |     3 |      16 |       40960 |       0 |      0 |      48 |        | pg_default |
+-------+-------+--------+----------+-----------------------+-------+---------+-------------+---------+--------+---------+--------+------------+
SET
Timing is on.
                                                                                                                                                                                                                                                                                                                                                                                                QUERY PLAN                                                                                                                                                                                                                                                                                                                                                                                                
----------------------------------------------------------------------------------------------------------------------------------------------------------------------------------------------------------------------------------------------------------------------------------------------------------------------------------------------------------------------------------------------------------------------------------------------------------------------------------------------------------------------------------------------------------------------------------------------------------------------------------------------------------------------------------------------------------------------------------------------------------------------------------------------------------
 Aggregate  (cost=278200.45..278200.46 rows=1 width=8) (actual time=1955.858..1955.858 rows=1 loops=1)
   ->  Hash Join  (cost=52330.87..278199.59 rows=115 width=8) (actual time=82.637..1955.730 rows=129 loops=1)
         Hash Cond: (lineitem.l_partkey = part.p_partkey)
         Join Filter: (((part.p_brand = 'Brand#44'::bpchar) AND (part.p_container = ANY ('{"SM CASE","SM BOX","SM PACK","SM PKG"}'::bpchar[])) AND (lineitem.l_quantity >= '5'::double precision) AND (lineitem.l_quantity <= '15'::double precision) AND (part.p_size <= 5)) OR ((part.p_brand = 'Brand#31'::bpchar) AND (part.p_container = ANY ('{"MED BAG","MED BOX","MED PKG","MED PACK"}'::bpchar[])) AND (lineitem.l_quantity >= '10'::double precision) AND (lineitem.l_quantity <= '20'::double precision) AND (part.p_size <= 10)) OR ((part.p_brand = 'Brand#42'::bpchar) AND (part.p_container = ANY ('{"LG CASE","LG BOX","LG PACK","LG PKG"}'::bpchar[])) AND (lineitem.l_quantity >= '22'::double precision) AND (lineitem.l_quantity <= '32'::double precision) AND (part.p_size <= 15)))
         Rows Removed by Join Filter: 200
         ->  Bitmap Heap Scan on lineitem  (cost=39760.76..265193.50 rows=112242 width=16) (actual time=16.596..1877.734 rows=115421 loops=1)
               Recheck Cond: (((l_quantity >= '5'::double precision) AND (l_quantity <= '15'::double precision)) OR ((l_quantity >= '10'::double precision) AND (l_quantity <= '20'::double precision)) OR ((l_quantity >= '22'::double precision) AND (l_quantity <= '32'::double precision)))
               Rows Removed by Index Recheck: 2761049
               Filter: ((l_shipmode = ANY ('{AIR,"AIR REG"}'::bpchar[])) AND (l_shipinstruct = 'DELIVER IN PERSON'::bpchar))
               Rows Removed by Filter: 3124745
               Heap Blocks: lossy=106583
               ->  BitmapOr  (cost=39760.76..39760.76 rows=3961658 width=0) (actual time=16.495..16.495 rows=0 loops=1)
                     ->  Bitmap Index Scan on i_l_orderkey_quantity  (cost=0.00..13118.84 rows=1309884 width=0) (actual time=5.618..5.618 rows=1066240 loops=1)
                           Index Cond: ((l_quantity >= '5'::double precision) AND (l_quantity <= '15'::double precision))
                     ->  Bitmap Index Scan on i_l_orderkey_quantity  (cost=0.00..13296.87 rows=1327687 width=0) (actual time=5.444..5.444 rows=1066240 loops=1)
                           Index Cond: ((l_quantity >= '10'::double precision) AND (l_quantity <= '20'::double precision))
                     ->  Bitmap Index Scan on i_l_orderkey_quantity  (cost=0.00..13260.87 rows=1324087 width=0) (actual time=5.430..5.430 rows=1066240 loops=1)
                           Index Cond: ((l_quantity >= '22'::double precision) AND (l_quantity <= '32'::double precision))
         ->  Hash  (cost=12564.00..12564.00 rows=489 width=30) (actual time=65.961..65.961 rows=490 loops=1)
               Buckets: 1024  Batches: 1  Memory Usage: 39kB
               ->  Seq Scan on part  (cost=0.00..12564.00 rows=489 width=30) (actual time=0.334..65.821 rows=490 loops=1)
                     Filter: ((p_size >= 1) AND (((p_brand = 'Brand#44'::bpchar) AND (p_container = ANY ('{"SM CASE","SM BOX","SM PACK","SM PKG"}'::bpchar[])) AND (p_size <= 5)) OR ((p_brand = 'Brand#31'::bpchar) AND (p_container = ANY ('{"MED BAG","MED BOX","MED PKG","MED PACK"}'::bpchar[])) AND (p_size <= 10)) OR ((p_brand = 'Brand#42'::bpchar) AND (p_container = ANY ('{"LG CASE","LG BOX","LG PACK","LG PKG"}'::bpchar[])) AND (p_size <= 15))))
                     Rows Removed by Filter: 199510
 Planning time: 0.905 ms
 Execution time: 1955.956 ms
(25 rows)

Time: 1958.148 ms
+-------+-------+--------+----------+--------+------+-----------+-------+-------+-------+--------+------------+----------+---------------------+------------+
|  OID  | OWNER | SCHEMA |  TABLE   |  BLKS  | SCAN |   T_READ  | T_INS | T_UPD | T_DEL | B_READ |   B_HIT    | VACUUMED |       ANALYZED      | TABLESPACE |
+-------+-------+--------+----------+--------+------+-----------+-------+-------+-------+--------+------------+----------+---------------------+------------+
| 16395 | snaga | public | customer |   3531 |   53 |   6450000 |     0 |     0 |     0 |   3531 |     393296 |          | 2015-07-16 02:38:29 | pg_default |
| 16401 | snaga | public | lineitem | 106583 |   94 | 442031867 |     0 |     0 |     0 | 106583 | 1055777728 |          | 2015-07-16 02:38:30 | pg_default |
| 16404 | snaga | public | nation   |      1 |   93 |      1875 |     0 |     0 |     0 |      1 |      22192 |          | 2015-07-16 02:38:30 | pg_default |
| 16398 | snaga | public | orders   |  25326 |   46 |  57000000 |     0 |     0 |     0 |  25326 |    4879974 |          | 2015-07-16 02:38:30 | pg_default |
| 16389 | snaga | public | part     |   4064 |   55 |   8800000 |     0 |     0 |     0 |   8128 |     212078 |          | 2015-07-16 02:38:29 | pg_default |
| 16392 | snaga | public | partsupp |  17087 |   56 |  36800000 |     0 |     0 |     0 |  17087 |     809373 |          | 2015-07-16 02:38:29 | pg_default |
| 16407 | snaga | public | region   |      1 | 5472 |     27280 |     0 |     0 |     0 |      2 |       5536 |          | 2015-07-16 02:38:30 | pg_default |
| 16386 | snaga | public | supplier |    218 |   61 |    430000 |     0 |     0 |     0 |    218 |      55192 |          | 2015-07-16 02:38:29 | pg_default |
+-------+-------+--------+----------+--------+------+-----------+-------+-------+-------+--------+------------+----------+---------------------+------------+
+-------+-------+--------+----------+-----------------------+-------+---------+-------------+---------+--------+---------+--------+------------+
|  OID  | OWNER | SCHEMA |  TABLE   |         INDEX         |  BLKS |   SCAN  |    T_READ   |  T_FTCH | B_READ |  B_HIT  | STATUS | TABLESPACE |
+-------+-------+--------+----------+-----------------------+-------+---------+-------------+---------+--------+---------+--------+------------+
| 16416 | snaga | public | customer | pk_customer           |   414 |   96692 |       96692 |   96692 |    414 |  290196 |        | pg_default |
| 16501 | snaga | public | customer | i_c_nationkey         |     3 |      40 |     1433600 |       0 |      0 |      56 |        | pg_default |
| 16508 | snaga | public | lineitem | i_l_commitdate        |     5 |       0 |           0 |       0 |      0 |       0 |        | pg_default |
| 16420 | snaga | public | lineitem | pk_lineitem           | 16457 | 1699332 |     5635708 | 5635708 |  16457 | 5100564 |        | pg_default |
| 16494 | snaga | public | lineitem | i_l_shipdate          |     5 |      32 |    34119680 |       0 |      0 |     160 |        | pg_default |
| 16495 | snaga | public | lineitem | i_l_suppkey_partkey   |     5 |       0 |           0 |       0 |      0 |       0 |        | pg_default |
| 16496 | snaga | public | lineitem | i_l_partkey           |     5 |    9775 | 10422496000 |       0 |      0 |   29341 |        | pg_default |
| 16497 | snaga | public | lineitem | i_l_suppkey           |     5 |       0 |           0 |       0 |      0 |       0 |        | pg_default |
| 16498 | snaga | public | lineitem | i_l_receiptdate       |     5 |       8 |     8529920 |       0 |      0 |      40 |        | pg_default |
| 16499 | snaga | public | lineitem | i_l_orderkey          |     5 |       0 |           0 |       0 |      0 |       0 |        | pg_default |
| 16500 | snaga | public | lineitem | i_l_orderkey_quantity |     5 |      12 |    12794880 |       0 |      0 |      60 |        | pg_default |
| 16422 | snaga | public | nation   | pk_nation             |     2 |   22116 |       22308 |   22308 |      2 |   22184 |        | pg_default |
| 16507 | snaga | public | nation   | i_n_regionkey         |     3 |       0 |           0 |       0 |      0 |       0 |        | pg_default |
| 16502 | snaga | public | orders   | i_o_orderdate         |     3 |      32 |     8110080 |       0 |      0 |      96 |        | pg_default |
| 16503 | snaga | public | orders   | i_o_custkey           |     3 |       0 |           0 |       0 |      0 |       0 |        | pg_default |
| 16418 | snaga | public | orders   | pk_orders             |  4116 | 3081828 |     3081828 | 3081828 |   4116 | 9258460 |        | pg_default |
| 16412 | snaga | public | part     | pk_part               |   551 |     238 |     1600230 | 1600230 |    551 |    4596 |        | pg_default |
| 16505 | snaga | public | partsupp | i_ps_partkey          |     3 |       0 |           0 |       0 |      0 |       0 |        | pg_default |
| 16506 | snaga | public | partsupp | i_ps_suppkey          |     3 |       0 |           0 |       0 |      0 |       0 |        | pg_default |
| 16414 | snaga | public | partsupp | pk_partsupp           |  2196 |    5572 |       21868 |   21868 |    456 |   16364 |        | pg_default |
| 16424 | snaga | public | region   | pk_region             |     2 |      80 |          80 |      80 |      2 |     108 |        | pg_default |
| 16410 | snaga | public | supplier | pk_supplier           |    30 |   42112 |       42112 |   42112 |     30 |   84514 |        | pg_default |
| 16504 | snaga | public | supplier | i_s_nationkey         |     3 |      16 |       40960 |       0 |      0 |      48 |        | pg_default |
+-------+-------+--------+----------+-----------------------+-------+---------+-------------+---------+--------+---------+--------+------------+
