                                                                         QUERY PLAN                                                                         
------------------------------------------------------------------------------------------------------------------------------------------------------------
 Sort  (cost=223422.88..223423.15 rows=108 width=51)
   Sort Key: supplier.s_name
   ->  Hash Join  (cost=223354.19..223419.23 rows=108 width=51)
         Hash Cond: (partsupp.ps_suppkey = supplier.s_suppkey)
         ->  HashAggregate  (cost=223101.70..223128.63 rows=2693 width=4)
               Group Key: partsupp.ps_suppkey
               ->  Nested Loop  (cost=0.42..223094.97 rows=2693 width=4)
                     ->  Seq Scan on part  (cost=0.00..6564.00 rows=2020 width=4)
                           Filter: ((p_name)::text ~~ 'navy%'::text)
                     ->  Index Scan using pk_partsupp on partsupp  (cost=0.42..107.18 rows=1 width=8)
                           Index Cond: (ps_partkey = part.p_partkey)
                           Filter: ((ps_availqty)::double precision > (SubPlan 1))
                           SubPlan 1
                             ->  Aggregate  (cost=24.02..24.04 rows=1 width=4)
                                   ->  Bitmap Heap Scan on lineitem  (cost=20.00..24.02 rows=1 width=4)
                                         Recheck Cond: ((l_partkey = partsupp.ps_partkey) AND (l_suppkey = partsupp.ps_suppkey))
                                         Filter: ((l_shipdate >= '1995-01-01'::date) AND (l_shipdate < '1996-01-01 00:00:00'::timestamp without time zone))
                                         ->  Bitmap Index Scan on i_l_suppkey_partkey  (cost=0.00..20.00 rows=1 width=0)
                                               Index Cond: ((l_partkey = partsupp.ps_partkey) AND (l_suppkey = partsupp.ps_suppkey))
         ->  Hash  (cost=247.49..247.49 rows=400 width=55)
               ->  Nested Loop  (cost=15.10..247.49 rows=400 width=55)
                     ->  Seq Scan on nation  (cost=0.00..1.31 rows=1 width=4)
                           Filter: (n_name = 'ALGERIA'::bpchar)
                     ->  Bitmap Heap Scan on supplier  (cost=15.10..242.18 rows=400 width=59)
                           Recheck Cond: (s_nationkey = nation.n_nationkey)
                           ->  Bitmap Index Scan on i_s_nationkey  (cost=0.00..15.00 rows=400 width=0)
                                 Index Cond: (s_nationkey = nation.n_nationkey)
(27 rows)

+-------+-------+--------+----------+--------+------+-----------+-------+-------+-------+--------+------------+----------+---------------------+------------+
|  OID  | OWNER | SCHEMA |  TABLE   |  BLKS  | SCAN |   T_READ  | T_INS | T_UPD | T_DEL | B_READ |   B_HIT    | VACUUMED |       ANALYZED      | TABLESPACE |
+-------+-------+--------+----------+--------+------+-----------+-------+-------+-------+--------+------------+----------+---------------------+------------+
| 16395 | snaga | public | customer |   3531 |   53 |   6450000 |     0 |     0 |     0 |   3531 |     393296 |          | 2015-07-16 02:38:29 | pg_default |
| 16401 | snaga | public | lineitem | 106583 |   94 | 442031867 |     0 |     0 |     0 | 106583 | 1055777728 |          | 2015-07-16 02:38:30 | pg_default |
| 16404 | snaga | public | nation   |      1 |   93 |      1875 |     0 |     0 |     0 |      1 |      22192 |          | 2015-07-16 02:38:30 | pg_default |
| 16398 | snaga | public | orders   |  25326 |   46 |  57000000 |     0 |     0 |     0 |  25326 |    4879974 |          | 2015-07-16 02:38:30 | pg_default |
| 16389 | snaga | public | part     |   4064 |   55 |   8800000 |     0 |     0 |     0 |   8128 |     212078 |          | 2015-07-16 02:38:29 | pg_default |
| 16392 | snaga | public | partsupp |  17087 |   56 |  36800000 |     0 |     0 |     0 |  17087 |     809373 |          | 2015-07-16 02:38:29 | pg_default |
| 16407 | snaga | public | region   |      1 | 5472 |     27280 |     0 |     0 |     0 |      2 |       5536 |          | 2015-07-16 02:38:30 | pg_default |
| 16386 | snaga | public | supplier |    218 |   61 |    430000 |     0 |     0 |     0 |    218 |      55192 |          | 2015-07-16 02:38:29 | pg_default |
+-------+-------+--------+----------+--------+------+-----------+-------+-------+-------+--------+------------+----------+---------------------+------------+
+-------+-------+--------+----------+-----------------------+-------+---------+-------------+---------+--------+---------+--------+------------+
|  OID  | OWNER | SCHEMA |  TABLE   |         INDEX         |  BLKS |   SCAN  |    T_READ   |  T_FTCH | B_READ |  B_HIT  | STATUS | TABLESPACE |
+-------+-------+--------+----------+-----------------------+-------+---------+-------------+---------+--------+---------+--------+------------+
| 16416 | snaga | public | customer | pk_customer           |   414 |   96692 |       96692 |   96692 |    414 |  290196 |        | pg_default |
| 16501 | snaga | public | customer | i_c_nationkey         |     3 |      40 |     1433600 |       0 |      0 |      56 |        | pg_default |
| 16508 | snaga | public | lineitem | i_l_commitdate        |     5 |       0 |           0 |       0 |      0 |       0 |        | pg_default |
| 16420 | snaga | public | lineitem | pk_lineitem           | 16457 | 1699332 |     5635708 | 5635708 |  16457 | 5100564 |        | pg_default |
| 16494 | snaga | public | lineitem | i_l_shipdate          |     5 |      32 |    34119680 |       0 |      0 |     160 |        | pg_default |
| 16495 | snaga | public | lineitem | i_l_suppkey_partkey   |     5 |       0 |           0 |       0 |      0 |       0 |        | pg_default |
| 16496 | snaga | public | lineitem | i_l_partkey           |     5 |    9775 | 10422496000 |       0 |      0 |   29341 |        | pg_default |
| 16497 | snaga | public | lineitem | i_l_suppkey           |     5 |       0 |           0 |       0 |      0 |       0 |        | pg_default |
| 16498 | snaga | public | lineitem | i_l_receiptdate       |     5 |       8 |     8529920 |       0 |      0 |      40 |        | pg_default |
| 16499 | snaga | public | lineitem | i_l_orderkey          |     5 |       0 |           0 |       0 |      0 |       0 |        | pg_default |
| 16500 | snaga | public | lineitem | i_l_orderkey_quantity |     5 |      12 |    12794880 |       0 |      0 |      60 |        | pg_default |
| 16422 | snaga | public | nation   | pk_nation             |     2 |   22116 |       22308 |   22308 |      2 |   22184 |        | pg_default |
| 16507 | snaga | public | nation   | i_n_regionkey         |     3 |       0 |           0 |       0 |      0 |       0 |        | pg_default |
| 16502 | snaga | public | orders   | i_o_orderdate         |     3 |      32 |     8110080 |       0 |      0 |      96 |        | pg_default |
| 16503 | snaga | public | orders   | i_o_custkey           |     3 |       0 |           0 |       0 |      0 |       0 |        | pg_default |
| 16418 | snaga | public | orders   | pk_orders             |  4116 | 3081828 |     3081828 | 3081828 |   4116 | 9258460 |        | pg_default |
| 16412 | snaga | public | part     | pk_part               |   551 |     238 |     1600230 | 1600230 |    551 |    4596 |        | pg_default |
| 16505 | snaga | public | partsupp | i_ps_partkey          |     3 |       0 |           0 |       0 |      0 |       0 |        | pg_default |
| 16506 | snaga | public | partsupp | i_ps_suppkey          |     3 |       0 |           0 |       0 |      0 |       0 |        | pg_default |
| 16414 | snaga | public | partsupp | pk_partsupp           |  2196 |    5572 |       21868 |   21868 |    456 |   16364 |        | pg_default |
| 16424 | snaga | public | region   | pk_region             |     2 |      80 |          80 |      80 |      2 |     108 |        | pg_default |
| 16410 | snaga | public | supplier | pk_supplier           |    30 |   42112 |       42112 |   42112 |     30 |   84514 |        | pg_default |
| 16504 | snaga | public | supplier | i_s_nationkey         |     3 |      16 |       40960 |       0 |      0 |      48 |        | pg_default |
+-------+-------+--------+----------+-----------------------+-------+---------+-------------+---------+--------+---------+--------+------------+
SET
Timing is on.
Time: 600144.450 ms
+-------+-------+--------+----------+--------+------+-----------+-------+-------+-------+--------+------------+----------+---------------------+------------+
|  OID  | OWNER | SCHEMA |  TABLE   |  BLKS  | SCAN |   T_READ  | T_INS | T_UPD | T_DEL | B_READ |   B_HIT    | VACUUMED |       ANALYZED      | TABLESPACE |
+-------+-------+--------+----------+--------+------+-----------+-------+-------+-------+--------+------------+----------+---------------------+------------+
| 16395 | snaga | public | customer |   3531 |   53 |   6450000 |     0 |     0 |     0 |   3531 |     393296 |          | 2015-07-16 02:38:29 | pg_default |
| 16401 | snaga | public | lineitem | 106583 |   94 | 442031867 |     0 |     0 |     0 | 106583 | 1177200910 |          | 2015-07-16 02:38:30 | pg_default |
| 16404 | snaga | public | nation   |      1 |   95 |      1900 |     0 |     0 |     0 |      1 |      22197 |          | 2015-07-16 02:38:30 | pg_default |
| 16398 | snaga | public | orders   |  25326 |   46 |  57000000 |     0 |     0 |     0 |  25326 |    4879974 |          | 2015-07-16 02:38:30 | pg_default |
| 16389 | snaga | public | part     |   4064 |   57 |   8829266 |     0 |     0 |     0 |   8128 |     212677 |          | 2015-07-16 02:38:29 | pg_default |
| 16392 | snaga | public | partsupp |  17087 |   56 |  36800000 |     0 |     0 |     0 |  17087 |     809693 |          | 2015-07-16 02:38:29 | pg_default |
| 16407 | snaga | public | region   |      1 | 5472 |     27280 |     0 |     0 |     0 |      2 |       5536 |          | 2015-07-16 02:38:30 | pg_default |
| 16386 | snaga | public | supplier |    218 |   61 |    430000 |     0 |     0 |     0 |    218 |      55410 |          | 2015-07-16 02:38:29 | pg_default |
+-------+-------+--------+----------+--------+------+-----------+-------+-------+-------+--------+------------+----------+---------------------+------------+
+-------+-------+--------+----------+-----------------------+-------+---------+-------------+---------+--------+---------+--------+------------+
|  OID  | OWNER | SCHEMA |  TABLE   |         INDEX         |  BLKS |   SCAN  |    T_READ   |  T_FTCH | B_READ |  B_HIT  | STATUS | TABLESPACE |
+-------+-------+--------+----------+-----------------------+-------+---------+-------------+---------+--------+---------+--------+------------+
| 16416 | snaga | public | customer | pk_customer           |   414 |   96692 |       96692 |   96692 |    414 |  290196 |        | pg_default |
| 16501 | snaga | public | customer | i_c_nationkey         |     3 |      40 |     1433600 |       0 |      0 |      56 |        | pg_default |
| 16508 | snaga | public | lineitem | i_l_commitdate        |     5 |       0 |           0 |       0 |      0 |       0 |        | pg_default |
| 16420 | snaga | public | lineitem | pk_lineitem           | 16457 | 1699332 |     5635708 | 5635708 |  16457 | 5100566 |        | pg_default |
| 16494 | snaga | public | lineitem | i_l_shipdate          |     5 |      32 |    34119680 |       0 |      0 |     160 |        | pg_default |
| 16495 | snaga | public | lineitem | i_l_suppkey_partkey   |     5 |    1140 |  1215329280 |       0 |      0 |    3422 |        | pg_default |
| 16496 | snaga | public | lineitem | i_l_partkey           |     5 |    9775 | 10422496000 |       0 |      0 |   29341 |        | pg_default |
| 16497 | snaga | public | lineitem | i_l_suppkey           |     5 |       0 |           0 |       0 |      0 |       0 |        | pg_default |
| 16498 | snaga | public | lineitem | i_l_receiptdate       |     5 |       8 |     8529920 |       0 |      0 |      40 |        | pg_default |
| 16499 | snaga | public | lineitem | i_l_orderkey          |     5 |       0 |           0 |       0 |      0 |       0 |        | pg_default |
| 16500 | snaga | public | lineitem | i_l_orderkey_quantity |     5 |      12 |    12794880 |       0 |      0 |      60 |        | pg_default |
| 16422 | snaga | public | nation   | pk_nation             |     2 |   22120 |       22312 |   22312 |      2 |   22190 |        | pg_default |
| 16507 | snaga | public | nation   | i_n_regionkey         |     3 |       0 |           0 |       0 |      0 |       0 |        | pg_default |
| 16502 | snaga | public | orders   | i_o_orderdate         |     3 |      32 |     8110080 |       0 |      0 |      96 |        | pg_default |
| 16503 | snaga | public | orders   | i_o_custkey           |     3 |       0 |           0 |       0 |      0 |       0 |        | pg_default |
| 16418 | snaga | public | orders   | pk_orders             |  4116 | 3081828 |     3081828 | 3081828 |   4116 | 9258460 |        | pg_default |
| 16412 | snaga | public | part     | pk_part               |   551 |     242 |     1600234 | 1600234 |    551 |    4610 |        | pg_default |
| 16505 | snaga | public | partsupp | i_ps_partkey          |     3 |       0 |           0 |       0 |      0 |       0 |        | pg_default |
| 16506 | snaga | public | partsupp | i_ps_suppkey          |     3 |       0 |           0 |       0 |      0 |       0 |        | pg_default |
| 16414 | snaga | public | partsupp | pk_partsupp           |  2196 |    5861 |       23012 |   23012 |    600 |   17094 |        | pg_default |
| 16424 | snaga | public | region   | pk_region             |     2 |      80 |          80 |      80 |      2 |     108 |        | pg_default |
| 16410 | snaga | public | supplier | pk_supplier           |    30 |   42112 |       42112 |   42112 |     30 |   84516 |        | pg_default |
| 16504 | snaga | public | supplier | i_s_nationkey         |     3 |      17 |       43520 |       0 |      0 |      51 |        | pg_default |
+-------+-------+--------+----------+-----------------------+-------+---------+-------------+---------+--------+---------+--------+------------+
SET
Timing is on.
Time: 600005.440 ms
+-------+-------+--------+----------+--------+------+-----------+-------+-------+-------+--------+------------+----------+---------------------+------------+
|  OID  | OWNER | SCHEMA |  TABLE   |  BLKS  | SCAN |   T_READ  | T_INS | T_UPD | T_DEL | B_READ |   B_HIT    | VACUUMED |       ANALYZED      | TABLESPACE |
+-------+-------+--------+----------+--------+------+-----------+-------+-------+-------+--------+------------+----------+---------------------+------------+
| 16395 | snaga | public | customer |   3531 |   53 |   6450000 |     0 |     0 |     0 |   3531 |     393296 |          | 2015-07-16 02:38:29 | pg_default |
| 16401 | snaga | public | lineitem | 106583 |   94 | 442031867 |     0 |     0 |     0 | 106583 | 1298707012 |          | 2015-07-16 02:38:30 | pg_default |
| 16404 | snaga | public | nation   |      1 |   96 |      1925 |     0 |     0 |     0 |      1 |      22200 |          | 2015-07-16 02:38:30 | pg_default |
| 16398 | snaga | public | orders   |  25326 |   46 |  57000000 |     0 |     0 |     0 |  25326 |    4879974 |          | 2015-07-16 02:38:30 | pg_default |
| 16389 | snaga | public | part     |   4064 |   58 |   8858561 |     0 |     0 |     0 |   8128 |     213275 |          | 2015-07-16 02:38:29 | pg_default |
| 16392 | snaga | public | partsupp |  17087 |   56 |  36800000 |     0 |     0 |     0 |  17087 |     810012 |          | 2015-07-16 02:38:29 | pg_default |
| 16407 | snaga | public | region   |      1 | 5472 |     27280 |     0 |     0 |     0 |      2 |       5536 |          | 2015-07-16 02:38:30 | pg_default |
| 16386 | snaga | public | supplier |    218 |   61 |    430000 |     0 |     0 |     0 |    218 |      55628 |          | 2015-07-16 02:38:29 | pg_default |
+-------+-------+--------+----------+--------+------+-----------+-------+-------+-------+--------+------------+----------+---------------------+------------+
+-------+-------+--------+----------+-----------------------+-------+---------+-------------+---------+--------+---------+--------+------------+
|  OID  | OWNER | SCHEMA |  TABLE   |         INDEX         |  BLKS |   SCAN  |    T_READ   |  T_FTCH | B_READ |  B_HIT  | STATUS | TABLESPACE |
+-------+-------+--------+----------+-----------------------+-------+---------+-------------+---------+--------+---------+--------+------------+
| 16416 | snaga | public | customer | pk_customer           |   414 |   96692 |       96692 |   96692 |    414 |  290196 |        | pg_default |
| 16501 | snaga | public | customer | i_c_nationkey         |     3 |      40 |     1433600 |       0 |      0 |      56 |        | pg_default |
| 16508 | snaga | public | lineitem | i_l_commitdate        |     5 |       0 |           0 |       0 |      0 |       0 |        | pg_default |
| 16420 | snaga | public | lineitem | pk_lineitem           | 16457 | 1699332 |     5635708 | 5635708 |  16457 | 5100567 |        | pg_default |
| 16494 | snaga | public | lineitem | i_l_shipdate          |     5 |      32 |    34119680 |       0 |      0 |     160 |        | pg_default |
| 16495 | snaga | public | lineitem | i_l_suppkey_partkey   |     5 |    2281 |  2431724800 |       0 |      0 |    6847 |        | pg_default |
| 16496 | snaga | public | lineitem | i_l_partkey           |     5 |    9775 | 10422496000 |       0 |      0 |   29341 |        | pg_default |
| 16497 | snaga | public | lineitem | i_l_suppkey           |     5 |       0 |           0 |       0 |      0 |       0 |        | pg_default |
| 16498 | snaga | public | lineitem | i_l_receiptdate       |     5 |       8 |     8529920 |       0 |      0 |      40 |        | pg_default |
| 16499 | snaga | public | lineitem | i_l_orderkey          |     5 |       0 |           0 |       0 |      0 |       0 |        | pg_default |
| 16500 | snaga | public | lineitem | i_l_orderkey_quantity |     5 |      12 |    12794880 |       0 |      0 |      60 |        | pg_default |
| 16422 | snaga | public | nation   | pk_nation             |     2 |   22122 |       22314 |   22314 |      2 |   22193 |        | pg_default |
| 16507 | snaga | public | nation   | i_n_regionkey         |     3 |       0 |           0 |       0 |      0 |       0 |        | pg_default |
| 16502 | snaga | public | orders   | i_o_orderdate         |     3 |      32 |     8110080 |       0 |      0 |      96 |        | pg_default |
| 16503 | snaga | public | orders   | i_o_custkey           |     3 |       0 |           0 |       0 |      0 |       0 |        | pg_default |
| 16418 | snaga | public | orders   | pk_orders             |  4116 | 3081828 |     3081828 | 3081828 |   4116 | 9258460 |        | pg_default |
| 16412 | snaga | public | part     | pk_part               |   551 |     244 |     1600236 | 1600236 |    551 |    4617 |        | pg_default |
| 16505 | snaga | public | partsupp | i_ps_partkey          |     3 |       0 |           0 |       0 |      0 |       0 |        | pg_default |
| 16506 | snaga | public | partsupp | i_ps_suppkey          |     3 |       0 |           0 |       0 |      0 |       0 |        | pg_default |
| 16414 | snaga | public | partsupp | pk_partsupp           |  2196 |    6149 |       24155 |   24155 |    600 |   17964 |        | pg_default |
| 16424 | snaga | public | region   | pk_region             |     2 |      80 |          80 |      80 |      2 |     108 |        | pg_default |
| 16410 | snaga | public | supplier | pk_supplier           |    30 |   42112 |       42112 |   42112 |     30 |   84517 |        | pg_default |
| 16504 | snaga | public | supplier | i_s_nationkey         |     3 |      18 |       46080 |       0 |      0 |      54 |        | pg_default |
+-------+-------+--------+----------+-----------------------+-------+---------+-------------+---------+--------+---------+--------+------------+
SET
Timing is on.
Time: 600041.344 ms
+-------+-------+--------+----------+--------+------+-----------+-------+-------+-------+--------+------------+----------+---------------------+------------+
|  OID  | OWNER | SCHEMA |  TABLE   |  BLKS  | SCAN |   T_READ  | T_INS | T_UPD | T_DEL | B_READ |   B_HIT    | VACUUMED |       ANALYZED      | TABLESPACE |
+-------+-------+--------+----------+--------+------+-----------+-------+-------+-------+--------+------------+----------+---------------------+------------+
| 16395 | snaga | public | customer |   3531 |   53 |   6450000 |     0 |     0 |     0 |   3531 |     393296 |          | 2015-07-16 02:38:29 | pg_default |
| 16401 | snaga | public | lineitem | 106583 |   94 | 442031867 |     0 |     0 |     0 | 106583 | 1420243442 |          | 2015-07-16 02:38:30 | pg_default |
| 16404 | snaga | public | nation   |      1 |   97 |      1950 |     0 |     0 |     0 |      1 |      22203 |          | 2015-07-16 02:38:30 | pg_default |
| 16398 | snaga | public | orders   |  25326 |   46 |  57000000 |     0 |     0 |     0 |  25326 |    4879974 |          | 2015-07-16 02:38:30 | pg_default |
| 16389 | snaga | public | part     |   4064 |   59 |   8887856 |     0 |     0 |     0 |   8128 |     213873 |          | 2015-07-16 02:38:29 | pg_default |
| 16392 | snaga | public | partsupp |  17087 |   56 |  36800000 |     0 |     0 |     0 |  17087 |     810331 |          | 2015-07-16 02:38:29 | pg_default |
| 16407 | snaga | public | region   |      1 | 5472 |     27280 |     0 |     0 |     0 |      2 |       5536 |          | 2015-07-16 02:38:30 | pg_default |
| 16386 | snaga | public | supplier |    218 |   61 |    430000 |     0 |     0 |     0 |    218 |      55846 |          | 2015-07-16 02:38:29 | pg_default |
+-------+-------+--------+----------+--------+------+-----------+-------+-------+-------+--------+------------+----------+---------------------+------------+
+-------+-------+--------+----------+-----------------------+-------+---------+-------------+---------+--------+---------+--------+------------+
|  OID  | OWNER | SCHEMA |  TABLE   |         INDEX         |  BLKS |   SCAN  |    T_READ   |  T_FTCH | B_READ |  B_HIT  | STATUS | TABLESPACE |
+-------+-------+--------+----------+-----------------------+-------+---------+-------------+---------+--------+---------+--------+------------+
| 16416 | snaga | public | customer | pk_customer           |   414 |   96692 |       96692 |   96692 |    414 |  290196 |        | pg_default |
| 16501 | snaga | public | customer | i_c_nationkey         |     3 |      40 |     1433600 |       0 |      0 |      56 |        | pg_default |
| 16508 | snaga | public | lineitem | i_l_commitdate        |     5 |       0 |           0 |       0 |      0 |       0 |        | pg_default |
| 16420 | snaga | public | lineitem | pk_lineitem           | 16457 | 1699332 |     5635708 | 5635708 |  16457 | 5100568 |        | pg_default |
| 16494 | snaga | public | lineitem | i_l_shipdate          |     5 |      32 |    34119680 |       0 |      0 |     160 |        | pg_default |
| 16495 | snaga | public | lineitem | i_l_suppkey_partkey   |     5 |    3422 |  3648120320 |       0 |      0 |   10272 |        | pg_default |
| 16496 | snaga | public | lineitem | i_l_partkey           |     5 |    9775 | 10422496000 |       0 |      0 |   29341 |        | pg_default |
| 16497 | snaga | public | lineitem | i_l_suppkey           |     5 |       0 |           0 |       0 |      0 |       0 |        | pg_default |
| 16498 | snaga | public | lineitem | i_l_receiptdate       |     5 |       8 |     8529920 |       0 |      0 |      40 |        | pg_default |
| 16499 | snaga | public | lineitem | i_l_orderkey          |     5 |       0 |           0 |       0 |      0 |       0 |        | pg_default |
| 16500 | snaga | public | lineitem | i_l_orderkey_quantity |     5 |      12 |    12794880 |       0 |      0 |      60 |        | pg_default |
| 16422 | snaga | public | nation   | pk_nation             |     2 |   22124 |       22316 |   22316 |      2 |   22196 |        | pg_default |
| 16507 | snaga | public | nation   | i_n_regionkey         |     3 |       0 |           0 |       0 |      0 |       0 |        | pg_default |
| 16502 | snaga | public | orders   | i_o_orderdate         |     3 |      32 |     8110080 |       0 |      0 |      96 |        | pg_default |
| 16503 | snaga | public | orders   | i_o_custkey           |     3 |       0 |           0 |       0 |      0 |       0 |        | pg_default |
| 16418 | snaga | public | orders   | pk_orders             |  4116 | 3081828 |     3081828 | 3081828 |   4116 | 9258460 |        | pg_default |
| 16412 | snaga | public | part     | pk_part               |   551 |     246 |     1600238 | 1600238 |    551 |    4624 |        | pg_default |
| 16505 | snaga | public | partsupp | i_ps_partkey          |     3 |       0 |           0 |       0 |      0 |       0 |        | pg_default |
| 16506 | snaga | public | partsupp | i_ps_suppkey          |     3 |       0 |           0 |       0 |      0 |       0 |        | pg_default |
| 16414 | snaga | public | partsupp | pk_partsupp           |  2196 |    6437 |       25298 |   25298 |    600 |   18834 |        | pg_default |
| 16424 | snaga | public | region   | pk_region             |     2 |      80 |          80 |      80 |      2 |     108 |        | pg_default |
| 16410 | snaga | public | supplier | pk_supplier           |    30 |   42112 |       42112 |   42112 |     30 |   84518 |        | pg_default |
| 16504 | snaga | public | supplier | i_s_nationkey         |     3 |      19 |       48640 |       0 |      0 |      57 |        | pg_default |
+-------+-------+--------+----------+-----------------------+-------+---------+-------------+---------+--------+---------+--------+------------+
SET
Timing is on.
Time: 600081.529 ms
+-------+-------+--------+----------+--------+------+-----------+-------+-------+-------+--------+------------+----------+---------------------+------------+
|  OID  | OWNER | SCHEMA |  TABLE   |  BLKS  | SCAN |   T_READ  | T_INS | T_UPD | T_DEL | B_READ |   B_HIT    | VACUUMED |       ANALYZED      | TABLESPACE |
+-------+-------+--------+----------+--------+------+-----------+-------+-------+-------+--------+------------+----------+---------------------+------------+
| 16395 | snaga | public | customer |   3531 |   53 |   6450000 |     0 |     0 |     0 |   3531 |     393296 |          | 2015-07-16 02:38:29 | pg_default |
| 16401 | snaga | public | lineitem | 106583 |   94 | 442031867 |     0 |     0 |     0 | 106583 | 1541389461 |          | 2015-07-16 02:38:30 | pg_default |
| 16404 | snaga | public | nation   |      1 |   98 |      1975 |     0 |     0 |     0 |      1 |      22206 |          | 2015-07-16 02:38:30 | pg_default |
| 16398 | snaga | public | orders   |  25326 |   46 |  57000000 |     0 |     0 |     0 |  25326 |    4879974 |          | 2015-07-16 02:38:30 | pg_default |
| 16389 | snaga | public | part     |   4064 |   60 |   8917122 |     0 |     0 |     0 |   8128 |     214470 |          | 2015-07-16 02:38:29 | pg_default |
| 16392 | snaga | public | partsupp |  17087 |   56 |  36800000 |     0 |     0 |     0 |  17087 |     810649 |          | 2015-07-16 02:38:29 | pg_default |
| 16407 | snaga | public | region   |      1 | 5472 |     27280 |     0 |     0 |     0 |      2 |       5536 |          | 2015-07-16 02:38:30 | pg_default |
| 16386 | snaga | public | supplier |    218 |   61 |    430000 |     0 |     0 |     0 |    218 |      56064 |          | 2015-07-16 02:38:29 | pg_default |
+-------+-------+--------+----------+--------+------+-----------+-------+-------+-------+--------+------------+----------+---------------------+------------+
+-------+-------+--------+----------+-----------------------+-------+---------+-------------+---------+--------+---------+--------+------------+
|  OID  | OWNER | SCHEMA |  TABLE   |         INDEX         |  BLKS |   SCAN  |    T_READ   |  T_FTCH | B_READ |  B_HIT  | STATUS | TABLESPACE |
+-------+-------+--------+----------+-----------------------+-------+---------+-------------+---------+--------+---------+--------+------------+
| 16416 | snaga | public | customer | pk_customer           |   414 |   96692 |       96692 |   96692 |    414 |  290196 |        | pg_default |
| 16501 | snaga | public | customer | i_c_nationkey         |     3 |      40 |     1433600 |       0 |      0 |      56 |        | pg_default |
| 16508 | snaga | public | lineitem | i_l_commitdate        |     5 |       0 |           0 |       0 |      0 |       0 |        | pg_default |
| 16420 | snaga | public | lineitem | pk_lineitem           | 16457 | 1699332 |     5635708 | 5635708 |  16457 | 5100569 |        | pg_default |
| 16494 | snaga | public | lineitem | i_l_shipdate          |     5 |      32 |    34119680 |       0 |      0 |     160 |        | pg_default |
| 16495 | snaga | public | lineitem | i_l_suppkey_partkey   |     5 |    4559 |  4860250880 |       0 |      0 |   13685 |        | pg_default |
| 16496 | snaga | public | lineitem | i_l_partkey           |     5 |    9775 | 10422496000 |       0 |      0 |   29341 |        | pg_default |
| 16497 | snaga | public | lineitem | i_l_suppkey           |     5 |       0 |           0 |       0 |      0 |       0 |        | pg_default |
| 16498 | snaga | public | lineitem | i_l_receiptdate       |     5 |       8 |     8529920 |       0 |      0 |      40 |        | pg_default |
| 16499 | snaga | public | lineitem | i_l_orderkey          |     5 |       0 |           0 |       0 |      0 |       0 |        | pg_default |
| 16500 | snaga | public | lineitem | i_l_orderkey_quantity |     5 |      12 |    12794880 |       0 |      0 |      60 |        | pg_default |
| 16422 | snaga | public | nation   | pk_nation             |     2 |   22126 |       22318 |   22318 |      2 |   22199 |        | pg_default |
| 16507 | snaga | public | nation   | i_n_regionkey         |     3 |       0 |           0 |       0 |      0 |       0 |        | pg_default |
| 16502 | snaga | public | orders   | i_o_orderdate         |     3 |      32 |     8110080 |       0 |      0 |      96 |        | pg_default |
| 16503 | snaga | public | orders   | i_o_custkey           |     3 |       0 |           0 |       0 |      0 |       0 |        | pg_default |
| 16418 | snaga | public | orders   | pk_orders             |  4116 | 3081828 |     3081828 | 3081828 |   4116 | 9258460 |        | pg_default |
| 16412 | snaga | public | part     | pk_part               |   551 |     248 |     1600240 | 1600240 |    551 |    4631 |        | pg_default |
| 16505 | snaga | public | partsupp | i_ps_partkey          |     3 |       0 |           0 |       0 |      0 |       0 |        | pg_default |
| 16506 | snaga | public | partsupp | i_ps_suppkey          |     3 |       0 |           0 |       0 |      0 |       0 |        | pg_default |
| 16414 | snaga | public | partsupp | pk_partsupp           |  2196 |    6724 |       26437 |   26437 |    600 |   19701 |        | pg_default |
| 16424 | snaga | public | region   | pk_region             |     2 |      80 |          80 |      80 |      2 |     108 |        | pg_default |
| 16410 | snaga | public | supplier | pk_supplier           |    30 |   42112 |       42112 |   42112 |     30 |   84519 |        | pg_default |
| 16504 | snaga | public | supplier | i_s_nationkey         |     3 |      20 |       51200 |       0 |      0 |      60 |        | pg_default |
+-------+-------+--------+----------+-----------------------+-------+---------+-------------+---------+--------+---------+--------+------------+
