                                                              QUERY PLAN                                                              
--------------------------------------------------------------------------------------------------------------------------------------
 Limit  (cost=4799392.51..4799392.51 rows=1 width=26)
   ->  Sort  (cost=4799392.51..4799392.51 rows=1 width=26)
         Sort Key: (count(*)) DESC, supplier.s_name
         ->  HashAggregate  (cost=4799392.49..4799392.50 rows=1 width=26)
               Group Key: supplier.s_name
               ->  Nested Loop Anti Join  (cost=2651819.35..4799392.48 rows=1 width=26)
                     ->  Nested Loop  (cost=2651818.78..4798956.92 rows=1 width=34)
                           ->  Hash Semi Join  (cost=2651818.35..4798949.66 rows=1 width=38)
                                 Hash Cond: (l1.l_orderkey = l2.l_orderkey)
                                 Join Filter: (l2.l_suppkey <> l1.l_suppkey)
                                 ->  Hash Join  (cost=2406.32..1900620.12 rows=799812 width=34)
                                       Hash Cond: (l1.l_suppkey = supplier.s_suppkey)
                                       ->  Seq Scan on lineitem l1  (cost=0.00..1815233.35 rows=19995289 width=8)
                                             Filter: (l_receiptdate > l_commitdate)
                                       ->  Hash  (cost=2356.32..2356.32 rows=4000 width=30)
                                             ->  Nested Loop  (cost=43.00..2356.32 rows=4000 width=30)
                                                   ->  Seq Scan on nation  (cost=0.00..1.31 rows=1 width=4)
                                                         Filter: (n_name = 'JORDAN'::bpchar)
                                                   ->  Bitmap Heap Scan on supplier  (cost=43.00..2315.00 rows=4000 width=34)
                                                         Recheck Cond: (s_nationkey = nation.n_nationkey)
                                                         ->  Bitmap Index Scan on i_s_nationkey  (cost=0.00..42.00 rows=4000 width=0)
                                                               Index Cond: (s_nationkey = nation.n_nationkey)
                                 ->  Hash  (cost=1665268.68..1665268.68 rows=59985868 width=8)
                                       ->  Seq Scan on lineitem l2  (cost=0.00..1665268.68 rows=59985868 width=8)
                           ->  Index Scan using pk_orders on orders  (cost=0.43..7.25 rows=1 width=4)
                                 Index Cond: (o_orderkey = l1.l_orderkey)
                                 Filter: (o_orderstatus = 'F'::bpchar)
                     ->  Index Scan using pk_lineitem on lineitem l3  (cost=0.56..217.83 rows=46 width=8)
                           Index Cond: (l_orderkey = l1.l_orderkey)
                           Filter: ((l_receiptdate > l_commitdate) AND (l_suppkey <> l1.l_suppkey))
(30 rows)

+-------+-------+--------+----------+---------+-------+------------+-------+-------+-------+-----------+----------+----------+---------------------+------------+
|  OID  | OWNER | SCHEMA |  TABLE   |   BLKS  |  SCAN |   T_READ   | T_INS | T_UPD | T_DEL |   B_READ  |  B_HIT   | VACUUMED |       ANALYZED      | TABLESPACE |
+-------+-------+--------+----------+---------+-------+------------+-------+-------+-------+-----------+----------+----------+---------------------+------------+
| 16593 | snaga | public | customer |   35284 |    36 |   43500000 |     0 |     0 |     0 |    559252 |   494114 |          | 2015-07-16 11:49:02 | pg_default |
| 16599 | snaga | public | lineitem | 1065410 |    53 | 2399485854 |     0 |     0 |     0 | 145276725 | 21967537 |          | 2015-07-16 11:50:15 | pg_default |
| 16602 | snaga | public | nation   |       1 |    56 |       1125 |     0 |     0 |     0 |         9 |   102781 |          | 2015-07-16 11:50:15 | pg_default |
| 16596 | snaga | public | orders   |  253278 |    22 |  270000000 |     0 |     0 |     0 |   5854999 | 17593443 |          | 2015-07-16 11:49:19 | pg_default |
| 16587 | snaga | public | part     |   40627 |    35 |   48002288 |     0 |     0 |     0 |    598830 |   571496 |          | 2015-07-16 11:48:52 | pg_default |
| 16590 | snaga | public | partsupp |  170916 |    27 |  176000000 |     0 |     0 |     0 |   3778586 |    40022 |          | 2015-07-16 11:48:59 | pg_default |
| 16605 | snaga | public | region   |       1 | 25656 |     128240 |     0 |     0 |     0 |         4 |    25685 |          | 2015-07-16 11:50:15 | pg_default |
| 16584 | snaga | public | supplier |    2180 |    30 |    2100000 |     0 |     0 |     0 |     30516 |   189932 |          | 2015-07-16 11:48:50 | pg_default |
+-------+-------+--------+----------+---------+-------+------------+-------+-------+-------+-----------+----------+----------+---------------------+------------+
+-------+-------+--------+----------+-----------------------+--------+----------+-----------+----------+--------+----------+--------+------------+
|  OID  | OWNER | SCHEMA |  TABLE   |         INDEX         |  BLKS  |   SCAN   |   T_READ  |  T_FTCH  | B_READ |  B_HIT   | STATUS | TABLESPACE |
+-------+-------+--------+----------+-----------------------+--------+----------+-----------+----------+--------+----------+--------+------------+
| 16619 | snaga | public | customer | pk_customer           |   4116 |      130 |       130 |      130 |     64 |      361 |        | pg_default |
| 16670 | snaga | public | customer | i_c_nationkey         |      3 |        0 |         0 |        0 |      0 |        0 |        | pg_default |
| 16677 | snaga | public | lineitem | i_l_commitdate        |     29 |        0 |         0 |        0 |      0 |        0 |        | pg_default |
| 16624 | snaga | public | lineitem | pk_lineitem           | 164480 |      130 |       130 |      130 |    124 |      476 |        | pg_default |
| 16663 | snaga | public | lineitem | i_l_shipdate          |     29 |       20 | 213094400 |        0 |    546 |      174 |        | pg_default |
| 16664 | snaga | public | lineitem | i_l_suppkey_partkey   |     37 |       80 | 515456000 |        0 |   1379 |     2465 |        | pg_default |
| 16665 | snaga | public | lineitem | i_l_partkey           |     29 |       44 | 468807680 |        0 |   1125 |      419 |        | pg_default |
| 16666 | snaga | public | lineitem | i_l_suppkey           |     29 |        0 |         0 |        0 |      0 |        0 |        | pg_default |
| 16667 | snaga | public | lineitem | i_l_receiptdate       |     29 |        4 |  42618880 |        0 |    110 |       34 |        | pg_default |
| 16668 | snaga | public | lineitem | i_l_orderkey          |     29 |        0 |         0 |        0 |      0 |        0 |        | pg_default |
| 16669 | snaga | public | lineitem | i_l_orderkey_quantity |     37 |       12 | 127856640 |        0 |     87 |      501 |        | pg_default |
| 16627 | snaga | public | nation   | pk_nation             |      2 |   102744 |    102744 |   102744 |     18 |   102766 |        | pg_default |
| 16676 | snaga | public | nation   | i_n_regionkey         |      3 |        0 |         0 |        0 |      0 |        0 |        | pg_default |
| 16671 | snaga | public | orders   | i_o_orderdate         |      8 |       20 |  50662400 |        0 |     45 |      155 |        | pg_default |
| 16672 | snaga | public | orders   | i_o_custkey           |      8 |        0 |         0 |        0 |      0 |        0 |        | pg_default |
| 16622 | snaga | public | orders   | pk_orders             |  41131 | 13793878 |  13793878 | 13793878 |  41202 | 41415738 |        | pg_default |
| 16612 | snaga | public | part     | pk_part               |   5487 |      134 |   8000130 |  8000130 |   5569 |    16729 |        | pg_default |
| 16674 | snaga | public | partsupp | i_ps_partkey          |      6 |        0 |         0 |        0 |      0 |        0 |        | pg_default |
| 16675 | snaga | public | partsupp | i_ps_suppkey          |      6 |        0 |         0 |        0 |      0 |        0 |        | pg_default |
| 16616 | snaga | public | partsupp | pk_partsupp           |  21937 |    25736 |    102704 |   102704 |   4465 |    73132 |        | pg_default |
| 16629 | snaga | public | region   | pk_region             |      2 |       40 |        40 |       40 |      6 |       49 |        | pg_default |
| 16610 | snaga | public | supplier | pk_supplier           |    276 |   102728 |    102728 |   102728 |    311 |   205794 |        | pg_default |
| 16673 | snaga | public | supplier | i_s_nationkey         |      3 |       32 |    737280 |        0 |     12 |       52 |        | pg_default |
+-------+-------+--------+----------+-----------------------+--------+----------+-----------+----------+--------+----------+--------+------------+
SET
Timing is on.
Time: 600174.586 ms
+-------+-------+--------+----------+---------+-------+------------+-------+-------+-------+-----------+----------+----------+---------------------+------------+
|  OID  | OWNER | SCHEMA |  TABLE   |   BLKS  |  SCAN |   T_READ   | T_INS | T_UPD | T_DEL |   B_READ  |  B_HIT   | VACUUMED |       ANALYZED      | TABLESPACE |
+-------+-------+--------+----------+---------+-------+------------+-------+-------+-------+-----------+----------+----------+---------------------+------------+
| 16593 | snaga | public | customer |   35284 |    36 |   43500000 |     0 |     0 |     0 |    559252 |   494114 |          | 2015-07-16 11:49:02 | pg_default |
| 16599 | snaga | public | lineitem | 1065410 |    57 | 2519457958 |     0 |     0 |     0 | 146821175 | 23083984 |          | 2015-07-16 11:50:15 | pg_default |
| 16602 | snaga | public | nation   |       1 |    58 |       1150 |     0 |     0 |     0 |        10 |   102785 |          | 2015-07-16 11:50:15 | pg_default |
| 16596 | snaga | public | orders   |  253278 |    22 |  270000000 |     0 |     0 |     0 |   6111274 | 18417570 |          | 2015-07-16 11:49:19 | pg_default |
| 16587 | snaga | public | part     |   40627 |    35 |   48002288 |     0 |     0 |     0 |    598830 |   571496 |          | 2015-07-16 11:48:52 | pg_default |
| 16590 | snaga | public | partsupp |  170916 |    27 |  176000000 |     0 |     0 |     0 |   3778586 |    40022 |          | 2015-07-16 11:48:59 | pg_default |
| 16605 | snaga | public | region   |       1 | 25656 |     128240 |     0 |     0 |     0 |         4 |    25685 |          | 2015-07-16 11:50:15 | pg_default |
| 16584 | snaga | public | supplier |    2180 |    30 |    2100000 |     0 |     0 |     0 |     32695 |   189941 |          | 2015-07-16 11:48:50 | pg_default |
+-------+-------+--------+----------+---------+-------+------------+-------+-------+-------+-----------+----------+----------+---------------------+------------+
+-------+-------+--------+----------+-----------------------+--------+----------+-----------+----------+--------+----------+--------+------------+
|  OID  | OWNER | SCHEMA |  TABLE   |         INDEX         |  BLKS  |   SCAN   |   T_READ  |  T_FTCH  | B_READ |  B_HIT   | STATUS | TABLESPACE |
+-------+-------+--------+----------+-----------------------+--------+----------+-----------+----------+--------+----------+--------+------------+
| 16619 | snaga | public | customer | pk_customer           |   4116 |      130 |       130 |      130 |     64 |      361 |        | pg_default |
| 16670 | snaga | public | customer | i_c_nationkey         |      3 |        0 |         0 |        0 |      0 |        0 |        | pg_default |
| 16677 | snaga | public | lineitem | i_l_commitdate        |     29 |        0 |         0 |        0 |      0 |        0 |        | pg_default |
| 16624 | snaga | public | lineitem | pk_lineitem           | 164480 |   521898 |    957001 |   957001 | 162433 |  1928011 |        | pg_default |
| 16663 | snaga | public | lineitem | i_l_shipdate          |     29 |       20 | 213094400 |        0 |    546 |      174 |        | pg_default |
| 16664 | snaga | public | lineitem | i_l_suppkey_partkey   |     37 |       80 | 515456000 |        0 |   1379 |     2465 |        | pg_default |
| 16665 | snaga | public | lineitem | i_l_partkey           |     29 |       44 | 468807680 |        0 |   1125 |      419 |        | pg_default |
| 16666 | snaga | public | lineitem | i_l_suppkey           |     29 |        0 |         0 |        0 |      0 |        0 |        | pg_default |
| 16667 | snaga | public | lineitem | i_l_receiptdate       |     29 |        4 |  42618880 |        0 |    110 |       34 |        | pg_default |
| 16668 | snaga | public | lineitem | i_l_orderkey          |     29 |        0 |         0 |        0 |      0 |        0 |        | pg_default |
| 16669 | snaga | public | lineitem | i_l_orderkey_quantity |     37 |       12 | 127856640 |        0 |     87 |      501 |        | pg_default |
| 16627 | snaga | public | nation   | pk_nation             |      2 |   102748 |    102748 |   102748 |     20 |   102770 |        | pg_default |
| 16676 | snaga | public | nation   | i_n_regionkey         |      3 |        0 |         0 |        0 |      0 |        0 |        | pg_default |
| 16671 | snaga | public | orders   | i_o_orderdate         |      8 |       20 |  50662400 |        0 |     45 |      155 |        | pg_default |
| 16672 | snaga | public | orders   | i_o_custkey           |      8 |        0 |         0 |        0 |      0 |        0 |        | pg_default |
| 16622 | snaga | public | orders   | pk_orders             |  41131 | 14874280 |  14874280 | 14874280 |  82333 | 44621755 |        | pg_default |
| 16612 | snaga | public | part     | pk_part               |   5487 |      134 |   8000130 |  8000130 |   5569 |    16729 |        | pg_default |
| 16674 | snaga | public | partsupp | i_ps_partkey          |      6 |        0 |         0 |        0 |      0 |        0 |        | pg_default |
| 16675 | snaga | public | partsupp | i_ps_suppkey          |      6 |        0 |         0 |        0 |      0 |        0 |        | pg_default |
| 16616 | snaga | public | partsupp | pk_partsupp           |  21937 |    25736 |    102704 |   102704 |   4465 |    73132 |        | pg_default |
| 16629 | snaga | public | region   | pk_region             |      2 |       40 |        40 |       40 |      6 |       49 |        | pg_default |
| 16610 | snaga | public | supplier | pk_supplier           |    276 |   102736 |    102736 |   102736 |    315 |   205808 |        | pg_default |
| 16673 | snaga | public | supplier | i_s_nationkey         |      3 |       33 |    760320 |        0 |     13 |       54 |        | pg_default |
+-------+-------+--------+----------+-----------------------+--------+----------+-----------+----------+--------+----------+--------+------------+
SET
Timing is on.
Time: 600138.060 ms
+-------+-------+--------+----------+---------+-------+------------+-------+-------+-------+-----------+----------+----------+---------------------+------------+
|  OID  | OWNER | SCHEMA |  TABLE   |   BLKS  |  SCAN |   T_READ   | T_INS | T_UPD | T_DEL |   B_READ  |  B_HIT   | VACUUMED |       ANALYZED      | TABLESPACE |
+-------+-------+--------+----------+---------+-------+------------+-------+-------+-------+-----------+----------+----------+---------------------+------------+
| 16593 | snaga | public | customer |   35284 |    36 |   43500000 |     0 |     0 |     0 |    559252 |   494114 |          | 2015-07-16 11:49:02 | pg_default |
| 16599 | snaga | public | lineitem | 1065410 |    59 | 2639430062 |     0 |     0 |     0 | 148872441 | 23782617 |          | 2015-07-16 11:50:15 | pg_default |
| 16602 | snaga | public | nation   |       1 |    59 |       1175 |     0 |     0 |     0 |        10 |   102788 |          | 2015-07-16 11:50:15 | pg_default |
| 16596 | snaga | public | orders   |  253278 |    22 |  270000000 |     0 |     0 |     0 |   6200684 | 19589971 |          | 2015-07-16 11:49:19 | pg_default |
| 16587 | snaga | public | part     |   40627 |    35 |   48002288 |     0 |     0 |     0 |    598830 |   571496 |          | 2015-07-16 11:48:52 | pg_default |
| 16590 | snaga | public | partsupp |  170916 |    27 |  176000000 |     0 |     0 |     0 |   3778586 |    40022 |          | 2015-07-16 11:48:59 | pg_default |
| 16605 | snaga | public | region   |       1 | 25656 |     128240 |     0 |     0 |     0 |         4 |    25685 |          | 2015-07-16 11:50:15 | pg_default |
| 16584 | snaga | public | supplier |    2180 |    30 |    2100000 |     0 |     0 |     0 |     34873 |   189947 |          | 2015-07-16 11:48:50 | pg_default |
+-------+-------+--------+----------+---------+-------+------------+-------+-------+-------+-----------+----------+----------+---------------------+------------+
+-------+-------+--------+----------+-----------------------+--------+----------+-----------+----------+--------+----------+--------+------------+
|  OID  | OWNER | SCHEMA |  TABLE   |         INDEX         |  BLKS  |   SCAN   |   T_READ  |  T_FTCH  | B_READ |  B_HIT   | STATUS | TABLESPACE |
+-------+-------+--------+----------+-----------------------+--------+----------+-----------+----------+--------+----------+--------+------------+
| 16619 | snaga | public | customer | pk_customer           |   4116 |      130 |       130 |      130 |     64 |      361 |        | pg_default |
| 16670 | snaga | public | customer | i_c_nationkey         |      3 |        0 |         0 |        0 |      0 |        0 |        | pg_default |
| 16677 | snaga | public | lineitem | i_l_commitdate        |     29 |        0 |         0 |        0 |      0 |        0 |        | pg_default |
| 16624 | snaga | public | lineitem | pk_lineitem           | 164480 |  1131239 |   2074436 |  2074436 | 245968 |  4285057 |        | pg_default |
| 16663 | snaga | public | lineitem | i_l_shipdate          |     29 |       20 | 213094400 |        0 |    546 |      174 |        | pg_default |
| 16664 | snaga | public | lineitem | i_l_suppkey_partkey   |     37 |       80 | 515456000 |        0 |   1379 |     2465 |        | pg_default |
| 16665 | snaga | public | lineitem | i_l_partkey           |     29 |       44 | 468807680 |        0 |   1125 |      419 |        | pg_default |
| 16666 | snaga | public | lineitem | i_l_suppkey           |     29 |        0 |         0 |        0 |      0 |        0 |        | pg_default |
| 16667 | snaga | public | lineitem | i_l_receiptdate       |     29 |        4 |  42618880 |        0 |    110 |       34 |        | pg_default |
| 16668 | snaga | public | lineitem | i_l_orderkey          |     29 |        0 |         0 |        0 |      0 |        0 |        | pg_default |
| 16669 | snaga | public | lineitem | i_l_orderkey_quantity |     37 |       12 | 127856640 |        0 |     87 |      501 |        | pg_default |
| 16627 | snaga | public | nation   | pk_nation             |      2 |   102750 |    102750 |   102750 |     21 |   102772 |        | pg_default |
| 16676 | snaga | public | nation   | i_n_regionkey         |      3 |        0 |         0 |        0 |      0 |        0 |        | pg_default |
| 16671 | snaga | public | orders   | i_o_orderdate         |      8 |       20 |  50662400 |        0 |     45 |      155 |        | pg_default |
| 16672 | snaga | public | orders   | i_o_custkey           |      8 |        0 |         0 |        0 |      0 |        0 |        | pg_default |
| 16622 | snaga | public | orders   | pk_orders             |  41131 | 16136091 |  16136091 | 16136091 |  82334 | 48414110 |        | pg_default |
| 16612 | snaga | public | part     | pk_part               |   5487 |      134 |   8000130 |  8000130 |   5569 |    16729 |        | pg_default |
| 16674 | snaga | public | partsupp | i_ps_partkey          |      6 |        0 |         0 |        0 |      0 |        0 |        | pg_default |
| 16675 | snaga | public | partsupp | i_ps_suppkey          |      6 |        0 |         0 |        0 |      0 |        0 |        | pg_default |
| 16616 | snaga | public | partsupp | pk_partsupp           |  21937 |    25736 |    102704 |   102704 |   4465 |    73132 |        | pg_default |
| 16629 | snaga | public | region   | pk_region             |      2 |       40 |        40 |       40 |      6 |       49 |        | pg_default |
| 16610 | snaga | public | supplier | pk_supplier           |    276 |   102740 |    102740 |   102740 |    316 |   205816 |        | pg_default |
| 16673 | snaga | public | supplier | i_s_nationkey         |      3 |       34 |    783360 |        0 |     14 |       56 |        | pg_default |
+-------+-------+--------+----------+-----------------------+--------+----------+-----------+----------+--------+----------+--------+------------+
SET
Timing is on.
Time: 600321.437 ms
+-------+-------+--------+----------+---------+-------+------------+-------+-------+-------+-----------+----------+----------+---------------------+------------+
|  OID  | OWNER | SCHEMA |  TABLE   |   BLKS  |  SCAN |   T_READ   | T_INS | T_UPD | T_DEL |   B_READ  |  B_HIT   | VACUUMED |       ANALYZED      | TABLESPACE |
+-------+-------+--------+----------+---------+-------+------------+-------+-------+-------+-----------+----------+----------+---------------------+------------+
| 16593 | snaga | public | customer |   35284 |    36 |   43500000 |     0 |     0 |     0 |    559252 |   494114 |          | 2015-07-16 11:49:02 | pg_default |
| 16599 | snaga | public | lineitem | 1065410 |    61 | 2759402166 |     0 |     0 |     0 | 150883780 | 24472380 |          | 2015-07-16 11:50:15 | pg_default |
| 16602 | snaga | public | nation   |       1 |    60 |       1200 |     0 |     0 |     0 |        10 |   102791 |          | 2015-07-16 11:50:15 | pg_default |
| 16596 | snaga | public | orders   |  253278 |    22 |  270000000 |     0 |     0 |     0 |   6281198 | 20672024 |          | 2015-07-16 11:49:19 | pg_default |
| 16587 | snaga | public | part     |   40627 |    35 |   48002288 |     0 |     0 |     0 |    598830 |   571496 |          | 2015-07-16 11:48:52 | pg_default |
| 16590 | snaga | public | partsupp |  170916 |    27 |  176000000 |     0 |     0 |     0 |   3778586 |    40022 |          | 2015-07-16 11:48:59 | pg_default |
| 16605 | snaga | public | region   |       1 | 25656 |     128240 |     0 |     0 |     0 |         4 |    25685 |          | 2015-07-16 11:50:15 | pg_default |
| 16584 | snaga | public | supplier |    2180 |    30 |    2100000 |     0 |     0 |     0 |     37051 |   189953 |          | 2015-07-16 11:48:50 | pg_default |
+-------+-------+--------+----------+---------+-------+------------+-------+-------+-------+-----------+----------+----------+---------------------+------------+
+-------+-------+--------+----------+-----------------------+--------+----------+-----------+----------+--------+----------+--------+------------+
|  OID  | OWNER | SCHEMA |  TABLE   |         INDEX         |  BLKS  |   SCAN   |   T_READ  |  T_FTCH  | B_READ |  B_HIT   | STATUS | TABLESPACE |
+-------+-------+--------+----------+-----------------------+--------+----------+-----------+----------+--------+----------+--------+------------+
| 16619 | snaga | public | customer | pk_customer           |   4116 |      130 |       130 |      130 |     64 |      361 |        | pg_default |
| 16670 | snaga | public | customer | i_c_nationkey         |      3 |        0 |         0 |        0 |      0 |        0 |        | pg_default |
| 16677 | snaga | public | lineitem | i_l_commitdate        |     29 |        0 |         0 |        0 |      0 |        0 |        | pg_default |
| 16624 | snaga | public | lineitem | pk_lineitem           | 164480 |  1692551 |   3104008 |  3104008 | 326403 |  6452833 |        | pg_default |
| 16663 | snaga | public | lineitem | i_l_shipdate          |     29 |       20 | 213094400 |        0 |    546 |      174 |        | pg_default |
| 16664 | snaga | public | lineitem | i_l_suppkey_partkey   |     37 |       80 | 515456000 |        0 |   1379 |     2465 |        | pg_default |
| 16665 | snaga | public | lineitem | i_l_partkey           |     29 |       44 | 468807680 |        0 |   1125 |      419 |        | pg_default |
| 16666 | snaga | public | lineitem | i_l_suppkey           |     29 |        0 |         0 |        0 |      0 |        0 |        | pg_default |
| 16667 | snaga | public | lineitem | i_l_receiptdate       |     29 |        4 |  42618880 |        0 |    110 |       34 |        | pg_default |
| 16668 | snaga | public | lineitem | i_l_orderkey          |     29 |        0 |         0 |        0 |      0 |        0 |        | pg_default |
| 16669 | snaga | public | lineitem | i_l_orderkey_quantity |     37 |       12 | 127856640 |        0 |     87 |      501 |        | pg_default |
| 16627 | snaga | public | nation   | pk_nation             |      2 |   102752 |    102752 |   102752 |     23 |   102773 |        | pg_default |
| 16676 | snaga | public | nation   | i_n_regionkey         |      3 |        0 |         0 |        0 |      0 |        0 |        | pg_default |
| 16671 | snaga | public | orders   | i_o_orderdate         |      8 |       20 |  50662400 |        0 |     45 |      155 |        | pg_default |
| 16672 | snaga | public | orders   | i_o_custkey           |      8 |        0 |         0 |        0 |      0 |        0 |        | pg_default |
| 16622 | snaga | public | orders   | pk_orders             |  41131 | 17298658 |  17298658 | 17298658 |  82335 | 51908180 |        | pg_default |
| 16612 | snaga | public | part     | pk_part               |   5487 |      134 |   8000130 |  8000130 |   5569 |    16729 |        | pg_default |
| 16674 | snaga | public | partsupp | i_ps_partkey          |      6 |        0 |         0 |        0 |      0 |        0 |        | pg_default |
| 16675 | snaga | public | partsupp | i_ps_suppkey          |      6 |        0 |         0 |        0 |      0 |        0 |        | pg_default |
| 16616 | snaga | public | partsupp | pk_partsupp           |  21937 |    25736 |    102704 |   102704 |   4465 |    73132 |        | pg_default |
| 16629 | snaga | public | region   | pk_region             |      2 |       40 |        40 |       40 |      6 |       49 |        | pg_default |
| 16610 | snaga | public | supplier | pk_supplier           |    276 |   102744 |    102744 |   102744 |    319 |   205822 |        | pg_default |
| 16673 | snaga | public | supplier | i_s_nationkey         |      3 |       35 |    806400 |        0 |     15 |       58 |        | pg_default |
+-------+-------+--------+----------+-----------------------+--------+----------+-----------+----------+--------+----------+--------+------------+
SET
Timing is on.
Time: 600154.803 ms
+-------+-------+--------+----------+---------+-------+------------+-------+-------+-------+-----------+----------+----------+---------------------+------------+
|  OID  | OWNER | SCHEMA |  TABLE   |   BLKS  |  SCAN |   T_READ   | T_INS | T_UPD | T_DEL |   B_READ  |  B_HIT   | VACUUMED |       ANALYZED      | TABLESPACE |
+-------+-------+--------+----------+---------+-------+------------+-------+-------+-------+-----------+----------+----------+---------------------+------------+
| 16593 | snaga | public | customer |   35284 |    36 |   43500000 |     0 |     0 |     0 |    559252 |   494114 |          | 2015-07-16 11:49:02 | pg_default |
| 16599 | snaga | public | lineitem | 1065410 |    63 | 2879374270 |     0 |     0 |     0 | 152933432 | 25127886 |          | 2015-07-16 11:50:15 | pg_default |
| 16602 | snaga | public | nation   |       1 |    61 |       1225 |     0 |     0 |     0 |        11 |   102793 |          | 2015-07-16 11:50:15 | pg_default |
| 16596 | snaga | public | orders   |  253278 |    22 |  270000000 |     0 |     0 |     0 |   6361097 | 21762828 |          | 2015-07-16 11:49:19 | pg_default |
| 16587 | snaga | public | part     |   40627 |    35 |   48002288 |     0 |     0 |     0 |    598830 |   571496 |          | 2015-07-16 11:48:52 | pg_default |
| 16590 | snaga | public | partsupp |  170916 |    27 |  176000000 |     0 |     0 |     0 |   3778586 |    40022 |          | 2015-07-16 11:48:59 | pg_default |
| 16605 | snaga | public | region   |       1 | 25656 |     128240 |     0 |     0 |     0 |         4 |    25685 |          | 2015-07-16 11:50:15 | pg_default |
| 16584 | snaga | public | supplier |    2180 |    30 |    2100000 |     0 |     0 |     0 |     39230 |   189958 |          | 2015-07-16 11:48:50 | pg_default |
+-------+-------+--------+----------+---------+-------+------------+-------+-------+-------+-----------+----------+----------+---------------------+------------+
+-------+-------+--------+----------+-----------------------+--------+----------+-----------+----------+--------+----------+--------+------------+
|  OID  | OWNER | SCHEMA |  TABLE   |         INDEX         |  BLKS  |   SCAN   |   T_READ  |  T_FTCH  | B_READ |  B_HIT   | STATUS | TABLESPACE |
+-------+-------+--------+----------+-----------------------+--------+----------+-----------+----------+--------+----------+--------+------------+
| 16619 | snaga | public | customer | pk_customer           |   4116 |      130 |       130 |      130 |     64 |      361 |        | pg_default |
| 16670 | snaga | public | customer | i_c_nationkey         |      3 |        0 |         0 |        0 |      0 |        0 |        | pg_default |
| 16677 | snaga | public | lineitem | i_l_commitdate        |     29 |        0 |         0 |        0 |      0 |        0 |        | pg_default |
| 16624 | snaga | public | lineitem | pk_lineitem           | 164480 |  2257851 |   4140871 |  4140871 | 405676 |  8637742 |        | pg_default |
| 16663 | snaga | public | lineitem | i_l_shipdate          |     29 |       20 | 213094400 |        0 |    546 |      174 |        | pg_default |
| 16664 | snaga | public | lineitem | i_l_suppkey_partkey   |     37 |       80 | 515456000 |        0 |   1379 |     2465 |        | pg_default |
| 16665 | snaga | public | lineitem | i_l_partkey           |     29 |       44 | 468807680 |        0 |   1125 |      419 |        | pg_default |
| 16666 | snaga | public | lineitem | i_l_suppkey           |     29 |        0 |         0 |        0 |      0 |        0 |        | pg_default |
| 16667 | snaga | public | lineitem | i_l_receiptdate       |     29 |        4 |  42618880 |        0 |    110 |       34 |        | pg_default |
| 16668 | snaga | public | lineitem | i_l_orderkey          |     29 |        0 |         0 |        0 |      0 |        0 |        | pg_default |
| 16669 | snaga | public | lineitem | i_l_orderkey_quantity |     37 |       12 | 127856640 |        0 |     87 |      501 |        | pg_default |
| 16627 | snaga | public | nation   | pk_nation             |      2 |   102754 |    102754 |   102754 |     25 |   102774 |        | pg_default |
| 16676 | snaga | public | nation   | i_n_regionkey         |      3 |        0 |         0 |        0 |      0 |        0 |        | pg_default |
| 16671 | snaga | public | orders   | i_o_orderdate         |      8 |       20 |  50662400 |        0 |     45 |      155 |        | pg_default |
| 16672 | snaga | public | orders   | i_o_custkey           |      8 |        0 |         0 |        0 |      0 |        0 |        | pg_default |
| 16622 | snaga | public | orders   | pk_orders             |  41131 | 18469361 |  18469361 | 18469361 |  82336 | 55426707 |        | pg_default |
| 16612 | snaga | public | part     | pk_part               |   5487 |      134 |   8000130 |  8000130 |   5569 |    16729 |        | pg_default |
| 16674 | snaga | public | partsupp | i_ps_partkey          |      6 |        0 |         0 |        0 |      0 |        0 |        | pg_default |
| 16675 | snaga | public | partsupp | i_ps_suppkey          |      6 |        0 |         0 |        0 |      0 |        0 |        | pg_default |
| 16616 | snaga | public | partsupp | pk_partsupp           |  21937 |    25736 |    102704 |   102704 |   4465 |    73132 |        | pg_default |
| 16629 | snaga | public | region   | pk_region             |      2 |       40 |        40 |       40 |      6 |       49 |        | pg_default |
| 16610 | snaga | public | supplier | pk_supplier           |    276 |   102748 |    102748 |   102748 |    322 |   205828 |        | pg_default |
| 16673 | snaga | public | supplier | i_s_nationkey         |      3 |       36 |    829440 |        0 |     16 |       60 |        | pg_default |
+-------+-------+--------+----------+-----------------------+--------+----------+-----------+----------+--------+----------+--------+------------+
