                                                                              QUERY PLAN                                                                              
----------------------------------------------------------------------------------------------------------------------------------------------------------------------
 Sort  (cost=2295097.95..2295098.01 rows=25 width=34)
   Sort Key: (sum((lineitem.l_extendedprice * ('1'::double precision - lineitem.l_discount)))) DESC
   ->  HashAggregate  (cost=2295097.12..2295097.37 rows=25 width=34)
         Group Key: nation.n_name
         ->  Hash Join  (cost=379269.89..2294537.27 rows=55985 width=34)
               Hash Cond: ((lineitem.l_suppkey = supplier.s_suppkey) AND (customer.c_nationkey = supplier.s_nationkey))
               ->  Hash Join  (cost=374589.89..2278800.92 rows=1399533 width=46)
                     Hash Cond: (lineitem.l_orderkey = orders.o_orderkey)
                     ->  Seq Scan on lineitem  (cost=0.00..1665268.68 rows=59985868 width=16)
                     ->  Hash  (cost=370215.27..370215.27 rows=349970 width=38)
                           ->  Hash Join  (cost=80627.90..370215.27 rows=349970 width=38)
                                 Hash Cond: (orders.o_custkey = customer.c_custkey)
                                 ->  Bitmap Heap Scan on orders  (cost=17967.95..297493.68 rows=1749849 width=8)
                                       Recheck Cond: ((o_orderdate >= '1997-11-01'::date) AND (o_orderdate < '1998-11-01 00:00:00'::timestamp without time zone))
                                       ->  Bitmap Index Scan on i_o_orderdate  (cost=0.00..17530.49 rows=1749849 width=0)
                                             Index Cond: ((o_orderdate >= '1997-11-01'::date) AND (o_orderdate < '1998-11-01 00:00:00'::timestamp without time zone))
                                 ->  Hash  (cost=58910.17..58910.17 rows=299983 width=38)
                                       ->  Hash Join  (cost=2.53..58910.17 rows=299983 width=38)
                                             Hash Cond: (customer.c_nationkey = nation.n_nationkey)
                                             ->  Seq Scan on customer  (cost=0.00..50283.13 rows=1499913 width=8)
                                             ->  Hash  (cost=2.47..2.47 rows=5 width=30)
                                                   ->  Hash Join  (cost=1.07..2.47 rows=5 width=30)
                                                         Hash Cond: (nation.n_regionkey = region.r_regionkey)
                                                         ->  Seq Scan on nation  (cost=0.00..1.25 rows=25 width=34)
                                                         ->  Hash  (cost=1.06..1.06 rows=1 width=4)
                                                               ->  Seq Scan on region  (cost=0.00..1.06 rows=1 width=4)
                                                                     Filter: (r_name = 'EUROPE'::bpchar)
               ->  Hash  (cost=3180.00..3180.00 rows=100000 width=8)
                     ->  Seq Scan on supplier  (cost=0.00..3180.00 rows=100000 width=8)
(29 rows)

+-------+-------+--------+----------+---------+-------+-----------+-------+-------+-------+----------+---------+----------+---------------------+------------+
|  OID  | OWNER | SCHEMA |  TABLE   |   BLKS  |  SCAN |   T_READ  | T_INS | T_UPD | T_DEL |  B_READ  |  B_HIT  | VACUUMED |       ANALYZED      | TABLESPACE |
+-------+-------+--------+----------+---------+-------+-----------+-------+-------+-------+----------+---------+----------+---------------------+------------+
| 16593 | snaga | public | customer |   35284 |     6 |   7500000 |     0 |     0 |     0 |   206420 |      20 |          | 2015-07-16 11:49:02 | pg_default |
| 16599 | snaga | public | lineitem | 1065410 |    18 | 959776832 |     0 |     0 |     0 | 20001101 | 1337119 |          | 2015-07-16 11:50:15 | pg_default |
| 16602 | snaga | public | nation   |       1 |     6 |       125 |     0 |     0 |     0 |        3 |  102587 |          | 2015-07-16 11:50:15 | pg_default |
| 16596 | snaga | public | orders   |  253278 |     2 |  30000000 |     0 |     0 |     0 |  1802910 |  759890 |          | 2015-07-16 11:49:19 | pg_default |
| 16587 | snaga | public | part     |   40627 |     0 |         0 |     0 |     0 |     0 |    70627 |  124493 |          | 2015-07-16 11:48:52 | pg_default |
| 16590 | snaga | public | partsupp |  170916 |     7 |  48000000 |     0 |     0 |     0 |  1045210 |   38662 |          | 2015-07-16 11:48:59 | pg_default |
| 16605 | snaga | public | region   |       1 | 25646 |    128200 |     0 |     0 |     0 |        2 |   25659 |          | 2015-07-16 11:50:15 | pg_default |
| 16584 | snaga | public | supplier |    2180 |     1 |    100000 |     0 |     0 |     0 |     6540 |  144004 |          | 2015-07-16 11:48:50 | pg_default |
+-------+-------+--------+----------+---------+-------+-----------+-------+-------+-------+----------+---------+----------+---------------------+------------+
+-------+-------+--------+----------+-----------------------+--------+--------+----------+---------+--------+--------+--------+------------+
|  OID  | OWNER | SCHEMA |  TABLE   |         INDEX         |  BLKS  |  SCAN  |  T_READ  |  T_FTCH | B_READ | B_HIT  | STATUS | TABLESPACE |
+-------+-------+--------+----------+-----------------------+--------+--------+----------+---------+--------+--------+--------+------------+
| 16619 | snaga | public | customer | pk_customer           |   4116 |     24 |       24 |      24 |     30 |     48 |        | pg_default |
| 16670 | snaga | public | customer | i_c_nationkey         |      3 |      0 |        0 |       0 |      0 |      0 |        | pg_default |
| 16677 | snaga | public | lineitem | i_l_commitdate        |     29 |      0 |        0 |       0 |      0 |      0 |        | pg_default |
| 16624 | snaga | public | lineitem | pk_lineitem           | 164480 |     24 |       24 |      24 |     40 |     72 |        | pg_default |
| 16663 | snaga | public | lineitem | i_l_shipdate          |     29 |      4 | 42618880 |       0 |    110 |     34 |        | pg_default |
| 16664 | snaga | public | lineitem | i_l_suppkey_partkey   |     37 |      0 |        0 |       0 |      0 |      0 |        | pg_default |
| 16665 | snaga | public | lineitem | i_l_partkey           |     29 |      0 |        0 |       0 |      0 |      0 |        | pg_default |
| 16666 | snaga | public | lineitem | i_l_suppkey           |     29 |      0 |        0 |       0 |      0 |      0 |        | pg_default |
| 16667 | snaga | public | lineitem | i_l_receiptdate       |     29 |      0 |        0 |       0 |      0 |      0 |        | pg_default |
| 16668 | snaga | public | lineitem | i_l_orderkey          |     29 |      0 |        0 |       0 |      0 |      0 |        | pg_default |
| 16669 | snaga | public | lineitem | i_l_orderkey_quantity |     37 |      0 |        0 |       0 |      0 |      0 |        | pg_default |
| 16627 | snaga | public | nation   | pk_nation             |      2 | 102592 |   102592 |  102592 |      4 | 102594 |        | pg_default |
| 16676 | snaga | public | nation   | i_n_regionkey         |      3 |      0 |        0 |       0 |      0 |      0 |        | pg_default |
| 16671 | snaga | public | orders   | i_o_orderdate         |      8 |      8 | 20264960 |       0 |     32 |     48 |        | pg_default |
| 16672 | snaga | public | orders   | i_o_custkey           |      8 |      0 |        0 |       0 |      0 |      0 |        | pg_default |
| 16622 | snaga | public | orders   | pk_orders             |  41131 |     24 |       24 |      24 |     30 |     53 |        | pg_default |
| 16612 | snaga | public | part     | pk_part               |   5487 |     24 |  8000020 | 8000020 |   5469 |  16464 |        | pg_default |
| 16674 | snaga | public | partsupp | i_ps_partkey          |      6 |      0 |        0 |       0 |      0 |      0 |        | pg_default |
| 16675 | snaga | public | partsupp | i_ps_suppkey          |      6 |      0 |        0 |       0 |      0 |      0 |        | pg_default |
| 16616 | snaga | public | partsupp | pk_partsupp           |  21937 |  25656 |   102564 |  102564 |   4397 |  72940 |        | pg_default |
| 16629 | snaga | public | region   | pk_region             |      2 |     22 |       22 |      22 |      4 |     24 |        | pg_default |
| 16610 | snaga | public | supplier | pk_supplier           |    276 | 102588 |   102588 |  102588 |    280 | 205506 |        | pg_default |
| 16673 | snaga | public | supplier | i_s_nationkey         |      3 |     20 |   460800 |       0 |      3 |     25 |        | pg_default |
+-------+-------+--------+----------+-----------------------+--------+--------+----------+---------+--------+--------+--------+------------+
SET
Timing is on.
                                                                                 QUERY PLAN                                                                                 
----------------------------------------------------------------------------------------------------------------------------------------------------------------------------
 Sort  (cost=2295097.95..2295098.01 rows=25 width=34) (actual time=52646.720..52646.721 rows=5 loops=1)
   Sort Key: (sum((lineitem.l_extendedprice * ('1'::double precision - lineitem.l_discount)))) DESC
   Sort Method: quicksort  Memory: 25kB
   ->  HashAggregate  (cost=2295097.12..2295097.37 rows=25 width=34) (actual time=52646.692..52646.694 rows=5 loops=1)
         Group Key: nation.n_name
         ->  Hash Join  (cost=379269.89..2294537.27 rows=55985 width=34) (actual time=5406.418..52611.473 rows=54986 loops=1)
               Hash Cond: ((lineitem.l_suppkey = supplier.s_suppkey) AND (customer.c_nationkey = supplier.s_nationkey))
               ->  Hash Join  (cost=374589.89..2278800.92 rows=1399533 width=46) (actual time=5224.279..52103.386 rows=1371736 loops=1)
                     Hash Cond: (lineitem.l_orderkey = orders.o_orderkey)
                     ->  Seq Scan on lineitem  (cost=0.00..1665268.68 rows=59985868 width=16) (actual time=0.004..40685.269 rows=59986052 loops=1)
                     ->  Hash  (cost=370215.27..370215.27 rows=349970 width=38) (actual time=5205.686..5205.686 rows=343204 loops=1)
                           Buckets: 524288  Batches: 1  Memory Usage: 28228kB
                           ->  Hash Join  (cost=80627.90..370215.27 rows=349970 width=38) (actual time=2762.467..5125.527 rows=343204 loops=1)
                                 Hash Cond: (orders.o_custkey = customer.c_custkey)
                                 ->  Bitmap Heap Scan on orders  (cost=17967.95..297493.68 rows=1749849 width=8) (actual time=14.233..1955.692 rows=1712594 loops=1)
                                       Recheck Cond: ((o_orderdate >= '1997-11-01'::date) AND (o_orderdate < '1998-11-01 00:00:00'::timestamp without time zone))
                                       Rows Removed by Index Recheck: 13287406
                                       Heap Blocks: lossy=253278
                                       ->  Bitmap Index Scan on i_o_orderdate  (cost=0.00..17530.49 rows=1749849 width=0) (actual time=14.131..14.131 rows=2533120 loops=1)
                                             Index Cond: ((o_orderdate >= '1997-11-01'::date) AND (o_orderdate < '1998-11-01 00:00:00'::timestamp without time zone))
                                 ->  Hash  (cost=58910.17..58910.17 rows=299983 width=38) (actual time=2747.267..2747.267 rows=300963 loops=1)
                                       Buckets: 524288  Batches: 1  Memory Usage: 25258kB
                                       ->  Hash Join  (cost=2.53..58910.17 rows=299983 width=38) (actual time=0.037..2678.035 rows=300963 loops=1)
                                             Hash Cond: (customer.c_nationkey = nation.n_nationkey)
                                             ->  Seq Scan on customer  (cost=0.00..50283.13 rows=1499913 width=8) (actual time=0.003..2527.040 rows=1500000 loops=1)
                                             ->  Hash  (cost=2.47..2.47 rows=5 width=30) (actual time=0.022..0.022 rows=5 loops=1)
                                                   Buckets: 1024  Batches: 1  Memory Usage: 9kB
                                                   ->  Hash Join  (cost=1.07..2.47 rows=5 width=30) (actual time=0.017..0.019 rows=5 loops=1)
                                                         Hash Cond: (nation.n_regionkey = region.r_regionkey)
                                                         ->  Seq Scan on nation  (cost=0.00..1.25 rows=25 width=34) (actual time=0.002..0.002 rows=25 loops=1)
                                                         ->  Hash  (cost=1.06..1.06 rows=1 width=4) (actual time=0.008..0.008 rows=1 loops=1)
                                                               Buckets: 1024  Batches: 1  Memory Usage: 9kB
                                                               ->  Seq Scan on region  (cost=0.00..1.06 rows=1 width=4) (actual time=0.006..0.007 rows=1 loops=1)
                                                                     Filter: (r_name = 'EUROPE'::bpchar)
                                                                     Rows Removed by Filter: 4
               ->  Hash  (cost=3180.00..3180.00 rows=100000 width=8) (actual time=181.886..181.886 rows=100000 loops=1)
                     Buckets: 131072  Batches: 1  Memory Usage: 4931kB
                     ->  Seq Scan on supplier  (cost=0.00..3180.00 rows=100000 width=8) (actual time=0.006..166.497 rows=100000 loops=1)
 Planning time: 1.614 ms
 Execution time: 52647.300 ms
(40 rows)

Time: 52687.012 ms
+-------+-------+--------+----------+---------+-------+-----------+-------+-------+-------+----------+---------+----------+---------------------+------------+
|  OID  | OWNER | SCHEMA |  TABLE   |   BLKS  |  SCAN |   T_READ  | T_INS | T_UPD | T_DEL |  B_READ  |  B_HIT  | VACUUMED |       ANALYZED      | TABLESPACE |
+-------+-------+--------+----------+---------+-------+-----------+-------+-------+-------+----------+---------+----------+---------------------+------------+
| 16593 | snaga | public | customer |   35284 |     7 |   7500000 |     0 |     0 |     0 |   206422 |      22 |          | 2015-07-16 11:49:02 | pg_default |
| 16599 | snaga | public | lineitem | 1065410 |    19 | 959776832 |     0 |     0 |     0 | 20001101 | 1337123 |          | 2015-07-16 11:50:15 | pg_default |
| 16602 | snaga | public | nation   |       1 |     7 |       125 |     0 |     0 |     0 |        4 |  102594 |          | 2015-07-16 11:50:15 | pg_default |
| 16596 | snaga | public | orders   |  253278 |     2 |  30000000 |     0 |     0 |     0 |  1802910 |  759894 |          | 2015-07-16 11:49:19 | pg_default |
| 16587 | snaga | public | part     |   40627 |     0 |         0 |     0 |     0 |     0 |    70627 |  124493 |          | 2015-07-16 11:48:52 | pg_default |
| 16590 | snaga | public | partsupp |  170916 |     7 |  48000000 |     0 |     0 |     0 |  1045210 |   38662 |          | 2015-07-16 11:48:59 | pg_default |
| 16605 | snaga | public | region   |       1 | 25647 |    128200 |     0 |     0 |     0 |        3 |   25660 |          | 2015-07-16 11:50:15 | pg_default |
| 16584 | snaga | public | supplier |    2180 |     2 |    100000 |     0 |     0 |     0 |     6542 |  144006 |          | 2015-07-16 11:48:50 | pg_default |
+-------+-------+--------+----------+---------+-------+-----------+-------+-------+-------+----------+---------+----------+---------------------+------------+
+-------+-------+--------+----------+-----------------------+--------+--------+----------+---------+--------+--------+--------+------------+
|  OID  | OWNER | SCHEMA |  TABLE   |         INDEX         |  BLKS  |  SCAN  |  T_READ  |  T_FTCH | B_READ | B_HIT  | STATUS | TABLESPACE |
+-------+-------+--------+----------+-----------------------+--------+--------+----------+---------+--------+--------+--------+------------+
| 16619 | snaga | public | customer | pk_customer           |   4116 |     24 |       24 |      24 |     30 |     48 |        | pg_default |
| 16670 | snaga | public | customer | i_c_nationkey         |      3 |      0 |        0 |       0 |      0 |      0 |        | pg_default |
| 16677 | snaga | public | lineitem | i_l_commitdate        |     29 |      0 |        0 |       0 |      0 |      0 |        | pg_default |
| 16624 | snaga | public | lineitem | pk_lineitem           | 164480 |     24 |       24 |      24 |     40 |     72 |        | pg_default |
| 16663 | snaga | public | lineitem | i_l_shipdate          |     29 |      4 | 42618880 |       0 |    110 |     34 |        | pg_default |
| 16664 | snaga | public | lineitem | i_l_suppkey_partkey   |     37 |      0 |        0 |       0 |      0 |      0 |        | pg_default |
| 16665 | snaga | public | lineitem | i_l_partkey           |     29 |      0 |        0 |       0 |      0 |      0 |        | pg_default |
| 16666 | snaga | public | lineitem | i_l_suppkey           |     29 |      0 |        0 |       0 |      0 |      0 |        | pg_default |
| 16667 | snaga | public | lineitem | i_l_receiptdate       |     29 |      0 |        0 |       0 |      0 |      0 |        | pg_default |
| 16668 | snaga | public | lineitem | i_l_orderkey          |     29 |      0 |        0 |       0 |      0 |      0 |        | pg_default |
| 16669 | snaga | public | lineitem | i_l_orderkey_quantity |     37 |      0 |        0 |       0 |      0 |      0 |        | pg_default |
| 16627 | snaga | public | nation   | pk_nation             |      2 | 102592 |   102592 |  102592 |      4 | 102594 |        | pg_default |
| 16676 | snaga | public | nation   | i_n_regionkey         |      3 |      0 |        0 |       0 |      0 |      0 |        | pg_default |
| 16671 | snaga | public | orders   | i_o_orderdate         |      8 |      8 | 20264960 |       0 |     32 |     48 |        | pg_default |
| 16672 | snaga | public | orders   | i_o_custkey           |      8 |      0 |        0 |       0 |      0 |      0 |        | pg_default |
| 16622 | snaga | public | orders   | pk_orders             |  41131 |     24 |       24 |      24 |     30 |     53 |        | pg_default |
| 16612 | snaga | public | part     | pk_part               |   5487 |     24 |  8000020 | 8000020 |   5469 |  16464 |        | pg_default |
| 16674 | snaga | public | partsupp | i_ps_partkey          |      6 |      0 |        0 |       0 |      0 |      0 |        | pg_default |
| 16675 | snaga | public | partsupp | i_ps_suppkey          |      6 |      0 |        0 |       0 |      0 |      0 |        | pg_default |
| 16616 | snaga | public | partsupp | pk_partsupp           |  21937 |  25656 |   102564 |  102564 |   4397 |  72940 |        | pg_default |
| 16629 | snaga | public | region   | pk_region             |      2 |     22 |       22 |      22 |      4 |     24 |        | pg_default |
| 16610 | snaga | public | supplier | pk_supplier           |    276 | 102588 |   102588 |  102588 |    280 | 205506 |        | pg_default |
| 16673 | snaga | public | supplier | i_s_nationkey         |      3 |     20 |   460800 |       0 |      3 |     25 |        | pg_default |
+-------+-------+--------+----------+-----------------------+--------+--------+----------+---------+--------+--------+--------+------------+
SET
Timing is on.
                                                                                 QUERY PLAN                                                                                 
----------------------------------------------------------------------------------------------------------------------------------------------------------------------------
 Sort  (cost=2295097.95..2295098.01 rows=25 width=34) (actual time=50178.073..50178.073 rows=5 loops=1)
   Sort Key: (sum((lineitem.l_extendedprice * ('1'::double precision - lineitem.l_discount)))) DESC
   Sort Method: quicksort  Memory: 25kB
   ->  HashAggregate  (cost=2295097.12..2295097.37 rows=25 width=34) (actual time=50178.044..50178.045 rows=5 loops=1)
         Group Key: nation.n_name
         ->  Hash Join  (cost=379269.89..2294537.27 rows=55985 width=34) (actual time=2884.594..50142.294 rows=54986 loops=1)
               Hash Cond: ((lineitem.l_suppkey = supplier.s_suppkey) AND (customer.c_nationkey = supplier.s_nationkey))
               ->  Hash Join  (cost=374589.89..2278800.92 rows=1399533 width=46) (actual time=2854.347..49775.496 rows=1371736 loops=1)
                     Hash Cond: (lineitem.l_orderkey = orders.o_orderkey)
                     ->  Seq Scan on lineitem  (cost=0.00..1665268.68 rows=59985868 width=16) (actual time=0.004..40723.676 rows=59986052 loops=1)
                     ->  Hash  (cost=370215.27..370215.27 rows=349970 width=38) (actual time=2831.043..2831.043 rows=343204 loops=1)
                           Buckets: 524288  Batches: 1  Memory Usage: 28228kB
                           ->  Hash Join  (cost=80627.90..370215.27 rows=349970 width=38) (actual time=404.299..2752.344 rows=343204 loops=1)
                                 Hash Cond: (orders.o_custkey = customer.c_custkey)
                                 ->  Bitmap Heap Scan on orders  (cost=17967.95..297493.68 rows=1749849 width=8) (actual time=14.190..1950.209 rows=1712594 loops=1)
                                       Recheck Cond: ((o_orderdate >= '1997-11-01'::date) AND (o_orderdate < '1998-11-01 00:00:00'::timestamp without time zone))
                                       Rows Removed by Index Recheck: 13287406
                                       Heap Blocks: lossy=253278
                                       ->  Bitmap Index Scan on i_o_orderdate  (cost=0.00..17530.49 rows=1749849 width=0) (actual time=14.089..14.089 rows=2533120 loops=1)
                                             Index Cond: ((o_orderdate >= '1997-11-01'::date) AND (o_orderdate < '1998-11-01 00:00:00'::timestamp without time zone))
                                 ->  Hash  (cost=58910.17..58910.17 rows=299983 width=38) (actual time=389.135..389.135 rows=300963 loops=1)
                                       Buckets: 524288  Batches: 1  Memory Usage: 25258kB
                                       ->  Hash Join  (cost=2.53..58910.17 rows=299983 width=38) (actual time=0.033..324.458 rows=300963 loops=1)
                                             Hash Cond: (customer.c_nationkey = nation.n_nationkey)
                                             ->  Seq Scan on customer  (cost=0.00..50283.13 rows=1499913 width=8) (actual time=0.003..170.664 rows=1500000 loops=1)
                                             ->  Hash  (cost=2.47..2.47 rows=5 width=30) (actual time=0.022..0.022 rows=5 loops=1)
                                                   Buckets: 1024  Batches: 1  Memory Usage: 9kB
                                                   ->  Hash Join  (cost=1.07..2.47 rows=5 width=30) (actual time=0.016..0.020 rows=5 loops=1)
                                                         Hash Cond: (nation.n_regionkey = region.r_regionkey)
                                                         ->  Seq Scan on nation  (cost=0.00..1.25 rows=25 width=34) (actual time=0.002..0.002 rows=25 loops=1)
                                                         ->  Hash  (cost=1.06..1.06 rows=1 width=4) (actual time=0.007..0.007 rows=1 loops=1)
                                                               Buckets: 1024  Batches: 1  Memory Usage: 9kB
                                                               ->  Seq Scan on region  (cost=0.00..1.06 rows=1 width=4) (actual time=0.005..0.005 rows=1 loops=1)
                                                                     Filter: (r_name = 'EUROPE'::bpchar)
                                                                     Rows Removed by Filter: 4
               ->  Hash  (cost=3180.00..3180.00 rows=100000 width=8) (actual time=30.004..30.004 rows=100000 loops=1)
                     Buckets: 131072  Batches: 1  Memory Usage: 4931kB
                     ->  Seq Scan on supplier  (cost=0.00..3180.00 rows=100000 width=8) (actual time=0.005..17.044 rows=100000 loops=1)
 Planning time: 1.618 ms
 Execution time: 50178.646 ms
(40 rows)

Time: 50223.176 ms
+-------+-------+--------+----------+---------+-------+------------+-------+-------+-------+----------+---------+----------+---------------------+------------+
|  OID  | OWNER | SCHEMA |  TABLE   |   BLKS  |  SCAN |   T_READ   | T_INS | T_UPD | T_DEL |  B_READ  |  B_HIT  | VACUUMED |       ANALYZED      | TABLESPACE |
+-------+-------+--------+----------+---------+-------+------------+-------+-------+-------+----------+---------+----------+---------------------+------------+
| 16593 | snaga | public | customer |   35284 |     9 |   10500000 |     0 |     0 |     0 |   241704 |   35316 |          | 2015-07-16 11:49:02 | pg_default |
| 16599 | snaga | public | lineitem | 1065410 |    21 | 1079748936 |     0 |     0 |     0 | 21665543 | 1803509 |          | 2015-07-16 11:50:15 | pg_default |
| 16602 | snaga | public | nation   |       1 |     9 |        175 |     0 |     0 |     0 |        4 |  102612 |          | 2015-07-16 11:50:15 | pg_default |
| 16596 | snaga | public | orders   |  253278 |     2 |   30000000 |     0 |     0 |     0 |  1802910 | 1266458 |          | 2015-07-16 11:49:19 | pg_default |
| 16587 | snaga | public | part     |   40627 |     0 |          0 |     0 |     0 |     0 |    70627 |  124493 |          | 2015-07-16 11:48:52 | pg_default |
| 16590 | snaga | public | partsupp |  170916 |     7 |   48000000 |     0 |     0 |     0 |  1045210 |   38662 |          | 2015-07-16 11:48:59 | pg_default |
| 16605 | snaga | public | region   |       1 | 25649 |     128210 |     0 |     0 |     0 |        3 |   25666 |          | 2015-07-16 11:50:15 | pg_default |
| 16584 | snaga | public | supplier |    2180 |     4 |     300000 |     0 |     0 |     0 |     8720 |  146196 |          | 2015-07-16 11:48:50 | pg_default |
+-------+-------+--------+----------+---------+-------+------------+-------+-------+-------+----------+---------+----------+---------------------+------------+
+-------+-------+--------+----------+-----------------------+--------+--------+----------+---------+--------+--------+--------+------------+
|  OID  | OWNER | SCHEMA |  TABLE   |         INDEX         |  BLKS  |  SCAN  |  T_READ  |  T_FTCH | B_READ | B_HIT  | STATUS | TABLESPACE |
+-------+-------+--------+----------+-----------------------+--------+--------+----------+---------+--------+--------+--------+------------+
| 16619 | snaga | public | customer | pk_customer           |   4116 |     32 |       32 |      32 |     30 |     74 |        | pg_default |
| 16670 | snaga | public | customer | i_c_nationkey         |      3 |      0 |        0 |       0 |      0 |      0 |        | pg_default |
| 16677 | snaga | public | lineitem | i_l_commitdate        |     29 |      0 |        0 |       0 |      0 |      0 |        | pg_default |
| 16624 | snaga | public | lineitem | pk_lineitem           | 164480 |     32 |       32 |      32 |     40 |    106 |        | pg_default |
| 16663 | snaga | public | lineitem | i_l_shipdate          |     29 |      4 | 42618880 |       0 |    110 |     34 |        | pg_default |
| 16664 | snaga | public | lineitem | i_l_suppkey_partkey   |     37 |      0 |        0 |       0 |      0 |      0 |        | pg_default |
| 16665 | snaga | public | lineitem | i_l_partkey           |     29 |      0 |        0 |       0 |      0 |      0 |        | pg_default |
| 16666 | snaga | public | lineitem | i_l_suppkey           |     29 |      0 |        0 |       0 |      0 |      0 |        | pg_default |
| 16667 | snaga | public | lineitem | i_l_receiptdate       |     29 |      0 |        0 |       0 |      0 |      0 |        | pg_default |
| 16668 | snaga | public | lineitem | i_l_orderkey          |     29 |      0 |        0 |       0 |      0 |      0 |        | pg_default |
| 16669 | snaga | public | lineitem | i_l_orderkey_quantity |     37 |      0 |        0 |       0 |      0 |      0 |        | pg_default |
| 16627 | snaga | public | nation   | pk_nation             |      2 | 102608 |   102608 |  102608 |      4 | 102612 |        | pg_default |
| 16676 | snaga | public | nation   | i_n_regionkey         |      3 |      0 |        0 |       0 |      0 |      0 |        | pg_default |
| 16671 | snaga | public | orders   | i_o_orderdate         |      8 |     10 | 25331200 |       0 |     32 |     68 |        | pg_default |
| 16672 | snaga | public | orders   | i_o_custkey           |      8 |      0 |        0 |       0 |      0 |      0 |        | pg_default |
| 16622 | snaga | public | orders   | pk_orders             |  41131 |     32 |       32 |      32 |     30 |     79 |        | pg_default |
| 16612 | snaga | public | part     | pk_part               |   5487 |     24 |  8000020 | 8000020 |   5469 |  16464 |        | pg_default |
| 16674 | snaga | public | partsupp | i_ps_partkey          |      6 |      0 |        0 |       0 |      0 |      0 |        | pg_default |
| 16675 | snaga | public | partsupp | i_ps_suppkey          |      6 |      0 |        0 |       0 |      0 |      0 |        | pg_default |
| 16616 | snaga | public | partsupp | pk_partsupp           |  21937 |  25656 |   102564 |  102564 |   4397 |  72940 |        | pg_default |
| 16629 | snaga | public | region   | pk_region             |      2 |     26 |       26 |      26 |      4 |     30 |        | pg_default |
| 16610 | snaga | public | supplier | pk_supplier           |    276 | 102596 |   102596 |  102596 |    280 | 205524 |        | pg_default |
| 16673 | snaga | public | supplier | i_s_nationkey         |      3 |     20 |   460800 |       0 |      3 |     25 |        | pg_default |
+-------+-------+--------+----------+-----------------------+--------+--------+----------+---------+--------+--------+--------+------------+
SET
Timing is on.
                                                                                 QUERY PLAN                                                                                 
----------------------------------------------------------------------------------------------------------------------------------------------------------------------------
 Sort  (cost=2295097.95..2295098.01 rows=25 width=34) (actual time=50180.507..50180.507 rows=5 loops=1)
   Sort Key: (sum((lineitem.l_extendedprice * ('1'::double precision - lineitem.l_discount)))) DESC
   Sort Method: quicksort  Memory: 25kB
   ->  HashAggregate  (cost=2295097.12..2295097.37 rows=25 width=34) (actual time=50180.481..50180.483 rows=5 loops=1)
         Group Key: nation.n_name
         ->  Hash Join  (cost=379269.89..2294537.27 rows=55985 width=34) (actual time=2974.367..50144.787 rows=54986 loops=1)
               Hash Cond: ((lineitem.l_suppkey = supplier.s_suppkey) AND (customer.c_nationkey = supplier.s_nationkey))
               ->  Hash Join  (cost=374589.89..2278800.92 rows=1399533 width=46) (actual time=2944.146..49787.523 rows=1371736 loops=1)
                     Hash Cond: (lineitem.l_orderkey = orders.o_orderkey)
                     ->  Seq Scan on lineitem  (cost=0.00..1665268.68 rows=59985868 width=16) (actual time=0.003..40624.249 rows=59986052 loops=1)
                     ->  Hash  (cost=370215.27..370215.27 rows=349970 width=38) (actual time=2919.380..2919.380 rows=343204 loops=1)
                           Buckets: 524288  Batches: 1  Memory Usage: 28228kB
                           ->  Hash Join  (cost=80627.90..370215.27 rows=349970 width=38) (actual time=426.958..2840.638 rows=343204 loops=1)
                                 Hash Cond: (orders.o_custkey = customer.c_custkey)
                                 ->  Bitmap Heap Scan on orders  (cost=17967.95..297493.68 rows=1749849 width=8) (actual time=14.196..2012.917 rows=1712594 loops=1)
                                       Recheck Cond: ((o_orderdate >= '1997-11-01'::date) AND (o_orderdate < '1998-11-01 00:00:00'::timestamp without time zone))
                                       Rows Removed by Index Recheck: 13287406
                                       Heap Blocks: lossy=253278
                                       ->  Bitmap Index Scan on i_o_orderdate  (cost=0.00..17530.49 rows=1749849 width=0) (actual time=14.096..14.096 rows=2533120 loops=1)
                                             Index Cond: ((o_orderdate >= '1997-11-01'::date) AND (o_orderdate < '1998-11-01 00:00:00'::timestamp without time zone))
                                 ->  Hash  (cost=58910.17..58910.17 rows=299983 width=38) (actual time=411.791..411.791 rows=300963 loops=1)
                                       Buckets: 524288  Batches: 1  Memory Usage: 25258kB
                                       ->  Hash Join  (cost=2.53..58910.17 rows=299983 width=38) (actual time=0.033..346.757 rows=300963 loops=1)
                                             Hash Cond: (customer.c_nationkey = nation.n_nationkey)
                                             ->  Seq Scan on customer  (cost=0.00..50283.13 rows=1499913 width=8) (actual time=0.003..179.765 rows=1500000 loops=1)
                                             ->  Hash  (cost=2.47..2.47 rows=5 width=30) (actual time=0.022..0.022 rows=5 loops=1)
                                                   Buckets: 1024  Batches: 1  Memory Usage: 9kB
                                                   ->  Hash Join  (cost=1.07..2.47 rows=5 width=30) (actual time=0.016..0.020 rows=5 loops=1)
                                                         Hash Cond: (nation.n_regionkey = region.r_regionkey)
                                                         ->  Seq Scan on nation  (cost=0.00..1.25 rows=25 width=34) (actual time=0.002..0.003 rows=25 loops=1)
                                                         ->  Hash  (cost=1.06..1.06 rows=1 width=4) (actual time=0.007..0.007 rows=1 loops=1)
                                                               Buckets: 1024  Batches: 1  Memory Usage: 9kB
                                                               ->  Seq Scan on region  (cost=0.00..1.06 rows=1 width=4) (actual time=0.005..0.005 rows=1 loops=1)
                                                                     Filter: (r_name = 'EUROPE'::bpchar)
                                                                     Rows Removed by Filter: 4
               ->  Hash  (cost=3180.00..3180.00 rows=100000 width=8) (actual time=29.975..29.975 rows=100000 loops=1)
                     Buckets: 131072  Batches: 1  Memory Usage: 4931kB
                     ->  Seq Scan on supplier  (cost=0.00..3180.00 rows=100000 width=8) (actual time=0.004..17.114 rows=100000 loops=1)
 Planning time: 1.621 ms
 Execution time: 50181.060 ms
(40 rows)

Time: 50221.370 ms
+-------+-------+--------+----------+---------+-------+------------+-------+-------+-------+----------+---------+----------+---------------------+------------+
|  OID  | OWNER | SCHEMA |  TABLE   |   BLKS  |  SCAN |   T_READ   | T_INS | T_UPD | T_DEL |  B_READ  |  B_HIT  | VACUUMED |       ANALYZED      | TABLESPACE |
+-------+-------+--------+----------+---------+-------+------------+-------+-------+-------+----------+---------+----------+---------------------+------------+
| 16593 | snaga | public | customer |   35284 |    10 |   12000000 |     0 |     0 |     0 |   241704 |   70604 |          | 2015-07-16 11:49:02 | pg_default |
| 16599 | snaga | public | lineitem | 1065410 |    22 | 1139734988 |     0 |     0 |     0 | 22497763 | 2036703 |          | 2015-07-16 11:50:15 | pg_default |
| 16602 | snaga | public | nation   |       1 |    10 |        200 |     0 |     0 |     0 |        4 |  102621 |          | 2015-07-16 11:50:15 | pg_default |
| 16596 | snaga | public | orders   |  253278 |     2 |   30000000 |     0 |     0 |     0 |  1802910 | 1519740 |          | 2015-07-16 11:49:19 | pg_default |
| 16587 | snaga | public | part     |   40627 |     0 |          0 |     0 |     0 |     0 |    70627 |  124493 |          | 2015-07-16 11:48:52 | pg_default |
| 16590 | snaga | public | partsupp |  170916 |     7 |   48000000 |     0 |     0 |     0 |  1045210 |   38662 |          | 2015-07-16 11:48:59 | pg_default |
| 16605 | snaga | public | region   |       1 | 25650 |     128215 |     0 |     0 |     0 |        3 |   25669 |          | 2015-07-16 11:50:15 | pg_default |
| 16584 | snaga | public | supplier |    2180 |     5 |     400000 |     0 |     0 |     0 |     8720 |  148380 |          | 2015-07-16 11:48:50 | pg_default |
+-------+-------+--------+----------+---------+-------+------------+-------+-------+-------+----------+---------+----------+---------------------+------------+
+-------+-------+--------+----------+-----------------------+--------+--------+----------+---------+--------+--------+--------+------------+
|  OID  | OWNER | SCHEMA |  TABLE   |         INDEX         |  BLKS  |  SCAN  |  T_READ  |  T_FTCH | B_READ | B_HIT  | STATUS | TABLESPACE |
+-------+-------+--------+----------+-----------------------+--------+--------+----------+---------+--------+--------+--------+------------+
| 16619 | snaga | public | customer | pk_customer           |   4116 |     36 |       36 |      36 |     30 |     87 |        | pg_default |
| 16670 | snaga | public | customer | i_c_nationkey         |      3 |      0 |        0 |       0 |      0 |      0 |        | pg_default |
| 16677 | snaga | public | lineitem | i_l_commitdate        |     29 |      0 |        0 |       0 |      0 |      0 |        | pg_default |
| 16624 | snaga | public | lineitem | pk_lineitem           | 164480 |     36 |       36 |      36 |     40 |    123 |        | pg_default |
| 16663 | snaga | public | lineitem | i_l_shipdate          |     29 |      4 | 42618880 |       0 |    110 |     34 |        | pg_default |
| 16664 | snaga | public | lineitem | i_l_suppkey_partkey   |     37 |      0 |        0 |       0 |      0 |      0 |        | pg_default |
| 16665 | snaga | public | lineitem | i_l_partkey           |     29 |      0 |        0 |       0 |      0 |      0 |        | pg_default |
| 16666 | snaga | public | lineitem | i_l_suppkey           |     29 |      0 |        0 |       0 |      0 |      0 |        | pg_default |
| 16667 | snaga | public | lineitem | i_l_receiptdate       |     29 |      0 |        0 |       0 |      0 |      0 |        | pg_default |
| 16668 | snaga | public | lineitem | i_l_orderkey          |     29 |      0 |        0 |       0 |      0 |      0 |        | pg_default |
| 16669 | snaga | public | lineitem | i_l_orderkey_quantity |     37 |      0 |        0 |       0 |      0 |      0 |        | pg_default |
| 16627 | snaga | public | nation   | pk_nation             |      2 | 102616 |   102616 |  102616 |      4 | 102621 |        | pg_default |
| 16676 | snaga | public | nation   | i_n_regionkey         |      3 |      0 |        0 |       0 |      0 |      0 |        | pg_default |
| 16671 | snaga | public | orders   | i_o_orderdate         |      8 |     11 | 27864320 |       0 |     32 |     78 |        | pg_default |
| 16672 | snaga | public | orders   | i_o_custkey           |      8 |      0 |        0 |       0 |      0 |      0 |        | pg_default |
| 16622 | snaga | public | orders   | pk_orders             |  41131 |     36 |       36 |      36 |     30 |     92 |        | pg_default |
| 16612 | snaga | public | part     | pk_part               |   5487 |     24 |  8000020 | 8000020 |   5469 |  16464 |        | pg_default |
| 16674 | snaga | public | partsupp | i_ps_partkey          |      6 |      0 |        0 |       0 |      0 |      0 |        | pg_default |
| 16675 | snaga | public | partsupp | i_ps_suppkey          |      6 |      0 |        0 |       0 |      0 |      0 |        | pg_default |
| 16616 | snaga | public | partsupp | pk_partsupp           |  21937 |  25656 |   102564 |  102564 |   4397 |  72940 |        | pg_default |
| 16629 | snaga | public | region   | pk_region             |      2 |     28 |       28 |      28 |      4 |     33 |        | pg_default |
| 16610 | snaga | public | supplier | pk_supplier           |    276 | 102600 |   102600 |  102600 |    280 | 205533 |        | pg_default |
| 16673 | snaga | public | supplier | i_s_nationkey         |      3 |     20 |   460800 |       0 |      3 |     25 |        | pg_default |
+-------+-------+--------+----------+-----------------------+--------+--------+----------+---------+--------+--------+--------+------------+
SET
Timing is on.
                                                                                 QUERY PLAN                                                                                 
----------------------------------------------------------------------------------------------------------------------------------------------------------------------------
 Sort  (cost=2295097.95..2295098.01 rows=25 width=34) (actual time=50174.152..50174.152 rows=5 loops=1)
   Sort Key: (sum((lineitem.l_extendedprice * ('1'::double precision - lineitem.l_discount)))) DESC
   Sort Method: quicksort  Memory: 25kB
   ->  HashAggregate  (cost=2295097.12..2295097.37 rows=25 width=34) (actual time=50174.126..50174.126 rows=5 loops=1)
         Group Key: nation.n_name
         ->  Hash Join  (cost=379269.89..2294537.27 rows=55985 width=34) (actual time=2899.696..50137.684 rows=54986 loops=1)
               Hash Cond: ((lineitem.l_suppkey = supplier.s_suppkey) AND (customer.c_nationkey = supplier.s_nationkey))
               ->  Hash Join  (cost=374589.89..2278800.92 rows=1399533 width=46) (actual time=2869.496..49763.767 rows=1371736 loops=1)
                     Hash Cond: (lineitem.l_orderkey = orders.o_orderkey)
                     ->  Seq Scan on lineitem  (cost=0.00..1665268.68 rows=59985868 width=16) (actual time=0.004..40571.173 rows=59986052 loops=1)
                     ->  Hash  (cost=370215.27..370215.27 rows=349970 width=38) (actual time=2846.917..2846.917 rows=343204 loops=1)
                           Buckets: 524288  Batches: 1  Memory Usage: 28228kB
                           ->  Hash Join  (cost=80627.90..370215.27 rows=349970 width=38) (actual time=404.036..2767.634 rows=343204 loops=1)
                                 Hash Cond: (orders.o_custkey = customer.c_custkey)
                                 ->  Bitmap Heap Scan on orders  (cost=17967.95..297493.68 rows=1749849 width=8) (actual time=14.201..1951.549 rows=1712594 loops=1)
                                       Recheck Cond: ((o_orderdate >= '1997-11-01'::date) AND (o_orderdate < '1998-11-01 00:00:00'::timestamp without time zone))
                                       Rows Removed by Index Recheck: 13287406
                                       Heap Blocks: lossy=253278
                                       ->  Bitmap Index Scan on i_o_orderdate  (cost=0.00..17530.49 rows=1749849 width=0) (actual time=14.100..14.100 rows=2533120 loops=1)
                                             Index Cond: ((o_orderdate >= '1997-11-01'::date) AND (o_orderdate < '1998-11-01 00:00:00'::timestamp without time zone))
                                 ->  Hash  (cost=58910.17..58910.17 rows=299983 width=38) (actual time=388.890..388.890 rows=300963 loops=1)
                                       Buckets: 524288  Batches: 1  Memory Usage: 25258kB
                                       ->  Hash Join  (cost=2.53..58910.17 rows=299983 width=38) (actual time=0.033..324.517 rows=300963 loops=1)
                                             Hash Cond: (customer.c_nationkey = nation.n_nationkey)
                                             ->  Seq Scan on customer  (cost=0.00..50283.13 rows=1499913 width=8) (actual time=0.003..170.805 rows=1500000 loops=1)
                                             ->  Hash  (cost=2.47..2.47 rows=5 width=30) (actual time=0.022..0.022 rows=5 loops=1)
                                                   Buckets: 1024  Batches: 1  Memory Usage: 9kB
                                                   ->  Hash Join  (cost=1.07..2.47 rows=5 width=30) (actual time=0.016..0.019 rows=5 loops=1)
                                                         Hash Cond: (nation.n_regionkey = region.r_regionkey)
                                                         ->  Seq Scan on nation  (cost=0.00..1.25 rows=25 width=34) (actual time=0.002..0.003 rows=25 loops=1)
                                                         ->  Hash  (cost=1.06..1.06 rows=1 width=4) (actual time=0.007..0.007 rows=1 loops=1)
                                                               Buckets: 1024  Batches: 1  Memory Usage: 9kB
                                                               ->  Seq Scan on region  (cost=0.00..1.06 rows=1 width=4) (actual time=0.005..0.005 rows=1 loops=1)
                                                                     Filter: (r_name = 'EUROPE'::bpchar)
                                                                     Rows Removed by Filter: 4
               ->  Hash  (cost=3180.00..3180.00 rows=100000 width=8) (actual time=29.946..29.946 rows=100000 loops=1)
                     Buckets: 131072  Batches: 1  Memory Usage: 4931kB
                     ->  Seq Scan on supplier  (cost=0.00..3180.00 rows=100000 width=8) (actual time=0.004..16.894 rows=100000 loops=1)
 Planning time: 1.620 ms
 Execution time: 50174.726 ms
(40 rows)

Time: 50223.580 ms
+-------+-------+--------+----------+---------+-------+------------+-------+-------+-------+----------+---------+----------+---------------------+------------+
|  OID  | OWNER | SCHEMA |  TABLE   |   BLKS  |  SCAN |   T_READ   | T_INS | T_UPD | T_DEL |  B_READ  |  B_HIT  | VACUUMED |       ANALYZED      | TABLESPACE |
+-------+-------+--------+----------+---------+-------+------------+-------+-------+-------+----------+---------+----------+---------------------+------------+
| 16593 | snaga | public | customer |   35284 |    11 |   13500000 |     0 |     0 |     0 |   241704 |  105892 |          | 2015-07-16 11:49:02 | pg_default |
| 16599 | snaga | public | lineitem | 1065410 |    23 | 1199721040 |     0 |     0 |     0 | 23329983 | 2269897 |          | 2015-07-16 11:50:15 | pg_default |
| 16602 | snaga | public | nation   |       1 |    11 |        225 |     0 |     0 |     0 |        4 |  102630 |          | 2015-07-16 11:50:15 | pg_default |
| 16596 | snaga | public | orders   |  253278 |     2 |   30000000 |     0 |     0 |     0 |  1802910 | 1773022 |          | 2015-07-16 11:49:19 | pg_default |
| 16587 | snaga | public | part     |   40627 |     0 |          0 |     0 |     0 |     0 |    70627 |  124493 |          | 2015-07-16 11:48:52 | pg_default |
| 16590 | snaga | public | partsupp |  170916 |     7 |   48000000 |     0 |     0 |     0 |  1045210 |   38662 |          | 2015-07-16 11:48:59 | pg_default |
| 16605 | snaga | public | region   |       1 | 25651 |     128220 |     0 |     0 |     0 |        3 |   25672 |          | 2015-07-16 11:50:15 | pg_default |
| 16584 | snaga | public | supplier |    2180 |     6 |     500000 |     0 |     0 |     0 |     8720 |  150564 |          | 2015-07-16 11:48:50 | pg_default |
+-------+-------+--------+----------+---------+-------+------------+-------+-------+-------+----------+---------+----------+---------------------+------------+
+-------+-------+--------+----------+-----------------------+--------+--------+----------+---------+--------+--------+--------+------------+
|  OID  | OWNER | SCHEMA |  TABLE   |         INDEX         |  BLKS  |  SCAN  |  T_READ  |  T_FTCH | B_READ | B_HIT  | STATUS | TABLESPACE |
+-------+-------+--------+----------+-----------------------+--------+--------+----------+---------+--------+--------+--------+------------+
| 16619 | snaga | public | customer | pk_customer           |   4116 |     40 |       40 |      40 |     30 |    100 |        | pg_default |
| 16670 | snaga | public | customer | i_c_nationkey         |      3 |      0 |        0 |       0 |      0 |      0 |        | pg_default |
| 16677 | snaga | public | lineitem | i_l_commitdate        |     29 |      0 |        0 |       0 |      0 |      0 |        | pg_default |
| 16624 | snaga | public | lineitem | pk_lineitem           | 164480 |     40 |       40 |      40 |     40 |    140 |        | pg_default |
| 16663 | snaga | public | lineitem | i_l_shipdate          |     29 |      4 | 42618880 |       0 |    110 |     34 |        | pg_default |
| 16664 | snaga | public | lineitem | i_l_suppkey_partkey   |     37 |      0 |        0 |       0 |      0 |      0 |        | pg_default |
| 16665 | snaga | public | lineitem | i_l_partkey           |     29 |      0 |        0 |       0 |      0 |      0 |        | pg_default |
| 16666 | snaga | public | lineitem | i_l_suppkey           |     29 |      0 |        0 |       0 |      0 |      0 |        | pg_default |
| 16667 | snaga | public | lineitem | i_l_receiptdate       |     29 |      0 |        0 |       0 |      0 |      0 |        | pg_default |
| 16668 | snaga | public | lineitem | i_l_orderkey          |     29 |      0 |        0 |       0 |      0 |      0 |        | pg_default |
| 16669 | snaga | public | lineitem | i_l_orderkey_quantity |     37 |      0 |        0 |       0 |      0 |      0 |        | pg_default |
| 16627 | snaga | public | nation   | pk_nation             |      2 | 102624 |   102624 |  102624 |      4 | 102630 |        | pg_default |
| 16676 | snaga | public | nation   | i_n_regionkey         |      3 |      0 |        0 |       0 |      0 |      0 |        | pg_default |
| 16671 | snaga | public | orders   | i_o_orderdate         |      8 |     12 | 30397440 |       0 |     32 |     88 |        | pg_default |
| 16672 | snaga | public | orders   | i_o_custkey           |      8 |      0 |        0 |       0 |      0 |      0 |        | pg_default |
| 16622 | snaga | public | orders   | pk_orders             |  41131 |     40 |       40 |      40 |     30 |    105 |        | pg_default |
| 16612 | snaga | public | part     | pk_part               |   5487 |     24 |  8000020 | 8000020 |   5469 |  16464 |        | pg_default |
| 16674 | snaga | public | partsupp | i_ps_partkey          |      6 |      0 |        0 |       0 |      0 |      0 |        | pg_default |
| 16675 | snaga | public | partsupp | i_ps_suppkey          |      6 |      0 |        0 |       0 |      0 |      0 |        | pg_default |
| 16616 | snaga | public | partsupp | pk_partsupp           |  21937 |  25656 |   102564 |  102564 |   4397 |  72940 |        | pg_default |
| 16629 | snaga | public | region   | pk_region             |      2 |     30 |       30 |      30 |      4 |     36 |        | pg_default |
| 16610 | snaga | public | supplier | pk_supplier           |    276 | 102604 |   102604 |  102604 |    280 | 205542 |        | pg_default |
| 16673 | snaga | public | supplier | i_s_nationkey         |      3 |     20 |   460800 |       0 |      3 |     25 |        | pg_default |
+-------+-------+--------+----------+-----------------------+--------+--------+----------+---------+--------+--------+--------+------------+
