                                        QUERY PLAN                                        
------------------------------------------------------------------------------------------
 Sort  (cost=418733.64..418733.65 rows=6 width=20)
   Sort Key: l_returnflag, l_linestatus
   ->  HashAggregate  (cost=418733.45..418733.56 rows=6 width=20)
         Group Key: l_returnflag, l_linestatus
         ->  Seq Scan on lineitem  (cost=0.00..181597.21 rows=5928406 width=20)
               Filter: (l_shipdate <= '1998-09-15 00:00:00'::timestamp without time zone)
(6 rows)

+-------+-------+--------+----------+--------+------+----------+---------+-------+-------+--------+---------+----------+---------------------+------------+
|  OID  | OWNER | SCHEMA |  TABLE   |  BLKS  | SCAN |  T_READ  |  T_INS  | T_UPD | T_DEL | B_READ |  B_HIT  | VACUUMED |       ANALYZED      | TABLESPACE |
+-------+-------+--------+----------+--------+------+----------+---------+-------+-------+--------+---------+----------+---------------------+------------+
| 16395 | snaga | public | customer |   3531 |    3 |   450000 |  150000 |     0 |     0 |   5016 |   27895 |          | 2015-07-16 01:41:13 | pg_default |
| 16401 | snaga | public | lineitem | 106583 |   11 | 60012150 | 6001215 |     0 |     0 | 211146 | 1252266 |          | 2015-07-16 01:41:14 | pg_default |
| 16404 | snaga | public | nation   |      1 |    3 |       75 |      25 |     0 |     0 |      1 |       5 |          | 2015-07-16 01:41:14 | pg_default |
| 16398 | snaga | public | orders   |  25326 |    4 |  6000000 | 1500000 |     0 |     0 |  48612 |  208386 |          | 2015-07-16 01:41:13 | pg_default |
| 16389 | snaga | public | part     |   4064 |    2 |   400000 |  200000 |     0 |     0 |   6082 |   26558 |          | 2015-07-16 01:41:13 | pg_default |
| 16392 | snaga | public | partsupp |  17087 |    4 |  3200000 |  800000 |     0 |     0 |  32200 |  148518 |          | 2015-07-16 01:41:13 | pg_default |
| 16407 | snaga | public | region   |      1 |    2 |       10 |       5 |     0 |     0 |      1 |       4 |          | 2015-07-16 01:41:14 | pg_default |
| 16386 | snaga | public | supplier |    218 |    3 |    30000 |   10000 |     0 |     0 |    220 |    1802 |          | 2015-07-16 01:41:12 | pg_default |
+-------+-------+--------+----------+--------+------+----------+---------+-------+-------+--------+---------+----------+---------------------+------------+
+-------+-------+--------+----------+-----------------------+-------+------+--------+--------+--------+-------+--------+------------+
|  OID  | OWNER | SCHEMA |  TABLE   |         INDEX         |  BLKS | SCAN | T_READ | T_FTCH | B_READ | B_HIT | STATUS | TABLESPACE |
+-------+-------+--------+----------+-----------------------+-------+------+--------+--------+--------+-------+--------+------------+
| 16416 | snaga | public | customer | pk_customer           |   414 |    0 |      0 |      0 |      0 |     0 |        | pg_default |
| 16439 | snaga | public | customer | i_c_nationkey         |   414 |    0 |      0 |      0 |      0 |     0 |        | pg_default |
| 16446 | snaga | public | lineitem | i_l_commitdate        | 16457 |    0 |      0 |      0 |      1 |     0 |        | pg_default |
| 16420 | snaga | public | lineitem | pk_lineitem           | 16457 |    0 |      0 |      0 |      1 |     0 |        | pg_default |
| 16426 | snaga | public | lineitem | i_l_shipdate          | 16457 |    1 |      1 |      1 |      4 |     0 |        | pg_default |
| 16427 | snaga | public | lineitem | i_l_suppkey_partkey   | 16457 |    0 |      0 |      0 |      1 |     0 |        | pg_default |
| 16430 | snaga | public | lineitem | i_l_partkey           | 16457 |    0 |      0 |      0 |      1 |     0 |        | pg_default |
| 16434 | snaga | public | lineitem | i_l_suppkey           | 16457 |    0 |      0 |      0 |      1 |     0 |        | pg_default |
| 16436 | snaga | public | lineitem | i_l_receiptdate       | 16457 |    0 |      0 |      0 |      1 |     0 |        | pg_default |
| 16437 | snaga | public | lineitem | i_l_orderkey          | 16457 |    0 |      0 |      0 |      1 |     0 |        | pg_default |
| 16438 | snaga | public | lineitem | i_l_orderkey_quantity | 16457 |    0 |      0 |      0 |      1 |     0 |        | pg_default |
| 16422 | snaga | public | nation   | pk_nation             |     2 |    0 |      0 |      0 |      0 |     0 |        | pg_default |
| 16445 | snaga | public | nation   | i_n_regionkey         |     2 |    0 |      0 |      0 |      0 |     0 |        | pg_default |
| 16440 | snaga | public | orders   | i_o_orderdate         |  4116 |    0 |      0 |      0 |      0 |     0 |        | pg_default |
| 16441 | snaga | public | orders   | i_o_custkey           |  4116 |    0 |      0 |      0 |      0 |     0 |        | pg_default |
| 16418 | snaga | public | orders   | pk_orders             |  4116 |    0 |      0 |      0 |      0 |     0 |        | pg_default |
| 16412 | snaga | public | part     | pk_part               |   551 |    0 |      0 |      0 |      0 |     0 |        | pg_default |
| 16443 | snaga | public | partsupp | i_ps_partkey          |  2196 |    0 |      0 |      0 |      0 |     0 |        | pg_default |
| 16444 | snaga | public | partsupp | i_ps_suppkey          |  2196 |    0 |      0 |      0 |      0 |     0 |        | pg_default |
| 16414 | snaga | public | partsupp | pk_partsupp           |  2196 |    0 |      0 |      0 |      0 |     0 |        | pg_default |
| 16424 | snaga | public | region   | pk_region             |     2 |    0 |      0 |      0 |      0 |     0 |        | pg_default |
| 16410 | snaga | public | supplier | pk_supplier           |    30 |    0 |      0 |      0 |      0 |     0 |        | pg_default |
| 16442 | snaga | public | supplier | i_s_nationkey         |    30 |    0 |      0 |      0 |      0 |     0 |        | pg_default |
+-------+-------+--------+----------+-----------------------+-------+------+--------+--------+--------+-------+--------+------------+
Timing is on.
                                                            QUERY PLAN                                                            
----------------------------------------------------------------------------------------------------------------------------------
 Sort  (cost=418733.64..418733.65 rows=6 width=20) (actual time=4489.370..4489.370 rows=4 loops=1)
   Sort Key: l_returnflag, l_linestatus
   Sort Method: quicksort  Memory: 25kB
   ->  HashAggregate  (cost=418733.45..418733.56 rows=6 width=20) (actual time=4489.341..4489.343 rows=4 loops=1)
         Group Key: l_returnflag, l_linestatus
         ->  Seq Scan on lineitem  (cost=0.00..181597.21 rows=5928406 width=20) (actual time=0.009..964.830 rows=5939315 loops=1)
               Filter: (l_shipdate <= '1998-09-15 00:00:00'::timestamp without time zone)
               Rows Removed by Filter: 61900
 Planning time: 0.430 ms
 Execution time: 4489.440 ms
(10 rows)

Time: 4490.867 ms
+-------+-------+--------+----------+--------+------+----------+---------+-------+-------+--------+---------+----------+---------------------+------------+
|  OID  | OWNER | SCHEMA |  TABLE   |  BLKS  | SCAN |  T_READ  |  T_INS  | T_UPD | T_DEL | B_READ |  B_HIT  | VACUUMED |       ANALYZED      | TABLESPACE |
+-------+-------+--------+----------+--------+------+----------+---------+-------+-------+--------+---------+----------+---------------------+------------+
| 16395 | snaga | public | customer |   3531 |    3 |   450000 |  150000 |     0 |     0 |   5016 |   27895 |          | 2015-07-16 01:41:13 | pg_default |
| 16401 | snaga | public | lineitem | 106583 |   12 | 66013365 | 6001215 |     0 |     0 | 211146 | 1358850 |          | 2015-07-16 01:41:14 | pg_default |
| 16404 | snaga | public | nation   |      1 |    3 |       75 |      25 |     0 |     0 |      1 |       5 |          | 2015-07-16 01:41:14 | pg_default |
| 16398 | snaga | public | orders   |  25326 |    4 |  6000000 | 1500000 |     0 |     0 |  48612 |  208386 |          | 2015-07-16 01:41:13 | pg_default |
| 16389 | snaga | public | part     |   4064 |    2 |   400000 |  200000 |     0 |     0 |   6082 |   26558 |          | 2015-07-16 01:41:13 | pg_default |
| 16392 | snaga | public | partsupp |  17087 |    4 |  3200000 |  800000 |     0 |     0 |  32200 |  148518 |          | 2015-07-16 01:41:13 | pg_default |
| 16407 | snaga | public | region   |      1 |    2 |       10 |       5 |     0 |     0 |      1 |       4 |          | 2015-07-16 01:41:14 | pg_default |
| 16386 | snaga | public | supplier |    218 |    3 |    30000 |   10000 |     0 |     0 |    220 |    1802 |          | 2015-07-16 01:41:12 | pg_default |
+-------+-------+--------+----------+--------+------+----------+---------+-------+-------+--------+---------+----------+---------------------+------------+
+-------+-------+--------+----------+-----------------------+-------+------+--------+--------+--------+-------+--------+------------+
|  OID  | OWNER | SCHEMA |  TABLE   |         INDEX         |  BLKS | SCAN | T_READ | T_FTCH | B_READ | B_HIT | STATUS | TABLESPACE |
+-------+-------+--------+----------+-----------------------+-------+------+--------+--------+--------+-------+--------+------------+
| 16416 | snaga | public | customer | pk_customer           |   414 |    0 |      0 |      0 |      0 |     0 |        | pg_default |
| 16439 | snaga | public | customer | i_c_nationkey         |   414 |    0 |      0 |      0 |      0 |     0 |        | pg_default |
| 16446 | snaga | public | lineitem | i_l_commitdate        | 16457 |    0 |      0 |      0 |      1 |     1 |        | pg_default |
| 16420 | snaga | public | lineitem | pk_lineitem           | 16457 |    0 |      0 |      0 |      1 |     1 |        | pg_default |
| 16426 | snaga | public | lineitem | i_l_shipdate          | 16457 |    2 |      2 |      2 |      4 |     4 |        | pg_default |
| 16427 | snaga | public | lineitem | i_l_suppkey_partkey   | 16457 |    0 |      0 |      0 |      1 |     1 |        | pg_default |
| 16430 | snaga | public | lineitem | i_l_partkey           | 16457 |    0 |      0 |      0 |      1 |     1 |        | pg_default |
| 16434 | snaga | public | lineitem | i_l_suppkey           | 16457 |    0 |      0 |      0 |      1 |     1 |        | pg_default |
| 16436 | snaga | public | lineitem | i_l_receiptdate       | 16457 |    0 |      0 |      0 |      1 |     1 |        | pg_default |
| 16437 | snaga | public | lineitem | i_l_orderkey          | 16457 |    0 |      0 |      0 |      1 |     1 |        | pg_default |
| 16438 | snaga | public | lineitem | i_l_orderkey_quantity | 16457 |    0 |      0 |      0 |      1 |     1 |        | pg_default |
| 16422 | snaga | public | nation   | pk_nation             |     2 |    0 |      0 |      0 |      0 |     0 |        | pg_default |
| 16445 | snaga | public | nation   | i_n_regionkey         |     2 |    0 |      0 |      0 |      0 |     0 |        | pg_default |
| 16440 | snaga | public | orders   | i_o_orderdate         |  4116 |    0 |      0 |      0 |      0 |     0 |        | pg_default |
| 16441 | snaga | public | orders   | i_o_custkey           |  4116 |    0 |      0 |      0 |      0 |     0 |        | pg_default |
| 16418 | snaga | public | orders   | pk_orders             |  4116 |    0 |      0 |      0 |      0 |     0 |        | pg_default |
| 16412 | snaga | public | part     | pk_part               |   551 |    0 |      0 |      0 |      0 |     0 |        | pg_default |
| 16443 | snaga | public | partsupp | i_ps_partkey          |  2196 |    0 |      0 |      0 |      0 |     0 |        | pg_default |
| 16444 | snaga | public | partsupp | i_ps_suppkey          |  2196 |    0 |      0 |      0 |      0 |     0 |        | pg_default |
| 16414 | snaga | public | partsupp | pk_partsupp           |  2196 |    0 |      0 |      0 |      0 |     0 |        | pg_default |
| 16424 | snaga | public | region   | pk_region             |     2 |    0 |      0 |      0 |      0 |     0 |        | pg_default |
| 16410 | snaga | public | supplier | pk_supplier           |    30 |    0 |      0 |      0 |      0 |     0 |        | pg_default |
| 16442 | snaga | public | supplier | i_s_nationkey         |    30 |    0 |      0 |      0 |      0 |     0 |        | pg_default |
+-------+-------+--------+----------+-----------------------+-------+------+--------+--------+--------+-------+--------+------------+
Timing is on.
                                                            QUERY PLAN                                                            
----------------------------------------------------------------------------------------------------------------------------------
 Sort  (cost=418733.64..418733.65 rows=6 width=20) (actual time=4499.667..4499.667 rows=4 loops=1)
   Sort Key: l_returnflag, l_linestatus
   Sort Method: quicksort  Memory: 25kB
   ->  HashAggregate  (cost=418733.45..418733.56 rows=6 width=20) (actual time=4499.636..4499.637 rows=4 loops=1)
         Group Key: l_returnflag, l_linestatus
         ->  Seq Scan on lineitem  (cost=0.00..181597.21 rows=5928406 width=20) (actual time=0.010..965.435 rows=5939315 loops=1)
               Filter: (l_shipdate <= '1998-09-15 00:00:00'::timestamp without time zone)
               Rows Removed by Filter: 61900
 Planning time: 0.433 ms
 Execution time: 4499.741 ms
(10 rows)

Time: 4501.187 ms
+-------+-------+--------+----------+--------+------+----------+---------+-------+-------+--------+---------+----------+---------------------+------------+
|  OID  | OWNER | SCHEMA |  TABLE   |  BLKS  | SCAN |  T_READ  |  T_INS  | T_UPD | T_DEL | B_READ |  B_HIT  | VACUUMED |       ANALYZED      | TABLESPACE |
+-------+-------+--------+----------+--------+------+----------+---------+-------+-------+--------+---------+----------+---------------------+------------+
| 16395 | snaga | public | customer |   3531 |    3 |   450000 |  150000 |     0 |     0 |   5016 |   27895 |          | 2015-07-16 01:41:13 | pg_default |
| 16401 | snaga | public | lineitem | 106583 |   13 | 72014580 | 6001215 |     0 |     0 | 211146 | 1465434 |          | 2015-07-16 01:41:14 | pg_default |
| 16404 | snaga | public | nation   |      1 |    3 |       75 |      25 |     0 |     0 |      1 |       5 |          | 2015-07-16 01:41:14 | pg_default |
| 16398 | snaga | public | orders   |  25326 |    4 |  6000000 | 1500000 |     0 |     0 |  48612 |  208386 |          | 2015-07-16 01:41:13 | pg_default |
| 16389 | snaga | public | part     |   4064 |    2 |   400000 |  200000 |     0 |     0 |   6082 |   26558 |          | 2015-07-16 01:41:13 | pg_default |
| 16392 | snaga | public | partsupp |  17087 |    4 |  3200000 |  800000 |     0 |     0 |  32200 |  148518 |          | 2015-07-16 01:41:13 | pg_default |
| 16407 | snaga | public | region   |      1 |    2 |       10 |       5 |     0 |     0 |      1 |       4 |          | 2015-07-16 01:41:14 | pg_default |
| 16386 | snaga | public | supplier |    218 |    3 |    30000 |   10000 |     0 |     0 |    220 |    1802 |          | 2015-07-16 01:41:12 | pg_default |
+-------+-------+--------+----------+--------+------+----------+---------+-------+-------+--------+---------+----------+---------------------+------------+
+-------+-------+--------+----------+-----------------------+-------+------+--------+--------+--------+-------+--------+------------+
|  OID  | OWNER | SCHEMA |  TABLE   |         INDEX         |  BLKS | SCAN | T_READ | T_FTCH | B_READ | B_HIT | STATUS | TABLESPACE |
+-------+-------+--------+----------+-----------------------+-------+------+--------+--------+--------+-------+--------+------------+
| 16416 | snaga | public | customer | pk_customer           |   414 |    0 |      0 |      0 |      0 |     0 |        | pg_default |
| 16439 | snaga | public | customer | i_c_nationkey         |   414 |    0 |      0 |      0 |      0 |     0 |        | pg_default |
| 16446 | snaga | public | lineitem | i_l_commitdate        | 16457 |    0 |      0 |      0 |      1 |     2 |        | pg_default |
| 16420 | snaga | public | lineitem | pk_lineitem           | 16457 |    0 |      0 |      0 |      1 |     2 |        | pg_default |
| 16426 | snaga | public | lineitem | i_l_shipdate          | 16457 |    3 |      3 |      3 |      4 |     8 |        | pg_default |
| 16427 | snaga | public | lineitem | i_l_suppkey_partkey   | 16457 |    0 |      0 |      0 |      1 |     2 |        | pg_default |
| 16430 | snaga | public | lineitem | i_l_partkey           | 16457 |    0 |      0 |      0 |      1 |     2 |        | pg_default |
| 16434 | snaga | public | lineitem | i_l_suppkey           | 16457 |    0 |      0 |      0 |      1 |     2 |        | pg_default |
| 16436 | snaga | public | lineitem | i_l_receiptdate       | 16457 |    0 |      0 |      0 |      1 |     2 |        | pg_default |
| 16437 | snaga | public | lineitem | i_l_orderkey          | 16457 |    0 |      0 |      0 |      1 |     2 |        | pg_default |
| 16438 | snaga | public | lineitem | i_l_orderkey_quantity | 16457 |    0 |      0 |      0 |      1 |     2 |        | pg_default |
| 16422 | snaga | public | nation   | pk_nation             |     2 |    0 |      0 |      0 |      0 |     0 |        | pg_default |
| 16445 | snaga | public | nation   | i_n_regionkey         |     2 |    0 |      0 |      0 |      0 |     0 |        | pg_default |
| 16440 | snaga | public | orders   | i_o_orderdate         |  4116 |    0 |      0 |      0 |      0 |     0 |        | pg_default |
| 16441 | snaga | public | orders   | i_o_custkey           |  4116 |    0 |      0 |      0 |      0 |     0 |        | pg_default |
| 16418 | snaga | public | orders   | pk_orders             |  4116 |    0 |      0 |      0 |      0 |     0 |        | pg_default |
| 16412 | snaga | public | part     | pk_part               |   551 |    0 |      0 |      0 |      0 |     0 |        | pg_default |
| 16443 | snaga | public | partsupp | i_ps_partkey          |  2196 |    0 |      0 |      0 |      0 |     0 |        | pg_default |
| 16444 | snaga | public | partsupp | i_ps_suppkey          |  2196 |    0 |      0 |      0 |      0 |     0 |        | pg_default |
| 16414 | snaga | public | partsupp | pk_partsupp           |  2196 |    0 |      0 |      0 |      0 |     0 |        | pg_default |
| 16424 | snaga | public | region   | pk_region             |     2 |    0 |      0 |      0 |      0 |     0 |        | pg_default |
| 16410 | snaga | public | supplier | pk_supplier           |    30 |    0 |      0 |      0 |      0 |     0 |        | pg_default |
| 16442 | snaga | public | supplier | i_s_nationkey         |    30 |    0 |      0 |      0 |      0 |     0 |        | pg_default |
+-------+-------+--------+----------+-----------------------+-------+------+--------+--------+--------+-------+--------+------------+
Timing is on.
                                                            QUERY PLAN                                                            
----------------------------------------------------------------------------------------------------------------------------------
 Sort  (cost=418733.64..418733.65 rows=6 width=20) (actual time=4490.050..4490.051 rows=4 loops=1)
   Sort Key: l_returnflag, l_linestatus
   Sort Method: quicksort  Memory: 25kB
   ->  HashAggregate  (cost=418733.45..418733.56 rows=6 width=20) (actual time=4490.021..4490.022 rows=4 loops=1)
         Group Key: l_returnflag, l_linestatus
         ->  Seq Scan on lineitem  (cost=0.00..181597.21 rows=5928406 width=20) (actual time=0.010..966.216 rows=5939315 loops=1)
               Filter: (l_shipdate <= '1998-09-15 00:00:00'::timestamp without time zone)
               Rows Removed by Filter: 61900
 Planning time: 0.435 ms
 Execution time: 4490.123 ms
(10 rows)

Time: 4491.565 ms
+-------+-------+--------+----------+--------+------+----------+---------+-------+-------+--------+---------+----------+---------------------+------------+
|  OID  | OWNER | SCHEMA |  TABLE   |  BLKS  | SCAN |  T_READ  |  T_INS  | T_UPD | T_DEL | B_READ |  B_HIT  | VACUUMED |       ANALYZED      | TABLESPACE |
+-------+-------+--------+----------+--------+------+----------+---------+-------+-------+--------+---------+----------+---------------------+------------+
| 16395 | snaga | public | customer |   3531 |    3 |   450000 |  150000 |     0 |     0 |   5016 |   27895 |          | 2015-07-16 01:41:13 | pg_default |
| 16401 | snaga | public | lineitem | 106583 |   14 | 78015795 | 6001215 |     0 |     0 | 211146 | 1572018 |          | 2015-07-16 01:41:14 | pg_default |
| 16404 | snaga | public | nation   |      1 |    3 |       75 |      25 |     0 |     0 |      1 |       5 |          | 2015-07-16 01:41:14 | pg_default |
| 16398 | snaga | public | orders   |  25326 |    4 |  6000000 | 1500000 |     0 |     0 |  48612 |  208386 |          | 2015-07-16 01:41:13 | pg_default |
| 16389 | snaga | public | part     |   4064 |    2 |   400000 |  200000 |     0 |     0 |   6082 |   26558 |          | 2015-07-16 01:41:13 | pg_default |
| 16392 | snaga | public | partsupp |  17087 |    4 |  3200000 |  800000 |     0 |     0 |  32200 |  148518 |          | 2015-07-16 01:41:13 | pg_default |
| 16407 | snaga | public | region   |      1 |    2 |       10 |       5 |     0 |     0 |      1 |       4 |          | 2015-07-16 01:41:14 | pg_default |
| 16386 | snaga | public | supplier |    218 |    3 |    30000 |   10000 |     0 |     0 |    220 |    1802 |          | 2015-07-16 01:41:12 | pg_default |
+-------+-------+--------+----------+--------+------+----------+---------+-------+-------+--------+---------+----------+---------------------+------------+
+-------+-------+--------+----------+-----------------------+-------+------+--------+--------+--------+-------+--------+------------+
|  OID  | OWNER | SCHEMA |  TABLE   |         INDEX         |  BLKS | SCAN | T_READ | T_FTCH | B_READ | B_HIT | STATUS | TABLESPACE |
+-------+-------+--------+----------+-----------------------+-------+------+--------+--------+--------+-------+--------+------------+
| 16416 | snaga | public | customer | pk_customer           |   414 |    0 |      0 |      0 |      0 |     0 |        | pg_default |
| 16439 | snaga | public | customer | i_c_nationkey         |   414 |    0 |      0 |      0 |      0 |     0 |        | pg_default |
| 16446 | snaga | public | lineitem | i_l_commitdate        | 16457 |    0 |      0 |      0 |      1 |     3 |        | pg_default |
| 16420 | snaga | public | lineitem | pk_lineitem           | 16457 |    0 |      0 |      0 |      1 |     3 |        | pg_default |
| 16426 | snaga | public | lineitem | i_l_shipdate          | 16457 |    4 |      4 |      4 |      4 |    12 |        | pg_default |
| 16427 | snaga | public | lineitem | i_l_suppkey_partkey   | 16457 |    0 |      0 |      0 |      1 |     3 |        | pg_default |
| 16430 | snaga | public | lineitem | i_l_partkey           | 16457 |    0 |      0 |      0 |      1 |     3 |        | pg_default |
| 16434 | snaga | public | lineitem | i_l_suppkey           | 16457 |    0 |      0 |      0 |      1 |     3 |        | pg_default |
| 16436 | snaga | public | lineitem | i_l_receiptdate       | 16457 |    0 |      0 |      0 |      1 |     3 |        | pg_default |
| 16437 | snaga | public | lineitem | i_l_orderkey          | 16457 |    0 |      0 |      0 |      1 |     3 |        | pg_default |
| 16438 | snaga | public | lineitem | i_l_orderkey_quantity | 16457 |    0 |      0 |      0 |      1 |     3 |        | pg_default |
| 16422 | snaga | public | nation   | pk_nation             |     2 |    0 |      0 |      0 |      0 |     0 |        | pg_default |
| 16445 | snaga | public | nation   | i_n_regionkey         |     2 |    0 |      0 |      0 |      0 |     0 |        | pg_default |
| 16440 | snaga | public | orders   | i_o_orderdate         |  4116 |    0 |      0 |      0 |      0 |     0 |        | pg_default |
| 16441 | snaga | public | orders   | i_o_custkey           |  4116 |    0 |      0 |      0 |      0 |     0 |        | pg_default |
| 16418 | snaga | public | orders   | pk_orders             |  4116 |    0 |      0 |      0 |      0 |     0 |        | pg_default |
| 16412 | snaga | public | part     | pk_part               |   551 |    0 |      0 |      0 |      0 |     0 |        | pg_default |
| 16443 | snaga | public | partsupp | i_ps_partkey          |  2196 |    0 |      0 |      0 |      0 |     0 |        | pg_default |
| 16444 | snaga | public | partsupp | i_ps_suppkey          |  2196 |    0 |      0 |      0 |      0 |     0 |        | pg_default |
| 16414 | snaga | public | partsupp | pk_partsupp           |  2196 |    0 |      0 |      0 |      0 |     0 |        | pg_default |
| 16424 | snaga | public | region   | pk_region             |     2 |    0 |      0 |      0 |      0 |     0 |        | pg_default |
| 16410 | snaga | public | supplier | pk_supplier           |    30 |    0 |      0 |      0 |      0 |     0 |        | pg_default |
| 16442 | snaga | public | supplier | i_s_nationkey         |    30 |    0 |      0 |      0 |      0 |     0 |        | pg_default |
+-------+-------+--------+----------+-----------------------+-------+------+--------+--------+--------+-------+--------+------------+
Timing is on.
                                                            QUERY PLAN                                                            
----------------------------------------------------------------------------------------------------------------------------------
 Sort  (cost=418733.64..418733.65 rows=6 width=20) (actual time=4488.062..4488.062 rows=4 loops=1)
   Sort Key: l_returnflag, l_linestatus
   Sort Method: quicksort  Memory: 25kB
   ->  HashAggregate  (cost=418733.45..418733.56 rows=6 width=20) (actual time=4488.034..4488.035 rows=4 loops=1)
         Group Key: l_returnflag, l_linestatus
         ->  Seq Scan on lineitem  (cost=0.00..181597.21 rows=5928406 width=20) (actual time=0.010..965.080 rows=5939315 loops=1)
               Filter: (l_shipdate <= '1998-09-15 00:00:00'::timestamp without time zone)
               Rows Removed by Filter: 61900
 Planning time: 0.434 ms
 Execution time: 4488.135 ms
(10 rows)

Time: 4489.574 ms
+-------+-------+--------+----------+--------+------+----------+---------+-------+-------+--------+---------+----------+---------------------+------------+
|  OID  | OWNER | SCHEMA |  TABLE   |  BLKS  | SCAN |  T_READ  |  T_INS  | T_UPD | T_DEL | B_READ |  B_HIT  | VACUUMED |       ANALYZED      | TABLESPACE |
+-------+-------+--------+----------+--------+------+----------+---------+-------+-------+--------+---------+----------+---------------------+------------+
| 16395 | snaga | public | customer |   3531 |    3 |   450000 |  150000 |     0 |     0 |   5016 |   27895 |          | 2015-07-16 01:41:13 | pg_default |
| 16401 | snaga | public | lineitem | 106583 |   15 | 84017010 | 6001215 |     0 |     0 | 211146 | 1678602 |          | 2015-07-16 01:41:14 | pg_default |
| 16404 | snaga | public | nation   |      1 |    3 |       75 |      25 |     0 |     0 |      1 |       5 |          | 2015-07-16 01:41:14 | pg_default |
| 16398 | snaga | public | orders   |  25326 |    4 |  6000000 | 1500000 |     0 |     0 |  48612 |  208386 |          | 2015-07-16 01:41:13 | pg_default |
| 16389 | snaga | public | part     |   4064 |    2 |   400000 |  200000 |     0 |     0 |   6082 |   26558 |          | 2015-07-16 01:41:13 | pg_default |
| 16392 | snaga | public | partsupp |  17087 |    4 |  3200000 |  800000 |     0 |     0 |  32200 |  148518 |          | 2015-07-16 01:41:13 | pg_default |
| 16407 | snaga | public | region   |      1 |    2 |       10 |       5 |     0 |     0 |      1 |       4 |          | 2015-07-16 01:41:14 | pg_default |
| 16386 | snaga | public | supplier |    218 |    3 |    30000 |   10000 |     0 |     0 |    220 |    1802 |          | 2015-07-16 01:41:12 | pg_default |
+-------+-------+--------+----------+--------+------+----------+---------+-------+-------+--------+---------+----------+---------------------+------------+
+-------+-------+--------+----------+-----------------------+-------+------+--------+--------+--------+-------+--------+------------+
|  OID  | OWNER | SCHEMA |  TABLE   |         INDEX         |  BLKS | SCAN | T_READ | T_FTCH | B_READ | B_HIT | STATUS | TABLESPACE |
+-------+-------+--------+----------+-----------------------+-------+------+--------+--------+--------+-------+--------+------------+
| 16416 | snaga | public | customer | pk_customer           |   414 |    0 |      0 |      0 |      0 |     0 |        | pg_default |
| 16439 | snaga | public | customer | i_c_nationkey         |   414 |    0 |      0 |      0 |      0 |     0 |        | pg_default |
| 16446 | snaga | public | lineitem | i_l_commitdate        | 16457 |    0 |      0 |      0 |      1 |     4 |        | pg_default |
| 16420 | snaga | public | lineitem | pk_lineitem           | 16457 |    0 |      0 |      0 |      1 |     4 |        | pg_default |
| 16426 | snaga | public | lineitem | i_l_shipdate          | 16457 |    5 |      5 |      5 |      4 |    16 |        | pg_default |
| 16427 | snaga | public | lineitem | i_l_suppkey_partkey   | 16457 |    0 |      0 |      0 |      1 |     4 |        | pg_default |
| 16430 | snaga | public | lineitem | i_l_partkey           | 16457 |    0 |      0 |      0 |      1 |     4 |        | pg_default |
| 16434 | snaga | public | lineitem | i_l_suppkey           | 16457 |    0 |      0 |      0 |      1 |     4 |        | pg_default |
| 16436 | snaga | public | lineitem | i_l_receiptdate       | 16457 |    0 |      0 |      0 |      1 |     4 |        | pg_default |
| 16437 | snaga | public | lineitem | i_l_orderkey          | 16457 |    0 |      0 |      0 |      1 |     4 |        | pg_default |
| 16438 | snaga | public | lineitem | i_l_orderkey_quantity | 16457 |    0 |      0 |      0 |      1 |     4 |        | pg_default |
| 16422 | snaga | public | nation   | pk_nation             |     2 |    0 |      0 |      0 |      0 |     0 |        | pg_default |
| 16445 | snaga | public | nation   | i_n_regionkey         |     2 |    0 |      0 |      0 |      0 |     0 |        | pg_default |
| 16440 | snaga | public | orders   | i_o_orderdate         |  4116 |    0 |      0 |      0 |      0 |     0 |        | pg_default |
| 16441 | snaga | public | orders   | i_o_custkey           |  4116 |    0 |      0 |      0 |      0 |     0 |        | pg_default |
| 16418 | snaga | public | orders   | pk_orders             |  4116 |    0 |      0 |      0 |      0 |     0 |        | pg_default |
| 16412 | snaga | public | part     | pk_part               |   551 |    0 |      0 |      0 |      0 |     0 |        | pg_default |
| 16443 | snaga | public | partsupp | i_ps_partkey          |  2196 |    0 |      0 |      0 |      0 |     0 |        | pg_default |
| 16444 | snaga | public | partsupp | i_ps_suppkey          |  2196 |    0 |      0 |      0 |      0 |     0 |        | pg_default |
| 16414 | snaga | public | partsupp | pk_partsupp           |  2196 |    0 |      0 |      0 |      0 |     0 |        | pg_default |
| 16424 | snaga | public | region   | pk_region             |     2 |    0 |      0 |      0 |      0 |     0 |        | pg_default |
| 16410 | snaga | public | supplier | pk_supplier           |    30 |    0 |      0 |      0 |      0 |     0 |        | pg_default |
| 16442 | snaga | public | supplier | i_s_nationkey         |    30 |    0 |      0 |      0 |      0 |     0 |        | pg_default |
+-------+-------+--------+----------+-----------------------+-------+------+--------+--------+--------+-------+--------+------------+
