                                                                  QUERY PLAN                                                                  
----------------------------------------------------------------------------------------------------------------------------------------------
 Nested Loop  (cost=1171560.82..1171803.43 rows=19 width=79)
   CTE revenue0
     ->  HashAggregate  (cost=1171437.99..1171475.69 rows=3770 width=12)
           Group Key: lineitem.l_suppkey
           ->  Bitmap Heap Scan on lineitem  (cost=48678.04..1148498.01 rows=2293998 width=12)
                 Recheck Cond: ((l_shipdate >= '1993-12-01'::date) AND (l_shipdate < '1994-03-01 00:00:00'::timestamp without time zone))
                 ->  Bitmap Index Scan on i_l_shipdate  (cost=0.00..48104.54 rows=2293998 width=0)
                       Index Cond: ((l_shipdate >= '1993-12-01'::date) AND (l_shipdate < '1994-03-01 00:00:00'::timestamp without time zone))
   InitPlan 2 (returns $1)
     ->  Aggregate  (cost=84.83..84.84 rows=1 width=8)
           ->  CTE Scan on revenue0 revenue0_1  (cost=0.00..75.40 rows=3770 width=8)
   ->  CTE Scan on revenue0  (cost=0.00..84.83 rows=19 width=12)
         Filter: (total_revenue = $1)
   ->  Index Scan using pk_supplier on supplier  (cost=0.29..8.31 rows=1 width=71)
         Index Cond: (s_suppkey = revenue0.supplier_no)
(15 rows)

+-------+-------+--------+----------+---------+-------+------------+----------+-------+-------+----------+----------+----------+---------------------+------------+
|  OID  | OWNER | SCHEMA |  TABLE   |   BLKS  |  SCAN |   T_READ   |  T_INS   | T_UPD | T_DEL |  B_READ  |  B_HIT   | VACUUMED |       ANALYZED      | TABLESPACE |
+-------+-------+--------+----------+---------+-------+------------+----------+-------+-------+----------+----------+----------+---------------------+------------+
| 16593 | snaga | public | customer |   35284 |    76 |   91500000 |  1500000 |     0 |     0 |   714525 |  1674861 |          | 2015-07-16 05:49:04 | pg_default |
| 16599 | snaga | public | lineitem | 1065410 |    75 | 3539984768 | 59986052 |     0 |     0 | 59943607 | 42983108 |          | 2015-07-16 05:49:41 | pg_default |
| 16602 | snaga | public | nation   |       1 | 25738 |     642800 |       25 |     0 |     0 |        6 |    26086 |          | 2015-07-16 05:49:41 | pg_default |
| 16596 | snaga | public | orders   |  253278 |    53 |  630000000 | 15000000 |     0 |     0 | 11920292 | 19296136 |          | 2015-07-16 05:49:16 | pg_default |
| 16587 | snaga | public | part     |   40627 |    43 |   55309115 |  2000000 |     0 |     0 |   628041 |   933978 |          | 2015-07-16 05:48:56 | pg_default |
| 16590 | snaga | public | partsupp |  170916 |    12 |   88000000 |  8000000 |     0 |     0 |  2012375 | 10923128 |          | 2015-07-16 05:49:04 | pg_default |
| 16605 | snaga | public | region   |       1 |    49 |        177 |        5 |     0 |     0 |        6 |      129 |          | 2015-07-16 05:49:41 | pg_default |
| 16584 | snaga | public | supplier |    2180 |    68 |    4300004 |   100000 |     0 |     0 |    35524 | 10563427 |          | 2015-07-16 05:48:55 | pg_default |
+-------+-------+--------+----------+---------+-------+------------+----------+-------+-------+----------+----------+----------+---------------------+------------+
+-------+-------+--------+----------+-----------------------+--------+----------+-----------+----------+--------+----------+--------+------------+
|  OID  | OWNER | SCHEMA |  TABLE   |         INDEX         |  BLKS  |   SCAN   |   T_READ  |  T_FTCH  | B_READ |  B_HIT   | STATUS | TABLESPACE |
+-------+-------+--------+----------+-----------------------+--------+----------+-----------+----------+--------+----------+--------+------------+
| 16619 | snaga | public | customer | pk_customer           |   4116 |      270 |       270 |      270 |     59 |      824 |        | pg_default |
| 16638 | snaga | public | customer | i_c_nationkey         |   4116 |        0 |         0 |        0 |     14 |       59 |        | pg_default |
| 16645 | snaga | public | lineitem | i_l_commitdate        | 164480 |        0 |         0 |        0 |     29 |      100 |        | pg_default |
| 16624 | snaga | public | lineitem | pk_lineitem           | 164480 |        0 |         0 |        0 |     31 |       98 |        | pg_default |
| 16631 | snaga | public | lineitem | i_l_shipdate          | 164480 |       34 | 151026498 |       12 | 354532 |    58378 |        | pg_default |
| 16632 | snaga | public | lineitem | i_l_suppkey_partkey   | 164480 |        0 |         0 |        0 |     31 |       98 |        | pg_default |
| 16633 | snaga | public | lineitem | i_l_partkey           | 164480 |   154629 |   4702217 |  4702217 |  37568 |   594008 |        | pg_default |
| 16634 | snaga | public | lineitem | i_l_suppkey           | 164480 |      188 |       188 |      188 |     65 |      816 |        | pg_default |
| 16635 | snaga | public | lineitem | i_l_receiptdate       | 164480 |       11 | 100219757 |        0 | 249000 |    24996 |        | pg_default |
| 16636 | snaga | public | lineitem | i_l_orderkey          | 164480 |  4015697 |   5829530 |  5829530 | 638992 | 15440928 |        | pg_default |
| 16637 | snaga | public | lineitem | i_l_orderkey_quantity | 164480 |      266 |       266 |      266 |    168 |     1025 |        | pg_default |
| 16627 | snaga | public | nation   | pk_nation             |      2 |      376 |       376 |      376 |     19 |      422 |        | pg_default |
| 16644 | snaga | public | nation   | i_n_regionkey         |      2 |        0 |         0 |        0 |     14 |       51 |        | pg_default |
| 16639 | snaga | public | orders   | i_o_orderdate         |  41131 |       51 |  90066028 |       13 | 108805 |   137535 |        | pg_default |
| 16640 | snaga | public | orders   | i_o_custkey           |  41131 |      270 |       270 |      270 |     68 |      844 |        | pg_default |
| 16622 | snaga | public | orders   | pk_orders             |  41131 | 10366243 |  10366243 | 10366243 | 101866 | 31053531 |        | pg_default |
| 16612 | snaga | public | part     | pk_part               |   5487 |      192 |   8001364 |  8001364 |   5516 |    16968 |        | pg_default |
| 16642 | snaga | public | partsupp | i_ps_partkey          |  21937 |    25740 |  24151399 | 24151399 |  48262 |    95056 |        | pg_default |
| 16643 | snaga | public | partsupp | i_ps_suppkey          |  21937 |   119476 |   9544101 |  9544101 |  29220 |   355772 |        | pg_default |
| 16616 | snaga | public | partsupp | pk_partsupp           |  21937 |        0 |         0 |        0 |      5 |       25 |        | pg_default |
| 16629 | snaga | public | region   | pk_region             |      2 |       94 |        94 |       94 |     13 |      119 |        | pg_default |
| 16610 | snaga | public | supplier | pk_supplier           |    276 | 10468841 |  10468841 | 10468841 |    999 | 20994527 |        | pg_default |
| 16641 | snaga | public | supplier | i_s_nationkey         |    276 |       10 |     39950 |        0 |     58 |      143 |        | pg_default |
+-------+-------+--------+----------+-----------------------+--------+----------+-----------+----------+--------+----------+--------+------------+
SET
Timing is on.
                                                                      QUERY PLAN                                                                       
-------------------------------------------------------------------------------------------------------------------------------------------------------
 Nested Loop  (cost=1171560.82..1171803.43 rows=19 width=79) (actual time=108469.975..108470.711 rows=1 loops=1)
   CTE revenue0
     ->  HashAggregate  (cost=1171437.99..1171475.69 rows=3770 width=12) (actual time=108342.128..108369.143 rows=100000 loops=1)
           Group Key: lineitem.l_suppkey
           ->  Bitmap Heap Scan on lineitem  (cost=48678.04..1148498.01 rows=2293998 width=12) (actual time=747.753..106810.942 rows=2241200 loops=1)
                 Recheck Cond: ((l_shipdate >= '1993-12-01'::date) AND (l_shipdate < '1994-03-01 00:00:00'::timestamp without time zone))
                 Heap Blocks: exact=651171
                 ->  Bitmap Index Scan on i_l_shipdate  (cost=0.00..48104.54 rows=2293998 width=0) (actual time=579.212..579.212 rows=2241200 loops=1)
                       Index Cond: ((l_shipdate >= '1993-12-01'::date) AND (l_shipdate < '1994-03-01 00:00:00'::timestamp without time zone))
   InitPlan 2 (returns $1)
     ->  Aggregate  (cost=84.83..84.84 rows=1 width=8) (actual time=53.024..53.024 rows=1 loops=1)
           ->  CTE Scan on revenue0 revenue0_1  (cost=0.00..75.40 rows=3770 width=8) (actual time=0.001..45.833 rows=100000 loops=1)
   ->  CTE Scan on revenue0  (cost=0.00..84.83 rows=19 width=12) (actual time=108401.582..108402.317 rows=1 loops=1)
         Filter: (total_revenue = $1)
         Rows Removed by Filter: 99999
   ->  Index Scan using pk_supplier on supplier  (cost=0.29..8.31 rows=1 width=71) (actual time=68.378..68.379 rows=1 loops=1)
         Index Cond: (s_suppkey = revenue0.supplier_no)
 Planning time: 0.635 ms
 Execution time: 108473.410 ms
(19 rows)

Time: 108499.806 ms
+-------+-------+--------+----------+---------+-------+------------+----------+-------+-------+----------+----------+----------+---------------------+------------+
|  OID  | OWNER | SCHEMA |  TABLE   |   BLKS  |  SCAN |   T_READ   |  T_INS   | T_UPD | T_DEL |  B_READ  |  B_HIT   | VACUUMED |       ANALYZED      | TABLESPACE |
+-------+-------+--------+----------+---------+-------+------------+----------+-------+-------+----------+----------+----------+---------------------+------------+
| 16593 | snaga | public | customer |   35284 |    76 |   91500000 |  1500000 |     0 |     0 |   714525 |  1674861 |          | 2015-07-16 05:49:04 | pg_default |
| 16599 | snaga | public | lineitem | 1065410 |    75 | 3539984768 | 59986052 |     0 |     0 | 60461692 | 43116194 |          | 2015-07-16 05:49:41 | pg_default |
| 16602 | snaga | public | nation   |       1 | 25738 |     642800 |       25 |     0 |     0 |        6 |    26086 |          | 2015-07-16 05:49:41 | pg_default |
| 16596 | snaga | public | orders   |  253278 |    53 |  630000000 | 15000000 |     0 |     0 | 11920292 | 19296136 |          | 2015-07-16 05:49:16 | pg_default |
| 16587 | snaga | public | part     |   40627 |    43 |   55309115 |  2000000 |     0 |     0 |   628041 |   933978 |          | 2015-07-16 05:48:56 | pg_default |
| 16590 | snaga | public | partsupp |  170916 |    12 |   88000000 |  8000000 |     0 |     0 |  2012375 | 10923128 |          | 2015-07-16 05:49:04 | pg_default |
| 16605 | snaga | public | region   |       1 |    49 |        177 |        5 |     0 |     0 |        6 |      129 |          | 2015-07-16 05:49:41 | pg_default |
| 16584 | snaga | public | supplier |    2180 |    68 |    4300004 |   100000 |     0 |     0 |    35525 | 10563427 |          | 2015-07-16 05:48:55 | pg_default |
+-------+-------+--------+----------+---------+-------+------------+----------+-------+-------+----------+----------+----------+---------------------+------------+
+-------+-------+--------+----------+-----------------------+--------+----------+-----------+----------+--------+----------+--------+------------+
|  OID  | OWNER | SCHEMA |  TABLE   |         INDEX         |  BLKS  |   SCAN   |   T_READ  |  T_FTCH  | B_READ |  B_HIT   | STATUS | TABLESPACE |
+-------+-------+--------+----------+-----------------------+--------+----------+-----------+----------+--------+----------+--------+------------+
| 16619 | snaga | public | customer | pk_customer           |   4116 |      270 |       270 |      270 |     59 |      824 |        | pg_default |
| 16638 | snaga | public | customer | i_c_nationkey         |   4116 |        0 |         0 |        0 |     14 |       59 |        | pg_default |
| 16645 | snaga | public | lineitem | i_l_commitdate        | 164480 |        0 |         0 |        0 |     29 |      101 |        | pg_default |
| 16624 | snaga | public | lineitem | pk_lineitem           | 164480 |        0 |         0 |        0 |     31 |       99 |        | pg_default |
| 16631 | snaga | public | lineitem | i_l_shipdate          | 164480 |       35 | 153267698 |       12 | 360660 |    58379 |        | pg_default |
| 16632 | snaga | public | lineitem | i_l_suppkey_partkey   | 164480 |        0 |         0 |        0 |     31 |       99 |        | pg_default |
| 16633 | snaga | public | lineitem | i_l_partkey           | 164480 |   154629 |   4702217 |  4702217 |  37568 |   594009 |        | pg_default |
| 16634 | snaga | public | lineitem | i_l_suppkey           | 164480 |      188 |       188 |      188 |     65 |      817 |        | pg_default |
| 16635 | snaga | public | lineitem | i_l_receiptdate       | 164480 |       11 | 100219757 |        0 | 249000 |    24997 |        | pg_default |
| 16636 | snaga | public | lineitem | i_l_orderkey          | 164480 |  4015697 |   5829530 |  5829530 | 638992 | 15440929 |        | pg_default |
| 16637 | snaga | public | lineitem | i_l_orderkey_quantity | 164480 |      266 |       266 |      266 |    168 |     1026 |        | pg_default |
| 16627 | snaga | public | nation   | pk_nation             |      2 |      376 |       376 |      376 |     19 |      422 |        | pg_default |
| 16644 | snaga | public | nation   | i_n_regionkey         |      2 |        0 |         0 |        0 |     14 |       51 |        | pg_default |
| 16639 | snaga | public | orders   | i_o_orderdate         |  41131 |       51 |  90066028 |       13 | 108805 |   137535 |        | pg_default |
| 16640 | snaga | public | orders   | i_o_custkey           |  41131 |      270 |       270 |      270 |     68 |      844 |        | pg_default |
| 16622 | snaga | public | orders   | pk_orders             |  41131 | 10366243 |  10366243 | 10366243 | 101866 | 31053531 |        | pg_default |
| 16612 | snaga | public | part     | pk_part               |   5487 |      192 |   8001364 |  8001364 |   5516 |    16968 |        | pg_default |
| 16642 | snaga | public | partsupp | i_ps_partkey          |  21937 |    25740 |  24151399 | 24151399 |  48262 |    95056 |        | pg_default |
| 16643 | snaga | public | partsupp | i_ps_suppkey          |  21937 |   119476 |   9544101 |  9544101 |  29220 |   355772 |        | pg_default |
| 16616 | snaga | public | partsupp | pk_partsupp           |  21937 |        0 |         0 |        0 |      5 |       25 |        | pg_default |
| 16629 | snaga | public | region   | pk_region             |      2 |       94 |        94 |       94 |     13 |      119 |        | pg_default |
| 16610 | snaga | public | supplier | pk_supplier           |    276 | 10468842 |  10468842 | 10468842 |   1001 | 20994528 |        | pg_default |
| 16641 | snaga | public | supplier | i_s_nationkey         |    276 |       10 |     39950 |        0 |     58 |      144 |        | pg_default |
+-------+-------+--------+----------+-----------------------+--------+----------+-----------+----------+--------+----------+--------+------------+
SET
Timing is on.
                                                                       QUERY PLAN                                                                        
---------------------------------------------------------------------------------------------------------------------------------------------------------
 Nested Loop  (cost=1171560.82..1171803.43 rows=19 width=79) (actual time=104999.826..105000.565 rows=1 loops=1)
   CTE revenue0
     ->  HashAggregate  (cost=1171437.99..1171475.69 rows=3770 width=12) (actual time=104871.976..104896.634 rows=100000 loops=1)
           Group Key: lineitem.l_suppkey
           ->  Bitmap Heap Scan on lineitem  (cost=48678.04..1148498.01 rows=2293998 width=12) (actual time=1248.901..103380.872 rows=2241200 loops=1)
                 Recheck Cond: ((l_shipdate >= '1993-12-01'::date) AND (l_shipdate < '1994-03-01 00:00:00'::timestamp without time zone))
                 Heap Blocks: exact=651171
                 ->  Bitmap Index Scan on i_l_shipdate  (cost=0.00..48104.54 rows=2293998 width=0) (actual time=1071.527..1071.527 rows=2241200 loops=1)
                       Index Cond: ((l_shipdate >= '1993-12-01'::date) AND (l_shipdate < '1994-03-01 00:00:00'::timestamp without time zone))
   InitPlan 2 (returns $1)
     ->  Aggregate  (cost=84.83..84.84 rows=1 width=8) (actual time=50.607..50.607 rows=1 loops=1)
           ->  CTE Scan on revenue0 revenue0_1  (cost=0.00..75.40 rows=3770 width=8) (actual time=0.001..43.160 rows=100000 loops=1)
   ->  CTE Scan on revenue0  (cost=0.00..84.83 rows=19 width=12) (actual time=104928.781..104929.518 rows=1 loops=1)
         Filter: (total_revenue = $1)
         Rows Removed by Filter: 99999
   ->  Index Scan using pk_supplier on supplier  (cost=0.29..8.31 rows=1 width=71) (actual time=71.040..71.040 rows=1 loops=1)
         Index Cond: (s_suppkey = revenue0.supplier_no)
 Planning time: 148.928 ms
 Execution time: 105003.514 ms
(19 rows)

Time: 105315.522 ms
+-------+-------+--------+----------+---------+-------+------------+----------+-------+-------+----------+----------+----------+---------------------+------------+
|  OID  | OWNER | SCHEMA |  TABLE   |   BLKS  |  SCAN |   T_READ   |  T_INS   | T_UPD | T_DEL |  B_READ  |  B_HIT   | VACUUMED |       ANALYZED      | TABLESPACE |
+-------+-------+--------+----------+---------+-------+------------+----------+-------+-------+----------+----------+----------+---------------------+------------+
| 16593 | snaga | public | customer |   35284 |    77 |   93000000 |  1500000 |     0 |     0 |   714525 |  1710149 |          | 2015-07-16 05:49:04 | pg_default |
| 16599 | snaga | public | lineitem | 1065410 |    77 | 3659956872 | 59986052 |     0 |     0 | 61598377 | 44761506 |          | 2015-07-16 05:49:41 | pg_default |
| 16602 | snaga | public | nation   |       1 | 25738 |     642800 |       25 |     0 |     0 |        6 |    26086 |          | 2015-07-16 05:49:41 | pg_default |
| 16596 | snaga | public | orders   |  253278 |    54 |  645000000 | 15000000 |     0 |     0 | 12173344 | 19296370 |          | 2015-07-16 05:49:16 | pg_default |
| 16587 | snaga | public | part     |   40627 |    44 |   55309115 |  2000000 |     0 |     0 |   628043 |   933978 |          | 2015-07-16 05:48:56 | pg_default |
| 16590 | snaga | public | partsupp |  170916 |    12 |   88000000 |  8000000 |     0 |     0 |  2012375 | 10923128 |          | 2015-07-16 05:49:04 | pg_default |
| 16605 | snaga | public | region   |       1 |    49 |        177 |        5 |     0 |     0 |        6 |      129 |          | 2015-07-16 05:49:41 | pg_default |
| 16584 | snaga | public | supplier |    2180 |    68 |    4300004 |   100000 |     0 |     0 |    35526 | 10563427 |          | 2015-07-16 05:48:55 | pg_default |
+-------+-------+--------+----------+---------+-------+------------+----------+-------+-------+----------+----------+----------+---------------------+------------+
+-------+-------+--------+----------+-----------------------+--------+----------+-----------+----------+--------+----------+--------+------------+
|  OID  | OWNER | SCHEMA |  TABLE   |         INDEX         |  BLKS  |   SCAN   |   T_READ  |  T_FTCH  | B_READ |  B_HIT   | STATUS | TABLESPACE |
+-------+-------+--------+----------+-----------------------+--------+----------+-----------+----------+--------+----------+--------+------------+
| 16619 | snaga | public | customer | pk_customer           |   4116 |      274 |       274 |      274 |     59 |      837 |        | pg_default |
| 16638 | snaga | public | customer | i_c_nationkey         |   4116 |        0 |         0 |        0 |     14 |       60 |        | pg_default |
| 16645 | snaga | public | lineitem | i_l_commitdate        | 164480 |        0 |         0 |        0 |     29 |      104 |        | pg_default |
| 16624 | snaga | public | lineitem | pk_lineitem           | 164480 |        0 |         0 |        0 |     31 |      102 |        | pg_default |
| 16631 | snaga | public | lineitem | i_l_shipdate          | 164480 |       36 | 155508898 |       12 | 366788 |    58382 |        | pg_default |
| 16632 | snaga | public | lineitem | i_l_suppkey_partkey   | 164480 |        0 |         0 |        0 |     31 |      102 |        | pg_default |
| 16633 | snaga | public | lineitem | i_l_partkey           | 164480 |   154631 |   4702219 |  4702219 |  37575 |   594013 |        | pg_default |
| 16634 | snaga | public | lineitem | i_l_suppkey           | 164480 |      188 |       188 |      188 |     65 |      820 |        | pg_default |
| 16635 | snaga | public | lineitem | i_l_receiptdate       | 164480 |       11 | 100219757 |        0 | 249000 |    25000 |        | pg_default |
| 16636 | snaga | public | lineitem | i_l_orderkey          | 164480 |  4015697 |   5829530 |  5829530 | 638992 | 15440932 |        | pg_default |
| 16637 | snaga | public | lineitem | i_l_orderkey_quantity | 164480 |      270 |       270 |      270 |    168 |     1045 |        | pg_default |
| 16627 | snaga | public | nation   | pk_nation             |      2 |      376 |       376 |      376 |     19 |      422 |        | pg_default |
| 16644 | snaga | public | nation   | i_n_regionkey         |      2 |        0 |         0 |        0 |     14 |       51 |        | pg_default |
| 16639 | snaga | public | orders   | i_o_orderdate         |  41131 |       51 |  90066028 |       13 | 108805 |   137536 |        | pg_default |
| 16640 | snaga | public | orders   | i_o_custkey           |  41131 |      274 |       274 |      274 |     68 |      857 |        | pg_default |
| 16622 | snaga | public | orders   | pk_orders             |  41131 | 10366247 |  10366247 | 10366247 | 101866 | 31053544 |        | pg_default |
| 16612 | snaga | public | part     | pk_part               |   5487 |      194 |   8001366 |  8001366 |   5522 |    16969 |        | pg_default |
| 16642 | snaga | public | partsupp | i_ps_partkey          |  21937 |    25740 |  24151399 | 24151399 |  48262 |    95056 |        | pg_default |
| 16643 | snaga | public | partsupp | i_ps_suppkey          |  21937 |   119476 |   9544101 |  9544101 |  29220 |   355772 |        | pg_default |
| 16616 | snaga | public | partsupp | pk_partsupp           |  21937 |        0 |         0 |        0 |      5 |       25 |        | pg_default |
| 16629 | snaga | public | region   | pk_region             |      2 |       94 |        94 |       94 |     13 |      119 |        | pg_default |
| 16610 | snaga | public | supplier | pk_supplier           |    276 | 10468843 |  10468843 | 10468843 |   1004 | 20994528 |        | pg_default |
| 16641 | snaga | public | supplier | i_s_nationkey         |    276 |       10 |     39950 |        0 |     59 |      144 |        | pg_default |
+-------+-------+--------+----------+-----------------------+--------+----------+-----------+----------+--------+----------+--------+------------+
SET
Timing is on.
                                                                                                                                                                                                                                                                                                                                                                                                                                                                                                                                                              QUERY PLAN                                                                                                                                                                                                                                                                                                                                                                                                                                                                                                                                                              
--------------------------------------------------------------------------------------------------------------------------------------------------------------------------------------------------------------------------------------------------------------------------------------------------------------------------------------------------------------------------------------------------------------------------------------------------------------------------------------------------------------------------------------------------------------------------------------------------------------------------------------------------------------------------------------------------------------------------------------------------------------------------------------------------------------------------------------------------------------------------------------------------------------------------------------------------------------------------------------------------------------------------------------------------------------------------------------------------------------------------------------
 Aggregate  (cost=682426.97..682426.98 rows=1 width=8) (actual time=464854.009..464854.009 rows=1 loops=1)
   ->  Nested Loop  (cost=0.56..682418.40 rows=1142 width=8) (actual time=104.596..464852.963 rows=1152 loops=1)
         ->  Seq Scan on part  (cost=0.00..125625.30 rows=4809 width=30) (actual time=0.342..2562.165 rows=4878 loops=1)
               Filter: ((p_size >= 1) AND (((p_brand = 'Brand#44'::bpchar) AND (p_container = ANY ('{"SM CASE","SM BOX","SM PACK","SM PKG"}'::bpchar[])) AND (p_size <= 5)) OR ((p_brand = 'Brand#31'::bpchar) AND (p_container = ANY ('{"MED BAG","MED BOX","MED PKG","MED PACK"}'::bpchar[])) AND (p_size <= 10)) OR ((p_brand = 'Brand#42'::bpchar) AND (p_container = ANY ('{"LG CASE","LG BOX","LG PACK","LG PKG"}'::bpchar[])) AND (p_size <= 15))))
               Rows Removed by Filter: 1995122
         ->  Index Scan using i_l_partkey on lineitem  (cost=0.56..115.77 rows=1 width=16) (actual time=87.700..94.769 rows=0 loops=4878)
               Index Cond: (l_partkey = part.p_partkey)
               Filter: ((l_shipmode = ANY ('{AIR,"AIR REG"}'::bpchar[])) AND (l_shipinstruct = 'DELIVER IN PERSON'::bpchar) AND (((l_quantity >= '5'::double precision) AND (l_quantity <= '15'::double precision)) OR ((l_quantity >= '10'::double precision) AND (l_quantity <= '20'::double precision)) OR ((l_quantity >= '22'::double precision) AND (l_quantity <= '32'::double precision))) AND (((part.p_brand = 'Brand#44'::bpchar) AND (part.p_container = ANY ('{"SM CASE","SM BOX","SM PACK","SM PKG"}'::bpchar[])) AND (l_quantity >= '5'::double precision) AND (l_quantity <= '15'::double precision) AND (part.p_size <= 5)) OR ((part.p_brand = 'Brand#31'::bpchar) AND (part.p_container = ANY ('{"MED BAG","MED BOX","MED PKG","MED PACK"}'::bpchar[])) AND (l_quantity >= '10'::double precision) AND (l_quantity <= '20'::double precision) AND (part.p_size <= 10)) OR ((part.p_brand = 'Brand#42'::bpchar) AND (part.p_container = ANY ('{"LG CASE","LG BOX","LG PACK","LG PKG"}'::bpchar[])) AND (l_quantity >= '22'::double precision) AND (l_quantity <= '32'::double precision) AND (part.p_size <= 15))))
               Rows Removed by Filter: 30
 Planning time: 0.980 ms
 Execution time: 464854.073 ms
(11 rows)

Time: 464864.953 ms
+-------+-------+--------+----------+---------+-------+------------+----------+-------+-------+----------+----------+----------+---------------------+------------+
|  OID  | OWNER | SCHEMA |  TABLE   |   BLKS  |  SCAN |   T_READ   |  T_INS   | T_UPD | T_DEL |  B_READ  |  B_HIT   | VACUUMED |       ANALYZED      | TABLESPACE |
+-------+-------+--------+----------+---------+-------+------------+----------+-------+-------+----------+----------+----------+---------------------+------------+
| 16593 | snaga | public | customer |   35284 |    77 |   93000000 |  1500000 |     0 |     0 |   714525 |  1710149 |          | 2015-07-16 05:49:04 | pg_default |
| 16599 | snaga | public | lineitem | 1065410 |    77 | 3659956872 | 59986052 |     0 |     0 | 61676882 | 44976053 |          | 2015-07-16 05:49:41 | pg_default |
| 16602 | snaga | public | nation   |       1 | 25738 |     642800 |       25 |     0 |     0 |        6 |    26086 |          | 2015-07-16 05:49:41 | pg_default |
| 16596 | snaga | public | orders   |  253278 |    54 |  645000000 | 15000000 |     0 |     0 | 12173344 | 19296370 |          | 2015-07-16 05:49:16 | pg_default |
| 16587 | snaga | public | part     |   40627 |    46 |   59309115 |  2000000 |     0 |     0 |   668668 |   974611 |          | 2015-07-16 05:48:56 | pg_default |
| 16590 | snaga | public | partsupp |  170916 |    12 |   88000000 |  8000000 |     0 |     0 |  2012375 | 10923128 |          | 2015-07-16 05:49:04 | pg_default |
| 16605 | snaga | public | region   |       1 |    49 |        177 |        5 |     0 |     0 |        6 |      129 |          | 2015-07-16 05:49:41 | pg_default |
| 16584 | snaga | public | supplier |    2180 |    68 |    4300004 |   100000 |     0 |     0 |    35526 | 10563427 |          | 2015-07-16 05:48:55 | pg_default |
+-------+-------+--------+----------+---------+-------+------------+----------+-------+-------+----------+----------+----------+---------------------+------------+
+-------+-------+--------+----------+-----------------------+--------+----------+-----------+----------+--------+----------+--------+------------+
|  OID  | OWNER | SCHEMA |  TABLE   |         INDEX         |  BLKS  |   SCAN   |   T_READ  |  T_FTCH  | B_READ |  B_HIT   | STATUS | TABLESPACE |
+-------+-------+--------+----------+-----------------------+--------+----------+-----------+----------+--------+----------+--------+------------+
| 16619 | snaga | public | customer | pk_customer           |   4116 |      274 |       274 |      274 |     59 |      837 |        | pg_default |
| 16638 | snaga | public | customer | i_c_nationkey         |   4116 |        0 |         0 |        0 |     14 |       60 |        | pg_default |
| 16645 | snaga | public | lineitem | i_l_commitdate        | 164480 |        0 |         0 |        0 |     29 |      106 |        | pg_default |
| 16624 | snaga | public | lineitem | pk_lineitem           | 164480 |        0 |         0 |        0 |     31 |      104 |        | pg_default |
| 16631 | snaga | public | lineitem | i_l_shipdate          | 164480 |       36 | 155508898 |       12 | 366788 |    58384 |        | pg_default |
| 16632 | snaga | public | lineitem | i_l_suppkey_partkey   | 164480 |        0 |         0 |        0 |     31 |      104 |        | pg_default |
| 16633 | snaga | public | lineitem | i_l_partkey           | 164480 |   164391 |   4995277 |  4995277 |  43371 |   628089 |        | pg_default |
| 16634 | snaga | public | lineitem | i_l_suppkey           | 164480 |      188 |       188 |      188 |     65 |      822 |        | pg_default |
| 16635 | snaga | public | lineitem | i_l_receiptdate       | 164480 |       11 | 100219757 |        0 | 249000 |    25002 |        | pg_default |
| 16636 | snaga | public | lineitem | i_l_orderkey          | 164480 |  4015697 |   5829530 |  5829530 | 638992 | 15440934 |        | pg_default |
| 16637 | snaga | public | lineitem | i_l_orderkey_quantity | 164480 |      270 |       270 |      270 |    168 |     1047 |        | pg_default |
| 16627 | snaga | public | nation   | pk_nation             |      2 |      376 |       376 |      376 |     19 |      422 |        | pg_default |
| 16644 | snaga | public | nation   | i_n_regionkey         |      2 |        0 |         0 |        0 |     14 |       51 |        | pg_default |
| 16639 | snaga | public | orders   | i_o_orderdate         |  41131 |       51 |  90066028 |       13 | 108805 |   137536 |        | pg_default |
| 16640 | snaga | public | orders   | i_o_custkey           |  41131 |      274 |       274 |      274 |     68 |      857 |        | pg_default |
| 16622 | snaga | public | orders   | pk_orders             |  41131 | 10366247 |  10366247 | 10366247 | 101866 | 31053544 |        | pg_default |
| 16612 | snaga | public | part     | pk_part               |   5487 |      198 |   8001370 |  8001370 |   5522 |    16983 |        | pg_default |
| 16642 | snaga | public | partsupp | i_ps_partkey          |  21937 |    25740 |  24151399 | 24151399 |  48262 |    95056 |        | pg_default |
| 16643 | snaga | public | partsupp | i_ps_suppkey          |  21937 |   119476 |   9544101 |  9544101 |  29220 |   355772 |        | pg_default |
| 16616 | snaga | public | partsupp | pk_partsupp           |  21937 |        0 |         0 |        0 |      5 |       25 |        | pg_default |
| 16629 | snaga | public | region   | pk_region             |      2 |       94 |        94 |       94 |     13 |      119 |        | pg_default |
| 16610 | snaga | public | supplier | pk_supplier           |    276 | 10468843 |  10468843 | 10468843 |   1004 | 20994528 |        | pg_default |
| 16641 | snaga | public | supplier | i_s_nationkey         |    276 |       10 |     39950 |        0 |     59 |      144 |        | pg_default |
+-------+-------+--------+----------+-----------------------+--------+----------+-----------+----------+--------+----------+--------+------------+
SET
Timing is on.
                                                                                                                                                                                                                                                                                                                                                                                                                                                                                                                                                              QUERY PLAN                                                                                                                                                                                                                                                                                                                                                                                                                                                                                                                                                              
--------------------------------------------------------------------------------------------------------------------------------------------------------------------------------------------------------------------------------------------------------------------------------------------------------------------------------------------------------------------------------------------------------------------------------------------------------------------------------------------------------------------------------------------------------------------------------------------------------------------------------------------------------------------------------------------------------------------------------------------------------------------------------------------------------------------------------------------------------------------------------------------------------------------------------------------------------------------------------------------------------------------------------------------------------------------------------------------------------------------------------------
 Aggregate  (cost=682426.97..682426.98 rows=1 width=8) (actual time=996.645..996.645 rows=1 loops=1)
   ->  Nested Loop  (cost=0.56..682418.40 rows=1142 width=8) (actual time=1.476..996.308 rows=1152 loops=1)
         ->  Seq Scan on part  (cost=0.00..125625.30 rows=4809 width=30) (actual time=0.363..639.822 rows=4878 loops=1)
               Filter: ((p_size >= 1) AND (((p_brand = 'Brand#44'::bpchar) AND (p_container = ANY ('{"SM CASE","SM BOX","SM PACK","SM PKG"}'::bpchar[])) AND (p_size <= 5)) OR ((p_brand = 'Brand#31'::bpchar) AND (p_container = ANY ('{"MED BAG","MED BOX","MED PKG","MED PACK"}'::bpchar[])) AND (p_size <= 10)) OR ((p_brand = 'Brand#42'::bpchar) AND (p_container = ANY ('{"LG CASE","LG BOX","LG PACK","LG PKG"}'::bpchar[])) AND (p_size <= 15))))
               Rows Removed by Filter: 1995122
         ->  Index Scan using i_l_partkey on lineitem  (cost=0.56..115.77 rows=1 width=16) (actual time=0.065..0.073 rows=0 loops=4878)
               Index Cond: (l_partkey = part.p_partkey)
               Filter: ((l_shipmode = ANY ('{AIR,"AIR REG"}'::bpchar[])) AND (l_shipinstruct = 'DELIVER IN PERSON'::bpchar) AND (((l_quantity >= '5'::double precision) AND (l_quantity <= '15'::double precision)) OR ((l_quantity >= '10'::double precision) AND (l_quantity <= '20'::double precision)) OR ((l_quantity >= '22'::double precision) AND (l_quantity <= '32'::double precision))) AND (((part.p_brand = 'Brand#44'::bpchar) AND (part.p_container = ANY ('{"SM CASE","SM BOX","SM PACK","SM PKG"}'::bpchar[])) AND (l_quantity >= '5'::double precision) AND (l_quantity <= '15'::double precision) AND (part.p_size <= 5)) OR ((part.p_brand = 'Brand#31'::bpchar) AND (part.p_container = ANY ('{"MED BAG","MED BOX","MED PKG","MED PACK"}'::bpchar[])) AND (l_quantity >= '10'::double precision) AND (l_quantity <= '20'::double precision) AND (part.p_size <= 10)) OR ((part.p_brand = 'Brand#42'::bpchar) AND (part.p_container = ANY ('{"LG CASE","LG BOX","LG PACK","LG PKG"}'::bpchar[])) AND (l_quantity >= '22'::double precision) AND (l_quantity <= '32'::double precision) AND (part.p_size <= 15))))
               Rows Removed by Filter: 30
 Planning time: 1.093 ms
 Execution time: 996.717 ms
(11 rows)

Time: 998.994 ms
+-------+-------+--------+----------+---------+-------+------------+----------+-------+-------+----------+----------+----------+---------------------+------------+
|  OID  | OWNER | SCHEMA |  TABLE   |   BLKS  |  SCAN |   T_READ   |  T_INS   | T_UPD | T_DEL |  B_READ  |  B_HIT   | VACUUMED |       ANALYZED      | TABLESPACE |
+-------+-------+--------+----------+---------+-------+------------+----------+-------+-------+----------+----------+----------+---------------------+------------+
| 16593 | snaga | public | customer |   35284 |    77 |   93000000 |  1500000 |     0 |     0 |   714525 |  1710149 |          | 2015-07-16 05:49:04 | pg_default |
| 16599 | snaga | public | lineitem | 1065410 |    77 | 3659956872 | 59986052 |     0 |     0 | 61676882 | 45269105 |          | 2015-07-16 05:49:41 | pg_default |
| 16602 | snaga | public | nation   |       1 | 25738 |     642800 |       25 |     0 |     0 |        6 |    26086 |          | 2015-07-16 05:49:41 | pg_default |
| 16596 | snaga | public | orders   |  253278 |    54 |  645000000 | 15000000 |     0 |     0 | 12173344 | 19296370 |          | 2015-07-16 05:49:16 | pg_default |
| 16587 | snaga | public | part     |   40627 |    48 |   63309115 |  2000000 |     0 |     0 |   668668 |  1055869 |          | 2015-07-16 05:48:56 | pg_default |
| 16590 | snaga | public | partsupp |  170916 |    12 |   88000000 |  8000000 |     0 |     0 |  2012375 | 10923128 |          | 2015-07-16 05:49:04 | pg_default |
| 16605 | snaga | public | region   |       1 |    49 |        177 |        5 |     0 |     0 |        6 |      129 |          | 2015-07-16 05:49:41 | pg_default |
| 16584 | snaga | public | supplier |    2180 |    68 |    4300004 |   100000 |     0 |     0 |    35526 | 10563427 |          | 2015-07-16 05:48:55 | pg_default |
+-------+-------+--------+----------+---------+-------+------------+----------+-------+-------+----------+----------+----------+---------------------+------------+
+-------+-------+--------+----------+-----------------------+--------+----------+-----------+----------+--------+----------+--------+------------+
|  OID  | OWNER | SCHEMA |  TABLE   |         INDEX         |  BLKS  |   SCAN   |   T_READ  |  T_FTCH  | B_READ |  B_HIT   | STATUS | TABLESPACE |
+-------+-------+--------+----------+-----------------------+--------+----------+-----------+----------+--------+----------+--------+------------+
| 16619 | snaga | public | customer | pk_customer           |   4116 |      274 |       274 |      274 |     59 |      837 |        | pg_default |
| 16638 | snaga | public | customer | i_c_nationkey         |   4116 |        0 |         0 |        0 |     14 |       60 |        | pg_default |
| 16645 | snaga | public | lineitem | i_l_commitdate        | 164480 |        0 |         0 |        0 |     29 |      108 |        | pg_default |
| 16624 | snaga | public | lineitem | pk_lineitem           | 164480 |        0 |         0 |        0 |     31 |      106 |        | pg_default |
| 16631 | snaga | public | lineitem | i_l_shipdate          | 164480 |       36 | 155508898 |       12 | 366788 |    58386 |        | pg_default |
| 16632 | snaga | public | lineitem | i_l_suppkey_partkey   | 164480 |        0 |         0 |        0 |     31 |      106 |        | pg_default |
| 16633 | snaga | public | lineitem | i_l_partkey           | 164480 |   174151 |   5288335 |  5288335 |  43371 |   667961 |        | pg_default |
| 16634 | snaga | public | lineitem | i_l_suppkey           | 164480 |      188 |       188 |      188 |     65 |      824 |        | pg_default |
| 16635 | snaga | public | lineitem | i_l_receiptdate       | 164480 |       11 | 100219757 |        0 | 249000 |    25004 |        | pg_default |
| 16636 | snaga | public | lineitem | i_l_orderkey          | 164480 |  4015697 |   5829530 |  5829530 | 638992 | 15440936 |        | pg_default |
| 16637 | snaga | public | lineitem | i_l_orderkey_quantity | 164480 |      270 |       270 |      270 |    168 |     1049 |        | pg_default |
| 16627 | snaga | public | nation   | pk_nation             |      2 |      376 |       376 |      376 |     19 |      422 |        | pg_default |
| 16644 | snaga | public | nation   | i_n_regionkey         |      2 |        0 |         0 |        0 |     14 |       51 |        | pg_default |
| 16639 | snaga | public | orders   | i_o_orderdate         |  41131 |       51 |  90066028 |       13 | 108805 |   137536 |        | pg_default |
| 16640 | snaga | public | orders   | i_o_custkey           |  41131 |      274 |       274 |      274 |     68 |      857 |        | pg_default |
| 16622 | snaga | public | orders   | pk_orders             |  41131 | 10366247 |  10366247 | 10366247 | 101866 | 31053544 |        | pg_default |
| 16612 | snaga | public | part     | pk_part               |   5487 |      202 |   8001374 |  8001374 |   5522 |    16997 |        | pg_default |
| 16642 | snaga | public | partsupp | i_ps_partkey          |  21937 |    25740 |  24151399 | 24151399 |  48262 |    95056 |        | pg_default |
| 16643 | snaga | public | partsupp | i_ps_suppkey          |  21937 |   119476 |   9544101 |  9544101 |  29220 |   355772 |        | pg_default |
| 16616 | snaga | public | partsupp | pk_partsupp           |  21937 |        0 |         0 |        0 |      5 |       25 |        | pg_default |
| 16629 | snaga | public | region   | pk_region             |      2 |       94 |        94 |       94 |     13 |      119 |        | pg_default |
| 16610 | snaga | public | supplier | pk_supplier           |    276 | 10468843 |  10468843 | 10468843 |   1004 | 20994528 |        | pg_default |
| 16641 | snaga | public | supplier | i_s_nationkey         |    276 |       10 |     39950 |        0 |     59 |      144 |        | pg_default |
+-------+-------+--------+----------+-----------------------+--------+----------+-----------+----------+--------+----------+--------+------------+
