                                                              QUERY PLAN                                                              
--------------------------------------------------------------------------------------------------------------------------------------
 Limit  (cost=4799039.06..4799039.06 rows=1 width=26)
   ->  Sort  (cost=4799039.06..4799039.06 rows=1 width=26)
         Sort Key: (count(*)) DESC, supplier.s_name
         ->  HashAggregate  (cost=4799039.04..4799039.05 rows=1 width=26)
               Group Key: supplier.s_name
               ->  Nested Loop Anti Join  (cost=2651862.49..4799039.03 rows=1 width=26)
                     ->  Nested Loop  (cost=2651861.92..4799004.68 rows=1 width=34)
                           ->  Hash Semi Join  (cost=2651861.49..4798997.41 rows=1 width=38)
                                 Hash Cond: (l1.l_orderkey = l2.l_orderkey)
                                 Join Filter: (l2.l_suppkey <> l1.l_suppkey)
                                 ->  Hash Join  (cost=2442.61..1900660.02 rows=799815 width=34)
                                       Hash Cond: (l1.l_suppkey = supplier.s_suppkey)
                                       ->  Seq Scan on lineitem l1  (cost=0.00..1815236.60 rows=19995376 width=8)
                                             Filter: (l_receiptdate > l_commitdate)
                                       ->  Hash  (cost=2392.61..2392.61 rows=4000 width=30)
                                             ->  Nested Loop  (cost=79.29..2392.61 rows=4000 width=30)
                                                   ->  Seq Scan on nation  (cost=0.00..1.31 rows=1 width=4)
                                                         Filter: (n_name = 'JORDAN'::bpchar)
                                                   ->  Bitmap Heap Scan on supplier  (cost=79.29..2351.30 rows=4000 width=34)
                                                         Recheck Cond: (s_nationkey = nation.n_nationkey)
                                                         ->  Bitmap Index Scan on i_s_nationkey  (cost=0.00..78.29 rows=4000 width=0)
                                                               Index Cond: (s_nationkey = nation.n_nationkey)
                                 ->  Hash  (cost=1665271.28..1665271.28 rows=59986128 width=8)
                                       ->  Seq Scan on lineitem l2  (cost=0.00..1665271.28 rows=59986128 width=8)
                           ->  Index Scan using pk_orders on orders  (cost=0.43..7.25 rows=1 width=4)
                                 Index Cond: (o_orderkey = l1.l_orderkey)
                                 Filter: (o_orderstatus = 'F'::bpchar)
                     ->  Index Scan using i_l_orderkey on lineitem l3  (cost=0.56..17.24 rows=44 width=8)
                           Index Cond: (l_orderkey = l1.l_orderkey)
                           Filter: ((l_receiptdate > l_commitdate) AND (l_suppkey <> l1.l_suppkey))
(30 rows)

+-------+-------+--------+----------+---------+-------+------------+----------+-------+-------+----------+----------+----------+---------------------+------------+
|  OID  | OWNER | SCHEMA |  TABLE   |   BLKS  |  SCAN |   T_READ   |  T_INS   | T_UPD | T_DEL |  B_READ  |  B_HIT   | VACUUMED |       ANALYZED      | TABLESPACE |
+-------+-------+--------+----------+---------+-------+------------+----------+-------+-------+----------+----------+----------+---------------------+------------+
| 16593 | snaga | public | customer |   35284 |    91 |  109500000 |  1500000 |     0 |     0 |   840255 |  1972575 |          | 2015-07-16 05:49:04 | pg_default |
| 16599 | snaga | public | lineitem | 1065410 |   101 | 4859677912 | 59986052 |     0 |     0 | 76834750 | 62987288 |          | 2015-07-16 05:49:41 | pg_default |
| 16602 | snaga | public | nation   |       1 | 25753 |     643075 |       25 |     0 |     0 |       10 |    26123 |          | 2015-07-16 05:49:41 | pg_default |
| 16596 | snaga | public | orders   |  253278 |    60 |  720000000 | 15000000 |     0 |     0 | 13194336 | 26919451 |          | 2015-07-16 05:49:16 | pg_default |
| 16587 | snaga | public | part     |   40627 |    70 |   86285507 |  2000000 |     0 |     0 |   716429 |  1474888 |          | 2015-07-16 05:48:56 | pg_default |
| 16590 | snaga | public | partsupp |  170916 |    15 |  104000000 |  8000000 |     0 |     0 |  2235934 | 11096849 |          | 2015-07-16 05:49:04 | pg_default |
| 16605 | snaga | public | region   |       1 |    49 |        177 |        5 |     0 |     0 |        6 |      129 |          | 2015-07-16 05:49:41 | pg_default |
| 16584 | snaga | public | supplier |    2180 |    73 |    4500004 |   100000 |     0 |     0 |    43269 | 10580362 |          | 2015-07-16 05:48:55 | pg_default |
+-------+-------+--------+----------+---------+-------+------------+----------+-------+-------+----------+----------+----------+---------------------+------------+
+-------+-------+--------+----------+-----------------------+--------+----------+-----------+----------+---------+----------+--------+------------+
|  OID  | OWNER | SCHEMA |  TABLE   |         INDEX         |  BLKS  |   SCAN   |   T_READ  |  T_FTCH  |  B_READ |  B_HIT   | STATUS | TABLESPACE |
+-------+-------+--------+----------+-----------------------+--------+----------+-----------+----------+---------+----------+--------+------------+
| 16619 | snaga | public | customer | pk_customer           |   4116 |      306 |       306 |      306 |      67 |      935 |        | pg_default |
| 16638 | snaga | public | customer | i_c_nationkey         |   4116 |        0 |         0 |        0 |      17 |       67 |        | pg_default |
| 16645 | snaga | public | lineitem | i_l_commitdate        | 164480 |        0 |         0 |        0 |      33 |      135 |        | pg_default |
| 16624 | snaga | public | lineitem | pk_lineitem           | 164480 |        0 |         0 |        0 |      35 |      133 |        | pg_default |
| 16631 | snaga | public | lineitem | i_l_shipdate          | 164480 |       36 | 155508898 |       12 |  366792 |    58413 |        | pg_default |
| 16632 | snaga | public | lineitem | i_l_suppkey_partkey   | 164480 |   203959 |   1531079 |  1531079 |   22446 |   798214 |        | pg_default |
| 16633 | snaga | public | lineitem | i_l_partkey           | 164480 |   386449 |  11887539 | 11887539 |   51322 |  1527957 |        | pg_default |
| 16634 | snaga | public | lineitem | i_l_suppkey           | 164480 |      212 |       212 |      212 |      90 |      926 |        | pg_default |
| 16635 | snaga | public | lineitem | i_l_receiptdate       | 164480 |       11 | 100219757 |        0 |  249004 |    25031 |        | pg_default |
| 16636 | snaga | public | lineitem | i_l_orderkey          | 164480 |  7392993 |  12024027 | 12024027 | 1170268 | 28436517 |        | pg_default |
| 16637 | snaga | public | lineitem | i_l_orderkey_quantity | 164480 |      366 |       366 |      366 |     193 |     1439 |        | pg_default |
| 16627 | snaga | public | nation   | pk_nation             |      2 |      406 |       406 |      406 |      27 |      459 |        | pg_default |
| 16644 | snaga | public | nation   | i_n_regionkey         |      2 |        0 |         0 |        0 |      18 |       62 |        | pg_default |
| 16639 | snaga | public | orders   | i_o_orderdate         |  41131 |       51 |  90066028 |       13 |  108810 |   137547 |        | pg_default |
| 16640 | snaga | public | orders   | i_o_custkey           |  41131 |   572109 |    381417 |   381417 |   40884 |  1677089 |        | pg_default |
| 16622 | snaga | public | orders   | pk_orders             |  41131 | 17362787 |  17362787 | 17362787 |  182405 | 52000987 |        | pg_default |
| 16612 | snaga | public | part     | pk_part               |   5487 |      246 |   8001418 |  8001418 |    5528 |    17145 |        | pg_default |
| 16642 | snaga | public | partsupp | i_ps_partkey          |  21937 |    76756 |  24355382 | 24355382 |   63001 |   234164 |        | pg_default |
| 16643 | snaga | public | partsupp | i_ps_suppkey          |  21937 |   119476 |   9544101 |  9544101 |   29222 |   355782 |        | pg_default |
| 16616 | snaga | public | partsupp | pk_partsupp           |  21937 |        0 |         0 |        0 |       7 |       35 |        | pg_default |
| 16629 | snaga | public | region   | pk_region             |      2 |       94 |        94 |       94 |      13 |      119 |        | pg_default |
| 16610 | snaga | public | supplier | pk_supplier           |    276 | 10468867 |  10468867 | 10468867 |    1016 | 20994582 |        | pg_default |
| 16641 | snaga | public | supplier | i_s_nationkey         |    276 |       21 |     83219 |        0 |     125 |      233 |        | pg_default |
+-------+-------+--------+----------+-----------------------+--------+----------+-----------+----------+---------+----------+--------+------------+
SET
Timing is on.
                                                                                     QUERY PLAN                                                                                      
-------------------------------------------------------------------------------------------------------------------------------------------------------------------------------------
 Limit  (cost=4799039.06..4799039.06 rows=1 width=26) (actual time=524908.897..524908.906 rows=100 loops=1)
   ->  Sort  (cost=4799039.06..4799039.06 rows=1 width=26) (actual time=524908.895..524908.901 rows=100 loops=1)
         Sort Key: (count(*)) DESC, supplier.s_name
         Sort Method: top-N heapsort  Memory: 32kB
         ->  HashAggregate  (cost=4799039.04..4799039.05 rows=1 width=26) (actual time=524894.385..524895.259 rows=3933 loops=1)
               Group Key: supplier.s_name
               ->  Nested Loop Anti Join  (cost=2651862.49..4799039.03 rows=1 width=26) (actual time=54225.677..524849.648 rows=39098 loops=1)
                     ->  Nested Loop  (cost=2651861.92..4799004.68 rows=1 width=34) (actual time=54165.767..369996.735 rows=694405 loops=1)
                           ->  Hash Semi Join  (cost=2651861.49..4798997.41 rows=1 width=38) (actual time=54113.326..294076.821 rows=1438672 loops=1)
                                 Hash Cond: (l1.l_orderkey = l2.l_orderkey)
                                 Join Filter: (l2.l_suppkey <> l1.l_suppkey)
                                 Rows Removed by Join Filter: 373428
                                 ->  Hash Join  (cost=2442.61..1900660.02 rows=799815 width=34) (actual time=132.676..233657.510 rows=1492217 loops=1)
                                       Hash Cond: (l1.l_suppkey = supplier.s_suppkey)
                                       ->  Seq Scan on lineitem l1  (cost=0.00..1815236.60 rows=19995376 width=8) (actual time=0.010..230103.934 rows=37929348 loops=1)
                                             Filter: (l_receiptdate > l_commitdate)
                                             Rows Removed by Filter: 22056704
                                       ->  Hash  (cost=2392.61..2392.61 rows=4000 width=30) (actual time=121.210..121.210 rows=3933 loops=1)
                                             Buckets: 4096  Batches: 1  Memory Usage: 278kB
                                             ->  Nested Loop  (cost=79.29..2392.61 rows=4000 width=30) (actual time=15.842..120.505 rows=3933 loops=1)
                                                   ->  Seq Scan on nation  (cost=0.00..1.31 rows=1 width=4) (actual time=0.003..0.006 rows=1 loops=1)
                                                         Filter: (n_name = 'JORDAN'::bpchar)
                                                         Rows Removed by Filter: 24
                                                   ->  Bitmap Heap Scan on supplier  (cost=79.29..2351.30 rows=4000 width=34) (actual time=15.836..120.008 rows=3933 loops=1)
                                                         Recheck Cond: (s_nationkey = nation.n_nationkey)
                                                         Heap Blocks: exact=1870
                                                         ->  Bitmap Index Scan on i_s_nationkey  (cost=0.00..78.29 rows=4000 width=0) (actual time=15.648..15.648 rows=3933 loops=1)
                                                               Index Cond: (s_nationkey = nation.n_nationkey)
                                 ->  Hash  (cost=1665271.28..1665271.28 rows=59986128 width=8) (actual time=52930.138..52930.138 rows=59986052 loops=1)
                                       Buckets: 67108864  Batches: 2  Memory Usage: 1696404kB
                                       ->  Seq Scan on lineitem l2  (cost=0.00..1665271.28 rows=59986128 width=8) (actual time=0.008..44802.555 rows=59986052 loops=1)
                           ->  Index Scan using pk_orders on orders  (cost=0.43..7.25 rows=1 width=4) (actual time=0.052..0.052 rows=0 loops=1438672)
                                 Index Cond: (o_orderkey = l1.l_orderkey)
                                 Filter: (o_orderstatus = 'F'::bpchar)
                                 Rows Removed by Filter: 1
                     ->  Index Scan using i_l_orderkey on lineitem l3  (cost=0.56..17.24 rows=44 width=8) (actual time=0.223..0.223 rows=1 loops=694405)
                           Index Cond: (l_orderkey = l1.l_orderkey)
                           Filter: ((l_receiptdate > l_commitdate) AND (l_suppkey <> l1.l_suppkey))
                           Rows Removed by Filter: 1
 Planning time: 1.980 ms
 Execution time: 524913.790 ms
(41 rows)

Time: 525007.528 ms
+-------+-------+--------+----------+---------+-------+------------+----------+-------+-------+----------+----------+----------+---------------------+------------+
|  OID  | OWNER | SCHEMA |  TABLE   |   BLKS  |  SCAN |   T_READ   |  T_INS   | T_UPD | T_DEL |  B_READ  |  B_HIT   | VACUUMED |       ANALYZED      | TABLESPACE |
+-------+-------+--------+----------+---------+-------+------------+----------+-------+-------+----------+----------+----------+---------------------+------------+
| 16593 | snaga | public | customer |   35284 |    91 |  109500000 |  1500000 |     0 |     0 |   840255 |  1972575 |          | 2015-07-16 05:49:04 | pg_default |
| 16599 | snaga | public | lineitem | 1065410 |   105 | 4979650016 | 59986052 |     0 |     0 | 78638880 | 64020794 |          | 2015-07-16 05:49:41 | pg_default |
| 16602 | snaga | public | nation   |       1 | 25755 |     643100 |       25 |     0 |     0 |       10 |    26128 |          | 2015-07-16 05:49:41 | pg_default |
| 16596 | snaga | public | orders   |  253278 |    60 |  720000000 | 15000000 |     0 |     0 | 13522951 | 28029516 |          | 2015-07-16 05:49:16 | pg_default |
| 16587 | snaga | public | part     |   40627 |    70 |   86285507 |  2000000 |     0 |     0 |   716429 |  1474888 |          | 2015-07-16 05:48:56 | pg_default |
| 16590 | snaga | public | partsupp |  170916 |    15 |  104000000 |  8000000 |     0 |     0 |  2235934 | 11096849 |          | 2015-07-16 05:49:04 | pg_default |
| 16605 | snaga | public | region   |       1 |    49 |        177 |        5 |     0 |     0 |        6 |      129 |          | 2015-07-16 05:49:41 | pg_default |
| 16584 | snaga | public | supplier |    2180 |    73 |    4500004 |   100000 |     0 |     0 |    43575 | 10581934 |          | 2015-07-16 05:48:55 | pg_default |
+-------+-------+--------+----------+---------+-------+------------+----------+-------+-------+----------+----------+----------+---------------------+------------+
+-------+-------+--------+----------+-----------------------+--------+----------+-----------+----------+---------+----------+--------+------------+
|  OID  | OWNER | SCHEMA |  TABLE   |         INDEX         |  BLKS  |   SCAN   |   T_READ  |  T_FTCH  |  B_READ |  B_HIT   | STATUS | TABLESPACE |
+-------+-------+--------+----------+-----------------------+--------+----------+-----------+----------+---------+----------+--------+------------+
| 16619 | snaga | public | customer | pk_customer           |   4116 |      306 |       306 |      306 |      67 |      935 |        | pg_default |
| 16638 | snaga | public | customer | i_c_nationkey         |   4116 |        0 |         0 |        0 |      17 |       67 |        | pg_default |
| 16645 | snaga | public | lineitem | i_l_commitdate        | 164480 |        0 |         0 |        0 |      33 |      137 |        | pg_default |
| 16624 | snaga | public | lineitem | pk_lineitem           | 164480 |        0 |         0 |        0 |      35 |      135 |        | pg_default |
| 16631 | snaga | public | lineitem | i_l_shipdate          | 164480 |       36 | 155508898 |       12 |  366792 |    58415 |        | pg_default |
| 16632 | snaga | public | lineitem | i_l_suppkey_partkey   | 164480 |   203959 |   1531079 |  1531079 |   22446 |   798216 |        | pg_default |
| 16633 | snaga | public | lineitem | i_l_partkey           | 164480 |   386449 |  11887539 | 11887539 |   51322 |  1527959 |        | pg_default |
| 16634 | snaga | public | lineitem | i_l_suppkey           | 164480 |      220 |       220 |      220 |      97 |      953 |        | pg_default |
| 16635 | snaga | public | lineitem | i_l_receiptdate       | 164480 |       11 | 100219757 |        0 |  249004 |    25033 |        | pg_default |
| 16636 | snaga | public | lineitem | i_l_orderkey          | 164480 |  8087398 |  13297704 | 13297704 | 1392622 | 30995399 |        | pg_default |
| 16637 | snaga | public | lineitem | i_l_orderkey_quantity | 164480 |      390 |       390 |      390 |     200 |     1530 |        | pg_default |
| 16627 | snaga | public | nation   | pk_nation             |      2 |      410 |       410 |      410 |      27 |      465 |        | pg_default |
| 16644 | snaga | public | nation   | i_n_regionkey         |      2 |        0 |         0 |        0 |      18 |       64 |        | pg_default |
| 16639 | snaga | public | orders   | i_o_orderdate         |  41131 |       51 |  90066028 |       13 |  108811 |   137548 |        | pg_default |
| 16640 | snaga | public | orders   | i_o_custkey           |  41131 |   572109 |    381417 |   381417 |   40885 |  1677090 |        | pg_default |
| 16622 | snaga | public | orders   | pk_orders             |  41131 | 18801467 |  18801467 | 18801467 |  223536 | 56283776 |        | pg_default |
| 16612 | snaga | public | part     | pk_part               |   5487 |      246 |   8001418 |  8001418 |    5528 |    17145 |        | pg_default |
| 16642 | snaga | public | partsupp | i_ps_partkey          |  21937 |    76756 |  24355382 | 24355382 |   63001 |   234164 |        | pg_default |
| 16643 | snaga | public | partsupp | i_ps_suppkey          |  21937 |   119476 |   9544101 |  9544101 |   29222 |   355782 |        | pg_default |
| 16616 | snaga | public | partsupp | pk_partsupp           |  21937 |        0 |         0 |        0 |       7 |       35 |        | pg_default |
| 16629 | snaga | public | region   | pk_region             |      2 |       94 |        94 |       94 |      13 |      119 |        | pg_default |
| 16610 | snaga | public | supplier | pk_supplier           |    276 | 10468875 |  10468875 | 10468875 |    1019 | 20994597 |        | pg_default |
| 16641 | snaga | public | supplier | i_s_nationkey         |    276 |       22 |     87152 |        0 |     137 |      236 |        | pg_default |
+-------+-------+--------+----------+-----------------------+--------+----------+-----------+----------+---------+----------+--------+------------+
SET
Timing is on.
                                                                                     QUERY PLAN                                                                                      
-------------------------------------------------------------------------------------------------------------------------------------------------------------------------------------
 Limit  (cost=4799039.06..4799039.06 rows=1 width=26) (actual time=442898.361..442898.372 rows=100 loops=1)
   ->  Sort  (cost=4799039.06..4799039.06 rows=1 width=26) (actual time=442898.359..442898.364 rows=100 loops=1)
         Sort Key: (count(*)) DESC, supplier.s_name
         Sort Method: top-N heapsort  Memory: 32kB
         ->  HashAggregate  (cost=4799039.04..4799039.05 rows=1 width=26) (actual time=442896.773..442897.634 rows=3933 loops=1)
               Group Key: supplier.s_name
               ->  Nested Loop Anti Join  (cost=2651862.49..4799039.03 rows=1 width=26) (actual time=53879.832..442852.624 rows=39098 loops=1)
                     ->  Nested Loop  (cost=2651861.92..4799004.68 rows=1 width=34) (actual time=53814.013..277326.693 rows=694405 loops=1)
                           ->  Hash Semi Join  (cost=2651861.49..4798997.41 rows=1 width=38) (actual time=53808.027..174183.173 rows=1438672 loops=1)
                                 Hash Cond: (l1.l_orderkey = l2.l_orderkey)
                                 Join Filter: (l2.l_suppkey <> l1.l_suppkey)
                                 Rows Removed by Join Filter: 373428
                                 ->  Hash Join  (cost=2442.61..1900660.02 rows=799815 width=34) (actual time=116.959..114383.065 rows=1492217 loops=1)
                                       Hash Cond: (l1.l_suppkey = supplier.s_suppkey)
                                       ->  Seq Scan on lineitem l1  (cost=0.00..1815236.60 rows=19995376 width=8) (actual time=0.433..110889.036 rows=37929348 loops=1)
                                             Filter: (l_receiptdate > l_commitdate)
                                             Rows Removed by Filter: 22056704
                                       ->  Hash  (cost=2392.61..2392.61 rows=4000 width=30) (actual time=116.488..116.488 rows=3933 loops=1)
                                             Buckets: 4096  Batches: 1  Memory Usage: 278kB
                                             ->  Nested Loop  (cost=79.29..2392.61 rows=4000 width=30) (actual time=11.239..115.317 rows=3933 loops=1)
                                                   ->  Seq Scan on nation  (cost=0.00..1.31 rows=1 width=4) (actual time=0.002..0.006 rows=1 loops=1)
                                                         Filter: (n_name = 'JORDAN'::bpchar)
                                                         Rows Removed by Filter: 24
                                                   ->  Bitmap Heap Scan on supplier  (cost=79.29..2351.30 rows=4000 width=34) (actual time=11.233..114.507 rows=3933 loops=1)
                                                         Recheck Cond: (s_nationkey = nation.n_nationkey)
                                                         Heap Blocks: exact=1870
                                                         ->  Bitmap Index Scan on i_s_nationkey  (cost=0.00..78.29 rows=4000 width=0) (actual time=11.048..11.048 rows=3933 loops=1)
                                                               Index Cond: (s_nationkey = nation.n_nationkey)
                                 ->  Hash  (cost=1665271.28..1665271.28 rows=59986128 width=8) (actual time=53544.689..53544.689 rows=59986052 loops=1)
                                       Buckets: 67108864  Batches: 2  Memory Usage: 1696404kB
                                       ->  Seq Scan on lineitem l2  (cost=0.00..1665271.28 rows=59986128 width=8) (actual time=0.007..45253.385 rows=59986052 loops=1)
                           ->  Index Scan using pk_orders on orders  (cost=0.43..7.25 rows=1 width=4) (actual time=0.071..0.071 rows=0 loops=1438672)
                                 Index Cond: (o_orderkey = l1.l_orderkey)
                                 Filter: (o_orderstatus = 'F'::bpchar)
                                 Rows Removed by Filter: 1
                     ->  Index Scan using i_l_orderkey on lineitem l3  (cost=0.56..17.24 rows=44 width=8) (actual time=0.238..0.238 rows=1 loops=694405)
                           Index Cond: (l_orderkey = l1.l_orderkey)
                           Filter: ((l_receiptdate > l_commitdate) AND (l_suppkey <> l1.l_suppkey))
                           Rows Removed by Filter: 1
 Planning time: 202.875 ms
 Execution time: 442903.012 ms
(41 rows)

Time: 443246.823 ms
+-------+-------+--------+----------+---------+-------+------------+----------+-------+-------+----------+----------+----------+---------------------+------------+
|  OID  | OWNER | SCHEMA |  TABLE   |   BLKS  |  SCAN |   T_READ   |  T_INS   | T_UPD | T_DEL |  B_READ  |  B_HIT   | VACUUMED |       ANALYZED      | TABLESPACE |
+-------+-------+--------+----------+---------+-------+------------+----------+-------+-------+----------+----------+----------+---------------------+------------+
| 16593 | snaga | public | customer |   35284 |    91 |  109500000 |  1500000 |     0 |     0 |   840255 |  1972575 |          | 2015-07-16 05:49:04 | pg_default |
| 16599 | snaga | public | lineitem | 1065410 |   107 | 5099622120 | 59986052 |     0 |     0 | 80834134 | 64663160 |          | 2015-07-16 05:49:41 | pg_default |
| 16602 | snaga | public | nation   |       1 | 25756 |     643125 |       25 |     0 |     0 |       11 |    26130 |          | 2015-07-16 05:49:41 | pg_default |
| 16596 | snaga | public | orders   |  253278 |    60 |  720000000 | 15000000 |     0 |     0 | 13670529 | 29320614 |          | 2015-07-16 05:49:16 | pg_default |
| 16587 | snaga | public | part     |   40627 |    70 |   86285507 |  2000000 |     0 |     0 |   716429 |  1474888 |          | 2015-07-16 05:48:56 | pg_default |
| 16590 | snaga | public | partsupp |  170916 |    15 |  104000000 |  8000000 |     0 |     0 |  2235934 | 11096849 |          | 2015-07-16 05:49:04 | pg_default |
| 16605 | snaga | public | region   |       1 |    49 |        177 |        5 |     0 |     0 |        6 |      129 |          | 2015-07-16 05:49:41 | pg_default |
| 16584 | snaga | public | supplier |    2180 |    73 |    4500004 |   100000 |     0 |     0 |    45445 | 10581938 |          | 2015-07-16 05:48:55 | pg_default |
+-------+-------+--------+----------+---------+-------+------------+----------+-------+-------+----------+----------+----------+---------------------+------------+
+-------+-------+--------+----------+-----------------------+--------+----------+-----------+----------+---------+----------+--------+------------+
|  OID  | OWNER | SCHEMA |  TABLE   |         INDEX         |  BLKS  |   SCAN   |   T_READ  |  T_FTCH  |  B_READ |  B_HIT   | STATUS | TABLESPACE |
+-------+-------+--------+----------+-----------------------+--------+----------+-----------+----------+---------+----------+--------+------------+
| 16619 | snaga | public | customer | pk_customer           |   4116 |      306 |       306 |      306 |      67 |      935 |        | pg_default |
| 16638 | snaga | public | customer | i_c_nationkey         |   4116 |        0 |         0 |        0 |      17 |       67 |        | pg_default |
| 16645 | snaga | public | lineitem | i_l_commitdate        | 164480 |        0 |         0 |        0 |      34 |      137 |        | pg_default |
| 16624 | snaga | public | lineitem | pk_lineitem           | 164480 |        0 |         0 |        0 |      36 |      135 |        | pg_default |
| 16631 | snaga | public | lineitem | i_l_shipdate          | 164480 |       36 | 155508898 |       12 |  366793 |    58415 |        | pg_default |
| 16632 | snaga | public | lineitem | i_l_suppkey_partkey   | 164480 |   203959 |   1531079 |  1531079 |   22447 |   798216 |        | pg_default |
| 16633 | snaga | public | lineitem | i_l_partkey           | 164480 |   386449 |  11887539 | 11887539 |   51323 |  1527959 |        | pg_default |
| 16634 | snaga | public | lineitem | i_l_suppkey           | 164480 |      224 |       224 |      224 |     105 |      962 |        | pg_default |
| 16635 | snaga | public | lineitem | i_l_receiptdate       | 164480 |       11 | 100219757 |        0 |  249005 |    25033 |        | pg_default |
| 16636 | snaga | public | lineitem | i_l_orderkey          | 164480 |  8781803 |  14571381 | 14571381 | 1536041 | 33633215 |        | pg_default |
| 16637 | snaga | public | lineitem | i_l_orderkey_quantity | 164480 |      402 |       402 |      402 |     208 |     1571 |        | pg_default |
| 16627 | snaga | public | nation   | pk_nation             |      2 |      412 |       412 |      412 |      29 |      466 |        | pg_default |
| 16644 | snaga | public | nation   | i_n_regionkey         |      2 |        0 |         0 |        0 |      19 |       64 |        | pg_default |
| 16639 | snaga | public | orders   | i_o_orderdate         |  41131 |       51 |  90066028 |       13 |  108812 |   137548 |        | pg_default |
| 16640 | snaga | public | orders   | i_o_custkey           |  41131 |   572109 |    381417 |   381417 |   40886 |  1677090 |        | pg_default |
| 16622 | snaga | public | orders   | pk_orders             |  41131 | 20240143 |  20240143 | 20240143 |  223537 | 60607682 |        | pg_default |
| 16612 | snaga | public | part     | pk_part               |   5487 |      246 |   8001418 |  8001418 |    5528 |    17145 |        | pg_default |
| 16642 | snaga | public | partsupp | i_ps_partkey          |  21937 |    76756 |  24355382 | 24355382 |   63001 |   234164 |        | pg_default |
| 16643 | snaga | public | partsupp | i_ps_suppkey          |  21937 |   119476 |   9544101 |  9544101 |   29222 |   355782 |        | pg_default |
| 16616 | snaga | public | partsupp | pk_partsupp           |  21937 |        0 |         0 |        0 |       7 |       35 |        | pg_default |
| 16629 | snaga | public | region   | pk_region             |      2 |       94 |        94 |       94 |      13 |      119 |        | pg_default |
| 16610 | snaga | public | supplier | pk_supplier           |    276 | 10468879 |  10468879 | 10468879 |    1023 | 20994602 |        | pg_default |
| 16641 | snaga | public | supplier | i_s_nationkey         |    276 |       23 |     91085 |        0 |     151 |      236 |        | pg_default |
+-------+-------+--------+----------+-----------------------+--------+----------+-----------+----------+---------+----------+--------+------------+
SET
Timing is on.
                                                                                     QUERY PLAN                                                                                      
-------------------------------------------------------------------------------------------------------------------------------------------------------------------------------------
 Limit  (cost=4799039.06..4799039.06 rows=1 width=26) (actual time=439449.704..439449.715 rows=100 loops=1)
   ->  Sort  (cost=4799039.06..4799039.06 rows=1 width=26) (actual time=439449.702..439449.705 rows=100 loops=1)
         Sort Key: (count(*)) DESC, supplier.s_name
         Sort Method: top-N heapsort  Memory: 32kB
         ->  HashAggregate  (cost=4799039.04..4799039.05 rows=1 width=26) (actual time=439448.161..439449.018 rows=3933 loops=1)
               Group Key: supplier.s_name
               ->  Nested Loop Anti Join  (cost=2651862.49..4799039.03 rows=1 width=26) (actual time=53379.942..439404.404 rows=39098 loops=1)
                     ->  Nested Loop  (cost=2651861.92..4799004.68 rows=1 width=34) (actual time=53322.489..281135.421 rows=694405 loops=1)
                           ->  Hash Semi Join  (cost=2651861.49..4798997.41 rows=1 width=38) (actual time=53308.149..178504.862 rows=1438672 loops=1)
                                 Hash Cond: (l1.l_orderkey = l2.l_orderkey)
                                 Join Filter: (l2.l_suppkey <> l1.l_suppkey)
                                 Rows Removed by Join Filter: 373428
                                 ->  Hash Join  (cost=2442.61..1900660.02 rows=799815 width=34) (actual time=116.973..118880.197 rows=1492217 loops=1)
                                       Hash Cond: (l1.l_suppkey = supplier.s_suppkey)
                                       ->  Seq Scan on lineitem l1  (cost=0.00..1815236.60 rows=19995376 width=8) (actual time=0.603..115377.687 rows=37929348 loops=1)
                                             Filter: (l_receiptdate > l_commitdate)
                                             Rows Removed by Filter: 22056704
                                       ->  Hash  (cost=2392.61..2392.61 rows=4000 width=30) (actual time=116.319..116.319 rows=3933 loops=1)
                                             Buckets: 4096  Batches: 1  Memory Usage: 278kB
                                             ->  Nested Loop  (cost=79.29..2392.61 rows=4000 width=30) (actual time=11.014..115.209 rows=3933 loops=1)
                                                   ->  Seq Scan on nation  (cost=0.00..1.31 rows=1 width=4) (actual time=0.003..0.007 rows=1 loops=1)
                                                         Filter: (n_name = 'JORDAN'::bpchar)
                                                         Rows Removed by Filter: 24
                                                   ->  Bitmap Heap Scan on supplier  (cost=79.29..2351.30 rows=4000 width=34) (actual time=11.008..114.392 rows=3933 loops=1)
                                                         Recheck Cond: (s_nationkey = nation.n_nationkey)
                                                         Heap Blocks: exact=1870
                                                         ->  Bitmap Index Scan on i_s_nationkey  (cost=0.00..78.29 rows=4000 width=0) (actual time=10.824..10.824 rows=3933 loops=1)
                                                               Index Cond: (s_nationkey = nation.n_nationkey)
                                 ->  Hash  (cost=1665271.28..1665271.28 rows=59986128 width=8) (actual time=53043.181..53043.181 rows=59986052 loops=1)
                                       Buckets: 67108864  Batches: 2  Memory Usage: 1696404kB
                                       ->  Seq Scan on lineitem l2  (cost=0.00..1665271.28 rows=59986128 width=8) (actual time=0.008..45171.344 rows=59986052 loops=1)
                           ->  Index Scan using pk_orders on orders  (cost=0.43..7.25 rows=1 width=4) (actual time=0.071..0.071 rows=0 loops=1438672)
                                 Index Cond: (o_orderkey = l1.l_orderkey)
                                 Filter: (o_orderstatus = 'F'::bpchar)
                                 Rows Removed by Filter: 1
                     ->  Index Scan using i_l_orderkey on lineitem l3  (cost=0.56..17.24 rows=44 width=8) (actual time=0.228..0.228 rows=1 loops=694405)
                           Index Cond: (l_orderkey = l1.l_orderkey)
                           Filter: ((l_receiptdate > l_commitdate) AND (l_suppkey <> l1.l_suppkey))
                           Rows Removed by Filter: 1
 Planning time: 219.463 ms
 Execution time: 439454.186 ms
(41 rows)

Time: 439765.662 ms
+-------+-------+--------+----------+---------+-------+------------+----------+-------+-------+----------+----------+----------+---------------------+------------+
|  OID  | OWNER | SCHEMA |  TABLE   |   BLKS  |  SCAN |   T_READ   |  T_INS   | T_UPD | T_DEL |  B_READ  |  B_HIT   | VACUUMED |       ANALYZED      | TABLESPACE |
+-------+-------+--------+----------+---------+-------+------------+----------+-------+-------+----------+----------+----------+---------------------+------------+
| 16593 | snaga | public | customer |   35284 |    91 |  109500000 |  1500000 |     0 |     0 |   840255 |  1972575 |          | 2015-07-16 05:49:04 | pg_default |
| 16599 | snaga | public | lineitem | 1065410 |   109 | 5219594224 | 59986052 |     0 |     0 | 83028476 | 65306438 |          | 2015-07-16 05:49:41 | pg_default |
| 16602 | snaga | public | nation   |       1 | 25757 |     643150 |       25 |     0 |     0 |       12 |    26132 |          | 2015-07-16 05:49:41 | pg_default |
| 16596 | snaga | public | orders   |  253278 |    60 |  720000000 | 15000000 |     0 |     0 | 13827601 | 30602218 |          | 2015-07-16 05:49:16 | pg_default |
| 16587 | snaga | public | part     |   40627 |    70 |   86285507 |  2000000 |     0 |     0 |   716429 |  1474888 |          | 2015-07-16 05:48:56 | pg_default |
| 16590 | snaga | public | partsupp |  170916 |    15 |  104000000 |  8000000 |     0 |     0 |  2235934 | 11096849 |          | 2015-07-16 05:49:04 | pg_default |
| 16605 | snaga | public | region   |       1 |    49 |        177 |        5 |     0 |     0 |        6 |      129 |          | 2015-07-16 05:49:41 | pg_default |
| 16584 | snaga | public | supplier |    2180 |    73 |    4500004 |   100000 |     0 |     0 |    47315 | 10581942 |          | 2015-07-16 05:48:55 | pg_default |
+-------+-------+--------+----------+---------+-------+------------+----------+-------+-------+----------+----------+----------+---------------------+------------+
+-------+-------+--------+----------+-----------------------+--------+----------+-----------+----------+---------+----------+--------+------------+
|  OID  | OWNER | SCHEMA |  TABLE   |         INDEX         |  BLKS  |   SCAN   |   T_READ  |  T_FTCH  |  B_READ |  B_HIT   | STATUS | TABLESPACE |
+-------+-------+--------+----------+-----------------------+--------+----------+-----------+----------+---------+----------+--------+------------+
| 16619 | snaga | public | customer | pk_customer           |   4116 |      306 |       306 |      306 |      67 |      935 |        | pg_default |
| 16638 | snaga | public | customer | i_c_nationkey         |   4116 |        0 |         0 |        0 |      17 |       67 |        | pg_default |
| 16645 | snaga | public | lineitem | i_l_commitdate        | 164480 |        0 |         0 |        0 |      35 |      137 |        | pg_default |
| 16624 | snaga | public | lineitem | pk_lineitem           | 164480 |        0 |         0 |        0 |      37 |      135 |        | pg_default |
| 16631 | snaga | public | lineitem | i_l_shipdate          | 164480 |       36 | 155508898 |       12 |  366794 |    58415 |        | pg_default |
| 16632 | snaga | public | lineitem | i_l_suppkey_partkey   | 164480 |   203959 |   1531079 |  1531079 |   22448 |   798216 |        | pg_default |
| 16633 | snaga | public | lineitem | i_l_partkey           | 164480 |   386449 |  11887539 | 11887539 |   51324 |  1527959 |        | pg_default |
| 16634 | snaga | public | lineitem | i_l_suppkey           | 164480 |      228 |       228 |      228 |     113 |      971 |        | pg_default |
| 16635 | snaga | public | lineitem | i_l_receiptdate       | 164480 |       11 | 100219757 |        0 |  249006 |    25033 |        | pg_default |
| 16636 | snaga | public | lineitem | i_l_orderkey          | 164480 |  9476208 |  15845058 | 15845058 | 1684567 | 36265924 |        | pg_default |
| 16637 | snaga | public | lineitem | i_l_orderkey_quantity | 164480 |      414 |       414 |      414 |     216 |     1612 |        | pg_default |
| 16627 | snaga | public | nation   | pk_nation             |      2 |      414 |       414 |      414 |      31 |      467 |        | pg_default |
| 16644 | snaga | public | nation   | i_n_regionkey         |      2 |        0 |         0 |        0 |      20 |       64 |        | pg_default |
| 16639 | snaga | public | orders   | i_o_orderdate         |  41131 |       51 |  90066028 |       13 |  108813 |   137548 |        | pg_default |
| 16640 | snaga | public | orders   | i_o_custkey           |  41131 |   572109 |    381417 |   381417 |   40887 |  1677090 |        | pg_default |
| 16622 | snaga | public | orders   | pk_orders             |  41131 | 21678819 |  21678819 | 21678819 |  223538 | 64931588 |        | pg_default |
| 16612 | snaga | public | part     | pk_part               |   5487 |      246 |   8001418 |  8001418 |    5528 |    17145 |        | pg_default |
| 16642 | snaga | public | partsupp | i_ps_partkey          |  21937 |    76756 |  24355382 | 24355382 |   63001 |   234164 |        | pg_default |
| 16643 | snaga | public | partsupp | i_ps_suppkey          |  21937 |   119476 |   9544101 |  9544101 |   29222 |   355782 |        | pg_default |
| 16616 | snaga | public | partsupp | pk_partsupp           |  21937 |        0 |         0 |        0 |       7 |       35 |        | pg_default |
| 16629 | snaga | public | region   | pk_region             |      2 |       94 |        94 |       94 |      13 |      119 |        | pg_default |
| 16610 | snaga | public | supplier | pk_supplier           |    276 | 10468883 |  10468883 | 10468883 |    1027 | 20994607 |        | pg_default |
| 16641 | snaga | public | supplier | i_s_nationkey         |    276 |       24 |     95018 |        0 |     165 |      236 |        | pg_default |
+-------+-------+--------+----------+-----------------------+--------+----------+-----------+----------+---------+----------+--------+------------+
SET
Timing is on.
                                                                                     QUERY PLAN                                                                                      
-------------------------------------------------------------------------------------------------------------------------------------------------------------------------------------
 Limit  (cost=4799039.06..4799039.06 rows=1 width=26) (actual time=437317.241..437317.250 rows=100 loops=1)
   ->  Sort  (cost=4799039.06..4799039.06 rows=1 width=26) (actual time=437317.240..437317.245 rows=100 loops=1)
         Sort Key: (count(*)) DESC, supplier.s_name
         Sort Method: top-N heapsort  Memory: 32kB
         ->  HashAggregate  (cost=4799039.04..4799039.05 rows=1 width=26) (actual time=437315.648..437316.534 rows=3933 loops=1)
               Group Key: supplier.s_name
               ->  Nested Loop Anti Join  (cost=2651862.49..4799039.03 rows=1 width=26) (actual time=54071.425..437271.701 rows=39098 loops=1)
                     ->  Nested Loop  (cost=2651861.92..4799004.68 rows=1 width=34) (actual time=54013.975..279693.015 rows=694405 loops=1)
                           ->  Hash Semi Join  (cost=2651861.49..4798997.41 rows=1 width=38) (actual time=54008.251..180028.101 rows=1438672 loops=1)
                                 Hash Cond: (l1.l_orderkey = l2.l_orderkey)
                                 Join Filter: (l2.l_suppkey <> l1.l_suppkey)
                                 Rows Removed by Join Filter: 373428
                                 ->  Hash Join  (cost=2442.61..1900660.02 rows=799815 width=34) (actual time=116.971..120077.825 rows=1492217 loops=1)
                                       Hash Cond: (l1.l_suppkey = supplier.s_suppkey)
                                       ->  Seq Scan on lineitem l1  (cost=0.00..1815236.60 rows=19995376 width=8) (actual time=0.013..116563.533 rows=37929348 loops=1)
                                             Filter: (l_receiptdate > l_commitdate)
                                             Rows Removed by Filter: 22056704
                                       ->  Hash  (cost=2392.61..2392.61 rows=4000 width=30) (actual time=116.921..116.921 rows=3933 loops=1)
                                             Buckets: 4096  Batches: 1  Memory Usage: 278kB
                                             ->  Nested Loop  (cost=79.29..2392.61 rows=4000 width=30) (actual time=11.634..115.814 rows=3933 loops=1)
                                                   ->  Seq Scan on nation  (cost=0.00..1.31 rows=1 width=4) (actual time=0.003..0.007 rows=1 loops=1)
                                                         Filter: (n_name = 'JORDAN'::bpchar)
                                                         Rows Removed by Filter: 24
                                                   ->  Bitmap Heap Scan on supplier  (cost=79.29..2351.30 rows=4000 width=34) (actual time=11.630..115.003 rows=3933 loops=1)
                                                         Recheck Cond: (s_nationkey = nation.n_nationkey)
                                                         Heap Blocks: exact=1870
                                                         ->  Bitmap Index Scan on i_s_nationkey  (cost=0.00..78.29 rows=4000 width=0) (actual time=11.442..11.442 rows=3933 loops=1)
                                                               Index Cond: (s_nationkey = nation.n_nationkey)
                                 ->  Hash  (cost=1665271.28..1665271.28 rows=59986128 width=8) (actual time=53805.495..53805.495 rows=59986052 loops=1)
                                       Buckets: 67108864  Batches: 2  Memory Usage: 1696404kB
                                       ->  Seq Scan on lineitem l2  (cost=0.00..1665271.28 rows=59986128 width=8) (actual time=0.004..45518.584 rows=59986052 loops=1)
                           ->  Index Scan using pk_orders on orders  (cost=0.43..7.25 rows=1 width=4) (actual time=0.069..0.069 rows=0 loops=1438672)
                                 Index Cond: (o_orderkey = l1.l_orderkey)
                                 Filter: (o_orderstatus = 'F'::bpchar)
                                 Rows Removed by Filter: 1
                     ->  Index Scan using i_l_orderkey on lineitem l3  (cost=0.56..17.24 rows=44 width=8) (actual time=0.227..0.227 rows=1 loops=694405)
                           Index Cond: (l_orderkey = l1.l_orderkey)
                           Filter: ((l_receiptdate > l_commitdate) AND (l_suppkey <> l1.l_suppkey))
                           Rows Removed by Filter: 1
 Planning time: 186.108 ms
 Execution time: 437321.635 ms
(41 rows)

Time: 437599.576 ms
+-------+-------+--------+----------+---------+-------+------------+----------+-------+-------+----------+----------+----------+---------------------+------------+
|  OID  | OWNER | SCHEMA |  TABLE   |   BLKS  |  SCAN |   T_READ   |  T_INS   | T_UPD | T_DEL |  B_READ  |  B_HIT   | VACUUMED |       ANALYZED      | TABLESPACE |
+-------+-------+--------+----------+---------+-------+------------+----------+-------+-------+----------+----------+----------+---------------------+------------+
| 16593 | snaga | public | customer |   35284 |    91 |  109500000 |  1500000 |     0 |     0 |   840255 |  1972575 |          | 2015-07-16 05:49:04 | pg_default |
| 16599 | snaga | public | lineitem | 1065410 |   111 | 5339566328 | 59986052 |     0 |     0 | 85223458 | 65949076 |          | 2015-07-16 05:49:41 | pg_default |
| 16602 | snaga | public | nation   |       1 | 25758 |     643175 |       25 |     0 |     0 |       13 |    26134 |          | 2015-07-16 05:49:41 | pg_default |
| 16596 | snaga | public | orders   |  253278 |    60 |  720000000 | 15000000 |     0 |     0 | 13990096 | 31878399 |          | 2015-07-16 05:49:16 | pg_default |
| 16587 | snaga | public | part     |   40627 |    70 |   86285507 |  2000000 |     0 |     0 |   716429 |  1474888 |          | 2015-07-16 05:48:56 | pg_default |
| 16590 | snaga | public | partsupp |  170916 |    15 |  104000000 |  8000000 |     0 |     0 |  2235934 | 11096849 |          | 2015-07-16 05:49:04 | pg_default |
| 16605 | snaga | public | region   |       1 |    49 |        177 |        5 |     0 |     0 |        6 |      129 |          | 2015-07-16 05:49:41 | pg_default |
| 16584 | snaga | public | supplier |    2180 |    73 |    4500004 |   100000 |     0 |     0 |    49185 | 10581946 |          | 2015-07-16 05:48:55 | pg_default |
+-------+-------+--------+----------+---------+-------+------------+----------+-------+-------+----------+----------+----------+---------------------+------------+
+-------+-------+--------+----------+-----------------------+--------+----------+-----------+----------+---------+----------+--------+------------+
|  OID  | OWNER | SCHEMA |  TABLE   |         INDEX         |  BLKS  |   SCAN   |   T_READ  |  T_FTCH  |  B_READ |  B_HIT   | STATUS | TABLESPACE |
+-------+-------+--------+----------+-----------------------+--------+----------+-----------+----------+---------+----------+--------+------------+
| 16619 | snaga | public | customer | pk_customer           |   4116 |      306 |       306 |      306 |      67 |      935 |        | pg_default |
| 16638 | snaga | public | customer | i_c_nationkey         |   4116 |        0 |         0 |        0 |      17 |       67 |        | pg_default |
| 16645 | snaga | public | lineitem | i_l_commitdate        | 164480 |        0 |         0 |        0 |      36 |      137 |        | pg_default |
| 16624 | snaga | public | lineitem | pk_lineitem           | 164480 |        0 |         0 |        0 |      38 |      135 |        | pg_default |
| 16631 | snaga | public | lineitem | i_l_shipdate          | 164480 |       36 | 155508898 |       12 |  366795 |    58415 |        | pg_default |
| 16632 | snaga | public | lineitem | i_l_suppkey_partkey   | 164480 |   203959 |   1531079 |  1531079 |   22449 |   798216 |        | pg_default |
| 16633 | snaga | public | lineitem | i_l_partkey           | 164480 |   386449 |  11887539 | 11887539 |   51325 |  1527959 |        | pg_default |
| 16634 | snaga | public | lineitem | i_l_suppkey           | 164480 |      232 |       232 |      232 |     121 |      980 |        | pg_default |
| 16635 | snaga | public | lineitem | i_l_receiptdate       | 164480 |       11 | 100219757 |        0 |  249007 |    25033 |        | pg_default |
| 16636 | snaga | public | lineitem | i_l_orderkey          | 164480 | 10170613 |  17118735 | 17118735 | 1836044 | 38895682 |        | pg_default |
| 16637 | snaga | public | lineitem | i_l_orderkey_quantity | 164480 |      426 |       426 |      426 |     224 |     1653 |        | pg_default |
| 16627 | snaga | public | nation   | pk_nation             |      2 |      416 |       416 |      416 |      33 |      468 |        | pg_default |
| 16644 | snaga | public | nation   | i_n_regionkey         |      2 |        0 |         0 |        0 |      21 |       64 |        | pg_default |
| 16639 | snaga | public | orders   | i_o_orderdate         |  41131 |       51 |  90066028 |       13 |  108814 |   137548 |        | pg_default |
| 16640 | snaga | public | orders   | i_o_custkey           |  41131 |   572109 |    381417 |   381417 |   40888 |  1677090 |        | pg_default |
| 16622 | snaga | public | orders   | pk_orders             |  41131 | 23117495 |  23117495 | 23117495 |  223539 | 69255494 |        | pg_default |
| 16612 | snaga | public | part     | pk_part               |   5487 |      246 |   8001418 |  8001418 |    5528 |    17145 |        | pg_default |
| 16642 | snaga | public | partsupp | i_ps_partkey          |  21937 |    76756 |  24355382 | 24355382 |   63001 |   234164 |        | pg_default |
| 16643 | snaga | public | partsupp | i_ps_suppkey          |  21937 |   119476 |   9544101 |  9544101 |   29222 |   355782 |        | pg_default |
| 16616 | snaga | public | partsupp | pk_partsupp           |  21937 |        0 |         0 |        0 |       7 |       35 |        | pg_default |
| 16629 | snaga | public | region   | pk_region             |      2 |       94 |        94 |       94 |      13 |      119 |        | pg_default |
| 16610 | snaga | public | supplier | pk_supplier           |    276 | 10468887 |  10468887 | 10468887 |    1031 | 20994612 |        | pg_default |
| 16641 | snaga | public | supplier | i_s_nationkey         |    276 |       25 |     98951 |        0 |     179 |      236 |        | pg_default |
+-------+-------+--------+----------+-----------------------+--------+----------+-----------+----------+---------+----------+--------+------------+
