                                                                              QUERY PLAN                                                                              
----------------------------------------------------------------------------------------------------------------------------------------------------------------------
 Sort  (cost=2313934.35..2313934.42 rows=25 width=34)
   Sort Key: (sum((lineitem.l_extendedprice * ('1'::double precision - lineitem.l_discount)))) DESC
   ->  HashAggregate  (cost=2313933.52..2313933.77 rows=25 width=34)
         Group Key: nation.n_name
         ->  Hash Join  (cost=398184.06..2313375.46 rows=55806 width=34)
               Hash Cond: ((lineitem.l_suppkey = supplier.s_suppkey) AND (customer.c_nationkey = supplier.s_nationkey))
               ->  Hash Join  (cost=393504.06..2297674.23 rows=1395090 width=46)
                     Hash Cond: (lineitem.l_orderkey = orders.o_orderkey)
                     ->  Seq Scan on lineitem  (cost=0.00..1665271.28 rows=59986128 width=16)
                     ->  Hash  (cost=389143.36..389143.36 rows=348856 width=38)
                           ->  Hash Join  (cost=99671.58..389143.36 rows=348856 width=38)
                                 Hash Cond: (orders.o_custkey = customer.c_custkey)
                                 ->  Bitmap Heap Scan on orders  (cost=37011.29..316453.48 rows=1744279 width=8)
                                       Recheck Cond: ((o_orderdate >= '1997-11-01'::date) AND (o_orderdate < '1998-11-01 00:00:00'::timestamp without time zone))
                                       ->  Bitmap Index Scan on i_o_orderdate  (cost=0.00..36575.22 rows=1744279 width=0)
                                             Index Cond: ((o_orderdate >= '1997-11-01'::date) AND (o_orderdate < '1998-11-01 00:00:00'::timestamp without time zone))
                                 ->  Hash  (cost=58910.46..58910.46 rows=299986 width=38)
                                       ->  Hash Join  (cost=2.53..58910.46 rows=299986 width=38)
                                             Hash Cond: (customer.c_nationkey = nation.n_nationkey)
                                             ->  Seq Scan on customer  (cost=0.00..50283.32 rows=1499932 width=8)
                                             ->  Hash  (cost=2.47..2.47 rows=5 width=30)
                                                   ->  Hash Join  (cost=1.07..2.47 rows=5 width=30)
                                                         Hash Cond: (nation.n_regionkey = region.r_regionkey)
                                                         ->  Seq Scan on nation  (cost=0.00..1.25 rows=25 width=34)
                                                         ->  Hash  (cost=1.06..1.06 rows=1 width=4)
                                                               ->  Seq Scan on region  (cost=0.00..1.06 rows=1 width=4)
                                                                     Filter: (r_name = 'EUROPE'::bpchar)
               ->  Hash  (cost=3180.00..3180.00 rows=100000 width=8)
                     ->  Seq Scan on supplier  (cost=0.00..3180.00 rows=100000 width=8)
(29 rows)

+-------+-------+--------+----------+---------+-------+------------+----------+-------+-------+----------+----------+----------+---------------------+------------+
|  OID  | OWNER | SCHEMA |  TABLE   |   BLKS  |  SCAN |   T_READ   |  T_INS   | T_UPD | T_DEL |  B_READ  |  B_HIT   | VACUUMED |       ANALYZED      | TABLESPACE |
+-------+-------+--------+----------+---------+-------+------------+----------+-------+-------+----------+----------+----------+---------------------+------------+
| 16593 | snaga | public | customer |   35284 |    21 |   21000000 |  1500000 |     0 |     0 |   201481 |   529359 |          | 2015-07-16 05:49:04 | pg_default |
| 16599 | snaga | public | lineitem | 1065410 |    39 | 1740403208 | 59986052 |     0 |     0 | 24680593 | 19789062 |          | 2015-07-16 05:49:41 | pg_default |
| 16602 | snaga | public | nation   |       1 | 25660 |     641200 |       25 |     0 |     0 |        4 |    25768 |          | 2015-07-16 05:49:41 | pg_default |
| 16596 | snaga | public | orders   |  253278 |    17 |  180000000 | 15000000 |     0 |     0 |  3650703 |  2665234 |          | 2015-07-16 05:49:16 | pg_default |
| 16587 | snaga | public | part     |   40627 |     2 |    4000000 |  2000000 |     0 |     0 |   239833 |   279756 |          | 2015-07-16 05:48:56 | pg_default |
| 16590 | snaga | public | partsupp |  170916 |     4 |   32000000 |  8000000 |     0 |     0 |   953104 |  6847512 |          | 2015-07-16 05:49:04 | pg_default |
| 16605 | snaga | public | region   |       1 |    25 |         67 |        5 |     0 |     0 |        4 |       61 |          | 2015-07-16 05:49:41 | pg_default |
| 16584 | snaga | public | supplier |    2180 |    24 |    1000004 |   100000 |     0 |     0 |     8744 |   133696 |          | 2015-07-16 05:48:55 | pg_default |
+-------+-------+--------+----------+---------+-------+------------+----------+-------+-------+----------+----------+----------+---------------------+------------+
+-------+-------+--------+----------+-----------------------+--------+---------+----------+---------+--------+----------+--------+------------+
|  OID  | OWNER | SCHEMA |  TABLE   |         INDEX         |  BLKS  |   SCAN  |  T_READ  |  T_FTCH | B_READ |  B_HIT   | STATUS | TABLESPACE |
+-------+-------+--------+----------+-----------------------+--------+---------+----------+---------+--------+----------+--------+------------+
| 16619 | snaga | public | customer | pk_customer           |   4116 |      72 |       72 |      72 |     18 |      216 |        | pg_default |
| 16638 | snaga | public | customer | i_c_nationkey         |   4116 |       0 |        0 |       0 |      3 |       15 |        | pg_default |
| 16645 | snaga | public | lineitem | i_l_commitdate        | 164480 |       0 |        0 |       0 |      8 |       39 |        | pg_default |
| 16624 | snaga | public | lineitem | pk_lineitem           | 164480 |       0 |        0 |       0 |      8 |       39 |        | pg_default |
| 16631 | snaga | public | lineitem | i_l_shipdate          | 164480 |      18 | 54613008 |      12 |  99504 |    49829 |        | pg_default |
| 16632 | snaga | public | lineitem | i_l_suppkey_partkey   | 164480 |       0 |        0 |       0 |      8 |       39 |        | pg_default |
| 16633 | snaga | public | lineitem | i_l_partkey           | 164480 |       0 |        0 |       0 |      8 |       39 |        | pg_default |
| 16634 | snaga | public | lineitem | i_l_suppkey           | 164480 |      24 |       24 |      24 |     22 |      121 |        | pg_default |
| 16635 | snaga | public | lineitem | i_l_receiptdate       | 164480 |       0 |        0 |       0 |      8 |       39 |        | pg_default |
| 16636 | snaga | public | lineitem | i_l_orderkey          | 164480 | 4015697 |  5829530 | 5829530 | 638969 | 15440869 |        | pg_default |
| 16637 | snaga | public | lineitem | i_l_orderkey_quantity | 164480 |      68 |       68 |      68 |     43 |      276 |        | pg_default |
| 16627 | snaga | public | nation   | pk_nation             |      2 |     120 |      120 |     120 |      6 |      129 |        | pg_default |
| 16644 | snaga | public | nation   | i_n_regionkey         |      2 |       0 |        0 |       0 |      3 |       12 |        | pg_default |
| 16639 | snaga | public | orders   | i_o_orderdate         |  41131 |      15 |  9153484 |       5 |  14115 |    10971 |        | pg_default |
| 16640 | snaga | public | orders   | i_o_custkey           |  41131 |      72 |       72 |      72 |     20 |      224 |        | pg_default |
| 16622 | snaga | public | orders   | pk_orders             |  41131 |      68 |       68 |      68 |     30 |      202 |        | pg_default |
| 16612 | snaga | public | part     | pk_part               |   5487 |      42 |  8001214 | 8001214 |   5469 |    16524 |        | pg_default |
| 16642 | snaga | public | partsupp | i_ps_partkey          |  21937 |   25672 |   102580 |  102580 |   4397 |    72992 |        | pg_default |
| 16643 | snaga | public | partsupp | i_ps_suppkey          |  21937 |   79422 |  6347997 | 6347997 |  15595 |   240344 |        | pg_default |
| 16616 | snaga | public | partsupp | pk_partsupp           |  21937 |       0 |        0 |       0 |      1 |        8 |        | pg_default |
| 16629 | snaga | public | region   | pk_region             |      2 |      46 |       46 |      46 |      6 |       54 |        | pg_default |
| 16610 | snaga | public | supplier | pk_supplier           |    276 |  102640 |   102640 |  102640 |    284 |   205615 |        | pg_default |
| 16641 | snaga | public | supplier | i_s_nationkey         |    276 |       0 |        0 |       0 |      3 |       12 |        | pg_default |
+-------+-------+--------+----------+-----------------------+--------+---------+----------+---------+--------+----------+--------+------------+
SET
Timing is on.
                                                                                  QUERY PLAN                                                                                  
------------------------------------------------------------------------------------------------------------------------------------------------------------------------------
 Sort  (cost=2313934.35..2313934.42 rows=25 width=34) (actual time=62129.681..62129.681 rows=5 loops=1)
   Sort Key: (sum((lineitem.l_extendedprice * ('1'::double precision - lineitem.l_discount)))) DESC
   Sort Method: quicksort  Memory: 25kB
   ->  HashAggregate  (cost=2313933.52..2313933.77 rows=25 width=34) (actual time=62129.650..62129.652 rows=5 loops=1)
         Group Key: nation.n_name
         ->  Hash Join  (cost=398184.06..2313375.46 rows=55806 width=34) (actual time=14724.591..62088.190 rows=54986 loops=1)
               Hash Cond: ((lineitem.l_suppkey = supplier.s_suppkey) AND (customer.c_nationkey = supplier.s_nationkey))
               ->  Hash Join  (cost=393504.06..2297674.23 rows=1395090 width=46) (actual time=14626.344..61660.586 rows=1371736 loops=1)
                     Hash Cond: (lineitem.l_orderkey = orders.o_orderkey)
                     ->  Seq Scan on lineitem  (cost=0.00..1665271.28 rows=59986128 width=16) (actual time=0.016..40087.246 rows=59986052 loops=1)
                     ->  Hash  (cost=389143.36..389143.36 rows=348856 width=38) (actual time=14624.945..14624.945 rows=343204 loops=1)
                           Buckets: 524288  Batches: 1  Memory Usage: 28228kB
                           ->  Hash Join  (cost=99671.58..389143.36 rows=348856 width=38) (actual time=2035.263..14504.147 rows=343204 loops=1)
                                 Hash Cond: (orders.o_custkey = customer.c_custkey)
                                 ->  Bitmap Heap Scan on orders  (cost=37011.29..316453.48 rows=1744279 width=8) (actual time=451.840..12410.690 rows=1712594 loops=1)
                                       Recheck Cond: ((o_orderdate >= '1997-11-01'::date) AND (o_orderdate < '1998-11-01 00:00:00'::timestamp without time zone))
                                       Heap Blocks: exact=253109
                                       ->  Bitmap Index Scan on i_o_orderdate  (cost=0.00..36575.22 rows=1744279 width=0) (actual time=383.860..383.860 rows=1712594 loops=1)
                                             Index Cond: ((o_orderdate >= '1997-11-01'::date) AND (o_orderdate < '1998-11-01 00:00:00'::timestamp without time zone))
                                 ->  Hash  (cost=58910.46..58910.46 rows=299986 width=38) (actual time=1581.477..1581.477 rows=300963 loops=1)
                                       Buckets: 524288  Batches: 1  Memory Usage: 25258kB
                                       ->  Hash Join  (cost=2.53..58910.46 rows=299986 width=38) (actual time=0.046..1500.018 rows=300963 loops=1)
                                             Hash Cond: (customer.c_nationkey = nation.n_nationkey)
                                             ->  Seq Scan on customer  (cost=0.00..50283.32 rows=1499932 width=8) (actual time=0.005..1303.218 rows=1500000 loops=1)
                                             ->  Hash  (cost=2.47..2.47 rows=5 width=30) (actual time=0.030..0.030 rows=5 loops=1)
                                                   Buckets: 1024  Batches: 1  Memory Usage: 9kB
                                                   ->  Hash Join  (cost=1.07..2.47 rows=5 width=30) (actual time=0.024..0.027 rows=5 loops=1)
                                                         Hash Cond: (nation.n_regionkey = region.r_regionkey)
                                                         ->  Seq Scan on nation  (cost=0.00..1.25 rows=25 width=34) (actual time=0.002..0.003 rows=25 loops=1)
                                                         ->  Hash  (cost=1.06..1.06 rows=1 width=4) (actual time=0.015..0.015 rows=1 loops=1)
                                                               Buckets: 1024  Batches: 1  Memory Usage: 9kB
                                                               ->  Seq Scan on region  (cost=0.00..1.06 rows=1 width=4) (actual time=0.009..0.010 rows=1 loops=1)
                                                                     Filter: (r_name = 'EUROPE'::bpchar)
                                                                     Rows Removed by Filter: 4
               ->  Hash  (cost=3180.00..3180.00 rows=100000 width=8) (actual time=88.236..88.236 rows=100000 loops=1)
                     Buckets: 131072  Batches: 1  Memory Usage: 4931kB
                     ->  Seq Scan on supplier  (cost=0.00..3180.00 rows=100000 width=8) (actual time=0.003..68.595 rows=100000 loops=1)
 Planning time: 1.923 ms
 Execution time: 62130.835 ms
(39 rows)

Time: 62137.410 ms
+-------+-------+--------+----------+---------+-------+------------+----------+-------+-------+----------+----------+----------+---------------------+------------+
|  OID  | OWNER | SCHEMA |  TABLE   |   BLKS  |  SCAN |   T_READ   |  T_INS   | T_UPD | T_DEL |  B_READ  |  B_HIT   | VACUUMED |       ANALYZED      | TABLESPACE |
+-------+-------+--------+----------+---------+-------+------------+----------+-------+-------+----------+----------+----------+---------------------+------------+
| 16593 | snaga | public | customer |   35284 |    23 |   24000000 |  1500000 |     0 |     0 |   236763 |   564653 |          | 2015-07-16 05:49:04 | pg_default |
| 16599 | snaga | public | lineitem | 1065410 |    41 | 1860375312 | 59986052 |     0 |     0 | 25517396 | 21083095 |          | 2015-07-16 05:49:41 | pg_default |
| 16602 | snaga | public | nation   |       1 | 25662 |     641250 |       25 |     0 |     0 |        4 |    25786 |          | 2015-07-16 05:49:41 | pg_default |
| 16596 | snaga | public | orders   |  253278 |    17 |  180000000 | 15000000 |     0 |     0 |  3903807 |  2918366 |          | 2015-07-16 05:49:16 | pg_default |
| 16587 | snaga | public | part     |   40627 |     2 |    4000000 |  2000000 |     0 |     0 |   239833 |   279756 |          | 2015-07-16 05:48:56 | pg_default |
| 16590 | snaga | public | partsupp |  170916 |     4 |   32000000 |  8000000 |     0 |     0 |   953104 |  6847512 |          | 2015-07-16 05:49:04 | pg_default |
| 16605 | snaga | public | region   |       1 |    27 |         77 |        5 |     0 |     0 |        4 |       67 |          | 2015-07-16 05:49:41 | pg_default |
| 16584 | snaga | public | supplier |    2180 |    26 |    1200004 |   100000 |     0 |     0 |    10922 |   135886 |          | 2015-07-16 05:48:55 | pg_default |
+-------+-------+--------+----------+---------+-------+------------+----------+-------+-------+----------+----------+----------+---------------------+------------+
+-------+-------+--------+----------+-----------------------+--------+---------+----------+---------+--------+----------+--------+------------+
|  OID  | OWNER | SCHEMA |  TABLE   |         INDEX         |  BLKS  |   SCAN  |  T_READ  |  T_FTCH | B_READ |  B_HIT   | STATUS | TABLESPACE |
+-------+-------+--------+----------+-----------------------+--------+---------+----------+---------+--------+----------+--------+------------+
| 16619 | snaga | public | customer | pk_customer           |   4116 |      80 |       80 |      80 |     18 |      242 |        | pg_default |
| 16638 | snaga | public | customer | i_c_nationkey         |   4116 |       0 |        0 |       0 |      3 |       17 |        | pg_default |
| 16645 | snaga | public | lineitem | i_l_commitdate        | 164480 |       0 |        0 |       0 |      8 |       41 |        | pg_default |
| 16624 | snaga | public | lineitem | pk_lineitem           | 164480 |       0 |        0 |       0 |      8 |       41 |        | pg_default |
| 16631 | snaga | public | lineitem | i_l_shipdate          | 164480 |      18 | 54613008 |      12 |  99504 |    49831 |        | pg_default |
| 16632 | snaga | public | lineitem | i_l_suppkey_partkey   | 164480 |       0 |        0 |       0 |      8 |       41 |        | pg_default |
| 16633 | snaga | public | lineitem | i_l_partkey           | 164480 |       0 |        0 |       0 |      8 |       41 |        | pg_default |
| 16634 | snaga | public | lineitem | i_l_suppkey           | 164480 |      32 |       32 |      32 |     22 |      155 |        | pg_default |
| 16635 | snaga | public | lineitem | i_l_receiptdate       | 164480 |       0 |        0 |       0 |      8 |       41 |        | pg_default |
| 16636 | snaga | public | lineitem | i_l_orderkey          | 164480 | 4015697 |  5829530 | 5829530 | 638969 | 15440871 |        | pg_default |
| 16637 | snaga | public | lineitem | i_l_orderkey_quantity | 164480 |      76 |       76 |      76 |     43 |      310 |        | pg_default |
| 16627 | snaga | public | nation   | pk_nation             |      2 |     136 |      136 |     136 |      6 |      147 |        | pg_default |
| 16644 | snaga | public | nation   | i_n_regionkey         |      2 |       0 |        0 |       0 |      3 |       14 |        | pg_default |
| 16639 | snaga | public | orders   | i_o_orderdate         |  41131 |      19 | 12578674 |       7 |  18795 |    15663 |        | pg_default |
| 16640 | snaga | public | orders   | i_o_custkey           |  41131 |      80 |       80 |      80 |     20 |      250 |        | pg_default |
| 16622 | snaga | public | orders   | pk_orders             |  41131 |      76 |       76 |      76 |     30 |      228 |        | pg_default |
| 16612 | snaga | public | part     | pk_part               |   5487 |      42 |  8001214 | 8001214 |   5469 |    16524 |        | pg_default |
| 16642 | snaga | public | partsupp | i_ps_partkey          |  21937 |   25672 |   102580 |  102580 |   4397 |    72992 |        | pg_default |
| 16643 | snaga | public | partsupp | i_ps_suppkey          |  21937 |   79422 |  6347997 | 6347997 |  15595 |   240344 |        | pg_default |
| 16616 | snaga | public | partsupp | pk_partsupp           |  21937 |       0 |        0 |       0 |      1 |        8 |        | pg_default |
| 16629 | snaga | public | region   | pk_region             |      2 |      50 |       50 |      50 |      6 |       60 |        | pg_default |
| 16610 | snaga | public | supplier | pk_supplier           |    276 |  102648 |   102648 |  102648 |    284 |   205633 |        | pg_default |
| 16641 | snaga | public | supplier | i_s_nationkey         |    276 |       0 |        0 |       0 |      3 |       14 |        | pg_default |
+-------+-------+--------+----------+-----------------------+--------+---------+----------+---------+--------+----------+--------+------------+
SET
Timing is on.
                                                                                  QUERY PLAN                                                                                  
------------------------------------------------------------------------------------------------------------------------------------------------------------------------------
 Sort  (cost=2313934.35..2313934.42 rows=25 width=34) (actual time=49948.514..49948.514 rows=5 loops=1)
   Sort Key: (sum((lineitem.l_extendedprice * ('1'::double precision - lineitem.l_discount)))) DESC
   Sort Method: quicksort  Memory: 25kB
   ->  HashAggregate  (cost=2313933.52..2313933.77 rows=25 width=34) (actual time=49948.486..49948.487 rows=5 loops=1)
         Group Key: nation.n_name
         ->  Hash Join  (cost=398184.06..2313375.46 rows=55806 width=34) (actual time=2102.463..49906.603 rows=54986 loops=1)
               Hash Cond: ((lineitem.l_suppkey = supplier.s_suppkey) AND (customer.c_nationkey = supplier.s_nationkey))
               ->  Hash Join  (cost=393504.06..2297674.23 rows=1395090 width=46) (actual time=2065.582..49514.139 rows=1371736 loops=1)
                     Hash Cond: (lineitem.l_orderkey = orders.o_orderkey)
                     ->  Seq Scan on lineitem  (cost=0.00..1665271.28 rows=59986128 width=16) (actual time=14.853..40453.054 rows=59986052 loops=1)
                     ->  Hash  (cost=389143.36..389143.36 rows=348856 width=38) (actual time=2049.499..2049.499 rows=343204 loops=1)
                           Buckets: 524288  Batches: 1  Memory Usage: 28228kB
                           ->  Hash Join  (cost=99671.58..389143.36 rows=348856 width=38) (actual time=810.278..1972.308 rows=343204 loops=1)
                                 Hash Cond: (orders.o_custkey = customer.c_custkey)
                                 ->  Bitmap Heap Scan on orders  (cost=37011.29..316453.48 rows=1744279 width=8) (actual time=405.058..1146.310 rows=1712594 loops=1)
                                       Recheck Cond: ((o_orderdate >= '1997-11-01'::date) AND (o_orderdate < '1998-11-01 00:00:00'::timestamp without time zone))
                                       Heap Blocks: exact=253109
                                       ->  Bitmap Index Scan on i_o_orderdate  (cost=0.00..36575.22 rows=1744279 width=0) (actual time=338.819..338.819 rows=1712594 loops=1)
                                             Index Cond: ((o_orderdate >= '1997-11-01'::date) AND (o_orderdate < '1998-11-01 00:00:00'::timestamp without time zone))
                                 ->  Hash  (cost=58910.46..58910.46 rows=299986 width=38) (actual time=404.096..404.096 rows=300963 loops=1)
                                       Buckets: 524288  Batches: 1  Memory Usage: 25258kB
                                       ->  Hash Join  (cost=2.53..58910.46 rows=299986 width=38) (actual time=0.041..338.136 rows=300963 loops=1)
                                             Hash Cond: (customer.c_nationkey = nation.n_nationkey)
                                             ->  Seq Scan on customer  (cost=0.00..50283.32 rows=1499932 width=8) (actual time=0.003..185.769 rows=1500000 loops=1)
                                             ->  Hash  (cost=2.47..2.47 rows=5 width=30) (actual time=0.027..0.027 rows=5 loops=1)
                                                   Buckets: 1024  Batches: 1  Memory Usage: 9kB
                                                   ->  Hash Join  (cost=1.07..2.47 rows=5 width=30) (actual time=0.021..0.025 rows=5 loops=1)
                                                         Hash Cond: (nation.n_regionkey = region.r_regionkey)
                                                         ->  Seq Scan on nation  (cost=0.00..1.25 rows=25 width=34) (actual time=0.002..0.004 rows=25 loops=1)
                                                         ->  Hash  (cost=1.06..1.06 rows=1 width=4) (actual time=0.013..0.013 rows=1 loops=1)
                                                               Buckets: 1024  Batches: 1  Memory Usage: 9kB
                                                               ->  Seq Scan on region  (cost=0.00..1.06 rows=1 width=4) (actual time=0.008..0.008 rows=1 loops=1)
                                                                     Filter: (r_name = 'EUROPE'::bpchar)
                                                                     Rows Removed by Filter: 4
               ->  Hash  (cost=3180.00..3180.00 rows=100000 width=8) (actual time=33.382..33.382 rows=100000 loops=1)
                     Buckets: 131072  Batches: 1  Memory Usage: 4931kB
                     ->  Seq Scan on supplier  (cost=0.00..3180.00 rows=100000 width=8) (actual time=0.003..18.949 rows=100000 loops=1)
 Planning time: 2.111 ms
 Execution time: 49950.091 ms
(39 rows)

Time: 49956.741 ms
+-------+-------+--------+----------+---------+-------+------------+----------+-------+-------+----------+----------+----------+---------------------+------------+
|  OID  | OWNER | SCHEMA |  TABLE   |   BLKS  |  SCAN |   T_READ   |  T_INS   | T_UPD | T_DEL |  B_READ  |  B_HIT   | VACUUMED |       ANALYZED      | TABLESPACE |
+-------+-------+--------+----------+---------+-------+------------+----------+-------+-------+----------+----------+----------+---------------------+------------+
| 16593 | snaga | public | customer |   35284 |    25 |   27000000 |  1500000 |     0 |     0 |   236763 |   635229 |          | 2015-07-16 05:49:04 | pg_default |
| 16599 | snaga | public | lineitem | 1065410 |    43 | 1980347416 | 59986052 |     0 |     0 | 26375239 | 22356088 |          | 2015-07-16 05:49:41 | pg_default |
| 16602 | snaga | public | nation   |       1 | 25664 |     641300 |       25 |     0 |     0 |        4 |    25804 |          | 2015-07-16 05:49:41 | pg_default |
| 16596 | snaga | public | orders   |  253278 |    17 |  180000000 | 15000000 |     0 |     0 |  3903807 |  3424602 |          | 2015-07-16 05:49:16 | pg_default |
| 16587 | snaga | public | part     |   40627 |     2 |    4000000 |  2000000 |     0 |     0 |   239833 |   279756 |          | 2015-07-16 05:48:56 | pg_default |
| 16590 | snaga | public | partsupp |  170916 |     4 |   32000000 |  8000000 |     0 |     0 |   953104 |  6847512 |          | 2015-07-16 05:49:04 | pg_default |
| 16605 | snaga | public | region   |       1 |    29 |         87 |        5 |     0 |     0 |        4 |       73 |          | 2015-07-16 05:49:41 | pg_default |
| 16584 | snaga | public | supplier |    2180 |    28 |    1400004 |   100000 |     0 |     0 |    10922 |   140254 |          | 2015-07-16 05:48:55 | pg_default |
+-------+-------+--------+----------+---------+-------+------------+----------+-------+-------+----------+----------+----------+---------------------+------------+
+-------+-------+--------+----------+-----------------------+--------+---------+----------+---------+--------+----------+--------+------------+
|  OID  | OWNER | SCHEMA |  TABLE   |         INDEX         |  BLKS  |   SCAN  |  T_READ  |  T_FTCH | B_READ |  B_HIT   | STATUS | TABLESPACE |
+-------+-------+--------+----------+-----------------------+--------+---------+----------+---------+--------+----------+--------+------------+
| 16619 | snaga | public | customer | pk_customer           |   4116 |      88 |       88 |      88 |     18 |      268 |        | pg_default |
| 16638 | snaga | public | customer | i_c_nationkey         |   4116 |       0 |        0 |       0 |      3 |       19 |        | pg_default |
| 16645 | snaga | public | lineitem | i_l_commitdate        | 164480 |       0 |        0 |       0 |      8 |       43 |        | pg_default |
| 16624 | snaga | public | lineitem | pk_lineitem           | 164480 |       0 |        0 |       0 |      8 |       43 |        | pg_default |
| 16631 | snaga | public | lineitem | i_l_shipdate          | 164480 |      18 | 54613008 |      12 |  99504 |    49833 |        | pg_default |
| 16632 | snaga | public | lineitem | i_l_suppkey_partkey   | 164480 |       0 |        0 |       0 |      8 |       43 |        | pg_default |
| 16633 | snaga | public | lineitem | i_l_partkey           | 164480 |       0 |        0 |       0 |      8 |       43 |        | pg_default |
| 16634 | snaga | public | lineitem | i_l_suppkey           | 164480 |      40 |       40 |      40 |     22 |      189 |        | pg_default |
| 16635 | snaga | public | lineitem | i_l_receiptdate       | 164480 |       0 |        0 |       0 |      8 |       43 |        | pg_default |
| 16636 | snaga | public | lineitem | i_l_orderkey          | 164480 | 4015697 |  5829530 | 5829530 | 638969 | 15440873 |        | pg_default |
| 16637 | snaga | public | lineitem | i_l_orderkey_quantity | 164480 |      84 |       84 |      84 |     43 |      344 |        | pg_default |
| 16627 | snaga | public | nation   | pk_nation             |      2 |     152 |      152 |     152 |      6 |      165 |        | pg_default |
| 16644 | snaga | public | nation   | i_n_regionkey         |      2 |       0 |        0 |       0 |      3 |       16 |        | pg_default |
| 16639 | snaga | public | orders   | i_o_orderdate         |  41131 |      23 | 16003864 |       9 |  18795 |    25035 |        | pg_default |
| 16640 | snaga | public | orders   | i_o_custkey           |  41131 |      88 |       88 |      88 |     20 |      276 |        | pg_default |
| 16622 | snaga | public | orders   | pk_orders             |  41131 |      84 |       84 |      84 |     30 |      254 |        | pg_default |
| 16612 | snaga | public | part     | pk_part               |   5487 |      42 |  8001214 | 8001214 |   5469 |    16524 |        | pg_default |
| 16642 | snaga | public | partsupp | i_ps_partkey          |  21937 |   25672 |   102580 |  102580 |   4397 |    72992 |        | pg_default |
| 16643 | snaga | public | partsupp | i_ps_suppkey          |  21937 |   79422 |  6347997 | 6347997 |  15595 |   240344 |        | pg_default |
| 16616 | snaga | public | partsupp | pk_partsupp           |  21937 |       0 |        0 |       0 |      1 |        8 |        | pg_default |
| 16629 | snaga | public | region   | pk_region             |      2 |      54 |       54 |      54 |      6 |       66 |        | pg_default |
| 16610 | snaga | public | supplier | pk_supplier           |    276 |  102656 |   102656 |  102656 |    284 |   205651 |        | pg_default |
| 16641 | snaga | public | supplier | i_s_nationkey         |    276 |       0 |        0 |       0 |      3 |       16 |        | pg_default |
+-------+-------+--------+----------+-----------------------+--------+---------+----------+---------+--------+----------+--------+------------+
SET
Timing is on.
                                                                                  QUERY PLAN                                                                                  
------------------------------------------------------------------------------------------------------------------------------------------------------------------------------
 Sort  (cost=2313934.35..2313934.42 rows=25 width=34) (actual time=49319.414..49319.414 rows=5 loops=1)
   Sort Key: (sum((lineitem.l_extendedprice * ('1'::double precision - lineitem.l_discount)))) DESC
   Sort Method: quicksort  Memory: 25kB
   ->  HashAggregate  (cost=2313933.52..2313933.77 rows=25 width=34) (actual time=49319.386..49319.388 rows=5 loops=1)
         Group Key: nation.n_name
         ->  Hash Join  (cost=398184.06..2313375.46 rows=55806 width=34) (actual time=2209.847..49277.997 rows=54986 loops=1)
               Hash Cond: ((lineitem.l_suppkey = supplier.s_suppkey) AND (customer.c_nationkey = supplier.s_nationkey))
               ->  Hash Join  (cost=393504.06..2297674.23 rows=1395090 width=46) (actual time=2174.991..48892.466 rows=1371736 loops=1)
                     Hash Cond: (lineitem.l_orderkey = orders.o_orderkey)
                     ->  Seq Scan on lineitem  (cost=0.00..1665271.28 rows=59986128 width=16) (actual time=18.468..39765.473 rows=59986052 loops=1)
                     ->  Hash  (cost=389143.36..389143.36 rows=348856 width=38) (actual time=2155.517..2155.517 rows=343204 loops=1)
                           Buckets: 524288  Batches: 1  Memory Usage: 28228kB
                           ->  Hash Join  (cost=99671.58..389143.36 rows=348856 width=38) (actual time=819.364..2073.730 rows=343204 loops=1)
                                 Hash Cond: (orders.o_custkey = customer.c_custkey)
                                 ->  Bitmap Heap Scan on orders  (cost=37011.29..316453.48 rows=1744279 width=8) (actual time=400.540..1239.803 rows=1712594 loops=1)
                                       Recheck Cond: ((o_orderdate >= '1997-11-01'::date) AND (o_orderdate < '1998-11-01 00:00:00'::timestamp without time zone))
                                       Heap Blocks: exact=253109
                                       ->  Bitmap Index Scan on i_o_orderdate  (cost=0.00..36575.22 rows=1744279 width=0) (actual time=334.418..334.418 rows=1712594 loops=1)
                                             Index Cond: ((o_orderdate >= '1997-11-01'::date) AND (o_orderdate < '1998-11-01 00:00:00'::timestamp without time zone))
                                 ->  Hash  (cost=58910.46..58910.46 rows=299986 width=38) (actual time=417.758..417.758 rows=300963 loops=1)
                                       Buckets: 524288  Batches: 1  Memory Usage: 25258kB
                                       ->  Hash Join  (cost=2.53..58910.46 rows=299986 width=38) (actual time=0.042..350.387 rows=300963 loops=1)
                                             Hash Cond: (customer.c_nationkey = nation.n_nationkey)
                                             ->  Seq Scan on customer  (cost=0.00..50283.32 rows=1499932 width=8) (actual time=0.005..199.536 rows=1500000 loops=1)
                                             ->  Hash  (cost=2.47..2.47 rows=5 width=30) (actual time=0.028..0.028 rows=5 loops=1)
                                                   Buckets: 1024  Batches: 1  Memory Usage: 9kB
                                                   ->  Hash Join  (cost=1.07..2.47 rows=5 width=30) (actual time=0.022..0.025 rows=5 loops=1)
                                                         Hash Cond: (nation.n_regionkey = region.r_regionkey)
                                                         ->  Seq Scan on nation  (cost=0.00..1.25 rows=25 width=34) (actual time=0.002..0.002 rows=25 loops=1)
                                                         ->  Hash  (cost=1.06..1.06 rows=1 width=4) (actual time=0.013..0.013 rows=1 loops=1)
                                                               Buckets: 1024  Batches: 1  Memory Usage: 9kB
                                                               ->  Seq Scan on region  (cost=0.00..1.06 rows=1 width=4) (actual time=0.009..0.009 rows=1 loops=1)
                                                                     Filter: (r_name = 'EUROPE'::bpchar)
                                                                     Rows Removed by Filter: 4
               ->  Hash  (cost=3180.00..3180.00 rows=100000 width=8) (actual time=32.828..32.828 rows=100000 loops=1)
                     Buckets: 131072  Batches: 1  Memory Usage: 4931kB
                     ->  Seq Scan on supplier  (cost=0.00..3180.00 rows=100000 width=8) (actual time=0.004..18.353 rows=100000 loops=1)
 Planning time: 3.104 ms
 Execution time: 49320.736 ms
(39 rows)

Time: 49328.768 ms
+-------+-------+--------+----------+---------+-------+------------+----------+-------+-------+----------+----------+----------+---------------------+------------+
|  OID  | OWNER | SCHEMA |  TABLE   |   BLKS  |  SCAN |   T_READ   |  T_INS   | T_UPD | T_DEL |  B_READ  |  B_HIT   | VACUUMED |       ANALYZED      | TABLESPACE |
+-------+-------+--------+----------+---------+-------+------------+----------+-------+-------+----------+----------+----------+---------------------+------------+
| 16593 | snaga | public | customer |   35284 |    27 |   30000000 |  1500000 |     0 |     0 |   236763 |   705805 |          | 2015-07-16 05:49:04 | pg_default |
| 16599 | snaga | public | lineitem | 1065410 |    45 | 2100319520 | 59986052 |     0 |     0 | 27212126 | 23650037 |          | 2015-07-16 05:49:41 | pg_default |
| 16602 | snaga | public | nation   |       1 | 25666 |     641350 |       25 |     0 |     0 |        4 |    25822 |          | 2015-07-16 05:49:41 | pg_default |
| 16596 | snaga | public | orders   |  253278 |    17 |  180000000 | 15000000 |     0 |     0 |  3903807 |  3930838 |          | 2015-07-16 05:49:16 | pg_default |
| 16587 | snaga | public | part     |   40627 |     2 |    4000000 |  2000000 |     0 |     0 |   239833 |   279756 |          | 2015-07-16 05:48:56 | pg_default |
| 16590 | snaga | public | partsupp |  170916 |     4 |   32000000 |  8000000 |     0 |     0 |   953104 |  6847512 |          | 2015-07-16 05:49:04 | pg_default |
| 16605 | snaga | public | region   |       1 |    31 |         97 |        5 |     0 |     0 |        4 |       79 |          | 2015-07-16 05:49:41 | pg_default |
| 16584 | snaga | public | supplier |    2180 |    30 |    1600004 |   100000 |     0 |     0 |    10922 |   144622 |          | 2015-07-16 05:48:55 | pg_default |
+-------+-------+--------+----------+---------+-------+------------+----------+-------+-------+----------+----------+----------+---------------------+------------+
+-------+-------+--------+----------+-----------------------+--------+---------+----------+---------+--------+----------+--------+------------+
|  OID  | OWNER | SCHEMA |  TABLE   |         INDEX         |  BLKS  |   SCAN  |  T_READ  |  T_FTCH | B_READ |  B_HIT   | STATUS | TABLESPACE |
+-------+-------+--------+----------+-----------------------+--------+---------+----------+---------+--------+----------+--------+------------+
| 16619 | snaga | public | customer | pk_customer           |   4116 |      96 |       96 |      96 |     18 |      294 |        | pg_default |
| 16638 | snaga | public | customer | i_c_nationkey         |   4116 |       0 |        0 |       0 |      3 |       21 |        | pg_default |
| 16645 | snaga | public | lineitem | i_l_commitdate        | 164480 |       0 |        0 |       0 |      8 |       45 |        | pg_default |
| 16624 | snaga | public | lineitem | pk_lineitem           | 164480 |       0 |        0 |       0 |      8 |       45 |        | pg_default |
| 16631 | snaga | public | lineitem | i_l_shipdate          | 164480 |      18 | 54613008 |      12 |  99504 |    49835 |        | pg_default |
| 16632 | snaga | public | lineitem | i_l_suppkey_partkey   | 164480 |       0 |        0 |       0 |      8 |       45 |        | pg_default |
| 16633 | snaga | public | lineitem | i_l_partkey           | 164480 |       0 |        0 |       0 |      8 |       45 |        | pg_default |
| 16634 | snaga | public | lineitem | i_l_suppkey           | 164480 |      48 |       48 |      48 |     22 |      223 |        | pg_default |
| 16635 | snaga | public | lineitem | i_l_receiptdate       | 164480 |       0 |        0 |       0 |      8 |       45 |        | pg_default |
| 16636 | snaga | public | lineitem | i_l_orderkey          | 164480 | 4015697 |  5829530 | 5829530 | 638969 | 15440875 |        | pg_default |
| 16637 | snaga | public | lineitem | i_l_orderkey_quantity | 164480 |      92 |       92 |      92 |     43 |      378 |        | pg_default |
| 16627 | snaga | public | nation   | pk_nation             |      2 |     168 |      168 |     168 |      6 |      183 |        | pg_default |
| 16644 | snaga | public | nation   | i_n_regionkey         |      2 |       0 |        0 |       0 |      3 |       18 |        | pg_default |
| 16639 | snaga | public | orders   | i_o_orderdate         |  41131 |      27 | 19429054 |      11 |  18795 |    34407 |        | pg_default |
| 16640 | snaga | public | orders   | i_o_custkey           |  41131 |      96 |       96 |      96 |     20 |      302 |        | pg_default |
| 16622 | snaga | public | orders   | pk_orders             |  41131 |      92 |       92 |      92 |     30 |      280 |        | pg_default |
| 16612 | snaga | public | part     | pk_part               |   5487 |      42 |  8001214 | 8001214 |   5469 |    16524 |        | pg_default |
| 16642 | snaga | public | partsupp | i_ps_partkey          |  21937 |   25672 |   102580 |  102580 |   4397 |    72992 |        | pg_default |
| 16643 | snaga | public | partsupp | i_ps_suppkey          |  21937 |   79422 |  6347997 | 6347997 |  15595 |   240344 |        | pg_default |
| 16616 | snaga | public | partsupp | pk_partsupp           |  21937 |       0 |        0 |       0 |      1 |        8 |        | pg_default |
| 16629 | snaga | public | region   | pk_region             |      2 |      58 |       58 |      58 |      6 |       72 |        | pg_default |
| 16610 | snaga | public | supplier | pk_supplier           |    276 |  102664 |   102664 |  102664 |    284 |   205669 |        | pg_default |
| 16641 | snaga | public | supplier | i_s_nationkey         |    276 |       0 |        0 |       0 |      3 |       18 |        | pg_default |
+-------+-------+--------+----------+-----------------------+--------+---------+----------+---------+--------+----------+--------+------------+
SET
Timing is on.
                                                                                  QUERY PLAN                                                                                  
------------------------------------------------------------------------------------------------------------------------------------------------------------------------------
 Sort  (cost=2313934.35..2313934.42 rows=25 width=34) (actual time=49377.365..49377.365 rows=5 loops=1)
   Sort Key: (sum((lineitem.l_extendedprice * ('1'::double precision - lineitem.l_discount)))) DESC
   Sort Method: quicksort  Memory: 25kB
   ->  HashAggregate  (cost=2313933.52..2313933.77 rows=25 width=34) (actual time=49377.338..49377.338 rows=5 loops=1)
         Group Key: nation.n_name
         ->  Hash Join  (cost=398184.06..2313375.46 rows=55806 width=34) (actual time=2248.753..49333.009 rows=54986 loops=1)
               Hash Cond: ((lineitem.l_suppkey = supplier.s_suppkey) AND (customer.c_nationkey = supplier.s_nationkey))
               ->  Hash Join  (cost=393504.06..2297674.23 rows=1395090 width=46) (actual time=2214.615..48953.844 rows=1371736 loops=1)
                     Hash Cond: (lineitem.l_orderkey = orders.o_orderkey)
                     ->  Seq Scan on lineitem  (cost=0.00..1665271.28 rows=59986128 width=16) (actual time=22.107..39753.411 rows=59986052 loops=1)
                     ->  Hash  (cost=389143.36..389143.36 rows=348856 width=38) (actual time=2191.255..2191.255 rows=343204 loops=1)
                           Buckets: 524288  Batches: 1  Memory Usage: 28228kB
                           ->  Hash Join  (cost=99671.58..389143.36 rows=348856 width=38) (actual time=831.016..2113.681 rows=343204 loops=1)
                                 Hash Cond: (orders.o_custkey = customer.c_custkey)
                                 ->  Bitmap Heap Scan on orders  (cost=37011.29..316453.48 rows=1744279 width=8) (actual time=404.478..1267.933 rows=1712594 loops=1)
                                       Recheck Cond: ((o_orderdate >= '1997-11-01'::date) AND (o_orderdate < '1998-11-01 00:00:00'::timestamp without time zone))
                                       Heap Blocks: exact=253109
                                       ->  Bitmap Index Scan on i_o_orderdate  (cost=0.00..36575.22 rows=1744279 width=0) (actual time=338.296..338.296 rows=1712594 loops=1)
                                             Index Cond: ((o_orderdate >= '1997-11-01'::date) AND (o_orderdate < '1998-11-01 00:00:00'::timestamp without time zone))
                                 ->  Hash  (cost=58910.46..58910.46 rows=299986 width=38) (actual time=425.410..425.410 rows=300963 loops=1)
                                       Buckets: 524288  Batches: 1  Memory Usage: 25258kB
                                       ->  Hash Join  (cost=2.53..58910.46 rows=299986 width=38) (actual time=0.041..358.611 rows=300963 loops=1)
                                             Hash Cond: (customer.c_nationkey = nation.n_nationkey)
                                             ->  Seq Scan on customer  (cost=0.00..50283.32 rows=1499932 width=8) (actual time=0.004..207.463 rows=1500000 loops=1)
                                             ->  Hash  (cost=2.47..2.47 rows=5 width=30) (actual time=0.027..0.027 rows=5 loops=1)
                                                   Buckets: 1024  Batches: 1  Memory Usage: 9kB
                                                   ->  Hash Join  (cost=1.07..2.47 rows=5 width=30) (actual time=0.021..0.024 rows=5 loops=1)
                                                         Hash Cond: (nation.n_regionkey = region.r_regionkey)
                                                         ->  Seq Scan on nation  (cost=0.00..1.25 rows=25 width=34) (actual time=0.002..0.003 rows=25 loops=1)
                                                         ->  Hash  (cost=1.06..1.06 rows=1 width=4) (actual time=0.012..0.012 rows=1 loops=1)
                                                               Buckets: 1024  Batches: 1  Memory Usage: 9kB
                                                               ->  Seq Scan on region  (cost=0.00..1.06 rows=1 width=4) (actual time=0.009..0.010 rows=1 loops=1)
                                                                     Filter: (r_name = 'EUROPE'::bpchar)
                                                                     Rows Removed by Filter: 4
               ->  Hash  (cost=3180.00..3180.00 rows=100000 width=8) (actual time=33.160..33.160 rows=100000 loops=1)
                     Buckets: 131072  Batches: 1  Memory Usage: 4931kB
                     ->  Seq Scan on supplier  (cost=0.00..3180.00 rows=100000 width=8) (actual time=0.004..18.711 rows=100000 loops=1)
 Planning time: 1.933 ms
 Execution time: 49378.653 ms
(39 rows)

Time: 49382.130 ms
+-------+-------+--------+----------+---------+-------+------------+----------+-------+-------+----------+----------+----------+---------------------+------------+
|  OID  | OWNER | SCHEMA |  TABLE   |   BLKS  |  SCAN |   T_READ   |  T_INS   | T_UPD | T_DEL |  B_READ  |  B_HIT   | VACUUMED |       ANALYZED      | TABLESPACE |
+-------+-------+--------+----------+---------+-------+------------+----------+-------+-------+----------+----------+----------+---------------------+------------+
| 16593 | snaga | public | customer |   35284 |    29 |   33000000 |  1500000 |     0 |     0 |   236763 |   776381 |          | 2015-07-16 05:49:04 | pg_default |
| 16599 | snaga | public | lineitem | 1065410 |    47 | 2220291624 | 59986052 |     0 |     0 | 28048996 | 24944003 |          | 2015-07-16 05:49:41 | pg_default |
| 16602 | snaga | public | nation   |       1 | 25668 |     641400 |       25 |     0 |     0 |        4 |    25840 |          | 2015-07-16 05:49:41 | pg_default |
| 16596 | snaga | public | orders   |  253278 |    17 |  180000000 | 15000000 |     0 |     0 |  3903807 |  4437074 |          | 2015-07-16 05:49:16 | pg_default |
| 16587 | snaga | public | part     |   40627 |     2 |    4000000 |  2000000 |     0 |     0 |   239833 |   279756 |          | 2015-07-16 05:48:56 | pg_default |
| 16590 | snaga | public | partsupp |  170916 |     4 |   32000000 |  8000000 |     0 |     0 |   953104 |  6847512 |          | 2015-07-16 05:49:04 | pg_default |
| 16605 | snaga | public | region   |       1 |    33 |        107 |        5 |     0 |     0 |        4 |       85 |          | 2015-07-16 05:49:41 | pg_default |
| 16584 | snaga | public | supplier |    2180 |    32 |    1800004 |   100000 |     0 |     0 |    10922 |   148990 |          | 2015-07-16 05:48:55 | pg_default |
+-------+-------+--------+----------+---------+-------+------------+----------+-------+-------+----------+----------+----------+---------------------+------------+
+-------+-------+--------+----------+-----------------------+--------+---------+----------+---------+--------+----------+--------+------------+
|  OID  | OWNER | SCHEMA |  TABLE   |         INDEX         |  BLKS  |   SCAN  |  T_READ  |  T_FTCH | B_READ |  B_HIT   | STATUS | TABLESPACE |
+-------+-------+--------+----------+-----------------------+--------+---------+----------+---------+--------+----------+--------+------------+
| 16619 | snaga | public | customer | pk_customer           |   4116 |     104 |      104 |     104 |     18 |      320 |        | pg_default |
| 16638 | snaga | public | customer | i_c_nationkey         |   4116 |       0 |        0 |       0 |      3 |       23 |        | pg_default |
| 16645 | snaga | public | lineitem | i_l_commitdate        | 164480 |       0 |        0 |       0 |      8 |       47 |        | pg_default |
| 16624 | snaga | public | lineitem | pk_lineitem           | 164480 |       0 |        0 |       0 |      8 |       47 |        | pg_default |
| 16631 | snaga | public | lineitem | i_l_shipdate          | 164480 |      18 | 54613008 |      12 |  99504 |    49837 |        | pg_default |
| 16632 | snaga | public | lineitem | i_l_suppkey_partkey   | 164480 |       0 |        0 |       0 |      8 |       47 |        | pg_default |
| 16633 | snaga | public | lineitem | i_l_partkey           | 164480 |       0 |        0 |       0 |      8 |       47 |        | pg_default |
| 16634 | snaga | public | lineitem | i_l_suppkey           | 164480 |      56 |       56 |      56 |     22 |      257 |        | pg_default |
| 16635 | snaga | public | lineitem | i_l_receiptdate       | 164480 |       0 |        0 |       0 |      8 |       47 |        | pg_default |
| 16636 | snaga | public | lineitem | i_l_orderkey          | 164480 | 4015697 |  5829530 | 5829530 | 638969 | 15440877 |        | pg_default |
| 16637 | snaga | public | lineitem | i_l_orderkey_quantity | 164480 |     100 |      100 |     100 |     43 |      412 |        | pg_default |
| 16627 | snaga | public | nation   | pk_nation             |      2 |     184 |      184 |     184 |      6 |      201 |        | pg_default |
| 16644 | snaga | public | nation   | i_n_regionkey         |      2 |       0 |        0 |       0 |      3 |       20 |        | pg_default |
| 16639 | snaga | public | orders   | i_o_orderdate         |  41131 |      31 | 22854244 |      13 |  18795 |    43779 |        | pg_default |
| 16640 | snaga | public | orders   | i_o_custkey           |  41131 |     104 |      104 |     104 |     20 |      328 |        | pg_default |
| 16622 | snaga | public | orders   | pk_orders             |  41131 |     100 |      100 |     100 |     30 |      306 |        | pg_default |
| 16612 | snaga | public | part     | pk_part               |   5487 |      42 |  8001214 | 8001214 |   5469 |    16524 |        | pg_default |
| 16642 | snaga | public | partsupp | i_ps_partkey          |  21937 |   25672 |   102580 |  102580 |   4397 |    72992 |        | pg_default |
| 16643 | snaga | public | partsupp | i_ps_suppkey          |  21937 |   79422 |  6347997 | 6347997 |  15595 |   240344 |        | pg_default |
| 16616 | snaga | public | partsupp | pk_partsupp           |  21937 |       0 |        0 |       0 |      1 |        8 |        | pg_default |
| 16629 | snaga | public | region   | pk_region             |      2 |      62 |       62 |      62 |      6 |       78 |        | pg_default |
| 16610 | snaga | public | supplier | pk_supplier           |    276 |  102672 |   102672 |  102672 |    284 |   205687 |        | pg_default |
| 16641 | snaga | public | supplier | i_s_nationkey         |    276 |       0 |        0 |       0 |      3 |       20 |        | pg_default |
+-------+-------+--------+----------+-----------------------+--------+---------+----------+---------+--------+----------+--------+------------+
