                                                                    QUERY PLAN                                                                     
---------------------------------------------------------------------------------------------------------------------------------------------------
 Aggregate  (cost=1463942.88..1463942.89 rows=1 width=8)
   ->  Bitmap Heap Scan on lineitem  (cost=190514.86..1460154.89 rows=757598 width=8)
         Recheck Cond: ((l_shipdate >= '1997-01-01'::date) AND (l_shipdate < '1998-01-01 00:00:00'::timestamp without time zone))
         Filter: ((l_discount >= '0.04'::double precision) AND (l_discount <= '0.06'::double precision) AND (l_quantity < '24'::double precision))
         ->  Bitmap Index Scan on i_l_shipdate  (cost=0.00..190325.47 rows=9076890 width=0)
               Index Cond: ((l_shipdate >= '1997-01-01'::date) AND (l_shipdate < '1998-01-01 00:00:00'::timestamp without time zone))
(6 rows)

+-------+-------+--------+----------+---------+-------+------------+----------+-------+-------+----------+----------+----------+---------------------+------------+
|  OID  | OWNER | SCHEMA |  TABLE   |   BLKS  |  SCAN |   T_READ   |  T_INS   | T_UPD | T_DEL |  B_READ  |  B_HIT   | VACUUMED |       ANALYZED      | TABLESPACE |
+-------+-------+--------+----------+---------+-------+------------+----------+-------+-------+----------+----------+----------+---------------------+------------+
| 16593 | snaga | public | customer |   35284 |    29 |   33000000 |  1500000 |     0 |     0 |   236763 |   776381 |          | 2015-07-16 05:49:04 | pg_default |
| 16599 | snaga | public | lineitem | 1065410 |    47 | 2220291624 | 59986052 |     0 |     0 | 28048996 | 24944003 |          | 2015-07-16 05:49:41 | pg_default |
| 16602 | snaga | public | nation   |       1 | 25668 |     641400 |       25 |     0 |     0 |        4 |    25840 |          | 2015-07-16 05:49:41 | pg_default |
| 16596 | snaga | public | orders   |  253278 |    17 |  180000000 | 15000000 |     0 |     0 |  3903807 |  4437074 |          | 2015-07-16 05:49:16 | pg_default |
| 16587 | snaga | public | part     |   40627 |     2 |    4000000 |  2000000 |     0 |     0 |   239833 |   279756 |          | 2015-07-16 05:48:56 | pg_default |
| 16590 | snaga | public | partsupp |  170916 |     4 |   32000000 |  8000000 |     0 |     0 |   953104 |  6847512 |          | 2015-07-16 05:49:04 | pg_default |
| 16605 | snaga | public | region   |       1 |    33 |        107 |        5 |     0 |     0 |        4 |       85 |          | 2015-07-16 05:49:41 | pg_default |
| 16584 | snaga | public | supplier |    2180 |    32 |    1800004 |   100000 |     0 |     0 |    10922 |   148990 |          | 2015-07-16 05:48:55 | pg_default |
+-------+-------+--------+----------+---------+-------+------------+----------+-------+-------+----------+----------+----------+---------------------+------------+
+-------+-------+--------+----------+-----------------------+--------+---------+----------+---------+--------+----------+--------+------------+
|  OID  | OWNER | SCHEMA |  TABLE   |         INDEX         |  BLKS  |   SCAN  |  T_READ  |  T_FTCH | B_READ |  B_HIT   | STATUS | TABLESPACE |
+-------+-------+--------+----------+-----------------------+--------+---------+----------+---------+--------+----------+--------+------------+
| 16619 | snaga | public | customer | pk_customer           |   4116 |     104 |      104 |     104 |     18 |      320 |        | pg_default |
| 16638 | snaga | public | customer | i_c_nationkey         |   4116 |       0 |        0 |       0 |      3 |       23 |        | pg_default |
| 16645 | snaga | public | lineitem | i_l_commitdate        | 164480 |       0 |        0 |       0 |      8 |       47 |        | pg_default |
| 16624 | snaga | public | lineitem | pk_lineitem           | 164480 |       0 |        0 |       0 |      8 |       47 |        | pg_default |
| 16631 | snaga | public | lineitem | i_l_shipdate          | 164480 |      18 | 54613008 |      12 |  99504 |    49837 |        | pg_default |
| 16632 | snaga | public | lineitem | i_l_suppkey_partkey   | 164480 |       0 |        0 |       0 |      8 |       47 |        | pg_default |
| 16633 | snaga | public | lineitem | i_l_partkey           | 164480 |       0 |        0 |       0 |      8 |       47 |        | pg_default |
| 16634 | snaga | public | lineitem | i_l_suppkey           | 164480 |      56 |       56 |      56 |     22 |      257 |        | pg_default |
| 16635 | snaga | public | lineitem | i_l_receiptdate       | 164480 |       0 |        0 |       0 |      8 |       47 |        | pg_default |
| 16636 | snaga | public | lineitem | i_l_orderkey          | 164480 | 4015697 |  5829530 | 5829530 | 638969 | 15440877 |        | pg_default |
| 16637 | snaga | public | lineitem | i_l_orderkey_quantity | 164480 |     100 |      100 |     100 |     43 |      412 |        | pg_default |
| 16627 | snaga | public | nation   | pk_nation             |      2 |     184 |      184 |     184 |      6 |      201 |        | pg_default |
| 16644 | snaga | public | nation   | i_n_regionkey         |      2 |       0 |        0 |       0 |      3 |       20 |        | pg_default |
| 16639 | snaga | public | orders   | i_o_orderdate         |  41131 |      31 | 22854244 |      13 |  18795 |    43779 |        | pg_default |
| 16640 | snaga | public | orders   | i_o_custkey           |  41131 |     104 |      104 |     104 |     20 |      328 |        | pg_default |
| 16622 | snaga | public | orders   | pk_orders             |  41131 |     100 |      100 |     100 |     30 |      306 |        | pg_default |
| 16612 | snaga | public | part     | pk_part               |   5487 |      42 |  8001214 | 8001214 |   5469 |    16524 |        | pg_default |
| 16642 | snaga | public | partsupp | i_ps_partkey          |  21937 |   25672 |   102580 |  102580 |   4397 |    72992 |        | pg_default |
| 16643 | snaga | public | partsupp | i_ps_suppkey          |  21937 |   79422 |  6347997 | 6347997 |  15595 |   240344 |        | pg_default |
| 16616 | snaga | public | partsupp | pk_partsupp           |  21937 |       0 |        0 |       0 |      1 |        8 |        | pg_default |
| 16629 | snaga | public | region   | pk_region             |      2 |      62 |       62 |      62 |      6 |       78 |        | pg_default |
| 16610 | snaga | public | supplier | pk_supplier           |    276 |  102672 |   102672 |  102672 |    284 |   205687 |        | pg_default |
| 16641 | snaga | public | supplier | i_s_nationkey         |    276 |       0 |        0 |       0 |      3 |       20 |        | pg_default |
+-------+-------+--------+----------+-----------------------+--------+---------+----------+---------+--------+----------+--------+------------+
SET
Timing is on.
                                                                    QUERY PLAN                                                                     
---------------------------------------------------------------------------------------------------------------------------------------------------
 Aggregate  (cost=1463942.88..1463942.89 rows=1 width=8) (actual time=106767.107..106767.107 rows=1 loops=1)
   ->  Bitmap Heap Scan on lineitem  (cost=190514.86..1460154.89 rows=757598 width=8) (actual time=3748.947..106562.470 rows=762356 loops=1)
         Recheck Cond: ((l_shipdate >= '1997-01-01'::date) AND (l_shipdate < '1998-01-01 00:00:00'::timestamp without time zone))
         Filter: ((l_discount >= '0.04'::double precision) AND (l_discount <= '0.06'::double precision) AND (l_quantity < '24'::double precision))
         Rows Removed by Filter: 8339810
         Heap Blocks: exact=1003162
         ->  Bitmap Index Scan on i_l_shipdate  (cost=0.00..190325.47 rows=9076890 width=0) (actual time=3466.390..3466.390 rows=9102166 loops=1)
               Index Cond: ((l_shipdate >= '1997-01-01'::date) AND (l_shipdate < '1998-01-01 00:00:00'::timestamp without time zone))
 Planning time: 0.449 ms
 Execution time: 106768.747 ms
(10 rows)

Time: 106962.587 ms
Time: 14.490 ms
+-------+-------+--------+----------+---------+-------+------------+----------+-------+-------+----------+----------+----------+---------------------+------------+
|  OID  | OWNER | SCHEMA |  TABLE   |   BLKS  |  SCAN |   T_READ   |  T_INS   | T_UPD | T_DEL |  B_READ  |  B_HIT   | VACUUMED |       ANALYZED      | TABLESPACE |
+-------+-------+--------+----------+---------+-------+------------+----------+-------+-------+----------+----------+----------+---------------------+------------+
| 16593 | snaga | public | customer |   35284 |    30 |   33000000 |  1500000 |     0 |     0 |   236763 |   776385 |          | 2015-07-16 05:49:04 | pg_default |
| 16599 | snaga | public | lineitem | 1065410 |    47 | 2220291624 | 59986052 |     0 |     0 | 29048654 | 24947519 |          | 2015-07-16 05:49:41 | pg_default |
| 16602 | snaga | public | nation   |       1 | 25670 |     641400 |       25 |     0 |     0 |        4 |    25846 |          | 2015-07-16 05:49:41 | pg_default |
| 16596 | snaga | public | orders   |  253278 |    17 |  180000000 | 15000000 |     0 |     0 |  3903807 |  4437082 |          | 2015-07-16 05:49:16 | pg_default |
| 16587 | snaga | public | part     |   40627 |     3 |    4000000 |  2000000 |     0 |     0 |   239835 |   279758 |          | 2015-07-16 05:48:56 | pg_default |
| 16590 | snaga | public | partsupp |  170916 |     4 |   32000000 |  8000000 |     0 |     0 |   953104 |  6847512 |          | 2015-07-16 05:49:04 | pg_default |
| 16605 | snaga | public | region   |       1 |    34 |        107 |        5 |     0 |     0 |        4 |       87 |          | 2015-07-16 05:49:41 | pg_default |
| 16584 | snaga | public | supplier |    2180 |    33 |    1800004 |   100000 |     0 |     0 |    10922 |   148994 |          | 2015-07-16 05:48:55 | pg_default |
+-------+-------+--------+----------+---------+-------+------------+----------+-------+-------+----------+----------+----------+---------------------+------------+
+-------+-------+--------+----------+-----------------------+--------+---------+----------+---------+--------+----------+--------+------------+
|  OID  | OWNER | SCHEMA |  TABLE   |         INDEX         |  BLKS  |   SCAN  |  T_READ  |  T_FTCH | B_READ |  B_HIT   | STATUS | TABLESPACE |
+-------+-------+--------+----------+-----------------------+--------+---------+----------+---------+--------+----------+--------+------------+
| 16619 | snaga | public | customer | pk_customer           |   4116 |     108 |      108 |     108 |     18 |      333 |        | pg_default |
| 16638 | snaga | public | customer | i_c_nationkey         |   4116 |       0 |        0 |       0 |      3 |       24 |        | pg_default |
| 16645 | snaga | public | lineitem | i_l_commitdate        | 164480 |       0 |        0 |       0 |      8 |       50 |        | pg_default |
| 16624 | snaga | public | lineitem | pk_lineitem           | 164480 |       0 |        0 |       0 |      8 |       50 |        | pg_default |
| 16631 | snaga | public | lineitem | i_l_shipdate          | 164480 |      19 | 63715174 |      12 | 124377 |    49840 |        | pg_default |
| 16632 | snaga | public | lineitem | i_l_suppkey_partkey   | 164480 |       0 |        0 |       0 |      8 |       50 |        | pg_default |
| 16633 | snaga | public | lineitem | i_l_partkey           | 164480 |       4 |        4 |       4 |     15 |       59 |        | pg_default |
| 16634 | snaga | public | lineitem | i_l_suppkey           | 164480 |      60 |       60 |      60 |     22 |      276 |        | pg_default |
| 16635 | snaga | public | lineitem | i_l_receiptdate       | 164480 |       0 |        0 |       0 |      8 |       50 |        | pg_default |
| 16636 | snaga | public | lineitem | i_l_orderkey          | 164480 | 4015697 |  5829530 | 5829530 | 638969 | 15440880 |        | pg_default |
| 16637 | snaga | public | lineitem | i_l_orderkey_quantity | 164480 |     104 |      104 |     104 |     43 |      431 |        | pg_default |
| 16627 | snaga | public | nation   | pk_nation             |      2 |     190 |      190 |     190 |      6 |      208 |        | pg_default |
| 16644 | snaga | public | nation   | i_n_regionkey         |      2 |       0 |        0 |       0 |      3 |       21 |        | pg_default |
| 16639 | snaga | public | orders   | i_o_orderdate         |  41131 |      31 | 22854244 |      13 |  18795 |    43780 |        | pg_default |
| 16640 | snaga | public | orders   | i_o_custkey           |  41131 |     108 |      108 |     108 |     20 |      341 |        | pg_default |
| 16622 | snaga | public | orders   | pk_orders             |  41131 |     104 |      104 |     104 |     30 |      319 |        | pg_default |
| 16612 | snaga | public | part     | pk_part               |   5487 |      46 |  8001218 | 8001218 |   5475 |    16531 |        | pg_default |
| 16642 | snaga | public | partsupp | i_ps_partkey          |  21937 |   25672 |   102580 |  102580 |   4397 |    72992 |        | pg_default |
| 16643 | snaga | public | partsupp | i_ps_suppkey          |  21937 |   79422 |  6347997 | 6347997 |  15595 |   240344 |        | pg_default |
| 16616 | snaga | public | partsupp | pk_partsupp           |  21937 |       0 |        0 |       0 |      1 |        8 |        | pg_default |
| 16629 | snaga | public | region   | pk_region             |      2 |      64 |       64 |      64 |      6 |       81 |        | pg_default |
| 16610 | snaga | public | supplier | pk_supplier           |    276 |  102676 |   102676 |  102676 |    284 |   205696 |        | pg_default |
| 16641 | snaga | public | supplier | i_s_nationkey         |    276 |       0 |        0 |       0 |      3 |       21 |        | pg_default |
+-------+-------+--------+----------+-----------------------+--------+---------+----------+---------+--------+----------+--------+------------+
SET
Timing is on.
Time: 600005.289 ms
+-------+-------+--------+----------+---------+-------+------------+----------+-------+-------+----------+----------+----------+---------------------+------------+
|  OID  | OWNER | SCHEMA |  TABLE   |   BLKS  |  SCAN |   T_READ   |  T_INS   | T_UPD | T_DEL |  B_READ  |  B_HIT   | VACUUMED |       ANALYZED      | TABLESPACE |
+-------+-------+--------+----------+---------+-------+------------+----------+-------+-------+----------+----------+----------+---------------------+------------+
| 16593 | snaga | public | customer |   35284 |    32 |   36000000 |  1500000 |     0 |     0 |   272047 |   811677 |          | 2015-07-16 05:49:04 | pg_default |
| 16599 | snaga | public | lineitem | 1065410 |    47 | 2220291624 | 59986052 |     0 |     0 | 29158045 | 25098547 |          | 2015-07-16 05:49:41 | pg_default |
| 16602 | snaga | public | nation   |       1 | 25674 |     641500 |       25 |     0 |     0 |        5 |    25861 |          | 2015-07-16 05:49:41 | pg_default |
| 16596 | snaga | public | orders   |  253278 |    17 |  180000000 | 15000000 |     0 |     0 |  4157252 |  4690209 |          | 2015-07-16 05:49:16 | pg_default |
| 16587 | snaga | public | part     |   40627 |     5 |    5293246 |  2000000 |     0 |     0 |   253871 |   292002 |          | 2015-07-16 05:48:56 | pg_default |
| 16590 | snaga | public | partsupp |  170916 |     4 |   32000000 |  8000000 |     0 |     0 |   953104 |  6847512 |          | 2015-07-16 05:49:04 | pg_default |
| 16605 | snaga | public | region   |       1 |    36 |        117 |        5 |     0 |     0 |        5 |       92 |          | 2015-07-16 05:49:41 | pg_default |
| 16584 | snaga | public | supplier |    2180 |    35 |    2000004 |   100000 |     0 |     0 |    13102 |   151182 |          | 2015-07-16 05:48:55 | pg_default |
+-------+-------+--------+----------+---------+-------+------------+----------+-------+-------+----------+----------+----------+---------------------+------------+
+-------+-------+--------+----------+-----------------------+--------+---------+----------+---------+--------+----------+--------+------------+
|  OID  | OWNER | SCHEMA |  TABLE   |         INDEX         |  BLKS  |   SCAN  |  T_READ  |  T_FTCH | B_READ |  B_HIT   | STATUS | TABLESPACE |
+-------+-------+--------+----------+-----------------------+--------+---------+----------+---------+--------+----------+--------+------------+
| 16619 | snaga | public | customer | pk_customer           |   4116 |     116 |      116 |     116 |     24 |      353 |        | pg_default |
| 16638 | snaga | public | customer | i_c_nationkey         |   4116 |       0 |        0 |       0 |      4 |       25 |        | pg_default |
| 16645 | snaga | public | lineitem | i_l_commitdate        | 164480 |       0 |        0 |       0 |      9 |       51 |        | pg_default |
| 16624 | snaga | public | lineitem | pk_lineitem           | 164480 |       0 |        0 |       0 |      9 |       51 |        | pg_default |
| 16631 | snaga | public | lineitem | i_l_shipdate          | 164480 |      19 | 63715174 |      12 | 124378 |    49841 |        | pg_default |
| 16632 | snaga | public | lineitem | i_l_suppkey_partkey   | 164480 |       0 |        0 |       0 |      9 |       51 |        | pg_default |
| 16633 | snaga | public | lineitem | i_l_partkey           | 164480 |    8719 |   260408 |  260408 |   5043 |    30583 |        | pg_default |
| 16634 | snaga | public | lineitem | i_l_suppkey           | 164480 |      68 |       68 |      68 |     30 |      302 |        | pg_default |
| 16635 | snaga | public | lineitem | i_l_receiptdate       | 164480 |       0 |        0 |       0 |      9 |       51 |        | pg_default |
| 16636 | snaga | public | lineitem | i_l_orderkey          | 164480 | 4015697 |  5829530 | 5829530 | 638970 | 15440881 |        | pg_default |
| 16637 | snaga | public | lineitem | i_l_orderkey_quantity | 164480 |     112 |      112 |     112 |     51 |      457 |        | pg_default |
| 16627 | snaga | public | nation   | pk_nation             |      2 |     202 |      202 |     202 |      8 |      220 |        | pg_default |
| 16644 | snaga | public | nation   | i_n_regionkey         |      2 |       0 |        0 |       0 |      4 |       22 |        | pg_default |
| 16639 | snaga | public | orders   | i_o_orderdate         |  41131 |      33 | 31969270 |      13 |  43705 |    43782 |        | pg_default |
| 16640 | snaga | public | orders   | i_o_custkey           |  41131 |     116 |      116 |     116 |     26 |      361 |        | pg_default |
| 16622 | snaga | public | orders   | pk_orders             |  41131 |     112 |      112 |     112 |     36 |      339 |        | pg_default |
| 16612 | snaga | public | part     | pk_part               |   5487 |      54 |  8001226 | 8001226 |   5481 |    16551 |        | pg_default |
| 16642 | snaga | public | partsupp | i_ps_partkey          |  21937 |   25672 |   102580 |  102580 |   4397 |    72992 |        | pg_default |
| 16643 | snaga | public | partsupp | i_ps_suppkey          |  21937 |   79422 |  6347997 | 6347997 |  15595 |   240344 |        | pg_default |
| 16616 | snaga | public | partsupp | pk_partsupp           |  21937 |       0 |        0 |       0 |      1 |        8 |        | pg_default |
| 16629 | snaga | public | region   | pk_region             |      2 |      68 |       68 |      68 |      8 |       85 |        | pg_default |
| 16610 | snaga | public | supplier | pk_supplier           |    276 |  102684 |   102684 |  102684 |    288 |   205710 |        | pg_default |
| 16641 | snaga | public | supplier | i_s_nationkey         |    276 |       0 |        0 |       0 |      4 |       22 |        | pg_default |
+-------+-------+--------+----------+-----------------------+--------+---------+----------+---------+--------+----------+--------+------------+
SET
Timing is on.
Time: 600122.696 ms
+-------+-------+--------+----------+---------+-------+------------+----------+-------+-------+----------+----------+----------+---------------------+------------+
|  OID  | OWNER | SCHEMA |  TABLE   |   BLKS  |  SCAN |   T_READ   |  T_INS   | T_UPD | T_DEL |  B_READ  |  B_HIT   | VACUUMED |       ANALYZED      | TABLESPACE |
+-------+-------+--------+----------+---------+-------+------------+----------+-------+-------+----------+----------+----------+---------------------+------------+
| 16593 | snaga | public | customer |   35284 |    34 |   39000000 |  1500000 |     0 |     0 |   272047 |   882253 |          | 2015-07-16 05:49:04 | pg_default |
| 16599 | snaga | public | lineitem | 1065410 |    47 | 2220291624 | 59986052 |     0 |     0 | 29270756 | 25512199 |          | 2015-07-16 05:49:41 | pg_default |
| 16602 | snaga | public | nation   |       1 | 25678 |     641600 |       25 |     0 |     0 |        5 |    25877 |          | 2015-07-16 05:49:41 | pg_default |
| 16596 | snaga | public | orders   |  253278 |    17 |  180000000 | 15000000 |     0 |     0 |  4157252 |  5196781 |          | 2015-07-16 05:49:16 | pg_default |
| 16587 | snaga | public | part     |   40627 |     7 |    7886763 |  2000000 |     0 |     0 |   267636 |   330930 |          | 2015-07-16 05:48:56 | pg_default |
| 16590 | snaga | public | partsupp |  170916 |     4 |   32000000 |  8000000 |     0 |     0 |   953104 |  6847512 |          | 2015-07-16 05:49:04 | pg_default |
| 16605 | snaga | public | region   |       1 |    38 |        127 |        5 |     0 |     0 |        5 |       98 |          | 2015-07-16 05:49:41 | pg_default |
| 16584 | snaga | public | supplier |    2180 |    37 |    2200004 |   100000 |     0 |     0 |    13102 |   155550 |          | 2015-07-16 05:48:55 | pg_default |
+-------+-------+--------+----------+---------+-------+------------+----------+-------+-------+----------+----------+----------+---------------------+------------+
+-------+-------+--------+----------+-----------------------+--------+---------+----------+---------+--------+----------+--------+------------+
|  OID  | OWNER | SCHEMA |  TABLE   |         INDEX         |  BLKS  |   SCAN  |  T_READ  |  T_FTCH | B_READ |  B_HIT   | STATUS | TABLESPACE |
+-------+-------+--------+----------+-----------------------+--------+---------+----------+---------+--------+----------+--------+------------+
| 16619 | snaga | public | customer | pk_customer           |   4116 |     124 |      124 |     124 |     24 |      379 |        | pg_default |
| 16638 | snaga | public | customer | i_c_nationkey         |   4116 |       0 |        0 |       0 |      4 |       27 |        | pg_default |
| 16645 | snaga | public | lineitem | i_l_commitdate        | 164480 |       0 |        0 |       0 |      9 |       53 |        | pg_default |
| 16624 | snaga | public | lineitem | pk_lineitem           | 164480 |       0 |        0 |       0 |      9 |       53 |        | pg_default |
| 16631 | snaga | public | lineitem | i_l_shipdate          | 164480 |      19 | 63715174 |      12 | 124378 |    49843 |        | pg_default |
| 16632 | snaga | public | lineitem | i_l_suppkey_partkey   | 164480 |       0 |        0 |       0 |      9 |       53 |        | pg_default |
| 16633 | snaga | public | lineitem | i_l_partkey           | 164480 |   26340 |   786759 |  786759 |  10071 |    97454 |        | pg_default |
| 16634 | snaga | public | lineitem | i_l_suppkey           | 164480 |      76 |       76 |      76 |     30 |      336 |        | pg_default |
| 16635 | snaga | public | lineitem | i_l_receiptdate       | 164480 |       0 |        0 |       0 |      9 |       53 |        | pg_default |
| 16636 | snaga | public | lineitem | i_l_orderkey          | 164480 | 4015697 |  5829530 | 5829530 | 638970 | 15440883 |        | pg_default |
| 16637 | snaga | public | lineitem | i_l_orderkey_quantity | 164480 |     120 |      120 |     120 |     51 |      491 |        | pg_default |
| 16627 | snaga | public | nation   | pk_nation             |      2 |     214 |      214 |     214 |      8 |      234 |        | pg_default |
| 16644 | snaga | public | nation   | i_n_regionkey         |      2 |       0 |        0 |       0 |      4 |       24 |        | pg_default |
| 16639 | snaga | public | orders   | i_o_orderdate         |  41131 |      35 | 41084296 |      13 |  43705 |    68694 |        | pg_default |
| 16640 | snaga | public | orders   | i_o_custkey           |  41131 |     124 |      124 |     124 |     26 |      387 |        | pg_default |
| 16622 | snaga | public | orders   | pk_orders             |  41131 |     120 |      120 |     120 |     36 |      365 |        | pg_default |
| 16612 | snaga | public | part     | pk_part               |   5487 |      62 |  8001234 | 8001234 |   5481 |    16577 |        | pg_default |
| 16642 | snaga | public | partsupp | i_ps_partkey          |  21937 |   25672 |   102580 |  102580 |   4397 |    72992 |        | pg_default |
| 16643 | snaga | public | partsupp | i_ps_suppkey          |  21937 |   79422 |  6347997 | 6347997 |  15595 |   240344 |        | pg_default |
| 16616 | snaga | public | partsupp | pk_partsupp           |  21937 |       0 |        0 |       0 |      1 |        8 |        | pg_default |
| 16629 | snaga | public | region   | pk_region             |      2 |      72 |       72 |      72 |      8 |       91 |        | pg_default |
| 16610 | snaga | public | supplier | pk_supplier           |    276 |  102692 |   102692 |  102692 |    288 |   205728 |        | pg_default |
| 16641 | snaga | public | supplier | i_s_nationkey         |    276 |       0 |        0 |       0 |      4 |       24 |        | pg_default |
+-------+-------+--------+----------+-----------------------+--------+---------+----------+---------+--------+----------+--------+------------+
SET
Timing is on.
Time: 600004.413 ms
+-------+-------+--------+----------+---------+-------+------------+----------+-------+-------+----------+----------+----------+---------------------+------------+
|  OID  | OWNER | SCHEMA |  TABLE   |   BLKS  |  SCAN |   T_READ   |  T_INS   | T_UPD | T_DEL |  B_READ  |  B_HIT   | VACUUMED |       ANALYZED      | TABLESPACE |
+-------+-------+--------+----------+---------+-------+------------+----------+-------+-------+----------+----------+----------+---------------------+------------+
| 16593 | snaga | public | customer |   35284 |    36 |   42000000 |  1500000 |     0 |     0 |   305857 |   919019 |          | 2015-07-16 05:49:04 | pg_default |
| 16599 | snaga | public | lineitem | 1065410 |    47 | 2220291624 | 59986052 |     0 |     0 | 29381552 | 25976210 |          | 2015-07-16 05:49:41 | pg_default |
| 16602 | snaga | public | nation   |       1 | 25682 |     641700 |       25 |     0 |     0 |        5 |    25893 |          | 2015-07-16 05:49:41 | pg_default |
| 16596 | snaga | public | orders   |  253278 |    17 |  180000000 | 15000000 |     0 |     0 |  4371444 |  5489161 |          | 2015-07-16 05:49:16 | pg_default |
| 16587 | snaga | public | part     |   40627 |     9 |   10727820 |  2000000 |     0 |     0 |   281189 |   375099 |          | 2015-07-16 05:48:56 | pg_default |
| 16590 | snaga | public | partsupp |  170916 |     4 |   32000000 |  8000000 |     0 |     0 |   953104 |  6847512 |          | 2015-07-16 05:49:04 | pg_default |
| 16605 | snaga | public | region   |       1 |    40 |        137 |        5 |     0 |     0 |        5 |      104 |          | 2015-07-16 05:49:41 | pg_default |
| 16584 | snaga | public | supplier |    2180 |    39 |    2400004 |   100000 |     0 |     0 |    15174 |   157846 |          | 2015-07-16 05:48:55 | pg_default |
+-------+-------+--------+----------+---------+-------+------------+----------+-------+-------+----------+----------+----------+---------------------+------------+
+-------+-------+--------+----------+-----------------------+--------+---------+----------+---------+--------+----------+--------+------------+
|  OID  | OWNER | SCHEMA |  TABLE   |         INDEX         |  BLKS  |   SCAN  |  T_READ  |  T_FTCH | B_READ |  B_HIT   | STATUS | TABLESPACE |
+-------+-------+--------+----------+-----------------------+--------+---------+----------+---------+--------+----------+--------+------------+
| 16619 | snaga | public | customer | pk_customer           |   4116 |     132 |      132 |     132 |     25 |      404 |        | pg_default |
| 16638 | snaga | public | customer | i_c_nationkey         |   4116 |       0 |        0 |       0 |      4 |       29 |        | pg_default |
| 16645 | snaga | public | lineitem | i_l_commitdate        | 164480 |       0 |        0 |       0 |      9 |       55 |        | pg_default |
| 16624 | snaga | public | lineitem | pk_lineitem           | 164480 |       0 |        0 |       0 |     10 |       54 |        | pg_default |
| 16631 | snaga | public | lineitem | i_l_shipdate          | 164480 |      19 | 63715174 |      12 | 124379 |    49844 |        | pg_default |
| 16632 | snaga | public | lineitem | i_l_suppkey_partkey   | 164480 |       0 |        0 |       0 |     10 |       54 |        | pg_default |
| 16633 | snaga | public | lineitem | i_l_partkey           | 164480 |   45576 |  1361558 | 1361558 |  14689 |   171348 |        | pg_default |
| 16634 | snaga | public | lineitem | i_l_suppkey           | 164480 |      84 |       84 |      84 |     31 |      369 |        | pg_default |
| 16635 | snaga | public | lineitem | i_l_receiptdate       | 164480 |       0 |        0 |       0 |     10 |       54 |        | pg_default |
| 16636 | snaga | public | lineitem | i_l_orderkey          | 164480 | 4015697 |  5829530 | 5829530 | 638971 | 15440884 |        | pg_default |
| 16637 | snaga | public | lineitem | i_l_orderkey_quantity | 164480 |     128 |      128 |     128 |     52 |      524 |        | pg_default |
| 16627 | snaga | public | nation   | pk_nation             |      2 |     226 |      226 |     226 |      9 |      247 |        | pg_default |
| 16644 | snaga | public | nation   | i_n_regionkey         |      2 |       0 |        0 |       0 |      5 |       25 |        | pg_default |
| 16639 | snaga | public | orders   | i_o_orderdate         |  41131 |      37 | 50199322 |      13 |  55940 |    81371 |        | pg_default |
| 16640 | snaga | public | orders   | i_o_custkey           |  41131 |     132 |      132 |     132 |     27 |      412 |        | pg_default |
| 16622 | snaga | public | orders   | pk_orders             |  41131 |     128 |      128 |     128 |     37 |      390 |        | pg_default |
| 16612 | snaga | public | part     | pk_part               |   5487 |      70 |  8001242 | 8001242 |   5482 |    16602 |        | pg_default |
| 16642 | snaga | public | partsupp | i_ps_partkey          |  21937 |   25672 |   102580 |  102580 |   4397 |    72992 |        | pg_default |
| 16643 | snaga | public | partsupp | i_ps_suppkey          |  21937 |   79422 |  6347997 | 6347997 |  15595 |   240344 |        | pg_default |
| 16616 | snaga | public | partsupp | pk_partsupp           |  21937 |       0 |        0 |       0 |      1 |        8 |        | pg_default |
| 16629 | snaga | public | region   | pk_region             |      2 |      76 |       76 |      76 |      9 |       96 |        | pg_default |
| 16610 | snaga | public | supplier | pk_supplier           |    276 |  102700 |   102700 |  102700 |    289 |   205745 |        | pg_default |
| 16641 | snaga | public | supplier | i_s_nationkey         |    276 |       0 |        0 |       0 |      5 |       25 |        | pg_default |
+-------+-------+--------+----------+-----------------------+--------+---------+----------+---------+--------+----------+--------+------------+
